0.7480 	ERROR 	avbin.dll failed to load.
                     Try importing psychopy.visual as the first library
                     (before anything that uses scipy)
                     and make sure that avbin is installed.
0.7563 	ERROR 	avbin.dll failed to load.
                     Try importing psychopy.visual as the first library
                     (before anything that uses scipy)
                     and make sure that avbin is installed.
0.7767 	WARNING 	Movie2 stim could not be imported and won't be available
3.4143 	WARNING 	Monitor specification not found. Creating a temporary one...
5.4600 	WARNING 	Couldn't measure a consistent frame rate.
  - Is your graphics card set to sync to vertical blank?
  - Are you running other processes on your computer?

5.4614 	EXP 	Created window1 = Window(allowGUI=False, allowStencil=False, autoLog=True, bitsMode=UNKNOWN, blendMode='avg', color='white', colorSpace='named', fullscr=UNKNOWN, gamma=None, lms=UNKNOWN, monitor=<psychopy.monitors.calibTools.Monitor instance at 0x0823CC38>, name='window1', pos=[0, 0], screen=1, size=array([1920, 1200]), stereo=False, units=u'pix', useFBO=False, viewOri=0.0, viewPos=None, viewScale=None, waitBlanking=True, winType='pyglet')
5.4666 	EXP 	Created unnamed ImageStim = ImageStim(autoLog=True, color=array([ 1.,  1.,  1.]), colorSpace='rgb', contrast=1.0, depth=0, flipHoriz=False, flipVert=False, image=None, interpolate=False, mask=None, maskParams=None, name='unnamed ImageStim', opacity=1.0, ori=0.0, pos=array([ 0.,  0.]), size=array([ 0.5,  0.5]), texRes=128, units=u'pix', win=Window(...))
5.4709 	EXP 	Created unnamed Circle = Circle(autoDraw=False, autoLog=True, closeShape=True, contrast=1.0, depth=0, fillColor=None, fillColorSpace='rgb', fillRGB=None, interpolate=True, lineColor=array([ 1.,  1.,  1.]), lineColorSpace='rgb', lineRGB=array([ 1.,  1.,  1.]), lineWidth=1.5, name='unnamed Circle', opacity=1.0, ori=array(0.0), pos=array([ 0.,  0.]), size=array([ 1.,  1.]), units=u'pix', vertices=ndarray(...), win=Window(...))
6.8242 	EXP 	Set  sound=C
6.8294 	EXP 	Set  sound=fe\ringing_alarm.wav
6.8294 	EXP 	Sound  set loops 10
6.8299 	EXP 	Sound  started
6.8379 	WARNING 	t of last frame was 1378.54ms (=1/0)
6.8379 	EXP 	unnamed ImageStim: size = array([1405, 1200])
6.8379 	EXP 	unnamed ImageStim: image = 'inks\\01.jpg'
6.9365 	WARNING 	t of last frame was 98.60ms (=1/10)
6.9365 	EXP 	unnamed ImageStim: size = array([1405, 1200])
6.9365 	EXP 	unnamed ImageStim: image = 'inks\\01.jpg'
7.0366 	WARNING 	t of last frame was 100.02ms (=1/9)
7.0366 	EXP 	unnamed ImageStim: size = array([1405, 1200])
7.0366 	EXP 	unnamed ImageStim: image = 'inks\\01.jpg'
7.1366 	WARNING 	t of last frame was 100.09ms (=1/9)
7.1366 	EXP 	unnamed ImageStim: size = array([1405, 1200])
7.1366 	EXP 	unnamed ImageStim: image = 'inks\\01.jpg'
7.2366 	WARNING 	Multiple dropped frames have occurred - I'll stop bothering you about them!
7.2366 	EXP 	unnamed ImageStim: size = array([1405, 1200])
7.2366 	EXP 	unnamed ImageStim: image = 'inks\\01.jpg'
7.3366 	EXP 	unnamed ImageStim: size = array([1405, 1200])
7.3366 	EXP 	unnamed ImageStim: image = 'inks\\01.jpg'
7.4365 	EXP 	unnamed ImageStim: size = array([1405, 1200])
7.4365 	EXP 	unnamed ImageStim: image = 'inks\\01.jpg'
7.5366 	EXP 	unnamed ImageStim: size = array([1405, 1200])
7.5366 	EXP 	unnamed ImageStim: image = 'inks\\01.jpg'
7.6367 	EXP 	unnamed ImageStim: size = array([1405, 1200])
7.6367 	EXP 	unnamed ImageStim: image = 'inks\\01.jpg'
7.7365 	EXP 	unnamed ImageStim: size = array([1405, 1200])
7.7365 	EXP 	unnamed ImageStim: image = 'inks\\01.jpg'
7.8366 	EXP 	unnamed ImageStim: size = array([1405, 1200])
7.8366 	EXP 	unnamed ImageStim: image = 'inks\\01.jpg'
7.9366 	EXP 	unnamed ImageStim: size = array([1405, 1200])
7.9366 	EXP 	unnamed ImageStim: image = 'inks\\01.jpg'
8.0366 	EXP 	unnamed ImageStim: size = array([1405, 1200])
8.0366 	EXP 	unnamed ImageStim: image = 'inks\\01.jpg'
8.1366 	EXP 	unnamed ImageStim: size = array([1405, 1200])
8.1366 	EXP 	unnamed ImageStim: image = 'inks\\01.jpg'
8.2366 	EXP 	unnamed ImageStim: size = array([1405, 1200])
8.2366 	EXP 	unnamed ImageStim: image = 'inks\\01.jpg'
8.3365 	EXP 	unnamed ImageStim: size = array([1405, 1200])
8.3365 	EXP 	unnamed ImageStim: image = 'inks\\01.jpg'
8.4613 	EXP 	unnamed ImageStim: size = array([1405, 1200])
8.4613 	EXP 	unnamed ImageStim: image = 'inks\\01.jpg'
8.5534 	EXP 	unnamed ImageStim: size = array([1405, 1200])
8.5534 	EXP 	unnamed ImageStim: image = 'inks\\01.jpg'
8.6699 	EXP 	unnamed ImageStim: size = array([1405, 1200])
8.6699 	EXP 	unnamed ImageStim: image = 'inks\\01.jpg'
8.7698 	EXP 	unnamed ImageStim: size = array([1405, 1200])
8.7698 	EXP 	unnamed ImageStim: image = 'inks\\01.jpg'
8.8700 	EXP 	unnamed ImageStim: size = array([1405, 1200])
8.8700 	EXP 	unnamed ImageStim: image = 'inks\\01.jpg'
8.9700 	EXP 	unnamed ImageStim: size = array([1405, 1200])
8.9700 	EXP 	unnamed ImageStim: image = 'inks\\01.jpg'
9.0697 	EXP 	unnamed ImageStim: size = array([1405, 1200])
9.0697 	EXP 	unnamed ImageStim: image = 'inks\\01.jpg'
9.1700 	EXP 	unnamed ImageStim: size = array([1405, 1200])
9.1700 	EXP 	unnamed ImageStim: image = 'inks\\01.jpg'
9.2699 	EXP 	unnamed ImageStim: size = array([1405, 1200])
9.2699 	EXP 	unnamed ImageStim: image = 'inks\\01.jpg'
9.3699 	EXP 	unnamed ImageStim: size = array([1405, 1200])
9.3699 	EXP 	unnamed ImageStim: image = 'inks\\01.jpg'
9.4699 	EXP 	unnamed ImageStim: size = array([1405, 1200])
9.4699 	EXP 	unnamed ImageStim: image = 'inks\\01.jpg'
9.5699 	EXP 	unnamed ImageStim: size = array([1405, 1200])
9.5699 	EXP 	unnamed ImageStim: image = 'inks\\01.jpg'
9.6700 	EXP 	unnamed ImageStim: size = array([1405, 1200])
9.6700 	EXP 	unnamed ImageStim: image = 'inks\\01.jpg'
9.7698 	EXP 	unnamed ImageStim: size = array([1405, 1200])
9.7698 	EXP 	unnamed ImageStim: image = 'inks\\01.jpg'
9.8700 	EXP 	unnamed ImageStim: size = array([1405, 1200])
9.8700 	EXP 	unnamed ImageStim: image = 'inks\\01.jpg'
9.9703 	EXP 	unnamed ImageStim: size = array([1405, 1200])
9.9703 	EXP 	unnamed ImageStim: image = 'inks\\01.jpg'
10.0698 	EXP 	unnamed ImageStim: size = array([1405, 1200])
10.0698 	EXP 	unnamed ImageStim: image = 'inks\\01.jpg'
10.1700 	EXP 	unnamed ImageStim: size = array([1405, 1200])
10.1700 	EXP 	unnamed ImageStim: image = 'inks\\01.jpg'
10.2699 	EXP 	unnamed ImageStim: size = array([1405, 1200])
10.2699 	EXP 	unnamed ImageStim: image = 'inks\\01.jpg'
10.3699 	EXP 	unnamed ImageStim: size = array([1405, 1200])
10.3699 	EXP 	unnamed ImageStim: image = 'inks\\01.jpg'
10.4699 	EXP 	unnamed ImageStim: size = array([1405, 1200])
10.4699 	EXP 	unnamed ImageStim: image = 'inks\\01.jpg'
10.5699 	EXP 	unnamed ImageStim: size = array([1405, 1200])
10.5699 	EXP 	unnamed ImageStim: image = 'inks\\01.jpg'
10.6699 	EXP 	unnamed ImageStim: size = array([1405, 1200])
10.6699 	EXP 	unnamed ImageStim: image = 'inks\\01.jpg'
10.7701 	EXP 	unnamed ImageStim: size = array([1405, 1200])
10.7701 	EXP 	unnamed ImageStim: image = 'inks\\01.jpg'
10.8699 	EXP 	unnamed ImageStim: size = array([1405, 1200])
10.8699 	EXP 	unnamed ImageStim: image = 'inks\\01.jpg'
10.9700 	EXP 	unnamed ImageStim: size = array([1405, 1200])
10.9700 	EXP 	unnamed ImageStim: image = 'inks\\01.jpg'
11.0699 	EXP 	unnamed ImageStim: size = array([1405, 1200])
11.0699 	EXP 	unnamed ImageStim: image = 'inks\\01.jpg'
11.1700 	EXP 	unnamed ImageStim: size = array([1405, 1200])
11.1700 	EXP 	unnamed ImageStim: image = 'inks\\01.jpg'
11.2700 	EXP 	unnamed ImageStim: size = array([1405, 1200])
11.2700 	EXP 	unnamed ImageStim: image = 'inks\\01.jpg'
11.3701 	EXP 	unnamed ImageStim: size = array([1405, 1200])
11.3701 	EXP 	unnamed ImageStim: image = 'inks\\01.jpg'
11.4700 	EXP 	unnamed ImageStim: size = array([1405, 1200])
11.4700 	EXP 	unnamed ImageStim: image = 'inks\\01.jpg'
11.5700 	EXP 	unnamed ImageStim: size = array([1405, 1200])
11.5700 	EXP 	unnamed ImageStim: image = 'inks\\01.jpg'
11.6700 	EXP 	unnamed ImageStim: size = array([1405, 1200])
11.6700 	EXP 	unnamed ImageStim: image = 'inks\\01.jpg'
11.7940 	EXP 	unnamed ImageStim: size = array([1405, 1200])
11.7940 	EXP 	unnamed ImageStim: image = 'inks\\01.jpg'
11.9034 	EXP 	unnamed ImageStim: size = array([1405, 1200])
11.9034 	EXP 	unnamed ImageStim: image = 'inks\\01.jpg'
12.0035 	EXP 	unnamed ImageStim: size = array([1405, 1200])
12.0035 	EXP 	unnamed ImageStim: image = 'inks\\01.jpg'
12.1036 	EXP 	unnamed ImageStim: size = array([1405, 1200])
12.1036 	EXP 	unnamed ImageStim: image = 'inks\\01.jpg'
12.2033 	EXP 	unnamed ImageStim: size = array([1405, 1200])
12.2033 	EXP 	unnamed ImageStim: image = 'inks\\01.jpg'
12.3035 	EXP 	unnamed ImageStim: size = array([1405, 1200])
12.3035 	EXP 	unnamed ImageStim: image = 'inks\\01.jpg'
12.4035 	EXP 	unnamed ImageStim: size = array([1405, 1200])
12.4035 	EXP 	unnamed ImageStim: image = 'inks\\01.jpg'
12.5035 	EXP 	unnamed ImageStim: size = array([1405, 1200])
12.5035 	EXP 	unnamed ImageStim: image = 'inks\\01.jpg'
12.6035 	EXP 	unnamed ImageStim: size = array([1405, 1200])
12.6035 	EXP 	unnamed ImageStim: image = 'inks\\01.jpg'
12.7032 	EXP 	unnamed ImageStim: size = array([1405, 1200])
12.7032 	EXP 	unnamed ImageStim: image = 'inks\\01.jpg'
12.8034 	EXP 	unnamed ImageStim: size = array([1405, 1200])
12.8034 	EXP 	unnamed ImageStim: image = 'inks\\01.jpg'
12.9033 	EXP 	unnamed ImageStim: size = array([1405, 1200])
12.9033 	EXP 	unnamed ImageStim: image = 'inks\\01.jpg'
13.0032 	EXP 	unnamed ImageStim: size = array([1405, 1200])
13.0032 	EXP 	unnamed ImageStim: image = 'inks\\01.jpg'
13.1032 	EXP 	unnamed ImageStim: size = array([1405, 1200])
13.1032 	EXP 	unnamed ImageStim: image = 'inks\\01.jpg'
13.2034 	EXP 	unnamed ImageStim: size = array([1405, 1200])
13.2034 	EXP 	unnamed ImageStim: image = 'inks\\01.jpg'
13.2927 	DATA 	Keypress: right
13.3033 	EXP 	unnamed ImageStim: size = array([1405, 1200])
13.3033 	EXP 	unnamed ImageStim: image = 'inks\\01.jpg'
13.3036 	EXP 	Sound  stopped
13.4033 	EXP 	unnamed ImageStim: size = array([1405, 1200])
13.4033 	EXP 	unnamed ImageStim: image = 'inks\\02.jpg'
13.5033 	EXP 	unnamed ImageStim: size = array([1405, 1200])
13.5033 	EXP 	unnamed ImageStim: image = 'inks\\02.jpg'
13.5918 	EXP 	unnamed ImageStim: size = array([1405, 1200])
13.5918 	EXP 	unnamed ImageStim: image = 'inks\\02.jpg'
13.6916 	EXP 	unnamed ImageStim: size = array([1405, 1200])
13.6916 	EXP 	unnamed ImageStim: image = 'inks\\02.jpg'
13.7911 	EXP 	unnamed ImageStim: size = array([1405, 1200])
13.7911 	EXP 	unnamed ImageStim: image = 'inks\\02.jpg'
13.8926 	EXP 	unnamed ImageStim: size = array([1405, 1200])
13.8926 	EXP 	unnamed ImageStim: image = 'inks\\02.jpg'
13.9932 	EXP 	unnamed ImageStim: size = array([1405, 1200])
13.9932 	EXP 	unnamed ImageStim: image = 'inks\\02.jpg'
14.0917 	EXP 	unnamed ImageStim: size = array([1405, 1200])
14.0917 	EXP 	unnamed ImageStim: image = 'inks\\02.jpg'
14.1912 	EXP 	unnamed ImageStim: size = array([1405, 1200])
14.1912 	EXP 	unnamed ImageStim: image = 'inks\\02.jpg'
14.2913 	EXP 	unnamed ImageStim: size = array([1405, 1200])
14.2913 	EXP 	unnamed ImageStim: image = 'inks\\02.jpg'
14.3942 	EXP 	unnamed ImageStim: size = array([1405, 1200])
14.3942 	EXP 	unnamed ImageStim: image = 'inks\\02.jpg'
14.4975 	EXP 	unnamed ImageStim: size = array([1405, 1200])
14.4975 	EXP 	unnamed ImageStim: image = 'inks\\02.jpg'
14.5918 	EXP 	unnamed ImageStim: size = array([1405, 1200])
14.5918 	EXP 	unnamed ImageStim: image = 'inks\\02.jpg'
14.6908 	EXP 	unnamed ImageStim: size = array([1405, 1200])
14.6908 	EXP 	unnamed ImageStim: image = 'inks\\02.jpg'
14.7909 	EXP 	unnamed ImageStim: size = array([1405, 1200])
14.7909 	EXP 	unnamed ImageStim: image = 'inks\\02.jpg'
14.8909 	EXP 	unnamed ImageStim: size = array([1405, 1200])
14.8909 	EXP 	unnamed ImageStim: image = 'inks\\02.jpg'
14.9950 	EXP 	unnamed ImageStim: size = array([1405, 1200])
14.9950 	EXP 	unnamed ImageStim: image = 'inks\\02.jpg'
15.0952 	EXP 	unnamed ImageStim: size = array([1405, 1200])
15.0952 	EXP 	unnamed ImageStim: image = 'inks\\02.jpg'
15.1935 	EXP 	unnamed ImageStim: size = array([1405, 1200])
15.1935 	EXP 	unnamed ImageStim: image = 'inks\\02.jpg'
15.2906 	EXP 	unnamed ImageStim: size = array([1405, 1200])
15.2906 	EXP 	unnamed ImageStim: image = 'inks\\02.jpg'
15.3911 	EXP 	unnamed ImageStim: size = array([1405, 1200])
15.3911 	EXP 	unnamed ImageStim: image = 'inks\\02.jpg'
15.4909 	EXP 	unnamed ImageStim: size = array([1405, 1200])
15.4909 	EXP 	unnamed ImageStim: image = 'inks\\02.jpg'
15.5711 	EXP 	unnamed ImageStim: size = array([1405, 1200])
15.5711 	EXP 	unnamed ImageStim: image = 'inks\\02.jpg'
15.6700 	EXP 	unnamed ImageStim: size = array([1405, 1200])
15.6700 	EXP 	unnamed ImageStim: image = 'inks\\02.jpg'
15.7700 	EXP 	unnamed ImageStim: size = array([1405, 1200])
15.7700 	EXP 	unnamed ImageStim: image = 'inks\\02.jpg'
15.8700 	EXP 	unnamed ImageStim: size = array([1405, 1200])
15.8700 	EXP 	unnamed ImageStim: image = 'inks\\02.jpg'
15.9700 	EXP 	unnamed ImageStim: size = array([1405, 1200])
15.9700 	EXP 	unnamed ImageStim: image = 'inks\\02.jpg'
16.0700 	EXP 	unnamed ImageStim: size = array([1405, 1200])
16.0700 	EXP 	unnamed ImageStim: image = 'inks\\02.jpg'
16.1700 	EXP 	unnamed ImageStim: size = array([1405, 1200])
16.1700 	EXP 	unnamed ImageStim: image = 'inks\\02.jpg'
16.2543 	EXP 	unnamed ImageStim: size = array([1405, 1200])
16.2543 	EXP 	unnamed ImageStim: image = 'inks\\02.jpg'
16.3588 	EXP 	unnamed ImageStim: size = array([1405, 1200])
16.3588 	EXP 	unnamed ImageStim: image = 'inks\\02.jpg'
16.4582 	EXP 	unnamed ImageStim: size = array([1405, 1200])
16.4582 	EXP 	unnamed ImageStim: image = 'inks\\02.jpg'
16.5589 	EXP 	unnamed ImageStim: size = array([1405, 1200])
16.5589 	EXP 	unnamed ImageStim: image = 'inks\\02.jpg'
16.6590 	EXP 	unnamed ImageStim: size = array([1405, 1200])
16.6590 	EXP 	unnamed ImageStim: image = 'inks\\02.jpg'
16.7599 	EXP 	unnamed ImageStim: size = array([1405, 1200])
16.7599 	EXP 	unnamed ImageStim: image = 'inks\\02.jpg'
16.8366 	EXP 	unnamed ImageStim: size = array([1405, 1200])
16.8366 	EXP 	unnamed ImageStim: image = 'inks\\02.jpg'
16.9367 	EXP 	unnamed ImageStim: size = array([1405, 1200])
16.9367 	EXP 	unnamed ImageStim: image = 'inks\\02.jpg'
17.0213 	EXP 	unnamed ImageStim: size = array([1405, 1200])
17.0213 	EXP 	unnamed ImageStim: image = 'inks\\02.jpg'
17.1242 	EXP 	unnamed ImageStim: size = array([1405, 1200])
17.1242 	EXP 	unnamed ImageStim: image = 'inks\\02.jpg'
17.2031 	EXP 	unnamed ImageStim: size = array([1405, 1200])
17.2031 	EXP 	unnamed ImageStim: image = 'inks\\02.jpg'
17.2923 	EXP 	unnamed ImageStim: size = array([1405, 1200])
17.2923 	EXP 	unnamed ImageStim: image = 'inks\\02.jpg'
17.2932 	DATA 	Keypress: right
17.3783 	EXP 	Set  sound=fe\creature.wav
17.3784 	EXP 	Sound  set loops 10
17.3788 	EXP 	Sound  started
17.3866 	EXP 	unnamed ImageStim: size = array([1405, 1200])
17.3866 	EXP 	unnamed ImageStim: image = 'inks\\03.jpg'
17.4934 	EXP 	unnamed ImageStim: size = array([1405, 1200])
17.4934 	EXP 	unnamed ImageStim: image = 'inks\\03.jpg'
17.5911 	EXP 	unnamed ImageStim: size = array([1405, 1200])
17.5911 	EXP 	unnamed ImageStim: image = 'inks\\03.jpg'
17.6707 	EXP 	unnamed ImageStim: size = array([1405, 1200])
17.6707 	EXP 	unnamed ImageStim: image = 'inks\\03.jpg'
17.7700 	EXP 	unnamed ImageStim: size = array([1405, 1200])
17.7700 	EXP 	unnamed ImageStim: image = 'inks\\03.jpg'
17.8699 	EXP 	unnamed ImageStim: size = array([1405, 1200])
17.8699 	EXP 	unnamed ImageStim: image = 'inks\\03.jpg'
17.9700 	EXP 	unnamed ImageStim: size = array([1405, 1200])
17.9700 	EXP 	unnamed ImageStim: image = 'inks\\03.jpg'
18.0531 	EXP 	unnamed ImageStim: size = array([1405, 1200])
18.0531 	EXP 	unnamed ImageStim: image = 'inks\\03.jpg'
18.1583 	EXP 	unnamed ImageStim: size = array([1405, 1200])
18.1583 	EXP 	unnamed ImageStim: image = 'inks\\03.jpg'
18.2585 	EXP 	unnamed ImageStim: size = array([1405, 1200])
18.2585 	EXP 	unnamed ImageStim: image = 'inks\\03.jpg'
18.3589 	EXP 	unnamed ImageStim: size = array([1405, 1200])
18.3589 	EXP 	unnamed ImageStim: image = 'inks\\03.jpg'
18.4575 	EXP 	unnamed ImageStim: size = array([1405, 1200])
18.4575 	EXP 	unnamed ImageStim: image = 'inks\\03.jpg'
18.5600 	EXP 	unnamed ImageStim: size = array([1405, 1200])
18.5600 	EXP 	unnamed ImageStim: image = 'inks\\03.jpg'
18.6589 	EXP 	unnamed ImageStim: size = array([1405, 1200])
18.6589 	EXP 	unnamed ImageStim: image = 'inks\\03.jpg'
18.7590 	EXP 	unnamed ImageStim: size = array([1405, 1200])
18.7590 	EXP 	unnamed ImageStim: image = 'inks\\03.jpg'
18.8572 	EXP 	unnamed ImageStim: size = array([1405, 1200])
18.8572 	EXP 	unnamed ImageStim: image = 'inks\\03.jpg'
18.9575 	EXP 	unnamed ImageStim: size = array([1405, 1200])
18.9575 	EXP 	unnamed ImageStim: image = 'inks\\03.jpg'
19.0586 	EXP 	unnamed ImageStim: size = array([1405, 1200])
19.0586 	EXP 	unnamed ImageStim: image = 'inks\\03.jpg'
19.1582 	EXP 	unnamed ImageStim: size = array([1405, 1200])
19.1582 	EXP 	unnamed ImageStim: image = 'inks\\03.jpg'
19.2375 	EXP 	unnamed ImageStim: size = array([1405, 1200])
19.2375 	EXP 	unnamed ImageStim: image = 'inks\\03.jpg'
19.3367 	EXP 	unnamed ImageStim: size = array([1405, 1200])
19.3367 	EXP 	unnamed ImageStim: image = 'inks\\03.jpg'
19.4367 	EXP 	unnamed ImageStim: size = array([1405, 1200])
19.4367 	EXP 	unnamed ImageStim: image = 'inks\\03.jpg'
19.5365 	EXP 	unnamed ImageStim: size = array([1405, 1200])
19.5365 	EXP 	unnamed ImageStim: image = 'inks\\03.jpg'
19.6366 	EXP 	unnamed ImageStim: size = array([1405, 1200])
19.6366 	EXP 	unnamed ImageStim: image = 'inks\\03.jpg'
19.7365 	EXP 	unnamed ImageStim: size = array([1405, 1200])
19.7365 	EXP 	unnamed ImageStim: image = 'inks\\03.jpg'
19.8365 	EXP 	unnamed ImageStim: size = array([1405, 1200])
19.8365 	EXP 	unnamed ImageStim: image = 'inks\\03.jpg'
19.9365 	EXP 	unnamed ImageStim: size = array([1405, 1200])
19.9365 	EXP 	unnamed ImageStim: image = 'inks\\03.jpg'
20.0366 	EXP 	unnamed ImageStim: size = array([1405, 1200])
20.0366 	EXP 	unnamed ImageStim: image = 'inks\\03.jpg'
20.1366 	EXP 	unnamed ImageStim: size = array([1405, 1200])
20.1366 	EXP 	unnamed ImageStim: image = 'inks\\03.jpg'
20.2365 	EXP 	unnamed ImageStim: size = array([1405, 1200])
20.2365 	EXP 	unnamed ImageStim: image = 'inks\\03.jpg'
20.3217 	EXP 	unnamed ImageStim: size = array([1405, 1200])
20.3217 	EXP 	unnamed ImageStim: image = 'inks\\03.jpg'
20.4244 	EXP 	unnamed ImageStim: size = array([1405, 1200])
20.4244 	EXP 	unnamed ImageStim: image = 'inks\\03.jpg'
20.5263 	EXP 	unnamed ImageStim: size = array([1405, 1200])
20.5263 	EXP 	unnamed ImageStim: image = 'inks\\03.jpg'
20.6257 	EXP 	unnamed ImageStim: size = array([1405, 1200])
20.6257 	EXP 	unnamed ImageStim: image = 'inks\\03.jpg'
20.7260 	EXP 	unnamed ImageStim: size = array([1405, 1200])
20.7260 	EXP 	unnamed ImageStim: image = 'inks\\03.jpg'
20.8265 	EXP 	unnamed ImageStim: size = array([1405, 1200])
20.8265 	EXP 	unnamed ImageStim: image = 'inks\\03.jpg'
20.9254 	EXP 	unnamed ImageStim: size = array([1405, 1200])
20.9254 	EXP 	unnamed ImageStim: image = 'inks\\03.jpg'
21.0256 	EXP 	unnamed ImageStim: size = array([1405, 1200])
21.0256 	EXP 	unnamed ImageStim: image = 'inks\\03.jpg'
21.1258 	EXP 	unnamed ImageStim: size = array([1405, 1200])
21.1258 	EXP 	unnamed ImageStim: image = 'inks\\03.jpg'
21.2289 	EXP 	unnamed ImageStim: size = array([1405, 1200])
21.2289 	EXP 	unnamed ImageStim: image = 'inks\\03.jpg'
21.3263 	EXP 	unnamed ImageStim: size = array([1405, 1200])
21.3263 	EXP 	unnamed ImageStim: image = 'inks\\03.jpg'
21.4250 	EXP 	unnamed ImageStim: size = array([1405, 1200])
21.4250 	EXP 	unnamed ImageStim: image = 'inks\\03.jpg'
21.5254 	EXP 	unnamed ImageStim: size = array([1405, 1200])
21.5254 	EXP 	unnamed ImageStim: image = 'inks\\03.jpg'
21.6252 	EXP 	unnamed ImageStim: size = array([1405, 1200])
21.6252 	EXP 	unnamed ImageStim: image = 'inks\\03.jpg'
21.7253 	EXP 	unnamed ImageStim: size = array([1405, 1200])
21.7253 	EXP 	unnamed ImageStim: image = 'inks\\03.jpg'
21.8288 	EXP 	unnamed ImageStim: size = array([1405, 1200])
21.8288 	EXP 	unnamed ImageStim: image = 'inks\\03.jpg'
21.9264 	EXP 	unnamed ImageStim: size = array([1405, 1200])
21.9264 	EXP 	unnamed ImageStim: image = 'inks\\03.jpg'
22.0591 	EXP 	unnamed ImageStim: size = array([1405, 1200])
22.0591 	EXP 	unnamed ImageStim: image = 'inks\\03.jpg'
22.1595 	EXP 	unnamed ImageStim: size = array([1405, 1200])
22.1595 	EXP 	unnamed ImageStim: image = 'inks\\03.jpg'
22.2589 	EXP 	unnamed ImageStim: size = array([1405, 1200])
22.2589 	EXP 	unnamed ImageStim: image = 'inks\\03.jpg'
22.3580 	EXP 	unnamed ImageStim: size = array([1405, 1200])
22.3580 	EXP 	unnamed ImageStim: image = 'inks\\03.jpg'
22.4593 	EXP 	unnamed ImageStim: size = array([1405, 1200])
22.4593 	EXP 	unnamed ImageStim: image = 'inks\\03.jpg'
22.5589 	EXP 	unnamed ImageStim: size = array([1405, 1200])
22.5589 	EXP 	unnamed ImageStim: image = 'inks\\03.jpg'
22.6593 	EXP 	unnamed ImageStim: size = array([1405, 1200])
22.6593 	EXP 	unnamed ImageStim: image = 'inks\\03.jpg'
22.7586 	EXP 	unnamed ImageStim: size = array([1405, 1200])
22.7586 	EXP 	unnamed ImageStim: image = 'inks\\03.jpg'
22.8588 	EXP 	unnamed ImageStim: size = array([1405, 1200])
22.8588 	EXP 	unnamed ImageStim: image = 'inks\\03.jpg'
22.9590 	EXP 	unnamed ImageStim: size = array([1405, 1200])
22.9590 	EXP 	unnamed ImageStim: image = 'inks\\03.jpg'
23.0586 	EXP 	unnamed ImageStim: size = array([1405, 1200])
23.0586 	EXP 	unnamed ImageStim: image = 'inks\\03.jpg'
23.1592 	EXP 	unnamed ImageStim: size = array([1405, 1200])
23.1592 	EXP 	unnamed ImageStim: image = 'inks\\03.jpg'
23.2591 	EXP 	unnamed ImageStim: size = array([1405, 1200])
23.2591 	EXP 	unnamed ImageStim: image = 'inks\\03.jpg'
23.3586 	EXP 	unnamed ImageStim: size = array([1405, 1200])
23.3586 	EXP 	unnamed ImageStim: image = 'inks\\03.jpg'
23.4586 	EXP 	unnamed ImageStim: size = array([1405, 1200])
23.4586 	EXP 	unnamed ImageStim: image = 'inks\\03.jpg'
23.5584 	EXP 	unnamed ImageStim: size = array([1405, 1200])
23.5584 	EXP 	unnamed ImageStim: image = 'inks\\03.jpg'
23.6588 	EXP 	unnamed ImageStim: size = array([1405, 1200])
23.6588 	EXP 	unnamed ImageStim: image = 'inks\\03.jpg'
23.7605 	EXP 	unnamed ImageStim: size = array([1405, 1200])
23.7605 	EXP 	unnamed ImageStim: image = 'inks\\03.jpg'
23.8604 	EXP 	unnamed ImageStim: size = array([1405, 1200])
23.8604 	EXP 	unnamed ImageStim: image = 'inks\\03.jpg'
23.9533 	EXP 	unnamed ImageStim: size = array([1405, 1200])
23.9533 	EXP 	unnamed ImageStim: image = 'inks\\03.jpg'
24.0595 	EXP 	unnamed ImageStim: size = array([1405, 1200])
24.0595 	EXP 	unnamed ImageStim: image = 'inks\\03.jpg'
24.1588 	EXP 	unnamed ImageStim: size = array([1405, 1200])
24.1588 	EXP 	unnamed ImageStim: image = 'inks\\03.jpg'
24.2589 	EXP 	unnamed ImageStim: size = array([1405, 1200])
24.2589 	EXP 	unnamed ImageStim: image = 'inks\\03.jpg'
24.2594 	DATA 	Keypress: right
24.2596 	EXP 	Sound  stopped
24.3533 	EXP 	unnamed ImageStim: size = array([1405, 1200])
24.3533 	EXP 	unnamed ImageStim: image = 'inks\\04.jpg'
24.4533 	EXP 	unnamed ImageStim: size = array([1405, 1200])
24.4533 	EXP 	unnamed ImageStim: image = 'inks\\04.jpg'
24.5533 	EXP 	unnamed ImageStim: size = array([1405, 1200])
24.5533 	EXP 	unnamed ImageStim: image = 'inks\\04.jpg'
24.6590 	EXP 	unnamed ImageStim: size = array([1405, 1200])
24.6590 	EXP 	unnamed ImageStim: image = 'inks\\04.jpg'
24.7591 	EXP 	unnamed ImageStim: size = array([1405, 1200])
24.7591 	EXP 	unnamed ImageStim: image = 'inks\\04.jpg'
24.8614 	EXP 	unnamed ImageStim: size = array([1405, 1200])
24.8614 	EXP 	unnamed ImageStim: image = 'inks\\04.jpg'
24.9593 	EXP 	unnamed ImageStim: size = array([1405, 1200])
24.9593 	EXP 	unnamed ImageStim: image = 'inks\\04.jpg'
25.0533 	EXP 	unnamed ImageStim: size = array([1405, 1200])
25.0533 	EXP 	unnamed ImageStim: image = 'inks\\04.jpg'
25.1533 	EXP 	unnamed ImageStim: size = array([1405, 1200])
25.1533 	EXP 	unnamed ImageStim: image = 'inks\\04.jpg'
25.2533 	EXP 	unnamed ImageStim: size = array([1405, 1200])
25.2533 	EXP 	unnamed ImageStim: image = 'inks\\04.jpg'
25.3533 	EXP 	unnamed ImageStim: size = array([1405, 1200])
25.3533 	EXP 	unnamed ImageStim: image = 'inks\\04.jpg'
25.4589 	EXP 	unnamed ImageStim: size = array([1405, 1200])
25.4589 	EXP 	unnamed ImageStim: image = 'inks\\04.jpg'
25.5596 	EXP 	unnamed ImageStim: size = array([1405, 1200])
25.5596 	EXP 	unnamed ImageStim: image = 'inks\\04.jpg'
25.6599 	EXP 	unnamed ImageStim: size = array([1405, 1200])
25.6599 	EXP 	unnamed ImageStim: image = 'inks\\04.jpg'
25.7588 	EXP 	unnamed ImageStim: size = array([1405, 1200])
25.7588 	EXP 	unnamed ImageStim: image = 'inks\\04.jpg'
25.8587 	EXP 	unnamed ImageStim: size = array([1405, 1200])
25.8587 	EXP 	unnamed ImageStim: image = 'inks\\04.jpg'
25.9599 	EXP 	unnamed ImageStim: size = array([1405, 1200])
25.9599 	EXP 	unnamed ImageStim: image = 'inks\\04.jpg'
26.0594 	EXP 	unnamed ImageStim: size = array([1405, 1200])
26.0594 	EXP 	unnamed ImageStim: image = 'inks\\04.jpg'
26.1592 	EXP 	unnamed ImageStim: size = array([1405, 1200])
26.1592 	EXP 	unnamed ImageStim: image = 'inks\\04.jpg'
26.2603 	EXP 	unnamed ImageStim: size = array([1405, 1200])
26.2603 	EXP 	unnamed ImageStim: image = 'inks\\04.jpg'
26.3588 	EXP 	unnamed ImageStim: size = array([1405, 1200])
26.3588 	EXP 	unnamed ImageStim: image = 'inks\\04.jpg'
26.4589 	EXP 	unnamed ImageStim: size = array([1405, 1200])
26.4589 	EXP 	unnamed ImageStim: image = 'inks\\04.jpg'
26.5582 	EXP 	unnamed ImageStim: size = array([1405, 1200])
26.5582 	EXP 	unnamed ImageStim: image = 'inks\\04.jpg'
26.6584 	EXP 	unnamed ImageStim: size = array([1405, 1200])
26.6584 	EXP 	unnamed ImageStim: image = 'inks\\04.jpg'
26.7604 	EXP 	unnamed ImageStim: size = array([1405, 1200])
26.7604 	EXP 	unnamed ImageStim: image = 'inks\\04.jpg'
26.8600 	EXP 	unnamed ImageStim: size = array([1405, 1200])
26.8600 	EXP 	unnamed ImageStim: image = 'inks\\04.jpg'
26.9538 	EXP 	unnamed ImageStim: size = array([1405, 1200])
26.9538 	EXP 	unnamed ImageStim: image = 'inks\\04.jpg'
27.0443 	DATA 	Keypress: right
27.0537 	EXP 	unnamed ImageStim: size = array([1405, 1200])
27.0537 	EXP 	unnamed ImageStim: image = 'inks\\04.jpg'
27.1538 	EXP 	unnamed ImageStim: size = array([1405, 1200])
27.1538 	EXP 	unnamed ImageStim: image = 'inks\\05.jpg'
27.2704 	EXP 	unnamed ImageStim: size = array([1405, 1200])
27.2704 	EXP 	unnamed ImageStim: image = 'inks\\05.jpg'
27.3704 	EXP 	unnamed ImageStim: size = array([1405, 1200])
27.3704 	EXP 	unnamed ImageStim: image = 'inks\\05.jpg'
27.4704 	EXP 	unnamed ImageStim: size = array([1405, 1200])
27.4704 	EXP 	unnamed ImageStim: image = 'inks\\05.jpg'
27.5704 	EXP 	unnamed ImageStim: size = array([1405, 1200])
27.5704 	EXP 	unnamed ImageStim: image = 'inks\\05.jpg'
27.6704 	EXP 	unnamed ImageStim: size = array([1405, 1200])
27.6704 	EXP 	unnamed ImageStim: image = 'inks\\05.jpg'
27.7702 	EXP 	unnamed ImageStim: size = array([1405, 1200])
27.7702 	EXP 	unnamed ImageStim: image = 'inks\\05.jpg'
27.8703 	EXP 	unnamed ImageStim: size = array([1405, 1200])
27.8703 	EXP 	unnamed ImageStim: image = 'inks\\05.jpg'
27.9704 	EXP 	unnamed ImageStim: size = array([1405, 1200])
27.9704 	EXP 	unnamed ImageStim: image = 'inks\\05.jpg'
28.0705 	EXP 	unnamed ImageStim: size = array([1405, 1200])
28.0705 	EXP 	unnamed ImageStim: image = 'inks\\05.jpg'
28.1705 	EXP 	unnamed ImageStim: size = array([1405, 1200])
28.1705 	EXP 	unnamed ImageStim: image = 'inks\\05.jpg'
28.2704 	EXP 	unnamed ImageStim: size = array([1405, 1200])
28.2704 	EXP 	unnamed ImageStim: image = 'inks\\05.jpg'
28.3704 	EXP 	unnamed ImageStim: size = array([1405, 1200])
28.3704 	EXP 	unnamed ImageStim: image = 'inks\\05.jpg'
28.4704 	EXP 	unnamed ImageStim: size = array([1405, 1200])
28.4704 	EXP 	unnamed ImageStim: image = 'inks\\05.jpg'
28.5704 	EXP 	unnamed ImageStim: size = array([1405, 1200])
28.5704 	EXP 	unnamed ImageStim: image = 'inks\\05.jpg'
28.6706 	EXP 	unnamed ImageStim: size = array([1405, 1200])
28.6706 	EXP 	unnamed ImageStim: image = 'inks\\05.jpg'
28.7705 	EXP 	unnamed ImageStim: size = array([1405, 1200])
28.7705 	EXP 	unnamed ImageStim: image = 'inks\\05.jpg'
28.8705 	EXP 	unnamed ImageStim: size = array([1405, 1200])
28.8705 	EXP 	unnamed ImageStim: image = 'inks\\05.jpg'
28.9704 	EXP 	unnamed ImageStim: size = array([1405, 1200])
28.9704 	EXP 	unnamed ImageStim: image = 'inks\\05.jpg'
29.0704 	EXP 	unnamed ImageStim: size = array([1405, 1200])
29.0704 	EXP 	unnamed ImageStim: image = 'inks\\05.jpg'
29.1703 	EXP 	unnamed ImageStim: size = array([1405, 1200])
29.1703 	EXP 	unnamed ImageStim: image = 'inks\\05.jpg'
29.2703 	EXP 	unnamed ImageStim: size = array([1405, 1200])
29.2703 	EXP 	unnamed ImageStim: image = 'inks\\05.jpg'
29.3703 	EXP 	unnamed ImageStim: size = array([1405, 1200])
29.3703 	EXP 	unnamed ImageStim: image = 'inks\\05.jpg'
29.4703 	EXP 	unnamed ImageStim: size = array([1405, 1200])
29.4703 	EXP 	unnamed ImageStim: image = 'inks\\05.jpg'
29.5704 	EXP 	unnamed ImageStim: size = array([1405, 1200])
29.5704 	EXP 	unnamed ImageStim: image = 'inks\\05.jpg'
29.6704 	EXP 	unnamed ImageStim: size = array([1405, 1200])
29.6704 	EXP 	unnamed ImageStim: image = 'inks\\05.jpg'
29.7705 	EXP 	unnamed ImageStim: size = array([1405, 1200])
29.7705 	EXP 	unnamed ImageStim: image = 'inks\\05.jpg'
29.8703 	EXP 	unnamed ImageStim: size = array([1405, 1200])
29.8703 	EXP 	unnamed ImageStim: image = 'inks\\05.jpg'
29.9703 	EXP 	unnamed ImageStim: size = array([1405, 1200])
29.9703 	EXP 	unnamed ImageStim: image = 'inks\\05.jpg'
30.0704 	EXP 	unnamed ImageStim: size = array([1405, 1200])
30.0704 	EXP 	unnamed ImageStim: image = 'inks\\05.jpg'
30.1704 	EXP 	unnamed ImageStim: size = array([1405, 1200])
30.1704 	EXP 	unnamed ImageStim: image = 'inks\\05.jpg'
30.2703 	EXP 	unnamed ImageStim: size = array([1405, 1200])
30.2703 	EXP 	unnamed ImageStim: image = 'inks\\05.jpg'
30.3704 	EXP 	unnamed ImageStim: size = array([1405, 1200])
30.3704 	EXP 	unnamed ImageStim: image = 'inks\\05.jpg'
30.4704 	EXP 	unnamed ImageStim: size = array([1405, 1200])
30.4704 	EXP 	unnamed ImageStim: image = 'inks\\05.jpg'
30.5705 	EXP 	unnamed ImageStim: size = array([1405, 1200])
30.5705 	EXP 	unnamed ImageStim: image = 'inks\\05.jpg'
30.6704 	EXP 	unnamed ImageStim: size = array([1405, 1200])
30.6704 	EXP 	unnamed ImageStim: image = 'inks\\05.jpg'
30.7704 	EXP 	unnamed ImageStim: size = array([1405, 1200])
30.7704 	EXP 	unnamed ImageStim: image = 'inks\\05.jpg'
30.8571 	DATA 	Keypress: right
30.8704 	EXP 	unnamed ImageStim: size = array([1405, 1200])
30.8704 	EXP 	unnamed ImageStim: image = 'inks\\05.jpg'
30.9704 	EXP 	unnamed ImageStim: size = array([1405, 1200])
30.9704 	EXP 	unnamed ImageStim: image = 'inks\\06.jpg'
31.0704 	EXP 	unnamed ImageStim: size = array([1405, 1200])
31.0704 	EXP 	unnamed ImageStim: image = 'inks\\06.jpg'
31.1703 	EXP 	unnamed ImageStim: size = array([1405, 1200])
31.1703 	EXP 	unnamed ImageStim: image = 'inks\\06.jpg'
31.2704 	EXP 	unnamed ImageStim: size = array([1405, 1200])
31.2704 	EXP 	unnamed ImageStim: image = 'inks\\06.jpg'
31.3704 	EXP 	unnamed ImageStim: size = array([1405, 1200])
31.3704 	EXP 	unnamed ImageStim: image = 'inks\\06.jpg'
31.4704 	EXP 	unnamed ImageStim: size = array([1405, 1200])
31.4704 	EXP 	unnamed ImageStim: image = 'inks\\06.jpg'
31.5704 	EXP 	unnamed ImageStim: size = array([1405, 1200])
31.5704 	EXP 	unnamed ImageStim: image = 'inks\\06.jpg'
31.6951 	EXP 	unnamed ImageStim: size = array([1405, 1200])
31.6951 	EXP 	unnamed ImageStim: image = 'inks\\06.jpg'
31.7870 	EXP 	unnamed ImageStim: size = array([1405, 1200])
31.7870 	EXP 	unnamed ImageStim: image = 'inks\\06.jpg'
31.8869 	EXP 	unnamed ImageStim: size = array([1405, 1200])
31.8869 	EXP 	unnamed ImageStim: image = 'inks\\06.jpg'
31.9923 	EXP 	unnamed ImageStim: size = array([1405, 1200])
31.9923 	EXP 	unnamed ImageStim: image = 'inks\\06.jpg'
32.0927 	EXP 	unnamed ImageStim: size = array([1405, 1200])
32.0927 	EXP 	unnamed ImageStim: image = 'inks\\06.jpg'
32.1927 	EXP 	unnamed ImageStim: size = array([1405, 1200])
32.1927 	EXP 	unnamed ImageStim: image = 'inks\\06.jpg'
32.2878 	EXP 	unnamed ImageStim: size = array([1405, 1200])
32.2878 	EXP 	unnamed ImageStim: image = 'inks\\06.jpg'
32.3870 	EXP 	unnamed ImageStim: size = array([1405, 1200])
32.3870 	EXP 	unnamed ImageStim: image = 'inks\\06.jpg'
32.4873 	EXP 	unnamed ImageStim: size = array([1405, 1200])
32.4873 	EXP 	unnamed ImageStim: image = 'inks\\06.jpg'
32.5870 	EXP 	unnamed ImageStim: size = array([1405, 1200])
32.5870 	EXP 	unnamed ImageStim: image = 'inks\\06.jpg'
32.6871 	EXP 	unnamed ImageStim: size = array([1405, 1200])
32.6871 	EXP 	unnamed ImageStim: image = 'inks\\06.jpg'
32.7927 	EXP 	unnamed ImageStim: size = array([1405, 1200])
32.7927 	EXP 	unnamed ImageStim: image = 'inks\\06.jpg'
32.8939 	EXP 	unnamed ImageStim: size = array([1405, 1200])
32.8939 	EXP 	unnamed ImageStim: image = 'inks\\06.jpg'
32.9928 	EXP 	unnamed ImageStim: size = array([1405, 1200])
32.9928 	EXP 	unnamed ImageStim: image = 'inks\\06.jpg'
33.0923 	EXP 	unnamed ImageStim: size = array([1405, 1200])
33.0923 	EXP 	unnamed ImageStim: image = 'inks\\06.jpg'
33.1931 	EXP 	unnamed ImageStim: size = array([1405, 1200])
33.1931 	EXP 	unnamed ImageStim: image = 'inks\\06.jpg'
33.2772 	DATA 	Keypress: right
33.2931 	EXP 	unnamed ImageStim: size = array([1405, 1200])
33.2931 	EXP 	unnamed ImageStim: image = 'inks\\06.jpg'
33.3928 	EXP 	unnamed ImageStim: size = array([1405, 1200])
33.3928 	EXP 	unnamed ImageStim: image = 'inks\\07.jpg'
33.4932 	EXP 	unnamed ImageStim: size = array([1405, 1200])
33.4932 	EXP 	unnamed ImageStim: image = 'inks\\07.jpg'
33.5928 	EXP 	unnamed ImageStim: size = array([1405, 1200])
33.5928 	EXP 	unnamed ImageStim: image = 'inks\\07.jpg'
33.6918 	EXP 	unnamed ImageStim: size = array([1405, 1200])
33.6918 	EXP 	unnamed ImageStim: image = 'inks\\07.jpg'
33.7925 	EXP 	unnamed ImageStim: size = array([1405, 1200])
33.7925 	EXP 	unnamed ImageStim: image = 'inks\\07.jpg'
33.8929 	EXP 	unnamed ImageStim: size = array([1405, 1200])
33.8929 	EXP 	unnamed ImageStim: image = 'inks\\07.jpg'
33.9939 	EXP 	unnamed ImageStim: size = array([1405, 1200])
33.9939 	EXP 	unnamed ImageStim: image = 'inks\\07.jpg'
34.0935 	EXP 	unnamed ImageStim: size = array([1405, 1200])
34.0935 	EXP 	unnamed ImageStim: image = 'inks\\07.jpg'
34.1925 	EXP 	unnamed ImageStim: size = array([1405, 1200])
34.1925 	EXP 	unnamed ImageStim: image = 'inks\\07.jpg'
34.2925 	EXP 	unnamed ImageStim: size = array([1405, 1200])
34.2925 	EXP 	unnamed ImageStim: image = 'inks\\07.jpg'
34.3949 	EXP 	unnamed ImageStim: size = array([1405, 1200])
34.3949 	EXP 	unnamed ImageStim: image = 'inks\\07.jpg'
34.4799 	DATA 	Keypress: right
34.4869 	EXP 	unnamed ImageStim: size = array([1405, 1200])
34.4869 	EXP 	unnamed ImageStim: image = 'inks\\07.jpg'
34.5774 	EXP 	Set  sound=fe\push.wav
34.5774 	EXP 	Sound  set loops 10
34.5781 	EXP 	Sound  started
34.5872 	EXP 	unnamed ImageStim: size = array([1405, 1200])
34.5872 	EXP 	unnamed ImageStim: image = 'inks\\08.jpg'
34.6924 	EXP 	unnamed ImageStim: size = array([1405, 1200])
34.6924 	EXP 	unnamed ImageStim: image = 'inks\\08.jpg'
34.7934 	EXP 	unnamed ImageStim: size = array([1405, 1200])
34.7934 	EXP 	unnamed ImageStim: image = 'inks\\08.jpg'
34.8871 	EXP 	unnamed ImageStim: size = array([1405, 1200])
34.8871 	EXP 	unnamed ImageStim: image = 'inks\\08.jpg'
34.9935 	EXP 	unnamed ImageStim: size = array([1405, 1200])
34.9935 	EXP 	unnamed ImageStim: image = 'inks\\08.jpg'
35.0926 	EXP 	unnamed ImageStim: size = array([1405, 1200])
35.0926 	EXP 	unnamed ImageStim: image = 'inks\\08.jpg'
35.1933 	EXP 	unnamed ImageStim: size = array([1405, 1200])
35.1933 	EXP 	unnamed ImageStim: image = 'inks\\08.jpg'
35.2932 	EXP 	unnamed ImageStim: size = array([1405, 1200])
35.2932 	EXP 	unnamed ImageStim: image = 'inks\\08.jpg'
35.3940 	EXP 	unnamed ImageStim: size = array([1405, 1200])
35.3940 	EXP 	unnamed ImageStim: image = 'inks\\08.jpg'
35.4949 	EXP 	unnamed ImageStim: size = array([1405, 1200])
35.4949 	EXP 	unnamed ImageStim: image = 'inks\\08.jpg'
35.5929 	EXP 	unnamed ImageStim: size = array([1405, 1200])
35.5929 	EXP 	unnamed ImageStim: image = 'inks\\08.jpg'
35.6728 	EXP 	unnamed ImageStim: size = array([1405, 1200])
35.6728 	EXP 	unnamed ImageStim: image = 'inks\\08.jpg'
35.7706 	EXP 	unnamed ImageStim: size = array([1405, 1200])
35.7706 	EXP 	unnamed ImageStim: image = 'inks\\08.jpg'
35.8706 	EXP 	unnamed ImageStim: size = array([1405, 1200])
35.8706 	EXP 	unnamed ImageStim: image = 'inks\\08.jpg'
35.8708 	DATA 	Keypress: right
35.8709 	EXP 	Sound  stopped
35.9705 	EXP 	unnamed ImageStim: size = array([1405, 1200])
35.9705 	EXP 	unnamed ImageStim: image = 'inks\\09.jpg'
36.0704 	EXP 	unnamed ImageStim: size = array([1405, 1200])
36.0704 	EXP 	unnamed ImageStim: image = 'inks\\09.jpg'
36.1704 	EXP 	unnamed ImageStim: size = array([1405, 1200])
36.1704 	EXP 	unnamed ImageStim: image = 'inks\\09.jpg'
36.2704 	EXP 	unnamed ImageStim: size = array([1405, 1200])
36.2704 	EXP 	unnamed ImageStim: image = 'inks\\09.jpg'
36.3704 	EXP 	unnamed ImageStim: size = array([1405, 1200])
36.3704 	EXP 	unnamed ImageStim: image = 'inks\\09.jpg'
36.4704 	EXP 	unnamed ImageStim: size = array([1405, 1200])
36.4704 	EXP 	unnamed ImageStim: image = 'inks\\09.jpg'
36.5705 	EXP 	unnamed ImageStim: size = array([1405, 1200])
36.5705 	EXP 	unnamed ImageStim: image = 'inks\\09.jpg'
36.6705 	EXP 	unnamed ImageStim: size = array([1405, 1200])
36.6705 	EXP 	unnamed ImageStim: image = 'inks\\09.jpg'
36.7704 	EXP 	unnamed ImageStim: size = array([1405, 1200])
36.7704 	EXP 	unnamed ImageStim: image = 'inks\\09.jpg'
36.8704 	EXP 	unnamed ImageStim: size = array([1405, 1200])
36.8704 	EXP 	unnamed ImageStim: image = 'inks\\09.jpg'
36.9704 	EXP 	unnamed ImageStim: size = array([1405, 1200])
36.9704 	EXP 	unnamed ImageStim: image = 'inks\\09.jpg'
37.0704 	EXP 	unnamed ImageStim: size = array([1405, 1200])
37.0704 	EXP 	unnamed ImageStim: image = 'inks\\09.jpg'
37.1704 	EXP 	unnamed ImageStim: size = array([1405, 1200])
37.1704 	EXP 	unnamed ImageStim: image = 'inks\\09.jpg'
37.2705 	EXP 	unnamed ImageStim: size = array([1405, 1200])
37.2705 	EXP 	unnamed ImageStim: image = 'inks\\09.jpg'
37.3705 	EXP 	unnamed ImageStim: size = array([1405, 1200])
37.3705 	EXP 	unnamed ImageStim: image = 'inks\\09.jpg'
37.4551 	DATA 	Keypress: right
37.4705 	EXP 	unnamed ImageStim: size = array([1405, 1200])
37.4705 	EXP 	unnamed ImageStim: image = 'inks\\09.jpg'
37.5573 	EXP 	Set  sound=fe\purr.wav
37.5573 	EXP 	Sound  set loops 10
37.5591 	EXP 	Sound  started
37.5703 	EXP 	unnamed ImageStim: size = array([1405, 1200])
37.5703 	EXP 	unnamed ImageStim: image = 'inks\\10.jpg'
37.6707 	EXP 	unnamed ImageStim: size = array([1405, 1200])
37.6707 	EXP 	unnamed ImageStim: image = 'inks\\10.jpg'
37.7705 	EXP 	unnamed ImageStim: size = array([1405, 1200])
37.7705 	EXP 	unnamed ImageStim: image = 'inks\\10.jpg'
37.8705 	EXP 	unnamed ImageStim: size = array([1405, 1200])
37.8705 	EXP 	unnamed ImageStim: image = 'inks\\10.jpg'
37.9705 	EXP 	unnamed ImageStim: size = array([1405, 1200])
37.9705 	EXP 	unnamed ImageStim: image = 'inks\\10.jpg'
38.0705 	EXP 	unnamed ImageStim: size = array([1405, 1200])
38.0705 	EXP 	unnamed ImageStim: image = 'inks\\10.jpg'
38.1705 	EXP 	unnamed ImageStim: size = array([1405, 1200])
38.1705 	EXP 	unnamed ImageStim: image = 'inks\\10.jpg'
38.2705 	EXP 	unnamed ImageStim: size = array([1405, 1200])
38.2705 	EXP 	unnamed ImageStim: image = 'inks\\10.jpg'
38.3702 	EXP 	unnamed ImageStim: size = array([1405, 1200])
38.3702 	EXP 	unnamed ImageStim: image = 'inks\\10.jpg'
38.4705 	EXP 	unnamed ImageStim: size = array([1405, 1200])
38.4705 	EXP 	unnamed ImageStim: image = 'inks\\10.jpg'
38.5705 	EXP 	unnamed ImageStim: size = array([1405, 1200])
38.5705 	EXP 	unnamed ImageStim: image = 'inks\\10.jpg'
38.6705 	EXP 	unnamed ImageStim: size = array([1405, 1200])
38.6705 	EXP 	unnamed ImageStim: image = 'inks\\10.jpg'
38.7929 	EXP 	unnamed ImageStim: size = array([1405, 1200])
38.7929 	EXP 	unnamed ImageStim: image = 'inks\\10.jpg'
38.8871 	EXP 	unnamed ImageStim: size = array([1405, 1200])
38.8871 	EXP 	unnamed ImageStim: image = 'inks\\10.jpg'
38.9871 	EXP 	unnamed ImageStim: size = array([1405, 1200])
38.9871 	EXP 	unnamed ImageStim: image = 'inks\\10.jpg'
39.0932 	EXP 	unnamed ImageStim: size = array([1405, 1200])
39.0932 	EXP 	unnamed ImageStim: image = 'inks\\10.jpg'
39.1771 	DATA 	Keypress: right
39.1935 	EXP 	unnamed ImageStim: size = array([1405, 1200])
39.1935 	EXP 	unnamed ImageStim: image = 'inks\\10.jpg'
39.1941 	EXP 	Sound  stopped
39.2871 	EXP 	unnamed ImageStim: size = array([1405, 1200])
39.2871 	EXP 	unnamed ImageStim: image = 'inks\\11.jpg'
39.3942 	EXP 	unnamed ImageStim: size = array([1405, 1200])
39.3942 	EXP 	unnamed ImageStim: image = 'inks\\11.jpg'
39.4934 	EXP 	unnamed ImageStim: size = array([1405, 1200])
39.4934 	EXP 	unnamed ImageStim: image = 'inks\\11.jpg'
39.5928 	EXP 	unnamed ImageStim: size = array([1405, 1200])
39.5928 	EXP 	unnamed ImageStim: image = 'inks\\11.jpg'
39.6933 	EXP 	unnamed ImageStim: size = array([1405, 1200])
39.6933 	EXP 	unnamed ImageStim: image = 'inks\\11.jpg'
39.7936 	EXP 	unnamed ImageStim: size = array([1405, 1200])
39.7936 	EXP 	unnamed ImageStim: image = 'inks\\11.jpg'
39.8871 	EXP 	unnamed ImageStim: size = array([1405, 1200])
39.8871 	EXP 	unnamed ImageStim: image = 'inks\\11.jpg'
39.9940 	EXP 	unnamed ImageStim: size = array([1405, 1200])
39.9940 	EXP 	unnamed ImageStim: image = 'inks\\11.jpg'
40.0928 	EXP 	unnamed ImageStim: size = array([1405, 1200])
40.0928 	EXP 	unnamed ImageStim: image = 'inks\\11.jpg'
40.1931 	EXP 	unnamed ImageStim: size = array([1405, 1200])
40.1931 	EXP 	unnamed ImageStim: image = 'inks\\11.jpg'
40.2932 	EXP 	unnamed ImageStim: size = array([1405, 1200])
40.2932 	EXP 	unnamed ImageStim: image = 'inks\\11.jpg'
40.3886 	EXP 	unnamed ImageStim: size = array([1405, 1200])
40.3886 	EXP 	unnamed ImageStim: image = 'inks\\11.jpg'
40.5040 	EXP 	unnamed ImageStim: size = array([1405, 1200])
40.5040 	EXP 	unnamed ImageStim: image = 'inks\\11.jpg'
40.6040 	EXP 	unnamed ImageStim: size = array([1405, 1200])
40.6040 	EXP 	unnamed ImageStim: image = 'inks\\11.jpg'
40.7040 	EXP 	unnamed ImageStim: size = array([1405, 1200])
40.7040 	EXP 	unnamed ImageStim: image = 'inks\\11.jpg'
40.8039 	EXP 	unnamed ImageStim: size = array([1405, 1200])
40.8039 	EXP 	unnamed ImageStim: image = 'inks\\11.jpg'
40.9038 	EXP 	unnamed ImageStim: size = array([1405, 1200])
40.9038 	EXP 	unnamed ImageStim: image = 'inks\\11.jpg'
41.0038 	EXP 	unnamed ImageStim: size = array([1405, 1200])
41.0038 	EXP 	unnamed ImageStim: image = 'inks\\11.jpg'
41.1040 	EXP 	unnamed ImageStim: size = array([1405, 1200])
41.1040 	EXP 	unnamed ImageStim: image = 'inks\\11.jpg'
41.2039 	EXP 	unnamed ImageStim: size = array([1405, 1200])
41.2039 	EXP 	unnamed ImageStim: image = 'inks\\11.jpg'
41.3039 	EXP 	unnamed ImageStim: size = array([1405, 1200])
41.3039 	EXP 	unnamed ImageStim: image = 'inks\\11.jpg'
41.4040 	EXP 	unnamed ImageStim: size = array([1405, 1200])
41.4040 	EXP 	unnamed ImageStim: image = 'inks\\11.jpg'
41.5041 	EXP 	unnamed ImageStim: size = array([1405, 1200])
41.5041 	EXP 	unnamed ImageStim: image = 'inks\\11.jpg'
41.6052 	EXP 	unnamed ImageStim: size = array([1405, 1200])
41.6052 	EXP 	unnamed ImageStim: image = 'inks\\11.jpg'
41.7039 	EXP 	unnamed ImageStim: size = array([1405, 1200])
41.7039 	EXP 	unnamed ImageStim: image = 'inks\\11.jpg'
41.8040 	EXP 	unnamed ImageStim: size = array([1405, 1200])
41.8040 	EXP 	unnamed ImageStim: image = 'inks\\11.jpg'
41.9040 	EXP 	unnamed ImageStim: size = array([1405, 1200])
41.9040 	EXP 	unnamed ImageStim: image = 'inks\\11.jpg'
42.0040 	EXP 	unnamed ImageStim: size = array([1405, 1200])
42.0040 	EXP 	unnamed ImageStim: image = 'inks\\11.jpg'
42.1040 	EXP 	unnamed ImageStim: size = array([1405, 1200])
42.1040 	EXP 	unnamed ImageStim: image = 'inks\\11.jpg'
42.2040 	EXP 	unnamed ImageStim: size = array([1405, 1200])
42.2040 	EXP 	unnamed ImageStim: image = 'inks\\11.jpg'
42.3040 	EXP 	unnamed ImageStim: size = array([1405, 1200])
42.3040 	EXP 	unnamed ImageStim: image = 'inks\\11.jpg'
42.4040 	EXP 	unnamed ImageStim: size = array([1405, 1200])
42.4040 	EXP 	unnamed ImageStim: image = 'inks\\11.jpg'
42.5038 	EXP 	unnamed ImageStim: size = array([1405, 1200])
42.5038 	EXP 	unnamed ImageStim: image = 'inks\\11.jpg'
42.6039 	EXP 	unnamed ImageStim: size = array([1405, 1200])
42.6039 	EXP 	unnamed ImageStim: image = 'inks\\11.jpg'
42.7040 	EXP 	unnamed ImageStim: size = array([1405, 1200])
42.7040 	EXP 	unnamed ImageStim: image = 'inks\\11.jpg'
42.8040 	EXP 	unnamed ImageStim: size = array([1405, 1200])
42.8040 	EXP 	unnamed ImageStim: image = 'inks\\11.jpg'
42.9041 	EXP 	unnamed ImageStim: size = array([1405, 1200])
42.9041 	EXP 	unnamed ImageStim: image = 'inks\\11.jpg'
43.0041 	EXP 	unnamed ImageStim: size = array([1405, 1200])
43.0041 	EXP 	unnamed ImageStim: image = 'inks\\11.jpg'
43.1042 	EXP 	unnamed ImageStim: size = array([1405, 1200])
43.1042 	EXP 	unnamed ImageStim: image = 'inks\\11.jpg'
43.2040 	EXP 	unnamed ImageStim: size = array([1405, 1200])
43.2040 	EXP 	unnamed ImageStim: image = 'inks\\11.jpg'
43.3040 	EXP 	unnamed ImageStim: size = array([1405, 1200])
43.3040 	EXP 	unnamed ImageStim: image = 'inks\\11.jpg'
43.4041 	EXP 	unnamed ImageStim: size = array([1405, 1200])
43.4041 	EXP 	unnamed ImageStim: image = 'inks\\11.jpg'
43.4890 	DATA 	Keypress: right
43.5040 	EXP 	unnamed ImageStim: size = array([1405, 1200])
43.5040 	EXP 	unnamed ImageStim: image = 'inks\\11.jpg'
43.5884 	EXP 	unnamed ImageStim: size = array([1405, 1200])
43.5884 	EXP 	unnamed ImageStim: image = 'inks\\12.jpg'
43.6933 	EXP 	unnamed ImageStim: size = array([1405, 1200])
43.6933 	EXP 	unnamed ImageStim: image = 'inks\\12.jpg'
43.7947 	EXP 	unnamed ImageStim: size = array([1405, 1200])
43.7947 	EXP 	unnamed ImageStim: image = 'inks\\12.jpg'
43.8961 	EXP 	unnamed ImageStim: size = array([1405, 1200])
43.8961 	EXP 	unnamed ImageStim: image = 'inks\\12.jpg'
43.9955 	EXP 	unnamed ImageStim: size = array([1405, 1200])
43.9955 	EXP 	unnamed ImageStim: image = 'inks\\12.jpg'
44.0933 	EXP 	unnamed ImageStim: size = array([1405, 1200])
44.0933 	EXP 	unnamed ImageStim: image = 'inks\\12.jpg'
44.1933 	EXP 	unnamed ImageStim: size = array([1405, 1200])
44.1933 	EXP 	unnamed ImageStim: image = 'inks\\12.jpg'
44.2931 	EXP 	unnamed ImageStim: size = array([1405, 1200])
44.2931 	EXP 	unnamed ImageStim: image = 'inks\\12.jpg'
44.3949 	EXP 	unnamed ImageStim: size = array([1405, 1200])
44.3949 	EXP 	unnamed ImageStim: image = 'inks\\12.jpg'
44.4972 	EXP 	unnamed ImageStim: size = array([1405, 1200])
44.4972 	EXP 	unnamed ImageStim: image = 'inks\\12.jpg'
44.5952 	EXP 	unnamed ImageStim: size = array([1405, 1200])
44.5952 	EXP 	unnamed ImageStim: image = 'inks\\12.jpg'
44.6936 	EXP 	unnamed ImageStim: size = array([1405, 1200])
44.6936 	EXP 	unnamed ImageStim: image = 'inks\\12.jpg'
44.7932 	EXP 	unnamed ImageStim: size = array([1405, 1200])
44.7932 	EXP 	unnamed ImageStim: image = 'inks\\12.jpg'
44.8941 	EXP 	unnamed ImageStim: size = array([1405, 1200])
44.8941 	EXP 	unnamed ImageStim: image = 'inks\\12.jpg'
44.8947 	DATA 	Keypress: right
44.9945 	EXP 	unnamed ImageStim: size = array([1405, 1200])
44.9945 	EXP 	unnamed ImageStim: image = 'inks\\13.jpg'
45.0943 	EXP 	unnamed ImageStim: size = array([1405, 1200])
45.0943 	EXP 	unnamed ImageStim: image = 'inks\\13.jpg'
45.1941 	EXP 	unnamed ImageStim: size = array([1405, 1200])
45.1941 	EXP 	unnamed ImageStim: image = 'inks\\13.jpg'
45.2942 	EXP 	unnamed ImageStim: size = array([1405, 1200])
45.2942 	EXP 	unnamed ImageStim: image = 'inks\\13.jpg'
45.3939 	EXP 	unnamed ImageStim: size = array([1405, 1200])
45.3939 	EXP 	unnamed ImageStim: image = 'inks\\13.jpg'
45.4948 	EXP 	unnamed ImageStim: size = array([1405, 1200])
45.4948 	EXP 	unnamed ImageStim: image = 'inks\\13.jpg'
45.5954 	EXP 	unnamed ImageStim: size = array([1405, 1200])
45.5954 	EXP 	unnamed ImageStim: image = 'inks\\13.jpg'
45.6943 	EXP 	unnamed ImageStim: size = array([1405, 1200])
45.6943 	EXP 	unnamed ImageStim: image = 'inks\\13.jpg'
45.7938 	EXP 	unnamed ImageStim: size = array([1405, 1200])
45.7938 	EXP 	unnamed ImageStim: image = 'inks\\13.jpg'
45.8948 	EXP 	unnamed ImageStim: size = array([1405, 1200])
45.8948 	EXP 	unnamed ImageStim: image = 'inks\\13.jpg'
45.9939 	EXP 	unnamed ImageStim: size = array([1405, 1200])
45.9939 	EXP 	unnamed ImageStim: image = 'inks\\13.jpg'
46.0953 	EXP 	unnamed ImageStim: size = array([1405, 1200])
46.0953 	EXP 	unnamed ImageStim: image = 'inks\\13.jpg'
46.0959 	DATA 	Keypress: right
46.1938 	EXP 	unnamed ImageStim: size = array([1405, 1200])
46.1938 	EXP 	unnamed ImageStim: image = 'inks\\14.jpg'
46.2935 	EXP 	unnamed ImageStim: size = array([1405, 1200])
46.2935 	EXP 	unnamed ImageStim: image = 'inks\\14.jpg'
46.3936 	EXP 	unnamed ImageStim: size = array([1405, 1200])
46.3936 	EXP 	unnamed ImageStim: image = 'inks\\14.jpg'
46.4950 	EXP 	unnamed ImageStim: size = array([1405, 1200])
46.4950 	EXP 	unnamed ImageStim: image = 'inks\\14.jpg'
46.5949 	EXP 	unnamed ImageStim: size = array([1405, 1200])
46.5949 	EXP 	unnamed ImageStim: image = 'inks\\14.jpg'
46.6932 	EXP 	unnamed ImageStim: size = array([1405, 1200])
46.6932 	EXP 	unnamed ImageStim: image = 'inks\\14.jpg'
46.7940 	EXP 	unnamed ImageStim: size = array([1405, 1200])
46.7940 	EXP 	unnamed ImageStim: image = 'inks\\14.jpg'
46.8936 	EXP 	unnamed ImageStim: size = array([1405, 1200])
46.8936 	EXP 	unnamed ImageStim: image = 'inks\\14.jpg'
46.9949 	EXP 	unnamed ImageStim: size = array([1405, 1200])
46.9949 	EXP 	unnamed ImageStim: image = 'inks\\14.jpg'
47.0781 	DATA 	Keypress: right
47.0957 	EXP 	unnamed ImageStim: size = array([1405, 1200])
47.0957 	EXP 	unnamed ImageStim: image = 'inks\\14.jpg'
47.1934 	EXP 	unnamed ImageStim: size = array([1405, 1200])
47.1934 	EXP 	unnamed ImageStim: image = 'inks\\15.jpg'
47.2936 	EXP 	unnamed ImageStim: size = array([1405, 1200])
47.2936 	EXP 	unnamed ImageStim: image = 'inks\\15.jpg'
47.3944 	EXP 	unnamed ImageStim: size = array([1405, 1200])
47.3944 	EXP 	unnamed ImageStim: image = 'inks\\15.jpg'
47.4949 	EXP 	unnamed ImageStim: size = array([1405, 1200])
47.4949 	EXP 	unnamed ImageStim: image = 'inks\\15.jpg'
47.5944 	EXP 	unnamed ImageStim: size = array([1405, 1200])
47.5944 	EXP 	unnamed ImageStim: image = 'inks\\15.jpg'
47.6950 	EXP 	unnamed ImageStim: size = array([1405, 1200])
47.6950 	EXP 	unnamed ImageStim: image = 'inks\\15.jpg'
47.7943 	EXP 	unnamed ImageStim: size = array([1405, 1200])
47.7943 	EXP 	unnamed ImageStim: image = 'inks\\15.jpg'
47.8944 	EXP 	unnamed ImageStim: size = array([1405, 1200])
47.8944 	EXP 	unnamed ImageStim: image = 'inks\\15.jpg'
47.9745 	DATA 	Keypress: right
47.9939 	EXP 	unnamed ImageStim: size = array([1405, 1200])
47.9939 	EXP 	unnamed ImageStim: image = 'inks\\15.jpg'
48.0759 	EXP 	Set  sound=fe\shake_nobreak.wav
48.0760 	EXP 	Sound  set loops 10
48.0764 	EXP 	Sound  started
48.0949 	EXP 	unnamed ImageStim: size = array([1405, 1200])
48.0949 	EXP 	unnamed ImageStim: image = 'inks\\16.jpg'
48.1955 	EXP 	unnamed ImageStim: size = array([1405, 1200])
48.1955 	EXP 	unnamed ImageStim: image = 'inks\\16.jpg'
48.2943 	EXP 	unnamed ImageStim: size = array([1405, 1200])
48.2943 	EXP 	unnamed ImageStim: image = 'inks\\16.jpg'
48.3941 	EXP 	unnamed ImageStim: size = array([1405, 1200])
48.3941 	EXP 	unnamed ImageStim: image = 'inks\\16.jpg'
48.4941 	EXP 	unnamed ImageStim: size = array([1405, 1200])
48.4941 	EXP 	unnamed ImageStim: image = 'inks\\16.jpg'
48.5950 	EXP 	unnamed ImageStim: size = array([1405, 1200])
48.5950 	EXP 	unnamed ImageStim: image = 'inks\\16.jpg'
48.6949 	EXP 	unnamed ImageStim: size = array([1405, 1200])
48.6949 	EXP 	unnamed ImageStim: image = 'inks\\16.jpg'
48.7944 	EXP 	unnamed ImageStim: size = array([1405, 1200])
48.7944 	EXP 	unnamed ImageStim: image = 'inks\\16.jpg'
48.8768 	DATA 	Keypress: right
48.8942 	EXP 	unnamed ImageStim: size = array([1405, 1200])
48.8942 	EXP 	unnamed ImageStim: image = 'inks\\16.jpg'
48.8949 	EXP 	Sound  stopped
48.9944 	EXP 	unnamed ImageStim: size = array([1405, 1200])
48.9944 	EXP 	unnamed ImageStim: image = 'inks\\17.jpg'
49.0946 	EXP 	unnamed ImageStim: size = array([1405, 1200])
49.0946 	EXP 	unnamed ImageStim: image = 'inks\\17.jpg'
49.1953 	EXP 	unnamed ImageStim: size = array([1405, 1200])
49.1953 	EXP 	unnamed ImageStim: image = 'inks\\17.jpg'
49.2965 	EXP 	unnamed ImageStim: size = array([1405, 1200])
49.2965 	EXP 	unnamed ImageStim: image = 'inks\\17.jpg'
49.3882 	EXP 	unnamed ImageStim: size = array([1405, 1200])
49.3882 	EXP 	unnamed ImageStim: image = 'inks\\17.jpg'
49.4948 	EXP 	unnamed ImageStim: size = array([1405, 1200])
49.4948 	EXP 	unnamed ImageStim: image = 'inks\\17.jpg'
49.5941 	EXP 	unnamed ImageStim: size = array([1405, 1200])
49.5941 	EXP 	unnamed ImageStim: image = 'inks\\17.jpg'
49.6941 	EXP 	unnamed ImageStim: size = array([1405, 1200])
49.6941 	EXP 	unnamed ImageStim: image = 'inks\\17.jpg'
49.7718 	DATA 	Keypress: right
49.7979 	EXP 	unnamed ImageStim: size = array([1405, 1200])
49.7979 	EXP 	unnamed ImageStim: image = 'inks\\17.jpg'
49.8825 	EXP 	Set  sound=fe\poke.wav
49.8826 	EXP 	Sound  set loops 10
49.8832 	EXP 	Sound  started
49.8908 	EXP 	unnamed ImageStim: size = array([1405, 1200])
49.8908 	EXP 	unnamed ImageStim: image = 'inks\\18.jpg'
49.9898 	EXP 	unnamed ImageStim: size = array([1405, 1200])
49.9898 	EXP 	unnamed ImageStim: image = 'inks\\18.jpg'
50.0943 	EXP 	unnamed ImageStim: size = array([1405, 1200])
50.0943 	EXP 	unnamed ImageStim: image = 'inks\\18.jpg'
50.1945 	EXP 	unnamed ImageStim: size = array([1405, 1200])
50.1945 	EXP 	unnamed ImageStim: image = 'inks\\18.jpg'
50.2940 	EXP 	unnamed ImageStim: size = array([1405, 1200])
50.2940 	EXP 	unnamed ImageStim: image = 'inks\\18.jpg'
50.3887 	EXP 	unnamed ImageStim: size = array([1405, 1200])
50.3887 	EXP 	unnamed ImageStim: image = 'inks\\18.jpg'
50.4938 	EXP 	unnamed ImageStim: size = array([1405, 1200])
50.4938 	EXP 	unnamed ImageStim: image = 'inks\\18.jpg'
50.5936 	EXP 	unnamed ImageStim: size = array([1405, 1200])
50.5936 	EXP 	unnamed ImageStim: image = 'inks\\18.jpg'
50.6939 	EXP 	unnamed ImageStim: size = array([1405, 1200])
50.6939 	EXP 	unnamed ImageStim: image = 'inks\\18.jpg'
50.7937 	EXP 	unnamed ImageStim: size = array([1405, 1200])
50.7937 	EXP 	unnamed ImageStim: image = 'inks\\18.jpg'
50.8797 	DATA 	Keypress: right
50.8888 	EXP 	unnamed ImageStim: size = array([1405, 1200])
50.8888 	EXP 	unnamed ImageStim: image = 'inks\\18.jpg'
50.8891 	EXP 	Sound  stopped
50.9889 	EXP 	unnamed ImageStim: size = array([1405, 1200])
50.9889 	EXP 	unnamed ImageStim: image = 'inks\\19.jpg'
51.0937 	EXP 	unnamed ImageStim: size = array([1405, 1200])
51.0937 	EXP 	unnamed ImageStim: image = 'inks\\19.jpg'
51.1940 	EXP 	unnamed ImageStim: size = array([1405, 1200])
51.1940 	EXP 	unnamed ImageStim: image = 'inks\\19.jpg'
51.2962 	EXP 	unnamed ImageStim: size = array([1405, 1200])
51.2962 	EXP 	unnamed ImageStim: image = 'inks\\19.jpg'
51.3943 	EXP 	unnamed ImageStim: size = array([1405, 1200])
51.3943 	EXP 	unnamed ImageStim: image = 'inks\\19.jpg'
51.4944 	EXP 	unnamed ImageStim: size = array([1405, 1200])
51.4944 	EXP 	unnamed ImageStim: image = 'inks\\19.jpg'
51.5939 	EXP 	unnamed ImageStim: size = array([1405, 1200])
51.5939 	EXP 	unnamed ImageStim: image = 'inks\\19.jpg'
51.6950 	EXP 	unnamed ImageStim: size = array([1405, 1200])
51.6950 	EXP 	unnamed ImageStim: image = 'inks\\19.jpg'
51.7885 	EXP 	unnamed ImageStim: size = array([1405, 1200])
51.7885 	EXP 	unnamed ImageStim: image = 'inks\\19.jpg'
51.8960 	EXP 	unnamed ImageStim: size = array([1405, 1200])
51.8960 	EXP 	unnamed ImageStim: image = 'inks\\19.jpg'
51.9888 	EXP 	unnamed ImageStim: size = array([1405, 1200])
51.9888 	EXP 	unnamed ImageStim: image = 'inks\\19.jpg'
52.0944 	EXP 	unnamed ImageStim: size = array([1405, 1200])
52.0944 	EXP 	unnamed ImageStim: image = 'inks\\19.jpg'
52.1946 	EXP 	unnamed ImageStim: size = array([1405, 1200])
52.1946 	EXP 	unnamed ImageStim: image = 'inks\\19.jpg'
52.2950 	EXP 	unnamed ImageStim: size = array([1405, 1200])
52.2950 	EXP 	unnamed ImageStim: image = 'inks\\19.jpg'
52.2954 	DATA 	Keypress: right
52.3986 	EXP 	unnamed ImageStim: size = array([1405, 1200])
52.3986 	EXP 	unnamed ImageStim: image = 'inks\\20.jpg'
52.4952 	EXP 	unnamed ImageStim: size = array([1405, 1200])
52.4952 	EXP 	unnamed ImageStim: image = 'inks\\20.jpg'
52.5941 	EXP 	unnamed ImageStim: size = array([1405, 1200])
52.5941 	EXP 	unnamed ImageStim: image = 'inks\\20.jpg'
52.6945 	EXP 	unnamed ImageStim: size = array([1405, 1200])
52.6945 	EXP 	unnamed ImageStim: image = 'inks\\20.jpg'
52.7943 	EXP 	unnamed ImageStim: size = array([1405, 1200])
52.7943 	EXP 	unnamed ImageStim: image = 'inks\\20.jpg'
52.8947 	EXP 	unnamed ImageStim: size = array([1405, 1200])
52.8947 	EXP 	unnamed ImageStim: image = 'inks\\20.jpg'
52.9961 	EXP 	unnamed ImageStim: size = array([1405, 1200])
52.9961 	EXP 	unnamed ImageStim: image = 'inks\\20.jpg'
53.0948 	EXP 	unnamed ImageStim: size = array([1405, 1200])
53.0948 	EXP 	unnamed ImageStim: image = 'inks\\20.jpg'
53.1945 	EXP 	unnamed ImageStim: size = array([1405, 1200])
53.1945 	EXP 	unnamed ImageStim: image = 'inks\\20.jpg'
53.2933 	EXP 	unnamed ImageStim: size = array([1405, 1200])
53.2933 	EXP 	unnamed ImageStim: image = 'inks\\20.jpg'
53.3942 	EXP 	unnamed ImageStim: size = array([1405, 1200])
53.3942 	EXP 	unnamed ImageStim: image = 'inks\\20.jpg'
53.4736 	EXP 	unnamed ImageStim: size = array([1405, 1200])
53.4736 	EXP 	unnamed ImageStim: image = 'inks\\20.jpg'
53.5557 	EXP 	unnamed ImageStim: size = array([1405, 1200])
53.5557 	EXP 	unnamed ImageStim: image = 'inks\\20.jpg'
53.6614 	EXP 	unnamed ImageStim: size = array([1405, 1200])
53.6614 	EXP 	unnamed ImageStim: image = 'inks\\20.jpg'
53.7402 	DATA 	Keypress: right
53.7613 	EXP 	unnamed ImageStim: size = array([1405, 1200])
53.7613 	EXP 	unnamed ImageStim: image = 'inks\\20.jpg'
53.8449 	EXP 	Set  sound=fe\poke.wav
53.8450 	EXP 	Sound  set loops 10
53.8454 	EXP 	Sound  started
53.8602 	EXP 	unnamed ImageStim: size = array([1405, 1200])
53.8602 	EXP 	unnamed ImageStim: image = 'inks\\21.jpg'
53.9610 	EXP 	unnamed ImageStim: size = array([1405, 1200])
53.9610 	EXP 	unnamed ImageStim: image = 'inks\\21.jpg'
54.0601 	EXP 	unnamed ImageStim: size = array([1405, 1200])
54.0601 	EXP 	unnamed ImageStim: image = 'inks\\21.jpg'
54.1629 	EXP 	unnamed ImageStim: size = array([1405, 1200])
54.1629 	EXP 	unnamed ImageStim: image = 'inks\\21.jpg'
54.2637 	EXP 	unnamed ImageStim: size = array([1405, 1200])
54.2637 	EXP 	unnamed ImageStim: image = 'inks\\21.jpg'
54.3616 	EXP 	unnamed ImageStim: size = array([1405, 1200])
54.3616 	EXP 	unnamed ImageStim: image = 'inks\\21.jpg'
54.4616 	EXP 	unnamed ImageStim: size = array([1405, 1200])
54.4616 	EXP 	unnamed ImageStim: image = 'inks\\21.jpg'
54.5617 	EXP 	unnamed ImageStim: size = array([1405, 1200])
54.5617 	EXP 	unnamed ImageStim: image = 'inks\\21.jpg'
54.6624 	EXP 	unnamed ImageStim: size = array([1405, 1200])
54.6624 	EXP 	unnamed ImageStim: image = 'inks\\21.jpg'
54.7623 	EXP 	unnamed ImageStim: size = array([1405, 1200])
54.7623 	EXP 	unnamed ImageStim: image = 'inks\\21.jpg'
54.8619 	EXP 	unnamed ImageStim: size = array([1405, 1200])
54.8619 	EXP 	unnamed ImageStim: image = 'inks\\21.jpg'
54.9613 	EXP 	unnamed ImageStim: size = array([1405, 1200])
54.9613 	EXP 	unnamed ImageStim: image = 'inks\\21.jpg'
55.0607 	EXP 	unnamed ImageStim: size = array([1405, 1200])
55.0607 	EXP 	unnamed ImageStim: image = 'inks\\21.jpg'
55.1619 	EXP 	unnamed ImageStim: size = array([1405, 1200])
55.1619 	EXP 	unnamed ImageStim: image = 'inks\\21.jpg'
55.2626 	EXP 	unnamed ImageStim: size = array([1405, 1200])
55.2626 	EXP 	unnamed ImageStim: image = 'inks\\21.jpg'
55.3446 	DATA 	Keypress: right
55.3608 	EXP 	unnamed ImageStim: size = array([1405, 1200])
55.3608 	EXP 	unnamed ImageStim: image = 'inks\\21.jpg'
55.3613 	EXP 	Sound  stopped
55.4464 	EXP 	Set  sound=fe\tiktok.wav
55.4465 	EXP 	Sound  set loops 10
55.4468 	EXP 	Sound  started
55.4559 	EXP 	unnamed ImageStim: size = array([1405, 1200])
55.4559 	EXP 	unnamed ImageStim: image = 'inks\\22.jpg'
55.5612 	EXP 	unnamed ImageStim: size = array([1405, 1200])
55.5612 	EXP 	unnamed ImageStim: image = 'inks\\22.jpg'
55.6636 	EXP 	unnamed ImageStim: size = array([1405, 1200])
55.6636 	EXP 	unnamed ImageStim: image = 'inks\\22.jpg'
55.7560 	EXP 	unnamed ImageStim: size = array([1405, 1200])
55.7560 	EXP 	unnamed ImageStim: image = 'inks\\22.jpg'
55.8559 	EXP 	unnamed ImageStim: size = array([1405, 1200])
55.8559 	EXP 	unnamed ImageStim: image = 'inks\\22.jpg'
55.9614 	EXP 	unnamed ImageStim: size = array([1405, 1200])
55.9614 	EXP 	unnamed ImageStim: image = 'inks\\22.jpg'
56.0615 	EXP 	unnamed ImageStim: size = array([1405, 1200])
56.0615 	EXP 	unnamed ImageStim: image = 'inks\\22.jpg'
56.1623 	EXP 	unnamed ImageStim: size = array([1405, 1200])
56.1623 	EXP 	unnamed ImageStim: image = 'inks\\22.jpg'
56.2614 	EXP 	unnamed ImageStim: size = array([1405, 1200])
56.2614 	EXP 	unnamed ImageStim: image = 'inks\\22.jpg'
56.3618 	EXP 	unnamed ImageStim: size = array([1405, 1200])
56.3618 	EXP 	unnamed ImageStim: image = 'inks\\22.jpg'
56.4609 	EXP 	unnamed ImageStim: size = array([1405, 1200])
56.4609 	EXP 	unnamed ImageStim: image = 'inks\\22.jpg'
56.5618 	EXP 	unnamed ImageStim: size = array([1405, 1200])
56.5618 	EXP 	unnamed ImageStim: image = 'inks\\22.jpg'
56.6614 	EXP 	unnamed ImageStim: size = array([1405, 1200])
56.6614 	EXP 	unnamed ImageStim: image = 'inks\\22.jpg'
56.7628 	EXP 	unnamed ImageStim: size = array([1405, 1200])
56.7628 	EXP 	unnamed ImageStim: image = 'inks\\22.jpg'
56.8622 	EXP 	unnamed ImageStim: size = array([1405, 1200])
56.8622 	EXP 	unnamed ImageStim: image = 'inks\\22.jpg'
56.8627 	DATA 	Keypress: right
56.8629 	EXP 	Sound  stopped
56.9613 	EXP 	unnamed ImageStim: size = array([1405, 1200])
56.9613 	EXP 	unnamed ImageStim: image = 'inks\\23.jpg'
57.0613 	EXP 	unnamed ImageStim: size = array([1405, 1200])
57.0613 	EXP 	unnamed ImageStim: image = 'inks\\23.jpg'
57.1617 	EXP 	unnamed ImageStim: size = array([1405, 1200])
57.1617 	EXP 	unnamed ImageStim: image = 'inks\\23.jpg'
57.2617 	EXP 	unnamed ImageStim: size = array([1405, 1200])
57.2617 	EXP 	unnamed ImageStim: image = 'inks\\23.jpg'
57.3619 	EXP 	unnamed ImageStim: size = array([1405, 1200])
57.3619 	EXP 	unnamed ImageStim: image = 'inks\\23.jpg'
57.4617 	EXP 	unnamed ImageStim: size = array([1405, 1200])
57.4617 	EXP 	unnamed ImageStim: image = 'inks\\23.jpg'
57.5616 	EXP 	unnamed ImageStim: size = array([1405, 1200])
57.5616 	EXP 	unnamed ImageStim: image = 'inks\\23.jpg'
57.6629 	EXP 	unnamed ImageStim: size = array([1405, 1200])
57.6629 	EXP 	unnamed ImageStim: image = 'inks\\23.jpg'
57.7559 	EXP 	unnamed ImageStim: size = array([1405, 1200])
57.7559 	EXP 	unnamed ImageStim: image = 'inks\\23.jpg'
57.8559 	EXP 	unnamed ImageStim: size = array([1405, 1200])
57.8559 	EXP 	unnamed ImageStim: image = 'inks\\23.jpg'
57.9559 	EXP 	unnamed ImageStim: size = array([1405, 1200])
57.9559 	EXP 	unnamed ImageStim: image = 'inks\\23.jpg'
58.0559 	EXP 	unnamed ImageStim: size = array([1405, 1200])
58.0559 	EXP 	unnamed ImageStim: image = 'inks\\23.jpg'
58.1612 	EXP 	unnamed ImageStim: size = array([1405, 1200])
58.1612 	EXP 	unnamed ImageStim: image = 'inks\\23.jpg'
58.2626 	EXP 	unnamed ImageStim: size = array([1405, 1200])
58.2626 	EXP 	unnamed ImageStim: image = 'inks\\23.jpg'
58.3397 	DATA 	Keypress: right
58.3618 	EXP 	unnamed ImageStim: size = array([1405, 1200])
58.3618 	EXP 	unnamed ImageStim: image = 'inks\\23.jpg'
58.4563 	EXP 	unnamed ImageStim: size = array([1405, 1200])
58.4563 	EXP 	unnamed ImageStim: image = 'inks\\24.jpg'
58.5563 	EXP 	unnamed ImageStim: size = array([1405, 1200])
58.5563 	EXP 	unnamed ImageStim: image = 'inks\\24.jpg'
58.6563 	EXP 	unnamed ImageStim: size = array([1405, 1200])
58.6563 	EXP 	unnamed ImageStim: image = 'inks\\24.jpg'
58.7574 	EXP 	unnamed ImageStim: size = array([1405, 1200])
58.7574 	EXP 	unnamed ImageStim: image = 'inks\\24.jpg'
58.8563 	EXP 	unnamed ImageStim: size = array([1405, 1200])
58.8563 	EXP 	unnamed ImageStim: image = 'inks\\24.jpg'
58.9563 	EXP 	unnamed ImageStim: size = array([1405, 1200])
58.9563 	EXP 	unnamed ImageStim: image = 'inks\\24.jpg'
59.0564 	EXP 	unnamed ImageStim: size = array([1405, 1200])
59.0564 	EXP 	unnamed ImageStim: image = 'inks\\24.jpg'
59.1608 	EXP 	unnamed ImageStim: size = array([1405, 1200])
59.1608 	EXP 	unnamed ImageStim: image = 'inks\\24.jpg'
59.2563 	EXP 	unnamed ImageStim: size = array([1405, 1200])
59.2563 	EXP 	unnamed ImageStim: image = 'inks\\24.jpg'
59.3564 	EXP 	unnamed ImageStim: size = array([1405, 1200])
59.3564 	EXP 	unnamed ImageStim: image = 'inks\\24.jpg'
59.4482 	DATA 	Keypress: right
59.4562 	EXP 	unnamed ImageStim: size = array([1405, 1200])
59.4562 	EXP 	unnamed ImageStim: image = 'inks\\24.jpg'
59.5564 	EXP 	unnamed ImageStim: size = array([1405, 1200])
59.5564 	EXP 	unnamed ImageStim: image = 'inks\\25.jpg'
59.6617 	EXP 	unnamed ImageStim: size = array([1405, 1200])
59.6617 	EXP 	unnamed ImageStim: image = 'inks\\25.jpg'
59.7560 	EXP 	unnamed ImageStim: size = array([1405, 1200])
59.7560 	EXP 	unnamed ImageStim: image = 'inks\\25.jpg'
59.8564 	EXP 	unnamed ImageStim: size = array([1405, 1200])
59.8564 	EXP 	unnamed ImageStim: image = 'inks\\25.jpg'
59.9614 	EXP 	unnamed ImageStim: size = array([1405, 1200])
59.9614 	EXP 	unnamed ImageStim: image = 'inks\\25.jpg'
60.0610 	EXP 	unnamed ImageStim: size = array([1405, 1200])
60.0610 	EXP 	unnamed ImageStim: image = 'inks\\25.jpg'
60.1563 	EXP 	unnamed ImageStim: size = array([1405, 1200])
60.1563 	EXP 	unnamed ImageStim: image = 'inks\\25.jpg'
60.2627 	EXP 	unnamed ImageStim: size = array([1405, 1200])
60.2627 	EXP 	unnamed ImageStim: image = 'inks\\25.jpg'
60.3507 	DATA 	Keypress: right
60.3573 	EXP 	unnamed ImageStim: size = array([1405, 1200])
60.3573 	EXP 	unnamed ImageStim: image = 'inks\\25.jpg'
60.4536 	EXP 	Set  sound=fe\rain.wav
60.4536 	EXP 	Sound  set loops 10
60.4542 	EXP 	Sound  started
60.4730 	EXP 	unnamed ImageStim: size = array([1405, 1200])
60.4730 	EXP 	unnamed ImageStim: image = 'inks\\26.jpg'
60.5730 	EXP 	unnamed ImageStim: size = array([1405, 1200])
60.5730 	EXP 	unnamed ImageStim: image = 'inks\\26.jpg'
60.6741 	EXP 	unnamed ImageStim: size = array([1405, 1200])
60.6741 	EXP 	unnamed ImageStim: image = 'inks\\26.jpg'
60.7730 	EXP 	unnamed ImageStim: size = array([1405, 1200])
60.7730 	EXP 	unnamed ImageStim: image = 'inks\\26.jpg'
60.8729 	EXP 	unnamed ImageStim: size = array([1405, 1200])
60.8729 	EXP 	unnamed ImageStim: image = 'inks\\26.jpg'
60.9730 	EXP 	unnamed ImageStim: size = array([1405, 1200])
60.9730 	EXP 	unnamed ImageStim: image = 'inks\\26.jpg'
61.0730 	EXP 	unnamed ImageStim: size = array([1405, 1200])
61.0730 	EXP 	unnamed ImageStim: image = 'inks\\26.jpg'
61.1733 	EXP 	unnamed ImageStim: size = array([1405, 1200])
61.1733 	EXP 	unnamed ImageStim: image = 'inks\\26.jpg'
61.2730 	EXP 	unnamed ImageStim: size = array([1405, 1200])
61.2730 	EXP 	unnamed ImageStim: image = 'inks\\26.jpg'
61.3616 	DATA 	Keypress: right
61.3732 	EXP 	unnamed ImageStim: size = array([1405, 1200])
61.3732 	EXP 	unnamed ImageStim: image = 'inks\\26.jpg'
61.3734 	EXP 	Sound  stopped
61.4730 	EXP 	unnamed ImageStim: size = array([1405, 1200])
61.4730 	EXP 	unnamed ImageStim: image = 'inks\\27.jpg'
61.5730 	EXP 	unnamed ImageStim: size = array([1405, 1200])
61.5730 	EXP 	unnamed ImageStim: image = 'inks\\27.jpg'
61.6730 	EXP 	unnamed ImageStim: size = array([1405, 1200])
61.6730 	EXP 	unnamed ImageStim: image = 'inks\\27.jpg'
61.7732 	EXP 	unnamed ImageStim: size = array([1405, 1200])
61.7732 	EXP 	unnamed ImageStim: image = 'inks\\27.jpg'
61.8731 	EXP 	unnamed ImageStim: size = array([1405, 1200])
61.8731 	EXP 	unnamed ImageStim: image = 'inks\\27.jpg'
61.9731 	EXP 	unnamed ImageStim: size = array([1405, 1200])
61.9731 	EXP 	unnamed ImageStim: image = 'inks\\27.jpg'
62.0731 	EXP 	unnamed ImageStim: size = array([1405, 1200])
62.0731 	EXP 	unnamed ImageStim: image = 'inks\\27.jpg'
62.1731 	EXP 	unnamed ImageStim: size = array([1405, 1200])
62.1731 	EXP 	unnamed ImageStim: image = 'inks\\27.jpg'
62.2730 	EXP 	unnamed ImageStim: size = array([1405, 1200])
62.2730 	EXP 	unnamed ImageStim: image = 'inks\\27.jpg'
62.3545 	DATA 	Keypress: right
62.3731 	EXP 	unnamed ImageStim: size = array([1405, 1200])
62.3731 	EXP 	unnamed ImageStim: image = 'inks\\27.jpg'
62.4606 	EXP 	Set  sound=fe\heartbeat.wav
62.4606 	EXP 	Sound  set loops 10
62.4610 	EXP 	Sound  started
62.4731 	EXP 	unnamed ImageStim: size = array([1405, 1200])
62.4731 	EXP 	unnamed ImageStim: image = 'inks\\28.jpg'
62.5730 	EXP 	unnamed ImageStim: size = array([1405, 1200])
62.5730 	EXP 	unnamed ImageStim: image = 'inks\\28.jpg'
62.6730 	EXP 	unnamed ImageStim: size = array([1405, 1200])
62.6730 	EXP 	unnamed ImageStim: image = 'inks\\28.jpg'
62.7729 	EXP 	unnamed ImageStim: size = array([1405, 1200])
62.7729 	EXP 	unnamed ImageStim: image = 'inks\\28.jpg'
62.8729 	EXP 	unnamed ImageStim: size = array([1405, 1200])
62.8729 	EXP 	unnamed ImageStim: image = 'inks\\28.jpg'
62.9729 	EXP 	unnamed ImageStim: size = array([1405, 1200])
62.9729 	EXP 	unnamed ImageStim: image = 'inks\\28.jpg'
63.0729 	EXP 	unnamed ImageStim: size = array([1405, 1200])
63.0729 	EXP 	unnamed ImageStim: image = 'inks\\28.jpg'
63.1729 	EXP 	unnamed ImageStim: size = array([1405, 1200])
63.1729 	EXP 	unnamed ImageStim: image = 'inks\\28.jpg'
63.2728 	EXP 	unnamed ImageStim: size = array([1405, 1200])
63.2728 	EXP 	unnamed ImageStim: image = 'inks\\28.jpg'
63.3729 	EXP 	unnamed ImageStim: size = array([1405, 1200])
63.3729 	EXP 	unnamed ImageStim: image = 'inks\\28.jpg'
63.3731 	DATA 	Keypress: right
63.3732 	EXP 	Sound  stopped
63.4730 	EXP 	unnamed ImageStim: size = array([1405, 1200])
63.4730 	EXP 	unnamed ImageStim: image = 'inks\\29.jpg'
63.5729 	EXP 	unnamed ImageStim: size = array([1405, 1200])
63.5729 	EXP 	unnamed ImageStim: image = 'inks\\29.jpg'
63.6729 	EXP 	unnamed ImageStim: size = array([1405, 1200])
63.6729 	EXP 	unnamed ImageStim: image = 'inks\\29.jpg'
63.7729 	EXP 	unnamed ImageStim: size = array([1405, 1200])
63.7729 	EXP 	unnamed ImageStim: image = 'inks\\29.jpg'
63.8730 	EXP 	unnamed ImageStim: size = array([1405, 1200])
63.8730 	EXP 	unnamed ImageStim: image = 'inks\\29.jpg'
63.9567 	EXP 	unnamed ImageStim: size = array([1405, 1200])
63.9567 	EXP 	unnamed ImageStim: image = 'inks\\29.jpg'
64.0631 	EXP 	unnamed ImageStim: size = array([1405, 1200])
64.0631 	EXP 	unnamed ImageStim: image = 'inks\\29.jpg'
64.1635 	EXP 	unnamed ImageStim: size = array([1405, 1200])
64.1635 	EXP 	unnamed ImageStim: image = 'inks\\29.jpg'
64.2634 	EXP 	unnamed ImageStim: size = array([1405, 1200])
64.2634 	EXP 	unnamed ImageStim: image = 'inks\\29.jpg'
64.3615 	EXP 	unnamed ImageStim: size = array([1405, 1200])
64.3615 	EXP 	unnamed ImageStim: image = 'inks\\29.jpg'
64.4369 	DATA 	Keypress: right
64.4621 	EXP 	unnamed ImageStim: size = array([1405, 1200])
64.4621 	EXP 	unnamed ImageStim: image = 'inks\\29.jpg'
64.5563 	EXP 	unnamed ImageStim: size = array([1405, 1200])
64.5563 	EXP 	unnamed ImageStim: image = 'inks\\30.jpg'
64.6571 	EXP 	unnamed ImageStim: size = array([1405, 1200])
64.6571 	EXP 	unnamed ImageStim: image = 'inks\\30.jpg'
64.7564 	EXP 	unnamed ImageStim: size = array([1405, 1200])
64.7564 	EXP 	unnamed ImageStim: image = 'inks\\30.jpg'
64.8610 	EXP 	unnamed ImageStim: size = array([1405, 1200])
64.8610 	EXP 	unnamed ImageStim: image = 'inks\\30.jpg'
64.9617 	EXP 	unnamed ImageStim: size = array([1405, 1200])
64.9617 	EXP 	unnamed ImageStim: image = 'inks\\30.jpg'
65.0625 	EXP 	unnamed ImageStim: size = array([1405, 1200])
65.0625 	EXP 	unnamed ImageStim: image = 'inks\\30.jpg'
65.1623 	EXP 	unnamed ImageStim: size = array([1405, 1200])
65.1623 	EXP 	unnamed ImageStim: image = 'inks\\30.jpg'
65.2615 	EXP 	unnamed ImageStim: size = array([1405, 1200])
65.2615 	EXP 	unnamed ImageStim: image = 'inks\\30.jpg'
65.3615 	EXP 	unnamed ImageStim: size = array([1405, 1200])
65.3615 	EXP 	unnamed ImageStim: image = 'inks\\30.jpg'
65.4616 	EXP 	unnamed ImageStim: size = array([1405, 1200])
65.4616 	EXP 	unnamed ImageStim: image = 'inks\\30.jpg'
65.5574 	EXP 	unnamed ImageStim: size = array([1405, 1200])
65.5574 	EXP 	unnamed ImageStim: image = 'inks\\30.jpg'
65.6569 	EXP 	unnamed ImageStim: size = array([1405, 1200])
65.6569 	EXP 	unnamed ImageStim: image = 'inks\\30.jpg'
65.7566 	EXP 	unnamed ImageStim: size = array([1405, 1200])
65.7566 	EXP 	unnamed ImageStim: image = 'inks\\30.jpg'
65.8482 	DATA 	Keypress: right
65.8566 	EXP 	unnamed ImageStim: size = array([1405, 1200])
65.8566 	EXP 	unnamed ImageStim: image = 'inks\\30.jpg'
65.9457 	EXP 	Set  sound=fe\tap_edited.wav
65.9457 	EXP 	Sound  set loops 10
65.9464 	EXP 	Sound  started
65.9616 	EXP 	unnamed ImageStim: size = array([1405, 1200])
65.9616 	EXP 	unnamed ImageStim: image = 'inks\\31.jpg'
66.0648 	EXP 	unnamed ImageStim: size = array([1405, 1200])
66.0648 	EXP 	unnamed ImageStim: image = 'inks\\31.jpg'
66.1620 	EXP 	unnamed ImageStim: size = array([1405, 1200])
66.1620 	EXP 	unnamed ImageStim: image = 'inks\\31.jpg'
66.2616 	EXP 	unnamed ImageStim: size = array([1405, 1200])
66.2616 	EXP 	unnamed ImageStim: image = 'inks\\31.jpg'
66.3621 	EXP 	unnamed ImageStim: size = array([1405, 1200])
66.3621 	EXP 	unnamed ImageStim: image = 'inks\\31.jpg'
66.4647 	EXP 	unnamed ImageStim: size = array([1405, 1200])
66.4647 	EXP 	unnamed ImageStim: image = 'inks\\31.jpg'
66.5644 	EXP 	unnamed ImageStim: size = array([1405, 1200])
66.5644 	EXP 	unnamed ImageStim: image = 'inks\\31.jpg'
66.6621 	EXP 	unnamed ImageStim: size = array([1405, 1200])
66.6621 	EXP 	unnamed ImageStim: image = 'inks\\31.jpg'
66.7628 	EXP 	unnamed ImageStim: size = array([1405, 1200])
66.7628 	EXP 	unnamed ImageStim: image = 'inks\\31.jpg'
66.8621 	EXP 	unnamed ImageStim: size = array([1405, 1200])
66.8621 	EXP 	unnamed ImageStim: image = 'inks\\31.jpg'
66.9397 	DATA 	Keypress: right
66.9623 	EXP 	unnamed ImageStim: size = array([1405, 1200])
66.9623 	EXP 	unnamed ImageStim: image = 'inks\\31.jpg'
66.9625 	EXP 	Sound  stopped
67.0635 	EXP 	unnamed ImageStim: size = array([1405, 1200])
67.0635 	EXP 	unnamed ImageStim: image = 'inks\\32.jpg'
67.1640 	EXP 	unnamed ImageStim: size = array([1405, 1200])
67.1640 	EXP 	unnamed ImageStim: image = 'inks\\32.jpg'
67.2628 	EXP 	unnamed ImageStim: size = array([1405, 1200])
67.2628 	EXP 	unnamed ImageStim: image = 'inks\\32.jpg'
67.3623 	EXP 	unnamed ImageStim: size = array([1405, 1200])
67.3623 	EXP 	unnamed ImageStim: image = 'inks\\32.jpg'
67.4624 	EXP 	unnamed ImageStim: size = array([1405, 1200])
67.4624 	EXP 	unnamed ImageStim: image = 'inks\\32.jpg'
67.5645 	EXP 	unnamed ImageStim: size = array([1405, 1200])
67.5645 	EXP 	unnamed ImageStim: image = 'inks\\32.jpg'
67.6643 	EXP 	unnamed ImageStim: size = array([1405, 1200])
67.6643 	EXP 	unnamed ImageStim: image = 'inks\\32.jpg'
67.7582 	EXP 	unnamed ImageStim: size = array([1405, 1200])
67.7582 	EXP 	unnamed ImageStim: image = 'inks\\32.jpg'
67.8582 	EXP 	unnamed ImageStim: size = array([1405, 1200])
67.8582 	EXP 	unnamed ImageStim: image = 'inks\\32.jpg'
67.9437 	DATA 	Keypress: right
67.9624 	EXP 	unnamed ImageStim: size = array([1405, 1200])
67.9624 	EXP 	unnamed ImageStim: image = 'inks\\32.jpg'
68.0582 	EXP 	unnamed ImageStim: size = array([1405, 1200])
68.0582 	EXP 	unnamed ImageStim: image = 'inks\\33.jpg'
68.1582 	EXP 	unnamed ImageStim: size = array([1405, 1200])
68.1582 	EXP 	unnamed ImageStim: image = 'inks\\33.jpg'
68.2590 	EXP 	unnamed ImageStim: size = array([1405, 1200])
68.2590 	EXP 	unnamed ImageStim: image = 'inks\\33.jpg'
68.3583 	EXP 	unnamed ImageStim: size = array([1405, 1200])
68.3583 	EXP 	unnamed ImageStim: image = 'inks\\33.jpg'
68.4583 	EXP 	unnamed ImageStim: size = array([1405, 1200])
68.4583 	EXP 	unnamed ImageStim: image = 'inks\\33.jpg'
68.5619 	EXP 	unnamed ImageStim: size = array([1405, 1200])
68.5619 	EXP 	unnamed ImageStim: image = 'inks\\33.jpg'
68.6622 	EXP 	unnamed ImageStim: size = array([1405, 1200])
68.6622 	EXP 	unnamed ImageStim: image = 'inks\\33.jpg'
68.7751 	EXP 	unnamed ImageStim: size = array([1405, 1200])
68.7751 	EXP 	unnamed ImageStim: image = 'inks\\33.jpg'
68.8750 	EXP 	unnamed ImageStim: size = array([1405, 1200])
68.8750 	EXP 	unnamed ImageStim: image = 'inks\\33.jpg'
68.9750 	EXP 	unnamed ImageStim: size = array([1405, 1200])
68.9750 	EXP 	unnamed ImageStim: image = 'inks\\33.jpg'
69.0749 	EXP 	unnamed ImageStim: size = array([1405, 1200])
69.0749 	EXP 	unnamed ImageStim: image = 'inks\\33.jpg'
69.1747 	EXP 	unnamed ImageStim: size = array([1405, 1200])
69.1747 	EXP 	unnamed ImageStim: image = 'inks\\33.jpg'
69.2624 	DATA 	Keypress: right
69.2748 	EXP 	unnamed ImageStim: size = array([1405, 1200])
69.2748 	EXP 	unnamed ImageStim: image = 'inks\\33.jpg'
69.3747 	EXP 	unnamed ImageStim: size = array([1405, 1200])
69.3747 	EXP 	unnamed ImageStim: image = 'inks\\34.jpg'
69.4748 	EXP 	unnamed ImageStim: size = array([1405, 1200])
69.4748 	EXP 	unnamed ImageStim: image = 'inks\\34.jpg'
69.5748 	EXP 	unnamed ImageStim: size = array([1405, 1200])
69.5748 	EXP 	unnamed ImageStim: image = 'inks\\34.jpg'
69.6752 	EXP 	unnamed ImageStim: size = array([1405, 1200])
69.6752 	EXP 	unnamed ImageStim: image = 'inks\\34.jpg'
69.7748 	EXP 	unnamed ImageStim: size = array([1405, 1200])
69.7748 	EXP 	unnamed ImageStim: image = 'inks\\34.jpg'
69.8749 	EXP 	unnamed ImageStim: size = array([1405, 1200])
69.8749 	EXP 	unnamed ImageStim: image = 'inks\\34.jpg'
69.9748 	EXP 	unnamed ImageStim: size = array([1405, 1200])
69.9748 	EXP 	unnamed ImageStim: image = 'inks\\34.jpg'
70.0748 	EXP 	unnamed ImageStim: size = array([1405, 1200])
70.0748 	EXP 	unnamed ImageStim: image = 'inks\\34.jpg'
70.1748 	EXP 	unnamed ImageStim: size = array([1405, 1200])
70.1748 	EXP 	unnamed ImageStim: image = 'inks\\34.jpg'
70.2749 	EXP 	unnamed ImageStim: size = array([1405, 1200])
70.2749 	EXP 	unnamed ImageStim: image = 'inks\\34.jpg'
70.3749 	EXP 	unnamed ImageStim: size = array([1405, 1200])
70.3749 	EXP 	unnamed ImageStim: image = 'inks\\34.jpg'
70.4749 	EXP 	unnamed ImageStim: size = array([1405, 1200])
70.4749 	EXP 	unnamed ImageStim: image = 'inks\\34.jpg'
70.5577 	DATA 	Keypress: right
70.5749 	EXP 	unnamed ImageStim: size = array([1405, 1200])
70.5749 	EXP 	unnamed ImageStim: image = 'inks\\34.jpg'
