0.7439 	ERROR 	avbin.dll failed to load.
                     Try importing psychopy.visual as the first library
                     (before anything that uses scipy)
                     and make sure that avbin is installed.
0.7517 	ERROR 	avbin.dll failed to load.
                     Try importing psychopy.visual as the first library
                     (before anything that uses scipy)
                     and make sure that avbin is installed.
0.8136 	WARNING 	Movie2 stim could not be imported and won't be available
7.5404 	WARNING 	Monitor specification not found. Creating a temporary one...
7.7203 	DATA 	Keypress: num_decimal
9.5903 	WARNING 	Couldn't measure a consistent frame rate.
  - Is your graphics card set to sync to vertical blank?
  - Are you running other processes on your computer?

9.5906 	EXP 	Created window1 = Window(allowGUI=False, allowStencil=False, autoLog=True, bitsMode=UNKNOWN, blendMode='avg', color='white', colorSpace='named', fullscr=UNKNOWN, gamma=None, lms=UNKNOWN, monitor=<psychopy.monitors.calibTools.Monitor instance at 0x08100C60>, name='window1', pos=[0, 0], screen=1, size=array([1920, 1200]), stereo=False, units=u'pix', useFBO=False, viewOri=0.0, viewPos=None, viewScale=None, waitBlanking=True, winType='pyglet')
9.5922 	EXP 	Created unnamed ImageStim = ImageStim(autoLog=True, color=array([ 1.,  1.,  1.]), colorSpace='rgb', contrast=1.0, depth=0, flipHoriz=False, flipVert=False, image=None, interpolate=False, mask=None, maskParams=None, name='unnamed ImageStim', opacity=1.0, ori=0.0, pos=array([ 0.,  0.]), size=array([ 0.5,  0.5]), texRes=128, units=u'pix', win=Window(...))
9.5967 	EXP 	Created unnamed Circle = Circle(autoDraw=False, autoLog=True, closeShape=True, contrast=1.0, depth=0, fillColor=None, fillColorSpace='rgb', fillRGB=None, interpolate=True, lineColor=array([ 1.,  1.,  1.]), lineColorSpace='rgb', lineRGB=array([ 1.,  1.,  1.]), lineWidth=1.5, name='unnamed Circle', opacity=1.0, ori=array(0.0), pos=array([ 0.,  0.]), size=array([ 1.,  1.]), units=u'pix', vertices=ndarray(...), win=Window(...))
10.9413 	EXP 	Set  sound=C
10.9474 	EXP 	Set  sound=fe\ringing_alarm.wav
10.9474 	EXP 	Sound  set loops 10
10.9485 	EXP 	Sound  started
10.9572 	WARNING 	t of last frame was 1367.13ms (=1/0)
10.9572 	EXP 	unnamed ImageStim: size = array([1405, 1200])
10.9572 	EXP 	unnamed ImageStim: image = 'inks\\01.jpg'
11.0569 	WARNING 	t of last frame was 99.64ms (=1/10)
11.0569 	EXP 	unnamed ImageStim: size = array([1405, 1200])
11.0569 	EXP 	unnamed ImageStim: image = 'inks\\01.jpg'
11.1568 	WARNING 	t of last frame was 99.92ms (=1/10)
11.1568 	EXP 	unnamed ImageStim: size = array([1405, 1200])
11.1568 	EXP 	unnamed ImageStim: image = 'inks\\01.jpg'
11.2569 	WARNING 	t of last frame was 100.05ms (=1/9)
11.2569 	EXP 	unnamed ImageStim: size = array([1405, 1200])
11.2569 	EXP 	unnamed ImageStim: image = 'inks\\01.jpg'
11.3569 	WARNING 	Multiple dropped frames have occurred - I'll stop bothering you about them!
11.3568 	EXP 	unnamed ImageStim: size = array([1405, 1200])
11.3568 	EXP 	unnamed ImageStim: image = 'inks\\01.jpg'
11.4570 	EXP 	unnamed ImageStim: size = array([1405, 1200])
11.4570 	EXP 	unnamed ImageStim: image = 'inks\\01.jpg'
11.5569 	EXP 	unnamed ImageStim: size = array([1405, 1200])
11.5569 	EXP 	unnamed ImageStim: image = 'inks\\01.jpg'
11.6569 	EXP 	unnamed ImageStim: size = array([1405, 1200])
11.6569 	EXP 	unnamed ImageStim: image = 'inks\\01.jpg'
11.7569 	EXP 	unnamed ImageStim: size = array([1405, 1200])
11.7569 	EXP 	unnamed ImageStim: image = 'inks\\01.jpg'
11.8569 	EXP 	unnamed ImageStim: size = array([1405, 1200])
11.8569 	EXP 	unnamed ImageStim: image = 'inks\\01.jpg'
11.9413 	EXP 	unnamed ImageStim: size = array([1405, 1200])
11.9413 	EXP 	unnamed ImageStim: image = 'inks\\01.jpg'
12.0418 	EXP 	unnamed ImageStim: size = array([1405, 1200])
12.0418 	EXP 	unnamed ImageStim: image = 'inks\\01.jpg'
12.3900 	EXP 	unnamed ImageStim: size = array([1405, 1200])
12.3900 	EXP 	unnamed ImageStim: image = 'inks\\01.jpg'
12.4903 	EXP 	unnamed ImageStim: size = array([1405, 1200])
12.4903 	EXP 	unnamed ImageStim: image = 'inks\\01.jpg'
12.5902 	EXP 	unnamed ImageStim: size = array([1405, 1200])
12.5902 	EXP 	unnamed ImageStim: image = 'inks\\01.jpg'
12.6901 	EXP 	unnamed ImageStim: size = array([1405, 1200])
12.6901 	EXP 	unnamed ImageStim: image = 'inks\\01.jpg'
12.7901 	EXP 	unnamed ImageStim: size = array([1405, 1200])
12.7901 	EXP 	unnamed ImageStim: image = 'inks\\01.jpg'
12.8903 	EXP 	unnamed ImageStim: size = array([1405, 1200])
12.8903 	EXP 	unnamed ImageStim: image = 'inks\\01.jpg'
12.9903 	EXP 	unnamed ImageStim: size = array([1405, 1200])
12.9903 	EXP 	unnamed ImageStim: image = 'inks\\01.jpg'
13.0902 	EXP 	unnamed ImageStim: size = array([1405, 1200])
13.0902 	EXP 	unnamed ImageStim: image = 'inks\\01.jpg'
13.1901 	EXP 	unnamed ImageStim: size = array([1405, 1200])
13.1901 	EXP 	unnamed ImageStim: image = 'inks\\01.jpg'
13.2901 	EXP 	unnamed ImageStim: size = array([1405, 1200])
13.2901 	EXP 	unnamed ImageStim: image = 'inks\\01.jpg'
13.3908 	EXP 	unnamed ImageStim: size = array([1405, 1200])
13.3908 	EXP 	unnamed ImageStim: image = 'inks\\01.jpg'
13.4906 	EXP 	unnamed ImageStim: size = array([1405, 1200])
13.4906 	EXP 	unnamed ImageStim: image = 'inks\\01.jpg'
13.5906 	EXP 	unnamed ImageStim: size = array([1405, 1200])
13.5906 	EXP 	unnamed ImageStim: image = 'inks\\01.jpg'
13.6905 	EXP 	unnamed ImageStim: size = array([1405, 1200])
13.6905 	EXP 	unnamed ImageStim: image = 'inks\\01.jpg'
13.7905 	EXP 	unnamed ImageStim: size = array([1405, 1200])
13.7905 	EXP 	unnamed ImageStim: image = 'inks\\01.jpg'
13.8750 	EXP 	unnamed ImageStim: size = array([1405, 1200])
13.8750 	EXP 	unnamed ImageStim: image = 'inks\\01.jpg'
13.9767 	EXP 	unnamed ImageStim: size = array([1405, 1200])
13.9767 	EXP 	unnamed ImageStim: image = 'inks\\01.jpg'
14.0775 	EXP 	unnamed ImageStim: size = array([1405, 1200])
14.0775 	EXP 	unnamed ImageStim: image = 'inks\\01.jpg'
14.1738 	EXP 	unnamed ImageStim: size = array([1405, 1200])
14.1738 	EXP 	unnamed ImageStim: image = 'inks\\01.jpg'
14.2738 	EXP 	unnamed ImageStim: size = array([1405, 1200])
14.2738 	EXP 	unnamed ImageStim: image = 'inks\\01.jpg'
14.3736 	EXP 	unnamed ImageStim: size = array([1405, 1200])
14.3736 	EXP 	unnamed ImageStim: image = 'inks\\01.jpg'
14.4771 	EXP 	unnamed ImageStim: size = array([1405, 1200])
14.4771 	EXP 	unnamed ImageStim: image = 'inks\\01.jpg'
14.5778 	EXP 	unnamed ImageStim: size = array([1405, 1200])
14.5778 	EXP 	unnamed ImageStim: image = 'inks\\01.jpg'
14.6740 	EXP 	unnamed ImageStim: size = array([1405, 1200])
14.6740 	EXP 	unnamed ImageStim: image = 'inks\\01.jpg'
14.7739 	EXP 	unnamed ImageStim: size = array([1405, 1200])
14.7739 	EXP 	unnamed ImageStim: image = 'inks\\01.jpg'
14.8738 	EXP 	unnamed ImageStim: size = array([1405, 1200])
14.8738 	EXP 	unnamed ImageStim: image = 'inks\\01.jpg'
14.9855 	EXP 	unnamed ImageStim: size = array([1405, 1200])
14.9855 	EXP 	unnamed ImageStim: image = 'inks\\01.jpg'
15.0788 	EXP 	unnamed ImageStim: size = array([1405, 1200])
15.0788 	EXP 	unnamed ImageStim: image = 'inks\\01.jpg'
15.4133 	EXP 	unnamed ImageStim: size = array([1405, 1200])
15.4133 	EXP 	unnamed ImageStim: image = 'inks\\01.jpg'
15.4973 	EXP 	unnamed ImageStim: size = array([1405, 1200])
15.4973 	EXP 	unnamed ImageStim: image = 'inks\\01.jpg'
15.5960 	EXP 	unnamed ImageStim: size = array([1405, 1200])
15.5960 	EXP 	unnamed ImageStim: image = 'inks\\01.jpg'
15.6960 	EXP 	unnamed ImageStim: size = array([1405, 1200])
15.6960 	EXP 	unnamed ImageStim: image = 'inks\\01.jpg'
15.7960 	EXP 	unnamed ImageStim: size = array([1405, 1200])
15.7960 	EXP 	unnamed ImageStim: image = 'inks\\01.jpg'
15.8961 	EXP 	unnamed ImageStim: size = array([1405, 1200])
15.8961 	EXP 	unnamed ImageStim: image = 'inks\\01.jpg'
15.9961 	EXP 	unnamed ImageStim: size = array([1405, 1200])
15.9961 	EXP 	unnamed ImageStim: image = 'inks\\01.jpg'
16.0961 	EXP 	unnamed ImageStim: size = array([1405, 1200])
16.0961 	EXP 	unnamed ImageStim: image = 'inks\\01.jpg'
16.1961 	EXP 	unnamed ImageStim: size = array([1405, 1200])
16.1961 	EXP 	unnamed ImageStim: image = 'inks\\01.jpg'
16.2961 	EXP 	unnamed ImageStim: size = array([1405, 1200])
16.2961 	EXP 	unnamed ImageStim: image = 'inks\\01.jpg'
16.3961 	EXP 	unnamed ImageStim: size = array([1405, 1200])
16.3961 	EXP 	unnamed ImageStim: image = 'inks\\01.jpg'
16.4961 	EXP 	unnamed ImageStim: size = array([1405, 1200])
16.4961 	EXP 	unnamed ImageStim: image = 'inks\\01.jpg'
16.5961 	EXP 	unnamed ImageStim: size = array([1405, 1200])
16.5961 	EXP 	unnamed ImageStim: image = 'inks\\01.jpg'
16.6961 	EXP 	unnamed ImageStim: size = array([1405, 1200])
16.6961 	EXP 	unnamed ImageStim: image = 'inks\\01.jpg'
16.7960 	EXP 	unnamed ImageStim: size = array([1405, 1200])
16.7960 	EXP 	unnamed ImageStim: image = 'inks\\01.jpg'
16.8961 	EXP 	unnamed ImageStim: size = array([1405, 1200])
16.8961 	EXP 	unnamed ImageStim: image = 'inks\\01.jpg'
16.9960 	EXP 	unnamed ImageStim: size = array([1405, 1200])
16.9960 	EXP 	unnamed ImageStim: image = 'inks\\01.jpg'
17.0961 	EXP 	unnamed ImageStim: size = array([1405, 1200])
17.0961 	EXP 	unnamed ImageStim: image = 'inks\\01.jpg'
17.1961 	EXP 	unnamed ImageStim: size = array([1405, 1200])
17.1961 	EXP 	unnamed ImageStim: image = 'inks\\01.jpg'
17.2961 	EXP 	unnamed ImageStim: size = array([1405, 1200])
17.2961 	EXP 	unnamed ImageStim: image = 'inks\\01.jpg'
17.3960 	EXP 	unnamed ImageStim: size = array([1405, 1200])
17.3960 	EXP 	unnamed ImageStim: image = 'inks\\01.jpg'
17.4960 	EXP 	unnamed ImageStim: size = array([1405, 1200])
17.4960 	EXP 	unnamed ImageStim: image = 'inks\\01.jpg'
17.5961 	EXP 	unnamed ImageStim: size = array([1405, 1200])
17.5961 	EXP 	unnamed ImageStim: image = 'inks\\01.jpg'
17.6960 	EXP 	unnamed ImageStim: size = array([1405, 1200])
17.6960 	EXP 	unnamed ImageStim: image = 'inks\\01.jpg'
17.7960 	EXP 	unnamed ImageStim: size = array([1405, 1200])
17.7960 	EXP 	unnamed ImageStim: image = 'inks\\01.jpg'
17.7962 	DATA 	Keypress: right
17.7963 	EXP 	Sound  stopped
17.9293 	EXP 	unnamed ImageStim: size = array([1405, 1200])
17.9293 	EXP 	unnamed ImageStim: image = 'inks\\02.jpg'
18.0295 	EXP 	unnamed ImageStim: size = array([1405, 1200])
18.0295 	EXP 	unnamed ImageStim: image = 'inks\\02.jpg'
18.1294 	EXP 	unnamed ImageStim: size = array([1405, 1200])
18.1294 	EXP 	unnamed ImageStim: image = 'inks\\02.jpg'
18.2141 	EXP 	unnamed ImageStim: size = array([1405, 1200])
18.2141 	EXP 	unnamed ImageStim: image = 'inks\\02.jpg'
18.3135 	EXP 	unnamed ImageStim: size = array([1405, 1200])
18.3135 	EXP 	unnamed ImageStim: image = 'inks\\02.jpg'
18.3961 	EXP 	unnamed ImageStim: size = array([1405, 1200])
18.3961 	EXP 	unnamed ImageStim: image = 'inks\\02.jpg'
18.4962 	EXP 	unnamed ImageStim: size = array([1405, 1200])
18.4962 	EXP 	unnamed ImageStim: image = 'inks\\02.jpg'
18.5797 	EXP 	unnamed ImageStim: size = array([1405, 1200])
18.5797 	EXP 	unnamed ImageStim: image = 'inks\\02.jpg'
18.6795 	EXP 	unnamed ImageStim: size = array([1405, 1200])
18.6795 	EXP 	unnamed ImageStim: image = 'inks\\02.jpg'
18.7609 	DATA 	Keypress: right
18.7806 	EXP 	unnamed ImageStim: size = array([1405, 1200])
18.7806 	EXP 	unnamed ImageStim: image = 'inks\\02.jpg'
18.9422 	EXP 	Set  sound=fe\creature.wav
18.9423 	EXP 	Sound  set loops 10
18.9428 	EXP 	Sound  started
18.9629 	EXP 	unnamed ImageStim: size = array([1405, 1200])
18.9629 	EXP 	unnamed ImageStim: image = 'inks\\03.jpg'
19.0628 	EXP 	unnamed ImageStim: size = array([1405, 1200])
19.0628 	EXP 	unnamed ImageStim: image = 'inks\\03.jpg'
19.1627 	EXP 	unnamed ImageStim: size = array([1405, 1200])
19.1627 	EXP 	unnamed ImageStim: image = 'inks\\03.jpg'
19.2627 	EXP 	unnamed ImageStim: size = array([1405, 1200])
19.2627 	EXP 	unnamed ImageStim: image = 'inks\\03.jpg'
19.3626 	EXP 	unnamed ImageStim: size = array([1405, 1200])
19.3626 	EXP 	unnamed ImageStim: image = 'inks\\03.jpg'
19.4475 	EXP 	unnamed ImageStim: size = array([1405, 1200])
19.4475 	EXP 	unnamed ImageStim: image = 'inks\\03.jpg'
19.5470 	EXP 	unnamed ImageStim: size = array([1405, 1200])
19.5470 	EXP 	unnamed ImageStim: image = 'inks\\03.jpg'
19.6294 	EXP 	unnamed ImageStim: size = array([1405, 1200])
19.6294 	EXP 	unnamed ImageStim: image = 'inks\\03.jpg'
19.7296 	EXP 	unnamed ImageStim: size = array([1405, 1200])
19.7296 	EXP 	unnamed ImageStim: image = 'inks\\03.jpg'
19.8294 	EXP 	unnamed ImageStim: size = array([1405, 1200])
19.8294 	EXP 	unnamed ImageStim: image = 'inks\\03.jpg'
19.9294 	EXP 	unnamed ImageStim: size = array([1405, 1200])
19.9294 	EXP 	unnamed ImageStim: image = 'inks\\03.jpg'
20.0295 	EXP 	unnamed ImageStim: size = array([1405, 1200])
20.0295 	EXP 	unnamed ImageStim: image = 'inks\\03.jpg'
20.1295 	EXP 	unnamed ImageStim: size = array([1405, 1200])
20.1295 	EXP 	unnamed ImageStim: image = 'inks\\03.jpg'
20.2136 	EXP 	unnamed ImageStim: size = array([1405, 1200])
20.2136 	EXP 	unnamed ImageStim: image = 'inks\\03.jpg'
20.3129 	EXP 	unnamed ImageStim: size = array([1405, 1200])
20.3129 	EXP 	unnamed ImageStim: image = 'inks\\03.jpg'
20.4129 	EXP 	unnamed ImageStim: size = array([1405, 1200])
20.4129 	EXP 	unnamed ImageStim: image = 'inks\\03.jpg'
20.5129 	EXP 	unnamed ImageStim: size = array([1405, 1200])
20.5129 	EXP 	unnamed ImageStim: image = 'inks\\03.jpg'
20.5131 	DATA 	Keypress: right
20.5132 	EXP 	Sound  stopped
20.6303 	EXP 	unnamed ImageStim: size = array([1405, 1200])
20.6303 	EXP 	unnamed ImageStim: image = 'inks\\04.jpg'
20.7293 	EXP 	unnamed ImageStim: size = array([1405, 1200])
20.7293 	EXP 	unnamed ImageStim: image = 'inks\\04.jpg'
20.8295 	EXP 	unnamed ImageStim: size = array([1405, 1200])
20.8295 	EXP 	unnamed ImageStim: image = 'inks\\04.jpg'
20.9297 	EXP 	unnamed ImageStim: size = array([1405, 1200])
20.9297 	EXP 	unnamed ImageStim: image = 'inks\\04.jpg'
21.0294 	EXP 	unnamed ImageStim: size = array([1405, 1200])
21.0294 	EXP 	unnamed ImageStim: image = 'inks\\04.jpg'
21.1293 	EXP 	unnamed ImageStim: size = array([1405, 1200])
21.1293 	EXP 	unnamed ImageStim: image = 'inks\\04.jpg'
21.2294 	EXP 	unnamed ImageStim: size = array([1405, 1200])
21.2294 	EXP 	unnamed ImageStim: image = 'inks\\04.jpg'
21.3294 	EXP 	unnamed ImageStim: size = array([1405, 1200])
21.3294 	EXP 	unnamed ImageStim: image = 'inks\\04.jpg'
21.4295 	EXP 	unnamed ImageStim: size = array([1405, 1200])
21.4295 	EXP 	unnamed ImageStim: image = 'inks\\04.jpg'
21.5106 	DATA 	Keypress: right
21.5295 	EXP 	unnamed ImageStim: size = array([1405, 1200])
21.5295 	EXP 	unnamed ImageStim: image = 'inks\\04.jpg'
21.6628 	EXP 	unnamed ImageStim: size = array([1405, 1200])
21.6628 	EXP 	unnamed ImageStim: image = 'inks\\05.jpg'
21.7628 	EXP 	unnamed ImageStim: size = array([1405, 1200])
21.7628 	EXP 	unnamed ImageStim: image = 'inks\\05.jpg'
21.8628 	EXP 	unnamed ImageStim: size = array([1405, 1200])
21.8628 	EXP 	unnamed ImageStim: image = 'inks\\05.jpg'
21.9630 	EXP 	unnamed ImageStim: size = array([1405, 1200])
21.9630 	EXP 	unnamed ImageStim: image = 'inks\\05.jpg'
22.0628 	EXP 	unnamed ImageStim: size = array([1405, 1200])
22.0628 	EXP 	unnamed ImageStim: image = 'inks\\05.jpg'
22.1629 	EXP 	unnamed ImageStim: size = array([1405, 1200])
22.1629 	EXP 	unnamed ImageStim: image = 'inks\\05.jpg'
22.2476 	EXP 	unnamed ImageStim: size = array([1405, 1200])
22.2476 	EXP 	unnamed ImageStim: image = 'inks\\05.jpg'
22.3461 	EXP 	unnamed ImageStim: size = array([1405, 1200])
22.3461 	EXP 	unnamed ImageStim: image = 'inks\\05.jpg'
22.4470 	EXP 	unnamed ImageStim: size = array([1405, 1200])
22.4470 	EXP 	unnamed ImageStim: image = 'inks\\05.jpg'
22.4475 	DATA 	Keypress: right
22.5798 	EXP 	unnamed ImageStim: size = array([1405, 1200])
22.5798 	EXP 	unnamed ImageStim: image = 'inks\\06.jpg'
22.6640 	EXP 	unnamed ImageStim: size = array([1405, 1200])
22.6640 	EXP 	unnamed ImageStim: image = 'inks\\06.jpg'
22.7961 	EXP 	unnamed ImageStim: size = array([1405, 1200])
22.7961 	EXP 	unnamed ImageStim: image = 'inks\\06.jpg'
22.8962 	EXP 	unnamed ImageStim: size = array([1405, 1200])
22.8962 	EXP 	unnamed ImageStim: image = 'inks\\06.jpg'
22.9959 	EXP 	unnamed ImageStim: size = array([1405, 1200])
22.9959 	EXP 	unnamed ImageStim: image = 'inks\\06.jpg'
23.0961 	EXP 	unnamed ImageStim: size = array([1405, 1200])
23.0961 	EXP 	unnamed ImageStim: image = 'inks\\06.jpg'
23.1960 	EXP 	unnamed ImageStim: size = array([1405, 1200])
23.1960 	EXP 	unnamed ImageStim: image = 'inks\\06.jpg'
23.2804 	EXP 	unnamed ImageStim: size = array([1405, 1200])
23.2804 	EXP 	unnamed ImageStim: image = 'inks\\06.jpg'
23.3802 	EXP 	unnamed ImageStim: size = array([1405, 1200])
23.3802 	EXP 	unnamed ImageStim: image = 'inks\\06.jpg'
23.4812 	EXP 	unnamed ImageStim: size = array([1405, 1200])
23.4812 	EXP 	unnamed ImageStim: image = 'inks\\06.jpg'
23.5795 	EXP 	unnamed ImageStim: size = array([1405, 1200])
23.5795 	EXP 	unnamed ImageStim: image = 'inks\\06.jpg'
23.6794 	EXP 	unnamed ImageStim: size = array([1405, 1200])
23.6794 	EXP 	unnamed ImageStim: image = 'inks\\06.jpg'
23.7794 	EXP 	unnamed ImageStim: size = array([1405, 1200])
23.7794 	EXP 	unnamed ImageStim: image = 'inks\\06.jpg'
23.8795 	EXP 	unnamed ImageStim: size = array([1405, 1200])
23.8795 	EXP 	unnamed ImageStim: image = 'inks\\06.jpg'
23.9795 	EXP 	unnamed ImageStim: size = array([1405, 1200])
23.9795 	EXP 	unnamed ImageStim: image = 'inks\\06.jpg'
24.0588 	DATA 	Keypress: right
24.0805 	EXP 	unnamed ImageStim: size = array([1405, 1200])
24.0805 	EXP 	unnamed ImageStim: image = 'inks\\06.jpg'
24.2136 	EXP 	unnamed ImageStim: size = array([1405, 1200])
24.2136 	EXP 	unnamed ImageStim: image = 'inks\\07.jpg'
24.2961 	EXP 	unnamed ImageStim: size = array([1405, 1200])
24.2961 	EXP 	unnamed ImageStim: image = 'inks\\07.jpg'
24.4294 	EXP 	unnamed ImageStim: size = array([1405, 1200])
24.4294 	EXP 	unnamed ImageStim: image = 'inks\\07.jpg'
24.5294 	EXP 	unnamed ImageStim: size = array([1405, 1200])
24.5294 	EXP 	unnamed ImageStim: image = 'inks\\07.jpg'
24.6131 	EXP 	unnamed ImageStim: size = array([1405, 1200])
24.6131 	EXP 	unnamed ImageStim: image = 'inks\\07.jpg'
24.7132 	EXP 	unnamed ImageStim: size = array([1405, 1200])
24.7132 	EXP 	unnamed ImageStim: image = 'inks\\07.jpg'
24.8141 	EXP 	unnamed ImageStim: size = array([1405, 1200])
24.8141 	EXP 	unnamed ImageStim: image = 'inks\\07.jpg'
24.8965 	EXP 	unnamed ImageStim: size = array([1405, 1200])
24.8965 	EXP 	unnamed ImageStim: image = 'inks\\07.jpg'
24.9803 	EXP 	unnamed ImageStim: size = array([1405, 1200])
24.9803 	EXP 	unnamed ImageStim: image = 'inks\\07.jpg'
25.0799 	EXP 	unnamed ImageStim: size = array([1405, 1200])
25.0799 	EXP 	unnamed ImageStim: image = 'inks\\07.jpg'
25.1798 	EXP 	unnamed ImageStim: size = array([1405, 1200])
25.1798 	EXP 	unnamed ImageStim: image = 'inks\\07.jpg'
25.2798 	EXP 	unnamed ImageStim: size = array([1405, 1200])
25.2798 	EXP 	unnamed ImageStim: image = 'inks\\07.jpg'
25.3805 	EXP 	unnamed ImageStim: size = array([1405, 1200])
25.3805 	EXP 	unnamed ImageStim: image = 'inks\\07.jpg'
25.4557 	DATA 	Keypress: right
25.4629 	EXP 	unnamed ImageStim: size = array([1405, 1200])
25.4629 	EXP 	unnamed ImageStim: image = 'inks\\07.jpg'
25.6285 	EXP 	Set  sound=fe\push.wav
25.6286 	EXP 	Sound  set loops 10
25.6290 	EXP 	Sound  started
25.6465 	EXP 	unnamed ImageStim: size = array([1405, 1200])
25.6465 	EXP 	unnamed ImageStim: image = 'inks\\08.jpg'
25.7302 	EXP 	unnamed ImageStim: size = array([1405, 1200])
25.7302 	EXP 	unnamed ImageStim: image = 'inks\\08.jpg'
25.8297 	EXP 	unnamed ImageStim: size = array([1405, 1200])
25.8297 	EXP 	unnamed ImageStim: image = 'inks\\08.jpg'
25.9298 	EXP 	unnamed ImageStim: size = array([1405, 1200])
25.9298 	EXP 	unnamed ImageStim: image = 'inks\\08.jpg'
26.0131 	EXP 	unnamed ImageStim: size = array([1405, 1200])
26.0131 	EXP 	unnamed ImageStim: image = 'inks\\08.jpg'
26.1141 	EXP 	unnamed ImageStim: size = array([1405, 1200])
26.1141 	EXP 	unnamed ImageStim: image = 'inks\\08.jpg'
26.1965 	EXP 	unnamed ImageStim: size = array([1405, 1200])
26.1965 	EXP 	unnamed ImageStim: image = 'inks\\08.jpg'
26.3141 	EXP 	unnamed ImageStim: size = array([1405, 1200])
26.3141 	EXP 	unnamed ImageStim: image = 'inks\\08.jpg'
26.3966 	EXP 	unnamed ImageStim: size = array([1405, 1200])
26.3966 	EXP 	unnamed ImageStim: image = 'inks\\08.jpg'
26.4799 	EXP 	unnamed ImageStim: size = array([1405, 1200])
26.4799 	EXP 	unnamed ImageStim: image = 'inks\\08.jpg'
26.5809 	EXP 	unnamed ImageStim: size = array([1405, 1200])
26.5809 	EXP 	unnamed ImageStim: image = 'inks\\08.jpg'
26.6641 	EXP 	unnamed ImageStim: size = array([1405, 1200])
26.6641 	EXP 	unnamed ImageStim: image = 'inks\\08.jpg'
26.7466 	EXP 	unnamed ImageStim: size = array([1405, 1200])
26.7466 	EXP 	unnamed ImageStim: image = 'inks\\08.jpg'
26.8979 	EXP 	unnamed ImageStim: size = array([1405, 1200])
26.8979 	EXP 	unnamed ImageStim: image = 'inks\\08.jpg'
26.9981 	EXP 	unnamed ImageStim: size = array([1405, 1200])
26.9981 	EXP 	unnamed ImageStim: image = 'inks\\08.jpg'
27.0812 	EXP 	unnamed ImageStim: size = array([1405, 1200])
27.0812 	EXP 	unnamed ImageStim: image = 'inks\\08.jpg'
27.1824 	EXP 	unnamed ImageStim: size = array([1405, 1200])
27.1824 	EXP 	unnamed ImageStim: image = 'inks\\08.jpg'
27.2645 	EXP 	unnamed ImageStim: size = array([1405, 1200])
27.2645 	EXP 	unnamed ImageStim: image = 'inks\\08.jpg'
27.3479 	EXP 	unnamed ImageStim: size = array([1405, 1200])
27.3479 	EXP 	unnamed ImageStim: image = 'inks\\08.jpg'
27.4812 	EXP 	unnamed ImageStim: size = array([1405, 1200])
27.4812 	EXP 	unnamed ImageStim: image = 'inks\\08.jpg'
27.5813 	EXP 	unnamed ImageStim: size = array([1405, 1200])
27.5813 	EXP 	unnamed ImageStim: image = 'inks\\08.jpg'
27.6822 	EXP 	unnamed ImageStim: size = array([1405, 1200])
27.6822 	EXP 	unnamed ImageStim: image = 'inks\\08.jpg'
27.7646 	EXP 	unnamed ImageStim: size = array([1405, 1200])
27.7646 	EXP 	unnamed ImageStim: image = 'inks\\08.jpg'
27.8476 	EXP 	unnamed ImageStim: size = array([1405, 1200])
27.8476 	EXP 	unnamed ImageStim: image = 'inks\\08.jpg'
27.9475 	EXP 	unnamed ImageStim: size = array([1405, 1200])
27.9475 	EXP 	unnamed ImageStim: image = 'inks\\08.jpg'
31.6845 	EXP 	unnamed ImageStim: size = array([1405, 1200])
31.6845 	EXP 	unnamed ImageStim: image = 'inks\\08.jpg'
31.7682 	EXP 	unnamed ImageStim: size = array([1405, 1200])
31.7682 	EXP 	unnamed ImageStim: image = 'inks\\08.jpg'
31.8514 	EXP 	unnamed ImageStim: size = array([1405, 1200])
31.8514 	EXP 	unnamed ImageStim: image = 'inks\\08.jpg'
31.9344 	EXP 	unnamed ImageStim: size = array([1405, 1200])
31.9344 	EXP 	unnamed ImageStim: image = 'inks\\08.jpg'
32.0179 	EXP 	unnamed ImageStim: size = array([1405, 1200])
32.0179 	EXP 	unnamed ImageStim: image = 'inks\\08.jpg'
32.1180 	EXP 	unnamed ImageStim: size = array([1405, 1200])
32.1180 	EXP 	unnamed ImageStim: image = 'inks\\08.jpg'
32.2019 	EXP 	unnamed ImageStim: size = array([1405, 1200])
32.2019 	EXP 	unnamed ImageStim: image = 'inks\\08.jpg'
32.2846 	EXP 	unnamed ImageStim: size = array([1405, 1200])
32.2846 	EXP 	unnamed ImageStim: image = 'inks\\08.jpg'
32.3694 	EXP 	unnamed ImageStim: size = array([1405, 1200])
32.3694 	EXP 	unnamed ImageStim: image = 'inks\\08.jpg'
32.4680 	EXP 	unnamed ImageStim: size = array([1405, 1200])
32.4680 	EXP 	unnamed ImageStim: image = 'inks\\08.jpg'
32.5513 	EXP 	unnamed ImageStim: size = array([1405, 1200])
32.5513 	EXP 	unnamed ImageStim: image = 'inks\\08.jpg'
32.6346 	EXP 	unnamed ImageStim: size = array([1405, 1200])
32.6346 	EXP 	unnamed ImageStim: image = 'inks\\08.jpg'
32.7179 	EXP 	unnamed ImageStim: size = array([1405, 1200])
32.7179 	EXP 	unnamed ImageStim: image = 'inks\\08.jpg'
32.8027 	EXP 	unnamed ImageStim: size = array([1405, 1200])
32.8027 	EXP 	unnamed ImageStim: image = 'inks\\08.jpg'
32.9016 	EXP 	unnamed ImageStim: size = array([1405, 1200])
32.9016 	EXP 	unnamed ImageStim: image = 'inks\\08.jpg'
32.9845 	EXP 	unnamed ImageStim: size = array([1405, 1200])
32.9845 	EXP 	unnamed ImageStim: image = 'inks\\08.jpg'
33.0680 	EXP 	unnamed ImageStim: size = array([1405, 1200])
33.0680 	EXP 	unnamed ImageStim: image = 'inks\\08.jpg'
33.1517 	EXP 	unnamed ImageStim: size = array([1405, 1200])
33.1517 	EXP 	unnamed ImageStim: image = 'inks\\08.jpg'
33.2347 	EXP 	unnamed ImageStim: size = array([1405, 1200])
33.2347 	EXP 	unnamed ImageStim: image = 'inks\\08.jpg'
33.3179 	EXP 	unnamed ImageStim: size = array([1405, 1200])
33.3179 	EXP 	unnamed ImageStim: image = 'inks\\08.jpg'
33.4025 	EXP 	unnamed ImageStim: size = array([1405, 1200])
33.4025 	EXP 	unnamed ImageStim: image = 'inks\\08.jpg'
33.4864 	EXP 	unnamed ImageStim: size = array([1405, 1200])
33.4864 	EXP 	unnamed ImageStim: image = 'inks\\08.jpg'
33.5847 	EXP 	unnamed ImageStim: size = array([1405, 1200])
33.5847 	EXP 	unnamed ImageStim: image = 'inks\\08.jpg'
33.6631 	DATA 	Keypress: right
33.6696 	EXP 	unnamed ImageStim: size = array([1405, 1200])
33.6696 	EXP 	unnamed ImageStim: image = 'inks\\08.jpg'
33.6699 	EXP 	Sound  stopped
33.8015 	EXP 	unnamed ImageStim: size = array([1405, 1200])
33.8015 	EXP 	unnamed ImageStim: image = 'inks\\09.jpg'
33.9016 	EXP 	unnamed ImageStim: size = array([1405, 1200])
33.9016 	EXP 	unnamed ImageStim: image = 'inks\\09.jpg'
34.0015 	EXP 	unnamed ImageStim: size = array([1405, 1200])
34.0015 	EXP 	unnamed ImageStim: image = 'inks\\09.jpg'
34.1015 	EXP 	unnamed ImageStim: size = array([1405, 1200])
34.1015 	EXP 	unnamed ImageStim: image = 'inks\\09.jpg'
34.1853 	EXP 	unnamed ImageStim: size = array([1405, 1200])
34.1853 	EXP 	unnamed ImageStim: image = 'inks\\09.jpg'
34.2687 	EXP 	unnamed ImageStim: size = array([1405, 1200])
34.2687 	EXP 	unnamed ImageStim: image = 'inks\\09.jpg'
34.3682 	EXP 	unnamed ImageStim: size = array([1405, 1200])
34.3682 	EXP 	unnamed ImageStim: image = 'inks\\09.jpg'
34.4682 	EXP 	unnamed ImageStim: size = array([1405, 1200])
34.4682 	EXP 	unnamed ImageStim: image = 'inks\\09.jpg'
34.5521 	EXP 	unnamed ImageStim: size = array([1405, 1200])
34.5521 	EXP 	unnamed ImageStim: image = 'inks\\09.jpg'
34.6517 	EXP 	unnamed ImageStim: size = array([1405, 1200])
34.6517 	EXP 	unnamed ImageStim: image = 'inks\\09.jpg'
34.7514 	EXP 	unnamed ImageStim: size = array([1405, 1200])
34.7514 	EXP 	unnamed ImageStim: image = 'inks\\09.jpg'
34.8370 	EXP 	unnamed ImageStim: size = array([1405, 1200])
34.8370 	EXP 	unnamed ImageStim: image = 'inks\\09.jpg'
34.9229 	DATA 	Keypress: right
34.9349 	EXP 	unnamed ImageStim: size = array([1405, 1200])
34.9349 	EXP 	unnamed ImageStim: image = 'inks\\09.jpg'
35.0665 	EXP 	Set  sound=fe\purr.wav
35.0665 	EXP 	Sound  set loops 10
35.0671 	EXP 	Sound  started
35.0847 	EXP 	unnamed ImageStim: size = array([1405, 1200])
35.0847 	EXP 	unnamed ImageStim: image = 'inks\\10.jpg'
35.1847 	EXP 	unnamed ImageStim: size = array([1405, 1200])
35.1847 	EXP 	unnamed ImageStim: image = 'inks\\10.jpg'
35.2848 	EXP 	unnamed ImageStim: size = array([1405, 1200])
35.2848 	EXP 	unnamed ImageStim: image = 'inks\\10.jpg'
35.3849 	EXP 	unnamed ImageStim: size = array([1405, 1200])
35.3849 	EXP 	unnamed ImageStim: image = 'inks\\10.jpg'
35.4850 	EXP 	unnamed ImageStim: size = array([1405, 1200])
35.4850 	EXP 	unnamed ImageStim: image = 'inks\\10.jpg'
35.5847 	EXP 	unnamed ImageStim: size = array([1405, 1200])
35.5847 	EXP 	unnamed ImageStim: image = 'inks\\10.jpg'
35.6695 	EXP 	unnamed ImageStim: size = array([1405, 1200])
35.6695 	EXP 	unnamed ImageStim: image = 'inks\\10.jpg'
35.7681 	EXP 	unnamed ImageStim: size = array([1405, 1200])
35.7681 	EXP 	unnamed ImageStim: image = 'inks\\10.jpg'
35.8681 	EXP 	unnamed ImageStim: size = array([1405, 1200])
35.8681 	EXP 	unnamed ImageStim: image = 'inks\\10.jpg'
35.9682 	EXP 	unnamed ImageStim: size = array([1405, 1200])
35.9682 	EXP 	unnamed ImageStim: image = 'inks\\10.jpg'
36.0527 	EXP 	unnamed ImageStim: size = array([1405, 1200])
36.0527 	EXP 	unnamed ImageStim: image = 'inks\\10.jpg'
36.1516 	EXP 	unnamed ImageStim: size = array([1405, 1200])
36.1516 	EXP 	unnamed ImageStim: image = 'inks\\10.jpg'
36.2516 	EXP 	unnamed ImageStim: size = array([1405, 1200])
36.2516 	EXP 	unnamed ImageStim: image = 'inks\\10.jpg'
36.3516 	EXP 	unnamed ImageStim: size = array([1405, 1200])
36.3516 	EXP 	unnamed ImageStim: image = 'inks\\10.jpg'
36.4515 	EXP 	unnamed ImageStim: size = array([1405, 1200])
36.4515 	EXP 	unnamed ImageStim: image = 'inks\\10.jpg'
36.5515 	EXP 	unnamed ImageStim: size = array([1405, 1200])
36.5515 	EXP 	unnamed ImageStim: image = 'inks\\10.jpg'
36.6515 	EXP 	unnamed ImageStim: size = array([1405, 1200])
36.6515 	EXP 	unnamed ImageStim: image = 'inks\\10.jpg'
36.7514 	EXP 	unnamed ImageStim: size = array([1405, 1200])
36.7514 	EXP 	unnamed ImageStim: image = 'inks\\10.jpg'
36.8515 	EXP 	unnamed ImageStim: size = array([1405, 1200])
36.8515 	EXP 	unnamed ImageStim: image = 'inks\\10.jpg'
36.9515 	EXP 	unnamed ImageStim: size = array([1405, 1200])
36.9515 	EXP 	unnamed ImageStim: image = 'inks\\10.jpg'
37.0515 	EXP 	unnamed ImageStim: size = array([1405, 1200])
37.0515 	EXP 	unnamed ImageStim: image = 'inks\\10.jpg'
37.1516 	EXP 	unnamed ImageStim: size = array([1405, 1200])
37.1516 	EXP 	unnamed ImageStim: image = 'inks\\10.jpg'
37.2514 	EXP 	unnamed ImageStim: size = array([1405, 1200])
37.2514 	EXP 	unnamed ImageStim: image = 'inks\\10.jpg'
37.3514 	EXP 	unnamed ImageStim: size = array([1405, 1200])
37.3514 	EXP 	unnamed ImageStim: image = 'inks\\10.jpg'
37.4515 	EXP 	unnamed ImageStim: size = array([1405, 1200])
37.4515 	EXP 	unnamed ImageStim: image = 'inks\\10.jpg'
37.5515 	EXP 	unnamed ImageStim: size = array([1405, 1200])
37.5515 	EXP 	unnamed ImageStim: image = 'inks\\10.jpg'
37.6516 	EXP 	unnamed ImageStim: size = array([1405, 1200])
37.6516 	EXP 	unnamed ImageStim: image = 'inks\\10.jpg'
37.7516 	EXP 	unnamed ImageStim: size = array([1405, 1200])
37.7516 	EXP 	unnamed ImageStim: image = 'inks\\10.jpg'
37.8513 	EXP 	unnamed ImageStim: size = array([1405, 1200])
37.8513 	EXP 	unnamed ImageStim: image = 'inks\\10.jpg'
37.9514 	EXP 	unnamed ImageStim: size = array([1405, 1200])
37.9514 	EXP 	unnamed ImageStim: image = 'inks\\10.jpg'
38.0514 	EXP 	unnamed ImageStim: size = array([1405, 1200])
38.0514 	EXP 	unnamed ImageStim: image = 'inks\\10.jpg'
38.1514 	EXP 	unnamed ImageStim: size = array([1405, 1200])
38.1514 	EXP 	unnamed ImageStim: image = 'inks\\10.jpg'
38.2313 	DATA 	Keypress: right
38.2514 	EXP 	unnamed ImageStim: size = array([1405, 1200])
38.2514 	EXP 	unnamed ImageStim: image = 'inks\\10.jpg'
38.2516 	EXP 	Sound  stopped
38.3516 	EXP 	unnamed ImageStim: size = array([1405, 1200])
38.3516 	EXP 	unnamed ImageStim: image = 'inks\\11.jpg'
38.4515 	EXP 	unnamed ImageStim: size = array([1405, 1200])
38.4515 	EXP 	unnamed ImageStim: image = 'inks\\11.jpg'
38.5515 	EXP 	unnamed ImageStim: size = array([1405, 1200])
38.5515 	EXP 	unnamed ImageStim: image = 'inks\\11.jpg'
38.6514 	EXP 	unnamed ImageStim: size = array([1405, 1200])
38.6514 	EXP 	unnamed ImageStim: image = 'inks\\11.jpg'
38.7516 	EXP 	unnamed ImageStim: size = array([1405, 1200])
38.7516 	EXP 	unnamed ImageStim: image = 'inks\\11.jpg'
38.8514 	EXP 	unnamed ImageStim: size = array([1405, 1200])
38.8514 	EXP 	unnamed ImageStim: image = 'inks\\11.jpg'
38.9514 	EXP 	unnamed ImageStim: size = array([1405, 1200])
38.9514 	EXP 	unnamed ImageStim: image = 'inks\\11.jpg'
39.0516 	EXP 	unnamed ImageStim: size = array([1405, 1200])
39.0516 	EXP 	unnamed ImageStim: image = 'inks\\11.jpg'
39.1514 	EXP 	unnamed ImageStim: size = array([1405, 1200])
39.1514 	EXP 	unnamed ImageStim: image = 'inks\\11.jpg'
39.2514 	EXP 	unnamed ImageStim: size = array([1405, 1200])
39.2514 	EXP 	unnamed ImageStim: image = 'inks\\11.jpg'
39.3514 	EXP 	unnamed ImageStim: size = array([1405, 1200])
39.3514 	EXP 	unnamed ImageStim: image = 'inks\\11.jpg'
39.4340 	DATA 	Keypress: right
39.4514 	EXP 	unnamed ImageStim: size = array([1405, 1200])
39.4514 	EXP 	unnamed ImageStim: image = 'inks\\11.jpg'
39.5513 	EXP 	unnamed ImageStim: size = array([1405, 1200])
39.5513 	EXP 	unnamed ImageStim: image = 'inks\\12.jpg'
39.6359 	EXP 	unnamed ImageStim: size = array([1405, 1200])
39.6359 	EXP 	unnamed ImageStim: image = 'inks\\12.jpg'
39.7196 	EXP 	unnamed ImageStim: size = array([1405, 1200])
39.7196 	EXP 	unnamed ImageStim: image = 'inks\\12.jpg'
39.8016 	EXP 	unnamed ImageStim: size = array([1405, 1200])
39.8016 	EXP 	unnamed ImageStim: image = 'inks\\12.jpg'
39.8847 	EXP 	unnamed ImageStim: size = array([1405, 1200])
39.8847 	EXP 	unnamed ImageStim: image = 'inks\\12.jpg'
39.9679 	EXP 	unnamed ImageStim: size = array([1405, 1200])
39.9679 	EXP 	unnamed ImageStim: image = 'inks\\12.jpg'
40.0515 	EXP 	unnamed ImageStim: size = array([1405, 1200])
40.0515 	EXP 	unnamed ImageStim: image = 'inks\\12.jpg'
40.1346 	EXP 	unnamed ImageStim: size = array([1405, 1200])
40.1346 	EXP 	unnamed ImageStim: image = 'inks\\12.jpg'
40.2178 	EXP 	unnamed ImageStim: size = array([1405, 1200])
40.2178 	EXP 	unnamed ImageStim: image = 'inks\\12.jpg'
40.3181 	EXP 	unnamed ImageStim: size = array([1405, 1200])
40.3181 	EXP 	unnamed ImageStim: image = 'inks\\12.jpg'
40.4181 	EXP 	unnamed ImageStim: size = array([1405, 1200])
40.4181 	EXP 	unnamed ImageStim: image = 'inks\\12.jpg'
40.5019 	EXP 	unnamed ImageStim: size = array([1405, 1200])
40.5019 	EXP 	unnamed ImageStim: image = 'inks\\12.jpg'
40.5807 	DATA 	Keypress: right
40.6013 	EXP 	unnamed ImageStim: size = array([1405, 1200])
40.6013 	EXP 	unnamed ImageStim: image = 'inks\\12.jpg'
40.7346 	EXP 	unnamed ImageStim: size = array([1405, 1200])
40.7346 	EXP 	unnamed ImageStim: image = 'inks\\13.jpg'
40.8189 	EXP 	unnamed ImageStim: size = array([1405, 1200])
40.8189 	EXP 	unnamed ImageStim: image = 'inks\\13.jpg'
40.9182 	EXP 	unnamed ImageStim: size = array([1405, 1200])
40.9182 	EXP 	unnamed ImageStim: image = 'inks\\13.jpg'
41.0182 	EXP 	unnamed ImageStim: size = array([1405, 1200])
41.0182 	EXP 	unnamed ImageStim: image = 'inks\\13.jpg'
41.1182 	EXP 	unnamed ImageStim: size = array([1405, 1200])
41.1182 	EXP 	unnamed ImageStim: image = 'inks\\13.jpg'
41.2182 	EXP 	unnamed ImageStim: size = array([1405, 1200])
41.2182 	EXP 	unnamed ImageStim: image = 'inks\\13.jpg'
41.2970 	DATA 	Keypress: right
41.3182 	EXP 	unnamed ImageStim: size = array([1405, 1200])
41.3182 	EXP 	unnamed ImageStim: image = 'inks\\13.jpg'
41.4182 	EXP 	unnamed ImageStim: size = array([1405, 1200])
41.4182 	EXP 	unnamed ImageStim: image = 'inks\\14.jpg'
41.5028 	EXP 	unnamed ImageStim: size = array([1405, 1200])
41.5028 	EXP 	unnamed ImageStim: image = 'inks\\14.jpg'
41.6015 	EXP 	unnamed ImageStim: size = array([1405, 1200])
41.6015 	EXP 	unnamed ImageStim: image = 'inks\\14.jpg'
41.6846 	EXP 	unnamed ImageStim: size = array([1405, 1200])
41.6846 	EXP 	unnamed ImageStim: image = 'inks\\14.jpg'
41.7680 	EXP 	unnamed ImageStim: size = array([1405, 1200])
41.7680 	EXP 	unnamed ImageStim: image = 'inks\\14.jpg'
41.8409 	DATA 	Keypress: right
41.8515 	EXP 	unnamed ImageStim: size = array([1405, 1200])
41.8515 	EXP 	unnamed ImageStim: image = 'inks\\14.jpg'
41.9847 	EXP 	unnamed ImageStim: size = array([1405, 1200])
41.9847 	EXP 	unnamed ImageStim: image = 'inks\\15.jpg'
42.0847 	EXP 	unnamed ImageStim: size = array([1405, 1200])
42.0847 	EXP 	unnamed ImageStim: image = 'inks\\15.jpg'
42.1847 	EXP 	unnamed ImageStim: size = array([1405, 1200])
42.1847 	EXP 	unnamed ImageStim: image = 'inks\\15.jpg'
42.2848 	EXP 	unnamed ImageStim: size = array([1405, 1200])
42.2848 	EXP 	unnamed ImageStim: image = 'inks\\15.jpg'
42.3847 	EXP 	unnamed ImageStim: size = array([1405, 1200])
42.3847 	EXP 	unnamed ImageStim: image = 'inks\\15.jpg'
42.4848 	EXP 	unnamed ImageStim: size = array([1405, 1200])
42.4848 	EXP 	unnamed ImageStim: image = 'inks\\15.jpg'
42.5658 	DATA 	Keypress: right
42.5852 	EXP 	unnamed ImageStim: size = array([1405, 1200])
42.5852 	EXP 	unnamed ImageStim: image = 'inks\\15.jpg'
42.7218 	EXP 	Set  sound=fe\shake_nobreak.wav
42.7218 	EXP 	Sound  set loops 10
42.7223 	EXP 	Sound  started
42.7348 	EXP 	unnamed ImageStim: size = array([1405, 1200])
42.7348 	EXP 	unnamed ImageStim: image = 'inks\\16.jpg'
42.8348 	EXP 	unnamed ImageStim: size = array([1405, 1200])
42.8348 	EXP 	unnamed ImageStim: image = 'inks\\16.jpg'
42.9348 	EXP 	unnamed ImageStim: size = array([1405, 1200])
42.9348 	EXP 	unnamed ImageStim: image = 'inks\\16.jpg'
43.0349 	EXP 	unnamed ImageStim: size = array([1405, 1200])
43.0349 	EXP 	unnamed ImageStim: image = 'inks\\16.jpg'
43.1349 	EXP 	unnamed ImageStim: size = array([1405, 1200])
43.1349 	EXP 	unnamed ImageStim: image = 'inks\\16.jpg'
43.2350 	EXP 	unnamed ImageStim: size = array([1405, 1200])
43.2350 	EXP 	unnamed ImageStim: image = 'inks\\16.jpg'
43.3348 	EXP 	unnamed ImageStim: size = array([1405, 1200])
43.3348 	EXP 	unnamed ImageStim: image = 'inks\\16.jpg'
43.4348 	EXP 	unnamed ImageStim: size = array([1405, 1200])
43.4348 	EXP 	unnamed ImageStim: image = 'inks\\16.jpg'
43.5348 	EXP 	unnamed ImageStim: size = array([1405, 1200])
43.5348 	EXP 	unnamed ImageStim: image = 'inks\\16.jpg'
43.6348 	EXP 	unnamed ImageStim: size = array([1405, 1200])
43.6348 	EXP 	unnamed ImageStim: image = 'inks\\16.jpg'
43.7348 	EXP 	unnamed ImageStim: size = array([1405, 1200])
43.7348 	EXP 	unnamed ImageStim: image = 'inks\\16.jpg'
43.8348 	EXP 	unnamed ImageStim: size = array([1405, 1200])
43.8348 	EXP 	unnamed ImageStim: image = 'inks\\16.jpg'
43.9348 	EXP 	unnamed ImageStim: size = array([1405, 1200])
43.9348 	EXP 	unnamed ImageStim: image = 'inks\\16.jpg'
44.0348 	EXP 	unnamed ImageStim: size = array([1405, 1200])
44.0348 	EXP 	unnamed ImageStim: image = 'inks\\16.jpg'
44.1348 	EXP 	unnamed ImageStim: size = array([1405, 1200])
44.1348 	EXP 	unnamed ImageStim: image = 'inks\\16.jpg'
44.2349 	EXP 	unnamed ImageStim: size = array([1405, 1200])
44.2349 	EXP 	unnamed ImageStim: image = 'inks\\16.jpg'
44.3349 	EXP 	unnamed ImageStim: size = array([1405, 1200])
44.3349 	EXP 	unnamed ImageStim: image = 'inks\\16.jpg'
44.4349 	EXP 	unnamed ImageStim: size = array([1405, 1200])
44.4349 	EXP 	unnamed ImageStim: image = 'inks\\16.jpg'
44.5349 	EXP 	unnamed ImageStim: size = array([1405, 1200])
44.5349 	EXP 	unnamed ImageStim: image = 'inks\\16.jpg'
44.6349 	EXP 	unnamed ImageStim: size = array([1405, 1200])
44.6349 	EXP 	unnamed ImageStim: image = 'inks\\16.jpg'
44.7348 	EXP 	unnamed ImageStim: size = array([1405, 1200])
44.7348 	EXP 	unnamed ImageStim: image = 'inks\\16.jpg'
44.8348 	EXP 	unnamed ImageStim: size = array([1405, 1200])
44.8348 	EXP 	unnamed ImageStim: image = 'inks\\16.jpg'
44.9349 	EXP 	unnamed ImageStim: size = array([1405, 1200])
44.9349 	EXP 	unnamed ImageStim: image = 'inks\\16.jpg'
45.0349 	EXP 	unnamed ImageStim: size = array([1405, 1200])
45.0349 	EXP 	unnamed ImageStim: image = 'inks\\16.jpg'
45.1349 	EXP 	unnamed ImageStim: size = array([1405, 1200])
45.1349 	EXP 	unnamed ImageStim: image = 'inks\\16.jpg'
45.2349 	EXP 	unnamed ImageStim: size = array([1405, 1200])
45.2349 	EXP 	unnamed ImageStim: image = 'inks\\16.jpg'
45.3349 	EXP 	unnamed ImageStim: size = array([1405, 1200])
45.3349 	EXP 	unnamed ImageStim: image = 'inks\\16.jpg'
45.4349 	EXP 	unnamed ImageStim: size = array([1405, 1200])
45.4349 	EXP 	unnamed ImageStim: image = 'inks\\16.jpg'
45.5349 	EXP 	unnamed ImageStim: size = array([1405, 1200])
45.5349 	EXP 	unnamed ImageStim: image = 'inks\\16.jpg'
45.6349 	EXP 	unnamed ImageStim: size = array([1405, 1200])
45.6349 	EXP 	unnamed ImageStim: image = 'inks\\16.jpg'
45.7349 	EXP 	unnamed ImageStim: size = array([1405, 1200])
45.7349 	EXP 	unnamed ImageStim: image = 'inks\\16.jpg'
45.8349 	EXP 	unnamed ImageStim: size = array([1405, 1200])
45.8349 	EXP 	unnamed ImageStim: image = 'inks\\16.jpg'
45.9349 	EXP 	unnamed ImageStim: size = array([1405, 1200])
45.9349 	EXP 	unnamed ImageStim: image = 'inks\\16.jpg'
46.0348 	EXP 	unnamed ImageStim: size = array([1405, 1200])
46.0348 	EXP 	unnamed ImageStim: image = 'inks\\16.jpg'
46.1349 	EXP 	unnamed ImageStim: size = array([1405, 1200])
46.1349 	EXP 	unnamed ImageStim: image = 'inks\\16.jpg'
46.2349 	EXP 	unnamed ImageStim: size = array([1405, 1200])
46.2349 	EXP 	unnamed ImageStim: image = 'inks\\16.jpg'
46.3191 	EXP 	unnamed ImageStim: size = array([1405, 1200])
46.3191 	EXP 	unnamed ImageStim: image = 'inks\\16.jpg'
46.4182 	EXP 	unnamed ImageStim: size = array([1405, 1200])
46.4182 	EXP 	unnamed ImageStim: image = 'inks\\16.jpg'
46.5182 	EXP 	unnamed ImageStim: size = array([1405, 1200])
46.5182 	EXP 	unnamed ImageStim: image = 'inks\\16.jpg'
46.6030 	EXP 	unnamed ImageStim: size = array([1405, 1200])
46.6030 	EXP 	unnamed ImageStim: image = 'inks\\16.jpg'
46.7015 	EXP 	unnamed ImageStim: size = array([1405, 1200])
46.7015 	EXP 	unnamed ImageStim: image = 'inks\\16.jpg'
46.8016 	EXP 	unnamed ImageStim: size = array([1405, 1200])
46.8016 	EXP 	unnamed ImageStim: image = 'inks\\16.jpg'
46.8864 	EXP 	unnamed ImageStim: size = array([1405, 1200])
46.8864 	EXP 	unnamed ImageStim: image = 'inks\\16.jpg'
46.9849 	EXP 	unnamed ImageStim: size = array([1405, 1200])
46.9849 	EXP 	unnamed ImageStim: image = 'inks\\16.jpg'
47.0849 	EXP 	unnamed ImageStim: size = array([1405, 1200])
47.0849 	EXP 	unnamed ImageStim: image = 'inks\\16.jpg'
47.1849 	EXP 	unnamed ImageStim: size = array([1405, 1200])
47.1849 	EXP 	unnamed ImageStim: image = 'inks\\16.jpg'
47.2695 	EXP 	unnamed ImageStim: size = array([1405, 1200])
47.2695 	EXP 	unnamed ImageStim: image = 'inks\\16.jpg'
47.3682 	EXP 	unnamed ImageStim: size = array([1405, 1200])
47.3682 	EXP 	unnamed ImageStim: image = 'inks\\16.jpg'
47.4523 	EXP 	unnamed ImageStim: size = array([1405, 1200])
47.4523 	EXP 	unnamed ImageStim: image = 'inks\\16.jpg'
47.5375 	EXP 	unnamed ImageStim: size = array([1405, 1200])
47.5375 	EXP 	unnamed ImageStim: image = 'inks\\16.jpg'
47.6359 	EXP 	unnamed ImageStim: size = array([1405, 1200])
47.6359 	EXP 	unnamed ImageStim: image = 'inks\\16.jpg'
47.7190 	EXP 	unnamed ImageStim: size = array([1405, 1200])
47.7190 	EXP 	unnamed ImageStim: image = 'inks\\16.jpg'
47.8193 	EXP 	unnamed ImageStim: size = array([1405, 1200])
47.8193 	EXP 	unnamed ImageStim: image = 'inks\\16.jpg'
47.9192 	EXP 	unnamed ImageStim: size = array([1405, 1200])
47.9192 	EXP 	unnamed ImageStim: image = 'inks\\16.jpg'
48.0193 	EXP 	unnamed ImageStim: size = array([1405, 1200])
48.0193 	EXP 	unnamed ImageStim: image = 'inks\\16.jpg'
48.1192 	EXP 	unnamed ImageStim: size = array([1405, 1200])
48.1192 	EXP 	unnamed ImageStim: image = 'inks\\16.jpg'
48.2192 	EXP 	unnamed ImageStim: size = array([1405, 1200])
48.2192 	EXP 	unnamed ImageStim: image = 'inks\\16.jpg'
48.3192 	EXP 	unnamed ImageStim: size = array([1405, 1200])
48.3192 	EXP 	unnamed ImageStim: image = 'inks\\16.jpg'
48.4192 	EXP 	unnamed ImageStim: size = array([1405, 1200])
48.4192 	EXP 	unnamed ImageStim: image = 'inks\\16.jpg'
48.5192 	EXP 	unnamed ImageStim: size = array([1405, 1200])
48.5192 	EXP 	unnamed ImageStim: image = 'inks\\16.jpg'
48.6203 	EXP 	unnamed ImageStim: size = array([1405, 1200])
48.6203 	EXP 	unnamed ImageStim: image = 'inks\\16.jpg'
48.6205 	DATA 	Keypress: right
48.6206 	EXP 	Sound  stopped
48.7537 	EXP 	unnamed ImageStim: size = array([1405, 1200])
48.7537 	EXP 	unnamed ImageStim: image = 'inks\\17.jpg'
48.8372 	EXP 	unnamed ImageStim: size = array([1405, 1200])
48.8372 	EXP 	unnamed ImageStim: image = 'inks\\17.jpg'
48.9373 	EXP 	unnamed ImageStim: size = array([1405, 1200])
48.9373 	EXP 	unnamed ImageStim: image = 'inks\\17.jpg'
49.0373 	EXP 	unnamed ImageStim: size = array([1405, 1200])
49.0373 	EXP 	unnamed ImageStim: image = 'inks\\17.jpg'
49.1373 	EXP 	unnamed ImageStim: size = array([1405, 1200])
49.1373 	EXP 	unnamed ImageStim: image = 'inks\\17.jpg'
49.2221 	EXP 	unnamed ImageStim: size = array([1405, 1200])
49.2221 	EXP 	unnamed ImageStim: image = 'inks\\17.jpg'
49.3218 	EXP 	unnamed ImageStim: size = array([1405, 1200])
49.3218 	EXP 	unnamed ImageStim: image = 'inks\\17.jpg'
49.4218 	EXP 	unnamed ImageStim: size = array([1405, 1200])
49.4218 	EXP 	unnamed ImageStim: image = 'inks\\17.jpg'
49.5218 	EXP 	unnamed ImageStim: size = array([1405, 1200])
49.5218 	EXP 	unnamed ImageStim: image = 'inks\\17.jpg'
49.5220 	DATA 	Keypress: right
49.6726 	EXP 	Set  sound=fe\poke.wav
49.6727 	EXP 	Sound  set loops 10
49.6731 	EXP 	Sound  started
49.6885 	EXP 	unnamed ImageStim: size = array([1405, 1200])
49.6885 	EXP 	unnamed ImageStim: image = 'inks\\18.jpg'
49.7826 	EXP 	unnamed ImageStim: size = array([1405, 1200])
49.7826 	EXP 	unnamed ImageStim: image = 'inks\\18.jpg'
49.8828 	EXP 	unnamed ImageStim: size = array([1405, 1200])
49.8828 	EXP 	unnamed ImageStim: image = 'inks\\18.jpg'
49.9783 	EXP 	unnamed ImageStim: size = array([1405, 1200])
49.9783 	EXP 	unnamed ImageStim: image = 'inks\\18.jpg'
50.0790 	EXP 	unnamed ImageStim: size = array([1405, 1200])
50.0790 	EXP 	unnamed ImageStim: image = 'inks\\18.jpg'
50.1777 	EXP 	unnamed ImageStim: size = array([1405, 1200])
50.1777 	EXP 	unnamed ImageStim: image = 'inks\\18.jpg'
50.2791 	EXP 	unnamed ImageStim: size = array([1405, 1200])
50.2791 	EXP 	unnamed ImageStim: image = 'inks\\18.jpg'
50.3845 	EXP 	unnamed ImageStim: size = array([1405, 1200])
50.3845 	EXP 	unnamed ImageStim: image = 'inks\\18.jpg'
50.4795 	EXP 	unnamed ImageStim: size = array([1405, 1200])
50.4795 	EXP 	unnamed ImageStim: image = 'inks\\18.jpg'
50.5799 	EXP 	unnamed ImageStim: size = array([1405, 1200])
50.5799 	EXP 	unnamed ImageStim: image = 'inks\\18.jpg'
50.6792 	EXP 	unnamed ImageStim: size = array([1405, 1200])
50.6792 	EXP 	unnamed ImageStim: image = 'inks\\18.jpg'
50.7792 	EXP 	unnamed ImageStim: size = array([1405, 1200])
50.7792 	EXP 	unnamed ImageStim: image = 'inks\\18.jpg'
50.8799 	EXP 	unnamed ImageStim: size = array([1405, 1200])
50.8799 	EXP 	unnamed ImageStim: image = 'inks\\18.jpg'
50.9802 	EXP 	unnamed ImageStim: size = array([1405, 1200])
50.9802 	EXP 	unnamed ImageStim: image = 'inks\\18.jpg'
51.0784 	EXP 	unnamed ImageStim: size = array([1405, 1200])
51.0784 	EXP 	unnamed ImageStim: image = 'inks\\18.jpg'
51.1783 	EXP 	unnamed ImageStim: size = array([1405, 1200])
51.1783 	EXP 	unnamed ImageStim: image = 'inks\\18.jpg'
51.2785 	EXP 	unnamed ImageStim: size = array([1405, 1200])
51.2785 	EXP 	unnamed ImageStim: image = 'inks\\18.jpg'
51.3853 	EXP 	unnamed ImageStim: size = array([1405, 1200])
51.3853 	EXP 	unnamed ImageStim: image = 'inks\\18.jpg'
51.4782 	EXP 	unnamed ImageStim: size = array([1405, 1200])
51.4782 	EXP 	unnamed ImageStim: image = 'inks\\18.jpg'
51.5810 	EXP 	unnamed ImageStim: size = array([1405, 1200])
51.5810 	EXP 	unnamed ImageStim: image = 'inks\\18.jpg'
51.6786 	EXP 	unnamed ImageStim: size = array([1405, 1200])
51.6786 	EXP 	unnamed ImageStim: image = 'inks\\18.jpg'
51.7785 	EXP 	unnamed ImageStim: size = array([1405, 1200])
51.7785 	EXP 	unnamed ImageStim: image = 'inks\\18.jpg'
51.8784 	EXP 	unnamed ImageStim: size = array([1405, 1200])
51.8784 	EXP 	unnamed ImageStim: image = 'inks\\18.jpg'
51.8789 	DATA 	Keypress: right
51.8794 	EXP 	Sound  stopped
52.0238 	EXP 	unnamed ImageStim: size = array([1405, 1200])
52.0238 	EXP 	unnamed ImageStim: image = 'inks\\19.jpg'
52.1235 	EXP 	unnamed ImageStim: size = array([1405, 1200])
52.1235 	EXP 	unnamed ImageStim: image = 'inks\\19.jpg'
52.2081 	EXP 	unnamed ImageStim: size = array([1405, 1200])
52.2081 	EXP 	unnamed ImageStim: image = 'inks\\19.jpg'
52.3118 	EXP 	unnamed ImageStim: size = array([1405, 1200])
52.3118 	EXP 	unnamed ImageStim: image = 'inks\\19.jpg'
52.4116 	EXP 	unnamed ImageStim: size = array([1405, 1200])
52.4116 	EXP 	unnamed ImageStim: image = 'inks\\19.jpg'
52.5128 	EXP 	unnamed ImageStim: size = array([1405, 1200])
52.5128 	EXP 	unnamed ImageStim: image = 'inks\\19.jpg'
52.6133 	EXP 	unnamed ImageStim: size = array([1405, 1200])
52.6133 	EXP 	unnamed ImageStim: image = 'inks\\19.jpg'
52.6863 	DATA 	Keypress: right
52.7131 	EXP 	unnamed ImageStim: size = array([1405, 1200])
52.7131 	EXP 	unnamed ImageStim: image = 'inks\\19.jpg'
52.8456 	EXP 	unnamed ImageStim: size = array([1405, 1200])
52.8456 	EXP 	unnamed ImageStim: image = 'inks\\20.jpg'
52.9254 	EXP 	unnamed ImageStim: size = array([1405, 1200])
52.9254 	EXP 	unnamed ImageStim: image = 'inks\\20.jpg'
53.0069 	EXP 	unnamed ImageStim: size = array([1405, 1200])
53.0069 	EXP 	unnamed ImageStim: image = 'inks\\20.jpg'
53.1134 	EXP 	unnamed ImageStim: size = array([1405, 1200])
53.1134 	EXP 	unnamed ImageStim: image = 'inks\\20.jpg'
53.2125 	EXP 	unnamed ImageStim: size = array([1405, 1200])
53.2125 	EXP 	unnamed ImageStim: image = 'inks\\20.jpg'
53.3134 	EXP 	unnamed ImageStim: size = array([1405, 1200])
53.3134 	EXP 	unnamed ImageStim: image = 'inks\\20.jpg'
53.4133 	EXP 	unnamed ImageStim: size = array([1405, 1200])
53.4133 	EXP 	unnamed ImageStim: image = 'inks\\20.jpg'
53.4138 	DATA 	Keypress: right
53.5350 	EXP 	Set  sound=fe\poke.wav
53.5351 	EXP 	Sound  set loops 10
53.5355 	EXP 	Sound  started
53.5418 	EXP 	unnamed ImageStim: size = array([1405, 1200])
53.5418 	EXP 	unnamed ImageStim: image = 'inks\\21.jpg'
53.6454 	EXP 	unnamed ImageStim: size = array([1405, 1200])
53.6454 	EXP 	unnamed ImageStim: image = 'inks\\21.jpg'
53.7459 	EXP 	unnamed ImageStim: size = array([1405, 1200])
53.7459 	EXP 	unnamed ImageStim: image = 'inks\\21.jpg'
53.8253 	EXP 	unnamed ImageStim: size = array([1405, 1200])
53.8253 	EXP 	unnamed ImageStim: image = 'inks\\21.jpg'
53.9239 	EXP 	unnamed ImageStim: size = array([1405, 1200])
53.9239 	EXP 	unnamed ImageStim: image = 'inks\\21.jpg'
54.0083 	EXP 	unnamed ImageStim: size = array([1405, 1200])
54.0083 	EXP 	unnamed ImageStim: image = 'inks\\21.jpg'
54.1122 	EXP 	unnamed ImageStim: size = array([1405, 1200])
54.1122 	EXP 	unnamed ImageStim: image = 'inks\\21.jpg'
54.2112 	EXP 	unnamed ImageStim: size = array([1405, 1200])
54.2112 	EXP 	unnamed ImageStim: image = 'inks\\21.jpg'
54.2869 	DATA 	Keypress: right
54.3135 	EXP 	unnamed ImageStim: size = array([1405, 1200])
54.3135 	EXP 	unnamed ImageStim: image = 'inks\\21.jpg'
54.3139 	EXP 	Sound  stopped
54.4731 	EXP 	Set  sound=fe\tiktok.wav
54.4731 	EXP 	Sound  set loops 10
54.4737 	EXP 	Sound  started
54.4907 	EXP 	unnamed ImageStim: size = array([1405, 1200])
54.4907 	EXP 	unnamed ImageStim: image = 'inks\\22.jpg'
54.5906 	EXP 	unnamed ImageStim: size = array([1405, 1200])
54.5906 	EXP 	unnamed ImageStim: image = 'inks\\22.jpg'
54.6906 	EXP 	unnamed ImageStim: size = array([1405, 1200])
54.6906 	EXP 	unnamed ImageStim: image = 'inks\\22.jpg'
54.7906 	EXP 	unnamed ImageStim: size = array([1405, 1200])
54.7906 	EXP 	unnamed ImageStim: image = 'inks\\22.jpg'
54.8907 	EXP 	unnamed ImageStim: size = array([1405, 1200])
54.8907 	EXP 	unnamed ImageStim: image = 'inks\\22.jpg'
54.9906 	EXP 	unnamed ImageStim: size = array([1405, 1200])
54.9906 	EXP 	unnamed ImageStim: image = 'inks\\22.jpg'
55.0906 	EXP 	unnamed ImageStim: size = array([1405, 1200])
55.0906 	EXP 	unnamed ImageStim: image = 'inks\\22.jpg'
55.1907 	EXP 	unnamed ImageStim: size = array([1405, 1200])
55.1907 	EXP 	unnamed ImageStim: image = 'inks\\22.jpg'
55.2907 	EXP 	unnamed ImageStim: size = array([1405, 1200])
55.2907 	EXP 	unnamed ImageStim: image = 'inks\\22.jpg'
55.3907 	EXP 	unnamed ImageStim: size = array([1405, 1200])
55.3907 	EXP 	unnamed ImageStim: image = 'inks\\22.jpg'
55.4905 	EXP 	unnamed ImageStim: size = array([1405, 1200])
55.4905 	EXP 	unnamed ImageStim: image = 'inks\\22.jpg'
55.5905 	EXP 	unnamed ImageStim: size = array([1405, 1200])
55.5905 	EXP 	unnamed ImageStim: image = 'inks\\22.jpg'
55.6905 	EXP 	unnamed ImageStim: size = array([1405, 1200])
55.6905 	EXP 	unnamed ImageStim: image = 'inks\\22.jpg'
55.7906 	EXP 	unnamed ImageStim: size = array([1405, 1200])
55.7906 	EXP 	unnamed ImageStim: image = 'inks\\22.jpg'
55.8906 	EXP 	unnamed ImageStim: size = array([1405, 1200])
55.8906 	EXP 	unnamed ImageStim: image = 'inks\\22.jpg'
55.9906 	EXP 	unnamed ImageStim: size = array([1405, 1200])
55.9906 	EXP 	unnamed ImageStim: image = 'inks\\22.jpg'
56.0906 	EXP 	unnamed ImageStim: size = array([1405, 1200])
56.0906 	EXP 	unnamed ImageStim: image = 'inks\\22.jpg'
56.1906 	EXP 	unnamed ImageStim: size = array([1405, 1200])
56.1906 	EXP 	unnamed ImageStim: image = 'inks\\22.jpg'
56.2906 	EXP 	unnamed ImageStim: size = array([1405, 1200])
56.2906 	EXP 	unnamed ImageStim: image = 'inks\\22.jpg'
56.3906 	EXP 	unnamed ImageStim: size = array([1405, 1200])
56.3906 	EXP 	unnamed ImageStim: image = 'inks\\22.jpg'
56.4906 	EXP 	unnamed ImageStim: size = array([1405, 1200])
56.4906 	EXP 	unnamed ImageStim: image = 'inks\\22.jpg'
56.5906 	EXP 	unnamed ImageStim: size = array([1405, 1200])
56.5906 	EXP 	unnamed ImageStim: image = 'inks\\22.jpg'
56.6906 	EXP 	unnamed ImageStim: size = array([1405, 1200])
56.6906 	EXP 	unnamed ImageStim: image = 'inks\\22.jpg'
56.7906 	EXP 	unnamed ImageStim: size = array([1405, 1200])
56.7906 	EXP 	unnamed ImageStim: image = 'inks\\22.jpg'
56.8906 	EXP 	unnamed ImageStim: size = array([1405, 1200])
56.8906 	EXP 	unnamed ImageStim: image = 'inks\\22.jpg'
56.9906 	EXP 	unnamed ImageStim: size = array([1405, 1200])
56.9906 	EXP 	unnamed ImageStim: image = 'inks\\22.jpg'
57.0906 	EXP 	unnamed ImageStim: size = array([1405, 1200])
57.0906 	EXP 	unnamed ImageStim: image = 'inks\\22.jpg'
57.1905 	EXP 	unnamed ImageStim: size = array([1405, 1200])
57.1905 	EXP 	unnamed ImageStim: image = 'inks\\22.jpg'
57.2906 	EXP 	unnamed ImageStim: size = array([1405, 1200])
57.2906 	EXP 	unnamed ImageStim: image = 'inks\\22.jpg'
57.3906 	EXP 	unnamed ImageStim: size = array([1405, 1200])
57.3906 	EXP 	unnamed ImageStim: image = 'inks\\22.jpg'
57.4906 	EXP 	unnamed ImageStim: size = array([1405, 1200])
57.4906 	EXP 	unnamed ImageStim: image = 'inks\\22.jpg'
57.5906 	EXP 	unnamed ImageStim: size = array([1405, 1200])
57.5906 	EXP 	unnamed ImageStim: image = 'inks\\22.jpg'
57.6906 	EXP 	unnamed ImageStim: size = array([1405, 1200])
57.6906 	EXP 	unnamed ImageStim: image = 'inks\\22.jpg'
57.7906 	EXP 	unnamed ImageStim: size = array([1405, 1200])
57.7906 	EXP 	unnamed ImageStim: image = 'inks\\22.jpg'
57.9125 	EXP 	unnamed ImageStim: size = array([1405, 1200])
57.9125 	EXP 	unnamed ImageStim: image = 'inks\\22.jpg'
58.0119 	EXP 	unnamed ImageStim: size = array([1405, 1200])
58.0119 	EXP 	unnamed ImageStim: image = 'inks\\22.jpg'
58.1123 	EXP 	unnamed ImageStim: size = array([1405, 1200])
58.1123 	EXP 	unnamed ImageStim: image = 'inks\\22.jpg'
58.2121 	EXP 	unnamed ImageStim: size = array([1405, 1200])
58.2121 	EXP 	unnamed ImageStim: image = 'inks\\22.jpg'
58.3122 	EXP 	unnamed ImageStim: size = array([1405, 1200])
58.3122 	EXP 	unnamed ImageStim: image = 'inks\\22.jpg'
58.4122 	EXP 	unnamed ImageStim: size = array([1405, 1200])
58.4122 	EXP 	unnamed ImageStim: image = 'inks\\22.jpg'
58.5131 	EXP 	unnamed ImageStim: size = array([1405, 1200])
58.5131 	EXP 	unnamed ImageStim: image = 'inks\\22.jpg'
58.6123 	EXP 	unnamed ImageStim: size = array([1405, 1200])
58.6123 	EXP 	unnamed ImageStim: image = 'inks\\22.jpg'
58.7123 	EXP 	unnamed ImageStim: size = array([1405, 1200])
58.7123 	EXP 	unnamed ImageStim: image = 'inks\\22.jpg'
58.8124 	EXP 	unnamed ImageStim: size = array([1405, 1200])
58.8124 	EXP 	unnamed ImageStim: image = 'inks\\22.jpg'
58.9138 	EXP 	unnamed ImageStim: size = array([1405, 1200])
58.9138 	EXP 	unnamed ImageStim: image = 'inks\\22.jpg'
59.0147 	EXP 	unnamed ImageStim: size = array([1405, 1200])
59.0147 	EXP 	unnamed ImageStim: image = 'inks\\22.jpg'
59.1076 	EXP 	unnamed ImageStim: size = array([1405, 1200])
59.1076 	EXP 	unnamed ImageStim: image = 'inks\\22.jpg'
59.2073 	EXP 	unnamed ImageStim: size = array([1405, 1200])
59.2073 	EXP 	unnamed ImageStim: image = 'inks\\22.jpg'
59.3124 	EXP 	unnamed ImageStim: size = array([1405, 1200])
59.3124 	EXP 	unnamed ImageStim: image = 'inks\\22.jpg'
59.4122 	EXP 	unnamed ImageStim: size = array([1405, 1200])
59.4122 	EXP 	unnamed ImageStim: image = 'inks\\22.jpg'
59.5139 	EXP 	unnamed ImageStim: size = array([1405, 1200])
59.5139 	EXP 	unnamed ImageStim: image = 'inks\\22.jpg'
59.6122 	EXP 	unnamed ImageStim: size = array([1405, 1200])
59.6122 	EXP 	unnamed ImageStim: image = 'inks\\22.jpg'
59.7129 	EXP 	unnamed ImageStim: size = array([1405, 1200])
59.7129 	EXP 	unnamed ImageStim: image = 'inks\\22.jpg'
59.8126 	EXP 	unnamed ImageStim: size = array([1405, 1200])
59.8126 	EXP 	unnamed ImageStim: image = 'inks\\22.jpg'
59.9125 	EXP 	unnamed ImageStim: size = array([1405, 1200])
59.9125 	EXP 	unnamed ImageStim: image = 'inks\\22.jpg'
60.0124 	EXP 	unnamed ImageStim: size = array([1405, 1200])
60.0124 	EXP 	unnamed ImageStim: image = 'inks\\22.jpg'
60.1073 	EXP 	unnamed ImageStim: size = array([1405, 1200])
60.1073 	EXP 	unnamed ImageStim: image = 'inks\\22.jpg'
60.2130 	EXP 	unnamed ImageStim: size = array([1405, 1200])
60.2130 	EXP 	unnamed ImageStim: image = 'inks\\22.jpg'
60.3130 	EXP 	unnamed ImageStim: size = array([1405, 1200])
60.3130 	EXP 	unnamed ImageStim: image = 'inks\\22.jpg'
60.4128 	EXP 	unnamed ImageStim: size = array([1405, 1200])
60.4128 	EXP 	unnamed ImageStim: image = 'inks\\22.jpg'
60.5126 	EXP 	unnamed ImageStim: size = array([1405, 1200])
60.5126 	EXP 	unnamed ImageStim: image = 'inks\\22.jpg'
60.6139 	EXP 	unnamed ImageStim: size = array([1405, 1200])
60.6139 	EXP 	unnamed ImageStim: image = 'inks\\22.jpg'
60.7130 	EXP 	unnamed ImageStim: size = array([1405, 1200])
60.7130 	EXP 	unnamed ImageStim: image = 'inks\\22.jpg'
60.8135 	EXP 	unnamed ImageStim: size = array([1405, 1200])
60.8135 	EXP 	unnamed ImageStim: image = 'inks\\22.jpg'
60.9128 	EXP 	unnamed ImageStim: size = array([1405, 1200])
60.9128 	EXP 	unnamed ImageStim: image = 'inks\\22.jpg'
61.0141 	EXP 	unnamed ImageStim: size = array([1405, 1200])
61.0141 	EXP 	unnamed ImageStim: image = 'inks\\22.jpg'
61.1075 	EXP 	unnamed ImageStim: size = array([1405, 1200])
61.1075 	EXP 	unnamed ImageStim: image = 'inks\\22.jpg'
61.2131 	EXP 	unnamed ImageStim: size = array([1405, 1200])
61.2131 	EXP 	unnamed ImageStim: image = 'inks\\22.jpg'
61.3126 	EXP 	unnamed ImageStim: size = array([1405, 1200])
61.3126 	EXP 	unnamed ImageStim: image = 'inks\\22.jpg'
61.4126 	EXP 	unnamed ImageStim: size = array([1405, 1200])
61.4126 	EXP 	unnamed ImageStim: image = 'inks\\22.jpg'
61.5130 	EXP 	unnamed ImageStim: size = array([1405, 1200])
61.5130 	EXP 	unnamed ImageStim: image = 'inks\\22.jpg'
61.6121 	EXP 	unnamed ImageStim: size = array([1405, 1200])
61.6121 	EXP 	unnamed ImageStim: image = 'inks\\22.jpg'
61.7129 	EXP 	unnamed ImageStim: size = array([1405, 1200])
61.7129 	EXP 	unnamed ImageStim: image = 'inks\\22.jpg'
61.8129 	EXP 	unnamed ImageStim: size = array([1405, 1200])
61.8129 	EXP 	unnamed ImageStim: image = 'inks\\22.jpg'
61.9126 	EXP 	unnamed ImageStim: size = array([1405, 1200])
61.9126 	EXP 	unnamed ImageStim: image = 'inks\\22.jpg'
62.0129 	EXP 	unnamed ImageStim: size = array([1405, 1200])
62.0129 	EXP 	unnamed ImageStim: image = 'inks\\22.jpg'
62.1140 	EXP 	unnamed ImageStim: size = array([1405, 1200])
62.1140 	EXP 	unnamed ImageStim: image = 'inks\\22.jpg'
62.1953 	DATA 	Keypress: right
62.2139 	EXP 	unnamed ImageStim: size = array([1405, 1200])
62.2139 	EXP 	unnamed ImageStim: image = 'inks\\22.jpg'
62.2143 	EXP 	Sound  stopped
62.3404 	EXP 	unnamed ImageStim: size = array([1405, 1200])
62.3404 	EXP 	unnamed ImageStim: image = 'inks\\23.jpg'
62.4406 	EXP 	unnamed ImageStim: size = array([1405, 1200])
62.4406 	EXP 	unnamed ImageStim: image = 'inks\\23.jpg'
62.5473 	EXP 	unnamed ImageStim: size = array([1405, 1200])
62.5473 	EXP 	unnamed ImageStim: image = 'inks\\23.jpg'
62.6467 	EXP 	unnamed ImageStim: size = array([1405, 1200])
62.6467 	EXP 	unnamed ImageStim: image = 'inks\\23.jpg'
62.7462 	EXP 	unnamed ImageStim: size = array([1405, 1200])
62.7462 	EXP 	unnamed ImageStim: image = 'inks\\23.jpg'
62.8468 	EXP 	unnamed ImageStim: size = array([1405, 1200])
62.8468 	EXP 	unnamed ImageStim: image = 'inks\\23.jpg'
62.9466 	EXP 	unnamed ImageStim: size = array([1405, 1200])
62.9466 	EXP 	unnamed ImageStim: image = 'inks\\23.jpg'
62.9470 	DATA 	Keypress: right
63.0907 	EXP 	unnamed ImageStim: size = array([1405, 1200])
63.0907 	EXP 	unnamed ImageStim: image = 'inks\\24.jpg'
63.1907 	EXP 	unnamed ImageStim: size = array([1405, 1200])
63.1907 	EXP 	unnamed ImageStim: image = 'inks\\24.jpg'
63.2906 	EXP 	unnamed ImageStim: size = array([1405, 1200])
63.2906 	EXP 	unnamed ImageStim: image = 'inks\\24.jpg'
63.3907 	EXP 	unnamed ImageStim: size = array([1405, 1200])
63.3907 	EXP 	unnamed ImageStim: image = 'inks\\24.jpg'
63.4907 	EXP 	unnamed ImageStim: size = array([1405, 1200])
63.4907 	EXP 	unnamed ImageStim: image = 'inks\\24.jpg'
63.5907 	EXP 	unnamed ImageStim: size = array([1405, 1200])
63.5907 	EXP 	unnamed ImageStim: image = 'inks\\24.jpg'
63.6719 	DATA 	Keypress: right
63.6907 	EXP 	unnamed ImageStim: size = array([1405, 1200])
63.6907 	EXP 	unnamed ImageStim: image = 'inks\\24.jpg'
63.8239 	EXP 	unnamed ImageStim: size = array([1405, 1200])
63.8239 	EXP 	unnamed ImageStim: image = 'inks\\25.jpg'
63.9240 	EXP 	unnamed ImageStim: size = array([1405, 1200])
63.9240 	EXP 	unnamed ImageStim: image = 'inks\\25.jpg'
64.0240 	EXP 	unnamed ImageStim: size = array([1405, 1200])
64.0240 	EXP 	unnamed ImageStim: image = 'inks\\25.jpg'
64.1240 	EXP 	unnamed ImageStim: size = array([1405, 1200])
64.1240 	EXP 	unnamed ImageStim: image = 'inks\\25.jpg'
64.2239 	EXP 	unnamed ImageStim: size = array([1405, 1200])
64.2239 	EXP 	unnamed ImageStim: image = 'inks\\25.jpg'
64.3240 	EXP 	unnamed ImageStim: size = array([1405, 1200])
64.3240 	EXP 	unnamed ImageStim: image = 'inks\\25.jpg'
64.4240 	EXP 	unnamed ImageStim: size = array([1405, 1200])
64.4240 	EXP 	unnamed ImageStim: image = 'inks\\25.jpg'
64.5108 	DATA 	Keypress: right
64.5240 	EXP 	unnamed ImageStim: size = array([1405, 1200])
64.5240 	EXP 	unnamed ImageStim: image = 'inks\\25.jpg'
64.6570 	EXP 	Set  sound=fe\rain.wav
64.6570 	EXP 	Sound  set loops 10
64.6576 	EXP 	Sound  started
64.6798 	EXP 	unnamed ImageStim: size = array([1405, 1200])
64.6798 	EXP 	unnamed ImageStim: image = 'inks\\26.jpg'
64.7838 	EXP 	unnamed ImageStim: size = array([1405, 1200])
64.7838 	EXP 	unnamed ImageStim: image = 'inks\\26.jpg'
64.8804 	EXP 	unnamed ImageStim: size = array([1405, 1200])
64.8804 	EXP 	unnamed ImageStim: image = 'inks\\26.jpg'
64.9807 	EXP 	unnamed ImageStim: size = array([1405, 1200])
64.9807 	EXP 	unnamed ImageStim: image = 'inks\\26.jpg'
65.0812 	EXP 	unnamed ImageStim: size = array([1405, 1200])
65.0812 	EXP 	unnamed ImageStim: image = 'inks\\26.jpg'
65.1803 	EXP 	unnamed ImageStim: size = array([1405, 1200])
65.1803 	EXP 	unnamed ImageStim: image = 'inks\\26.jpg'
65.2804 	EXP 	unnamed ImageStim: size = array([1405, 1200])
65.2804 	EXP 	unnamed ImageStim: image = 'inks\\26.jpg'
65.3573 	DATA 	Keypress: right
65.3797 	EXP 	unnamed ImageStim: size = array([1405, 1200])
65.3797 	EXP 	unnamed ImageStim: image = 'inks\\26.jpg'
65.3803 	EXP 	Sound  stopped
65.4796 	EXP 	unnamed ImageStim: size = array([1405, 1200])
65.4796 	EXP 	unnamed ImageStim: image = 'inks\\27.jpg'
65.5794 	EXP 	unnamed ImageStim: size = array([1405, 1200])
65.5794 	EXP 	unnamed ImageStim: image = 'inks\\27.jpg'
65.6819 	EXP 	unnamed ImageStim: size = array([1405, 1200])
65.6819 	EXP 	unnamed ImageStim: image = 'inks\\27.jpg'
65.7800 	EXP 	unnamed ImageStim: size = array([1405, 1200])
65.7800 	EXP 	unnamed ImageStim: image = 'inks\\27.jpg'
65.8796 	EXP 	unnamed ImageStim: size = array([1405, 1200])
65.8796 	EXP 	unnamed ImageStim: image = 'inks\\27.jpg'
65.9796 	EXP 	unnamed ImageStim: size = array([1405, 1200])
65.9796 	EXP 	unnamed ImageStim: image = 'inks\\27.jpg'
66.0856 	EXP 	unnamed ImageStim: size = array([1405, 1200])
66.0856 	EXP 	unnamed ImageStim: image = 'inks\\27.jpg'
66.0858 	DATA 	Keypress: right
66.2209 	EXP 	Set  sound=fe\heartbeat.wav
66.2209 	EXP 	Sound  set loops 10
66.2215 	EXP 	Sound  started
66.2463 	EXP 	unnamed ImageStim: size = array([1405, 1200])
66.2463 	EXP 	unnamed ImageStim: image = 'inks\\28.jpg'
66.3461 	EXP 	unnamed ImageStim: size = array([1405, 1200])
66.3461 	EXP 	unnamed ImageStim: image = 'inks\\28.jpg'
66.4464 	EXP 	unnamed ImageStim: size = array([1405, 1200])
66.4464 	EXP 	unnamed ImageStim: image = 'inks\\28.jpg'
66.5457 	EXP 	unnamed ImageStim: size = array([1405, 1200])
66.5457 	EXP 	unnamed ImageStim: image = 'inks\\28.jpg'
66.6458 	EXP 	unnamed ImageStim: size = array([1405, 1200])
66.6458 	EXP 	unnamed ImageStim: image = 'inks\\28.jpg'
66.7488 	EXP 	unnamed ImageStim: size = array([1405, 1200])
66.7488 	EXP 	unnamed ImageStim: image = 'inks\\28.jpg'
66.8273 	DATA 	Keypress: right
66.8474 	EXP 	unnamed ImageStim: size = array([1405, 1200])
66.8474 	EXP 	unnamed ImageStim: image = 'inks\\28.jpg'
66.8478 	EXP 	Sound  stopped
66.9574 	EXP 	unnamed ImageStim: size = array([1405, 1200])
66.9574 	EXP 	unnamed ImageStim: image = 'inks\\29.jpg'
67.0408 	EXP 	unnamed ImageStim: size = array([1405, 1200])
67.0408 	EXP 	unnamed ImageStim: image = 'inks\\29.jpg'
67.1458 	EXP 	unnamed ImageStim: size = array([1405, 1200])
67.1458 	EXP 	unnamed ImageStim: image = 'inks\\29.jpg'
67.2461 	EXP 	unnamed ImageStim: size = array([1405, 1200])
67.2461 	EXP 	unnamed ImageStim: image = 'inks\\29.jpg'
67.3480 	EXP 	unnamed ImageStim: size = array([1405, 1200])
67.3480 	EXP 	unnamed ImageStim: image = 'inks\\29.jpg'
67.4474 	EXP 	unnamed ImageStim: size = array([1405, 1200])
67.4474 	EXP 	unnamed ImageStim: image = 'inks\\29.jpg'
67.5465 	EXP 	unnamed ImageStim: size = array([1405, 1200])
67.5465 	EXP 	unnamed ImageStim: image = 'inks\\29.jpg'
67.6466 	EXP 	unnamed ImageStim: size = array([1405, 1200])
67.6466 	EXP 	unnamed ImageStim: image = 'inks\\29.jpg'
67.7468 	EXP 	unnamed ImageStim: size = array([1405, 1200])
67.7468 	EXP 	unnamed ImageStim: image = 'inks\\29.jpg'
67.8470 	EXP 	unnamed ImageStim: size = array([1405, 1200])
67.8470 	EXP 	unnamed ImageStim: image = 'inks\\29.jpg'
67.9243 	DATA 	Keypress: left
67.9485 	EXP 	unnamed ImageStim: size = array([1405, 1200])
67.9485 	EXP 	unnamed ImageStim: image = 'inks\\29.jpg'
68.0300 	EXP 	Set  sound=fe\heartbeat.wav
68.0300 	EXP 	Sound  set loops 10
68.0304 	EXP 	Sound  started
68.0472 	EXP 	unnamed ImageStim: size = array([1405, 1200])
68.0472 	EXP 	unnamed ImageStim: image = 'inks\\28.jpg'
68.1474 	EXP 	unnamed ImageStim: size = array([1405, 1200])
68.1474 	EXP 	unnamed ImageStim: image = 'inks\\28.jpg'
68.2464 	EXP 	unnamed ImageStim: size = array([1405, 1200])
68.2464 	EXP 	unnamed ImageStim: image = 'inks\\28.jpg'
68.3463 	EXP 	unnamed ImageStim: size = array([1405, 1200])
68.3463 	EXP 	unnamed ImageStim: image = 'inks\\28.jpg'
68.4462 	EXP 	unnamed ImageStim: size = array([1405, 1200])
68.4462 	EXP 	unnamed ImageStim: image = 'inks\\28.jpg'
68.5481 	EXP 	unnamed ImageStim: size = array([1405, 1200])
68.5481 	EXP 	unnamed ImageStim: image = 'inks\\28.jpg'
68.6475 	EXP 	unnamed ImageStim: size = array([1405, 1200])
68.6475 	EXP 	unnamed ImageStim: image = 'inks\\28.jpg'
68.7466 	EXP 	unnamed ImageStim: size = array([1405, 1200])
68.7466 	EXP 	unnamed ImageStim: image = 'inks\\28.jpg'
68.8457 	EXP 	unnamed ImageStim: size = array([1405, 1200])
68.8457 	EXP 	unnamed ImageStim: image = 'inks\\28.jpg'
68.9465 	EXP 	unnamed ImageStim: size = array([1405, 1200])
68.9465 	EXP 	unnamed ImageStim: image = 'inks\\28.jpg'
69.0460 	EXP 	unnamed ImageStim: size = array([1405, 1200])
69.0460 	EXP 	unnamed ImageStim: image = 'inks\\28.jpg'
69.1469 	EXP 	unnamed ImageStim: size = array([1405, 1200])
69.1469 	EXP 	unnamed ImageStim: image = 'inks\\28.jpg'
69.2465 	EXP 	unnamed ImageStim: size = array([1405, 1200])
69.2465 	EXP 	unnamed ImageStim: image = 'inks\\28.jpg'
69.3467 	EXP 	unnamed ImageStim: size = array([1405, 1200])
69.3467 	EXP 	unnamed ImageStim: image = 'inks\\28.jpg'
69.4459 	EXP 	unnamed ImageStim: size = array([1405, 1200])
69.4459 	EXP 	unnamed ImageStim: image = 'inks\\28.jpg'
69.5466 	EXP 	unnamed ImageStim: size = array([1405, 1200])
69.5466 	EXP 	unnamed ImageStim: image = 'inks\\28.jpg'
69.6466 	EXP 	unnamed ImageStim: size = array([1405, 1200])
69.6466 	EXP 	unnamed ImageStim: image = 'inks\\28.jpg'
69.7484 	EXP 	unnamed ImageStim: size = array([1405, 1200])
69.7484 	EXP 	unnamed ImageStim: image = 'inks\\28.jpg'
69.8480 	EXP 	unnamed ImageStim: size = array([1405, 1200])
69.8480 	EXP 	unnamed ImageStim: image = 'inks\\28.jpg'
69.9472 	EXP 	unnamed ImageStim: size = array([1405, 1200])
69.9472 	EXP 	unnamed ImageStim: image = 'inks\\28.jpg'
70.0481 	EXP 	unnamed ImageStim: size = array([1405, 1200])
70.0481 	EXP 	unnamed ImageStim: image = 'inks\\28.jpg'
70.1466 	EXP 	unnamed ImageStim: size = array([1405, 1200])
70.1466 	EXP 	unnamed ImageStim: image = 'inks\\28.jpg'
70.2474 	EXP 	unnamed ImageStim: size = array([1405, 1200])
70.2474 	EXP 	unnamed ImageStim: image = 'inks\\28.jpg'
70.3469 	EXP 	unnamed ImageStim: size = array([1405, 1200])
70.3469 	EXP 	unnamed ImageStim: image = 'inks\\28.jpg'
70.4483 	EXP 	unnamed ImageStim: size = array([1405, 1200])
70.4483 	EXP 	unnamed ImageStim: image = 'inks\\28.jpg'
70.5463 	EXP 	unnamed ImageStim: size = array([1405, 1200])
70.5463 	EXP 	unnamed ImageStim: image = 'inks\\28.jpg'
70.6469 	EXP 	unnamed ImageStim: size = array([1405, 1200])
70.6469 	EXP 	unnamed ImageStim: image = 'inks\\28.jpg'
70.7469 	EXP 	unnamed ImageStim: size = array([1405, 1200])
70.7469 	EXP 	unnamed ImageStim: image = 'inks\\28.jpg'
70.8468 	EXP 	unnamed ImageStim: size = array([1405, 1200])
70.8468 	EXP 	unnamed ImageStim: image = 'inks\\28.jpg'
70.9495 	EXP 	unnamed ImageStim: size = array([1405, 1200])
70.9495 	EXP 	unnamed ImageStim: image = 'inks\\28.jpg'
71.0460 	EXP 	unnamed ImageStim: size = array([1405, 1200])
71.0460 	EXP 	unnamed ImageStim: image = 'inks\\28.jpg'
71.1465 	EXP 	unnamed ImageStim: size = array([1405, 1200])
71.1465 	EXP 	unnamed ImageStim: image = 'inks\\28.jpg'
71.2469 	EXP 	unnamed ImageStim: size = array([1405, 1200])
71.2469 	EXP 	unnamed ImageStim: image = 'inks\\28.jpg'
71.3489 	EXP 	unnamed ImageStim: size = array([1405, 1200])
71.3489 	EXP 	unnamed ImageStim: image = 'inks\\28.jpg'
71.4482 	EXP 	unnamed ImageStim: size = array([1405, 1200])
71.4482 	EXP 	unnamed ImageStim: image = 'inks\\28.jpg'
71.5472 	EXP 	unnamed ImageStim: size = array([1405, 1200])
71.5472 	EXP 	unnamed ImageStim: image = 'inks\\28.jpg'
71.6464 	EXP 	unnamed ImageStim: size = array([1405, 1200])
71.6464 	EXP 	unnamed ImageStim: image = 'inks\\28.jpg'
71.7464 	EXP 	unnamed ImageStim: size = array([1405, 1200])
71.7464 	EXP 	unnamed ImageStim: image = 'inks\\28.jpg'
71.8468 	EXP 	unnamed ImageStim: size = array([1405, 1200])
71.8468 	EXP 	unnamed ImageStim: image = 'inks\\28.jpg'
71.9474 	EXP 	unnamed ImageStim: size = array([1405, 1200])
71.9474 	EXP 	unnamed ImageStim: image = 'inks\\28.jpg'
72.0257 	EXP 	unnamed ImageStim: size = array([1405, 1200])
72.0257 	EXP 	unnamed ImageStim: image = 'inks\\28.jpg'
72.1245 	EXP 	unnamed ImageStim: size = array([1405, 1200])
72.1245 	EXP 	unnamed ImageStim: image = 'inks\\28.jpg'
72.2245 	EXP 	unnamed ImageStim: size = array([1405, 1200])
72.2245 	EXP 	unnamed ImageStim: image = 'inks\\28.jpg'
72.3245 	EXP 	unnamed ImageStim: size = array([1405, 1200])
72.3245 	EXP 	unnamed ImageStim: image = 'inks\\28.jpg'
72.4090 	EXP 	unnamed ImageStim: size = array([1405, 1200])
72.4090 	EXP 	unnamed ImageStim: image = 'inks\\28.jpg'
72.5146 	EXP 	unnamed ImageStim: size = array([1405, 1200])
72.5146 	EXP 	unnamed ImageStim: image = 'inks\\28.jpg'
72.6130 	EXP 	unnamed ImageStim: size = array([1405, 1200])
72.6130 	EXP 	unnamed ImageStim: image = 'inks\\28.jpg'
72.7131 	EXP 	unnamed ImageStim: size = array([1405, 1200])
72.7131 	EXP 	unnamed ImageStim: image = 'inks\\28.jpg'
72.8134 	EXP 	unnamed ImageStim: size = array([1405, 1200])
72.8134 	EXP 	unnamed ImageStim: image = 'inks\\28.jpg'
72.9152 	EXP 	unnamed ImageStim: size = array([1405, 1200])
72.9152 	EXP 	unnamed ImageStim: image = 'inks\\28.jpg'
73.0128 	EXP 	unnamed ImageStim: size = array([1405, 1200])
73.0128 	EXP 	unnamed ImageStim: image = 'inks\\28.jpg'
73.1133 	EXP 	unnamed ImageStim: size = array([1405, 1200])
73.1133 	EXP 	unnamed ImageStim: image = 'inks\\28.jpg'
73.2131 	EXP 	unnamed ImageStim: size = array([1405, 1200])
73.2131 	EXP 	unnamed ImageStim: image = 'inks\\28.jpg'
73.3153 	EXP 	unnamed ImageStim: size = array([1405, 1200])
73.3153 	EXP 	unnamed ImageStim: image = 'inks\\28.jpg'
73.4135 	EXP 	unnamed ImageStim: size = array([1405, 1200])
73.4135 	EXP 	unnamed ImageStim: image = 'inks\\28.jpg'
73.5127 	EXP 	unnamed ImageStim: size = array([1405, 1200])
73.5127 	EXP 	unnamed ImageStim: image = 'inks\\28.jpg'
73.6132 	EXP 	unnamed ImageStim: size = array([1405, 1200])
73.6132 	EXP 	unnamed ImageStim: image = 'inks\\28.jpg'
73.7130 	EXP 	unnamed ImageStim: size = array([1405, 1200])
73.7130 	EXP 	unnamed ImageStim: image = 'inks\\28.jpg'
73.8136 	EXP 	unnamed ImageStim: size = array([1405, 1200])
73.8136 	EXP 	unnamed ImageStim: image = 'inks\\28.jpg'
73.9142 	EXP 	unnamed ImageStim: size = array([1405, 1200])
73.9142 	EXP 	unnamed ImageStim: image = 'inks\\28.jpg'
74.0134 	EXP 	unnamed ImageStim: size = array([1405, 1200])
74.0134 	EXP 	unnamed ImageStim: image = 'inks\\28.jpg'
74.1131 	EXP 	unnamed ImageStim: size = array([1405, 1200])
74.1131 	EXP 	unnamed ImageStim: image = 'inks\\28.jpg'
74.2129 	EXP 	unnamed ImageStim: size = array([1405, 1200])
74.2129 	EXP 	unnamed ImageStim: image = 'inks\\28.jpg'
74.3142 	EXP 	unnamed ImageStim: size = array([1405, 1200])
74.3142 	EXP 	unnamed ImageStim: image = 'inks\\28.jpg'
74.4145 	EXP 	unnamed ImageStim: size = array([1405, 1200])
74.4145 	EXP 	unnamed ImageStim: image = 'inks\\28.jpg'
74.5148 	EXP 	unnamed ImageStim: size = array([1405, 1200])
74.5148 	EXP 	unnamed ImageStim: image = 'inks\\28.jpg'
74.6141 	EXP 	unnamed ImageStim: size = array([1405, 1200])
74.6141 	EXP 	unnamed ImageStim: image = 'inks\\28.jpg'
74.7140 	EXP 	unnamed ImageStim: size = array([1405, 1200])
74.7140 	EXP 	unnamed ImageStim: image = 'inks\\28.jpg'
74.8136 	EXP 	unnamed ImageStim: size = array([1405, 1200])
74.8136 	EXP 	unnamed ImageStim: image = 'inks\\28.jpg'
74.9155 	EXP 	unnamed ImageStim: size = array([1405, 1200])
74.9155 	EXP 	unnamed ImageStim: image = 'inks\\28.jpg'
75.0196 	EXP 	unnamed ImageStim: size = array([1405, 1200])
75.0196 	EXP 	unnamed ImageStim: image = 'inks\\28.jpg'
75.1085 	EXP 	unnamed ImageStim: size = array([1405, 1200])
75.1085 	EXP 	unnamed ImageStim: image = 'inks\\28.jpg'
75.2137 	EXP 	unnamed ImageStim: size = array([1405, 1200])
75.2137 	EXP 	unnamed ImageStim: image = 'inks\\28.jpg'
75.3132 	EXP 	unnamed ImageStim: size = array([1405, 1200])
75.3132 	EXP 	unnamed ImageStim: image = 'inks\\28.jpg'
75.4134 	EXP 	unnamed ImageStim: size = array([1405, 1200])
75.4134 	EXP 	unnamed ImageStim: image = 'inks\\28.jpg'
75.5145 	EXP 	unnamed ImageStim: size = array([1405, 1200])
75.5145 	EXP 	unnamed ImageStim: image = 'inks\\28.jpg'
75.6150 	EXP 	unnamed ImageStim: size = array([1405, 1200])
75.6150 	EXP 	unnamed ImageStim: image = 'inks\\28.jpg'
75.6157 	DATA 	Keypress: right
75.6161 	EXP 	Sound  stopped
75.7154 	EXP 	unnamed ImageStim: size = array([1405, 1200])
75.7154 	EXP 	unnamed ImageStim: image = 'inks\\29.jpg'
75.8141 	EXP 	unnamed ImageStim: size = array([1405, 1200])
75.8141 	EXP 	unnamed ImageStim: image = 'inks\\29.jpg'
75.8930 	EXP 	unnamed ImageStim: size = array([1405, 1200])
75.8930 	EXP 	unnamed ImageStim: image = 'inks\\29.jpg'
75.9917 	EXP 	unnamed ImageStim: size = array([1405, 1200])
75.9917 	EXP 	unnamed ImageStim: image = 'inks\\29.jpg'
76.0751 	EXP 	unnamed ImageStim: size = array([1405, 1200])
76.0751 	EXP 	unnamed ImageStim: image = 'inks\\29.jpg'
76.1575 	DATA 	Keypress: right
76.1810 	EXP 	unnamed ImageStim: size = array([1405, 1200])
76.1810 	EXP 	unnamed ImageStim: image = 'inks\\29.jpg'
76.2918 	EXP 	unnamed ImageStim: size = array([1405, 1200])
76.2918 	EXP 	unnamed ImageStim: image = 'inks\\30.jpg'
76.3918 	EXP 	unnamed ImageStim: size = array([1405, 1200])
76.3918 	EXP 	unnamed ImageStim: image = 'inks\\30.jpg'
76.4918 	EXP 	unnamed ImageStim: size = array([1405, 1200])
76.4918 	EXP 	unnamed ImageStim: image = 'inks\\30.jpg'
76.5919 	EXP 	unnamed ImageStim: size = array([1405, 1200])
76.5919 	EXP 	unnamed ImageStim: image = 'inks\\30.jpg'
76.6918 	EXP 	unnamed ImageStim: size = array([1405, 1200])
76.6918 	EXP 	unnamed ImageStim: image = 'inks\\30.jpg'
76.7731 	DATA 	Keypress: right
76.7918 	EXP 	unnamed ImageStim: size = array([1405, 1200])
76.7918 	EXP 	unnamed ImageStim: image = 'inks\\30.jpg'
76.9451 	EXP 	Set  sound=fe\tap_edited.wav
76.9452 	EXP 	Sound  set loops 10
76.9457 	EXP 	Sound  started
76.9585 	EXP 	unnamed ImageStim: size = array([1405, 1200])
76.9585 	EXP 	unnamed ImageStim: image = 'inks\\31.jpg'
77.0585 	EXP 	unnamed ImageStim: size = array([1405, 1200])
77.0585 	EXP 	unnamed ImageStim: image = 'inks\\31.jpg'
77.1585 	EXP 	unnamed ImageStim: size = array([1405, 1200])
77.1585 	EXP 	unnamed ImageStim: image = 'inks\\31.jpg'
77.2585 	EXP 	unnamed ImageStim: size = array([1405, 1200])
77.2585 	EXP 	unnamed ImageStim: image = 'inks\\31.jpg'
77.3585 	EXP 	unnamed ImageStim: size = array([1405, 1200])
77.3585 	EXP 	unnamed ImageStim: image = 'inks\\31.jpg'
77.4584 	EXP 	unnamed ImageStim: size = array([1405, 1200])
77.4584 	EXP 	unnamed ImageStim: image = 'inks\\31.jpg'
77.5584 	EXP 	unnamed ImageStim: size = array([1405, 1200])
77.5584 	EXP 	unnamed ImageStim: image = 'inks\\31.jpg'
77.6584 	EXP 	unnamed ImageStim: size = array([1405, 1200])
77.6584 	EXP 	unnamed ImageStim: image = 'inks\\31.jpg'
77.7584 	EXP 	unnamed ImageStim: size = array([1405, 1200])
77.7584 	EXP 	unnamed ImageStim: image = 'inks\\31.jpg'
77.8387 	DATA 	Keypress: right
77.8584 	EXP 	unnamed ImageStim: size = array([1405, 1200])
77.8584 	EXP 	unnamed ImageStim: image = 'inks\\31.jpg'
77.8586 	EXP 	Sound  stopped
77.9918 	EXP 	unnamed ImageStim: size = array([1405, 1200])
77.9918 	EXP 	unnamed ImageStim: image = 'inks\\32.jpg'
78.0755 	EXP 	unnamed ImageStim: size = array([1405, 1200])
78.0755 	EXP 	unnamed ImageStim: image = 'inks\\32.jpg'
78.1814 	EXP 	unnamed ImageStim: size = array([1405, 1200])
78.1814 	EXP 	unnamed ImageStim: image = 'inks\\32.jpg'
78.2802 	EXP 	unnamed ImageStim: size = array([1405, 1200])
78.2802 	EXP 	unnamed ImageStim: image = 'inks\\32.jpg'
78.3821 	EXP 	unnamed ImageStim: size = array([1405, 1200])
78.3821 	EXP 	unnamed ImageStim: image = 'inks\\32.jpg'
78.4587 	DATA 	Keypress: right
78.4823 	EXP 	unnamed ImageStim: size = array([1405, 1200])
78.4823 	EXP 	unnamed ImageStim: image = 'inks\\32.jpg'
78.5762 	EXP 	unnamed ImageStim: size = array([1405, 1200])
78.5762 	EXP 	unnamed ImageStim: image = 'inks\\33.jpg'
78.6806 	EXP 	unnamed ImageStim: size = array([1405, 1200])
78.6806 	EXP 	unnamed ImageStim: image = 'inks\\33.jpg'
78.7808 	EXP 	unnamed ImageStim: size = array([1405, 1200])
78.7808 	EXP 	unnamed ImageStim: image = 'inks\\33.jpg'
78.8806 	EXP 	unnamed ImageStim: size = array([1405, 1200])
78.8806 	EXP 	unnamed ImageStim: image = 'inks\\33.jpg'
78.9798 	EXP 	unnamed ImageStim: size = array([1405, 1200])
78.9798 	EXP 	unnamed ImageStim: image = 'inks\\33.jpg'
79.0827 	EXP 	unnamed ImageStim: size = array([1405, 1200])
79.0827 	EXP 	unnamed ImageStim: image = 'inks\\33.jpg'
79.1757 	EXP 	unnamed ImageStim: size = array([1405, 1200])
79.1757 	EXP 	unnamed ImageStim: image = 'inks\\33.jpg'
79.2617 	DATA 	Keypress: right
79.2803 	EXP 	unnamed ImageStim: size = array([1405, 1200])
79.2803 	EXP 	unnamed ImageStim: image = 'inks\\33.jpg'
79.4258 	EXP 	unnamed ImageStim: size = array([1405, 1200])
79.4258 	EXP 	unnamed ImageStim: image = 'inks\\34.jpg'
79.5257 	EXP 	unnamed ImageStim: size = array([1405, 1200])
79.5257 	EXP 	unnamed ImageStim: image = 'inks\\34.jpg'
79.6257 	EXP 	unnamed ImageStim: size = array([1405, 1200])
79.6257 	EXP 	unnamed ImageStim: image = 'inks\\34.jpg'
79.7258 	EXP 	unnamed ImageStim: size = array([1405, 1200])
79.7258 	EXP 	unnamed ImageStim: image = 'inks\\34.jpg'
79.8258 	EXP 	unnamed ImageStim: size = array([1405, 1200])
79.8258 	EXP 	unnamed ImageStim: image = 'inks\\34.jpg'
79.9257 	EXP 	unnamed ImageStim: size = array([1405, 1200])
79.9257 	EXP 	unnamed ImageStim: image = 'inks\\34.jpg'
80.0085 	DATA 	Keypress: right
80.0258 	EXP 	unnamed ImageStim: size = array([1405, 1200])
80.0258 	EXP 	unnamed ImageStim: image = 'inks\\34.jpg'
