1.0866 	ERROR 	avbin.dll failed to load.
                     Try importing psychopy.visual as the first library
                     (before anything that uses scipy)
                     and make sure that avbin is installed.
1.0994 	ERROR 	avbin.dll failed to load.
                     Try importing psychopy.visual as the first library
                     (before anything that uses scipy)
                     and make sure that avbin is installed.
1.1275 	WARNING 	Movie2 stim could not be imported and won't be available
5.4582 	WARNING 	Monitor specification not found. Creating a temporary one...
5.4587 	WARNING 	User requested fullscreen with size [1920 1200], but screen is actually [1600, 900]. Using actual size
5.5902 	DATA 	Keypress: escape
6.1033 	EXP 	Created window1 = Window(allowGUI=False, allowStencil=False, autoLog=True, bitsMode=UNKNOWN, blendMode='avg', color='white', colorSpace='named', fullscr=UNKNOWN, gamma=None, lms=UNKNOWN, monitor=<psychopy.monitors.calibTools.Monitor instance at 0x0980D5A8>, name='window1', pos=[0, 0], screen=0, size=array([1600,  900]), stereo=False, units=u'pix', useFBO=False, viewOri=0.0, viewPos=None, viewScale=None, waitBlanking=True, winType='pyglet')
6.1063 	EXP 	Created unnamed ImageStim = ImageStim(autoLog=True, color=array([ 1.,  1.,  1.]), colorSpace='rgb', contrast=1.0, depth=0, flipHoriz=False, flipVert=False, image=None, interpolate=False, mask=None, maskParams=None, name='unnamed ImageStim', opacity=1.0, ori=0.0, pos=array([ 0.,  0.]), size=array([ 1.,  1.]), texRes=128, units='height', win=Window(...))
6.1133 	EXP 	Created unnamed Circle = Circle(autoDraw=False, autoLog=True, closeShape=True, contrast=1.0, depth=0, fillColor=None, fillColorSpace='rgb', fillRGB=None, interpolate=True, lineColor=array([ 1.,  1.,  1.]), lineColorSpace='rgb', lineRGB=array([ 1.,  1.,  1.]), lineWidth=1.5, name='unnamed Circle', opacity=1.0, ori=array(0.0), pos=array([ 0.,  0.]), size=array([ 1.,  1.]), units=u'pix', vertices=ndarray(...), win=Window(...))
7.7452 	EXP 	Set  sound=C
7.7513 	EXP 	Set  sound=fe\ringing_alarm.wav
7.7513 	EXP 	Sound  set loops 10
7.7518 	EXP 	Sound  started
7.7798 	EXP 	unnamed ImageStim: image = 'inks\\01.png'
7.7798 	EXP 	unnamed Circle: fillColor = '[ 0.  0.  0.] (rgb)'
7.7798 	EXP 	unnamed Circle: pos = array([-650.,  502.])
