1.0898 	ERROR 	avbin.dll failed to load.
                     Try importing psychopy.visual as the first library
                     (before anything that uses scipy)
                     and make sure that avbin is installed.
1.1030 	ERROR 	avbin.dll failed to load.
                     Try importing psychopy.visual as the first library
                     (before anything that uses scipy)
                     and make sure that avbin is installed.
1.1523 	WARNING 	Movie2 stim could not be imported and won't be available
42.0061 	WARNING 	Monitor specification not found. Creating a temporary one...
42.0068 	WARNING 	User requested fullscreen with size [1680 1050], but screen is actually [1600, 900]. Using actual size
42.6100 	EXP 	Created window1 = Window(allowGUI=False, allowStencil=False, autoLog=True, bitsMode=UNKNOWN, blendMode='avg', color='white', colorSpace='named', fullscr=UNKNOWN, gamma=None, lms=UNKNOWN, monitor=<psychopy.monitors.calibTools.Monitor instance at 0x0B45C440>, name='window1', pos=[0, 0], screen=0, size=array([1600,  900]), stereo=False, units=u'pix', useFBO=False, viewOri=0.0, viewPos=None, viewScale=None, waitBlanking=True, winType='pyglet')
42.6133 	EXP 	Created unnamed ImageStim = ImageStim(autoLog=True, color=array([ 1.,  1.,  1.]), colorSpace='rgb', contrast=1.0, depth=0, flipHoriz=False, flipVert=False, image=None, interpolate=False, mask=None, maskParams=None, name='unnamed ImageStim', opacity=1.0, ori=0.0, pos=array([ 0.,  0.]), size=array([ 1.,  1.]), texRes=128, units='height', win=Window(...))
42.6190 	EXP 	Created unnamed Circle = Circle(autoDraw=False, autoLog=True, closeShape=True, contrast=1.0, depth=0, fillColor=None, fillColorSpace='rgb', fillRGB=None, interpolate=True, lineColor=array([ 1.,  1.,  1.]), lineColorSpace='rgb', lineRGB=array([ 1.,  1.,  1.]), lineWidth=1.5, name='unnamed Circle', opacity=1.0, ori=array(0.0), pos=array([ 0.,  0.]), size=array([ 1.,  1.]), units=u'pix', vertices=ndarray(...), win=Window(...))
44.1448 	EXP 	Set  sound=C
44.1515 	EXP 	Set  sound=fe\ringing_alarm.wav
44.1515 	EXP 	Sound  set loops 10
44.1522 	EXP 	Sound  started
44.1859 	EXP 	unnamed ImageStim: image = 'inks\\01.png'
44.1859 	EXP 	unnamed Circle: fillColor = '[ 0.  0.  0.] (rgb)'
44.1859 	EXP 	unnamed Circle: pos = array([-650.,  502.])
44.3947 	EXP 	unnamed ImageStim: image = 'inks\\01.png'
44.3947 	EXP 	unnamed Circle: fillColor = '[ 0.  0.  0.] (rgb)'
44.3947 	EXP 	unnamed Circle: pos = array([-650.,  502.])
44.5946 	EXP 	unnamed ImageStim: image = 'inks\\01.png'
44.5946 	EXP 	unnamed Circle: fillColor = '[ 0.  0.  0.] (rgb)'
44.5946 	EXP 	unnamed Circle: pos = array([-650.,  502.])
44.7855 	DATA 	Keypress: right
44.7952 	EXP 	unnamed ImageStim: image = 'inks\\01.png'
44.7952 	EXP 	unnamed Circle: fillColor = '[ 0.  0.  0.] (rgb)'
44.7952 	EXP 	unnamed Circle: pos = array([-650.,  502.])
44.7957 	EXP 	Sound  stopped
44.9830 	EXP 	unnamed ImageStim: image = 'inks\\02.png'
44.9830 	EXP 	unnamed Circle: fillColor = '[ 0.  0.  0.] (rgb)'
44.9830 	EXP 	unnamed Circle: pos = array([-650.,  502.])
45.1788 	EXP 	unnamed ImageStim: image = 'inks\\02.png'
45.1788 	EXP 	unnamed Circle: fillColor = '[ 0.  0.  0.] (rgb)'
45.1788 	EXP 	unnamed Circle: pos = array([-650.,  502.])
45.3789 	EXP 	unnamed ImageStim: image = 'inks\\02.png'
45.3789 	EXP 	unnamed Circle: fillColor = '[ 0.  0.  0.] (rgb)'
45.3789 	EXP 	unnamed Circle: pos = array([-650.,  502.])
45.5794 	EXP 	unnamed ImageStim: image = 'inks\\02.png'
45.5794 	EXP 	unnamed Circle: fillColor = '[ 0.  0.  0.] (rgb)'
45.5794 	EXP 	unnamed Circle: pos = array([-650.,  502.])
45.7796 	EXP 	unnamed ImageStim: image = 'inks\\02.png'
45.7796 	EXP 	unnamed Circle: fillColor = '[ 0.  0.  0.] (rgb)'
45.7796 	EXP 	unnamed Circle: pos = array([-650.,  502.])
45.9597 	DATA 	Keypress: escape
45.9796 	EXP 	unnamed ImageStim: image = 'inks\\02.png'
45.9796 	EXP 	unnamed Circle: fillColor = '[ 0.  0.  0.] (rgb)'
45.9796 	EXP 	unnamed Circle: pos = array([-650.,  502.])
