1.0943 	ERROR 	avbin.dll failed to load.
                     Try importing psychopy.visual as the first library
                     (before anything that uses scipy)
                     and make sure that avbin is installed.
1.1064 	ERROR 	avbin.dll failed to load.
                     Try importing psychopy.visual as the first library
                     (before anything that uses scipy)
                     and make sure that avbin is installed.
1.1394 	WARNING 	Movie2 stim could not be imported and won't be available
20.2558 	WARNING 	Monitor specification not found. Creating a temporary one...
20.8321 	EXP 	Created window1 = Window(allowGUI=False, allowStencil=False, autoLog=True, bitsMode=UNKNOWN, blendMode='avg', color='white', colorSpace='named', fullscr=UNKNOWN, gamma=None, lms=UNKNOWN, monitor=<psychopy.monitors.calibTools.Monitor instance at 0x0A463558>, name='window1', pos=[0, 0], screen=0, size=array([1600,  900]), stereo=False, units=u'pix', useFBO=False, viewOri=0.0, viewPos=None, viewScale=None, waitBlanking=True, winType='pyglet')
20.8342 	EXP 	Created unnamed ImageStim = ImageStim(autoLog=True, color=array([ 1.,  1.,  1.]), colorSpace='rgb', contrast=1.0, depth=0, flipHoriz=False, flipVert=False, image=None, interpolate=False, mask=None, maskParams=None, name='unnamed ImageStim', opacity=1.0, ori=0.0, pos=array([ 0.,  0.]), size=array([ 1.,  1.]), texRes=128, units='height', win=Window(...))
20.8392 	EXP 	Created unnamed Circle = Circle(autoDraw=False, autoLog=True, closeShape=True, contrast=1.0, depth=0, fillColor=None, fillColorSpace='rgb', fillRGB=None, interpolate=True, lineColor=array([ 1.,  1.,  1.]), lineColorSpace='rgb', lineRGB=array([ 1.,  1.,  1.]), lineWidth=1.5, name='unnamed Circle', opacity=1.0, ori=array(0.0), pos=array([ 0.,  0.]), size=array([ 1.,  1.]), units=u'pix', vertices=ndarray(...), win=Window(...))
22.4419 	EXP 	Set  sound=C
22.4481 	EXP 	Set  sound=fe\ringing_alarm.wav
22.4481 	EXP 	Sound  set loops 10
22.4486 	EXP 	Sound  started
22.4742 	EXP 	unnamed ImageStim: image = 'inks\\01.png'
22.4742 	EXP 	unnamed Circle: fillColor = '[ 0.  0.  0.] (rgb)'
22.4742 	EXP 	unnamed Circle: pos = array([ 551.484, -157.037])
22.6669 	EXP 	unnamed ImageStim: image = 'inks\\01.png'
22.6669 	EXP 	unnamed Circle: fillColor = '[ 0.  0.  0.] (rgb)'
22.6669 	EXP 	unnamed Circle: pos = array([ 138.983,  245.189])
22.8672 	EXP 	unnamed ImageStim: image = 'inks\\01.png'
22.8672 	EXP 	unnamed Circle: fillColor = '[ 0.  0.  0.] (rgb)'
22.8672 	EXP 	unnamed Circle: pos = array([  71.035,  252.523])
23.0674 	EXP 	unnamed ImageStim: image = 'inks\\01.png'
23.0674 	EXP 	unnamed Circle: fillColor = '[ 0.  0.  0.] (rgb)'
23.0674 	EXP 	unnamed Circle: pos = array([ -46.374,  284.609])
23.2676 	EXP 	unnamed ImageStim: image = 'inks\\01.png'
23.2676 	EXP 	unnamed Circle: fillColor = '[ 0.  0.  0.] (rgb)'
23.2676 	EXP 	unnamed Circle: pos = array([ 319.123,  289.802])
23.4679 	EXP 	unnamed ImageStim: image = 'inks\\01.png'
23.4679 	EXP 	unnamed Circle: fillColor = '[ 0.  0.  0.] (rgb)'
23.4679 	EXP 	unnamed Circle: pos = array([ 193.569,  304.257])
23.6681 	EXP 	unnamed ImageStim: image = 'inks\\01.png'
23.6681 	EXP 	unnamed Circle: fillColor = '[ 0.  0.  0.] (rgb)'
23.6681 	EXP 	unnamed Circle: pos = array([  76.9  ,  350.199])
23.8684 	EXP 	unnamed ImageStim: image = 'inks\\01.png'
23.8684 	EXP 	unnamed Circle: fillColor = '[ 0.  0.  0.] (rgb)'
23.8684 	EXP 	unnamed Circle: pos = array([  -4.162,  340.542])
24.0685 	EXP 	unnamed ImageStim: image = 'inks\\01.png'
24.0685 	EXP 	unnamed Circle: fillColor = '[ 0.  0.  0.] (rgb)'
24.0685 	EXP 	unnamed Circle: pos = array([ -37.055,  308.157])
24.2687 	EXP 	unnamed ImageStim: image = 'inks\\01.png'
24.2687 	EXP 	unnamed Circle: fillColor = '[ 0.  0.  0.] (rgb)'
24.2687 	EXP 	unnamed Circle: pos = array([ -40.409,  303.356])
24.4690 	EXP 	unnamed ImageStim: image = 'inks\\01.png'
24.4690 	EXP 	unnamed Circle: fillColor = '[ 0.  0.  0.] (rgb)'
24.4690 	EXP 	unnamed Circle: pos = array([ -25.36 ,  317.785])
24.6692 	EXP 	unnamed ImageStim: image = 'inks\\01.png'
24.6692 	EXP 	unnamed Circle: fillColor = '[ 0.  0.  0.] (rgb)'
24.6692 	EXP 	unnamed Circle: pos = array([ -14.6  ,  310.659])
24.8695 	EXP 	unnamed ImageStim: image = 'inks\\01.png'
24.8695 	EXP 	unnamed Circle: fillColor = '[ 0.  0.  0.] (rgb)'
24.8695 	EXP 	unnamed Circle: pos = array([ -16.566,  313.117])
25.0697 	EXP 	unnamed ImageStim: image = 'inks\\01.png'
25.0697 	EXP 	unnamed Circle: fillColor = '[ 0.  0.  0.] (rgb)'
25.0697 	EXP 	unnamed Circle: pos = array([ -42.547,  318.197])
25.2699 	EXP 	unnamed ImageStim: image = 'inks\\01.png'
25.2699 	EXP 	unnamed Circle: fillColor = '[ 0.  0.  0.] (rgb)'
25.2699 	EXP 	unnamed Circle: pos = array([ -23.406,  321.252])
25.4543 	EXP 	unnamed ImageStim: image = 'inks\\01.png'
25.4543 	EXP 	unnamed Circle: fillColor = '[ 0.  0.  0.] (rgb)'
25.4543 	EXP 	unnamed Circle: pos = array([ -31.326,  321.447])
25.6537 	EXP 	unnamed ImageStim: image = 'inks\\01.png'
25.6537 	EXP 	unnamed Circle: fillColor = '[ 0.  0.  0.] (rgb)'
25.6537 	EXP 	unnamed Circle: pos = array([ -41.582,  325.759])
25.8539 	EXP 	unnamed ImageStim: image = 'inks\\01.png'
25.8539 	EXP 	unnamed Circle: fillColor = '[ 0.  0.  0.] (rgb)'
25.8539 	EXP 	unnamed Circle: pos = array([ -25.439,  330.949])
26.0541 	EXP 	unnamed ImageStim: image = 'inks\\01.png'
26.0541 	EXP 	unnamed Circle: fillColor = '[ 0.  0.  0.] (rgb)'
26.0541 	EXP 	unnamed Circle: pos = array([ -38.387,  319.295])
26.2544 	EXP 	unnamed ImageStim: image = 'inks\\01.png'
26.2544 	EXP 	unnamed Circle: fillColor = '[ 0.  0.  0.] (rgb)'
26.2544 	EXP 	unnamed Circle: pos = array([ -34.931,  307.84 ])
26.4439 	DATA 	Keypress: right
26.4546 	EXP 	unnamed ImageStim: image = 'inks\\01.png'
26.4546 	EXP 	unnamed Circle: fillColor = '[ 0.  0.  0.] (rgb)'
26.4546 	EXP 	unnamed Circle: pos = array([ -32.076,  310.553])
26.4548 	EXP 	Sound  stopped
26.6381 	EXP 	unnamed ImageStim: image = 'inks\\02.png'
26.6381 	EXP 	unnamed Circle: fillColor = '[ 0.  0.  0.] (rgb)'
26.6381 	EXP 	unnamed Circle: pos = array([ -36.835,  309.915])
26.8217 	EXP 	unnamed ImageStim: image = 'inks\\02.png'
26.8217 	EXP 	unnamed Circle: fillColor = '[ 0.  0.  0.] (rgb)'
26.8217 	EXP 	unnamed Circle: pos = array([ -35.979,  311.116])
27.0052 	EXP 	unnamed ImageStim: image = 'inks\\02.png'
27.0052 	EXP 	unnamed Circle: fillColor = '[ 0.  0.  0.] (rgb)'
27.0052 	EXP 	unnamed Circle: pos = array([ -29.692,  310.45 ])
27.1893 	EXP 	unnamed ImageStim: image = 'inks\\02.png'
27.1893 	EXP 	unnamed Circle: fillColor = '[ 0.  0.  0.] (rgb)'
27.1893 	EXP 	unnamed Circle: pos = array([   3.371,  203.377])
27.3728 	EXP 	unnamed ImageStim: image = 'inks\\02.png'
27.3728 	EXP 	unnamed Circle: fillColor = '[ 0.  0.  0.] (rgb)'
27.3728 	EXP 	unnamed Circle: pos = array([-650.,  502.])
27.5497 	DATA 	Keypress: escape
27.5558 	EXP 	unnamed ImageStim: image = 'inks\\02.png'
27.5558 	EXP 	unnamed Circle: fillColor = '[ 0.  0.  0.] (rgb)'
27.5558 	EXP 	unnamed Circle: pos = array([-650.,  502.])
