1.0374 	ERROR 	avbin.dll failed to load.
                     Try importing psychopy.visual as the first library
                     (before anything that uses scipy)
                     and make sure that avbin is installed.
1.0505 	ERROR 	avbin.dll failed to load.
                     Try importing psychopy.visual as the first library
                     (before anything that uses scipy)
                     and make sure that avbin is installed.
1.0764 	WARNING 	Movie2 stim could not be imported and won't be available
12.4207 	WARNING 	Monitor specification not found. Creating a temporary one...
12.4216 	WARNING 	User requested fullscreen with size [1680 1050], but screen is actually [1600, 900]. Using actual size
13.2029 	EXP 	Created window1 = Window(allowGUI=False, allowStencil=False, autoLog=True, bitsMode=UNKNOWN, blendMode='avg', color='white', colorSpace='named', fullscr=UNKNOWN, gamma=None, lms=UNKNOWN, monitor=<psychopy.monitors.calibTools.Monitor instance at 0x082A5378>, name='window1', pos=[0, 0], screen=0, size=array([1600,  900]), stereo=False, units=u'pix', useFBO=False, viewOri=0.0, viewPos=None, viewScale=None, waitBlanking=True, winType='pyglet')
13.2057 	EXP 	Created unnamed ImageStim = ImageStim(autoLog=True, color=array([ 1.,  1.,  1.]), colorSpace='rgb', contrast=1.0, depth=0, flipHoriz=False, flipVert=False, image=None, interpolate=False, mask=None, maskParams=None, name='unnamed ImageStim', opacity=1.0, ori=0.0, pos=array([ 0.,  0.]), size=array([ 1.,  1.]), texRes=128, units='height', win=Window(...))
13.2117 	EXP 	Created unnamed Circle = Circle(autoDraw=False, autoLog=True, closeShape=True, contrast=1.0, depth=0, fillColor=None, fillColorSpace='rgb', fillRGB=None, interpolate=True, lineColor=array([ 1.,  1.,  1.]), lineColorSpace='rgb', lineRGB=array([ 1.,  1.,  1.]), lineWidth=1.5, name='unnamed Circle', opacity=1.0, ori=array(0.0), pos=array([ 0.,  0.]), size=array([ 1.,  1.]), units=u'pix', vertices=ndarray(...), win=Window(...))
14.7850 	EXP 	Set  sound=C
14.7910 	EXP 	Set  sound=fe\ringing_alarm.wav
14.7910 	EXP 	Sound  set loops 10
14.7915 	EXP 	Sound  started
14.8200 	EXP 	unnamed ImageStim: image = 'inks\\01.png'
14.8200 	EXP 	unnamed Circle: fillColor = '[ 0.  0.  0.] (rgb)'
14.8200 	EXP 	unnamed Circle: pos = array([ 191.171,  251.854])
15.0377 	EXP 	unnamed ImageStim: image = 'inks\\01.png'
15.0377 	EXP 	unnamed Circle: fillColor = '[ 0.  0.  0.] (rgb)'
15.0377 	EXP 	unnamed Circle: pos = array([  73.814,  228.111])
15.2546 	EXP 	unnamed ImageStim: image = 'inks\\01.png'
15.2546 	EXP 	unnamed Circle: fillColor = '[ 0.  0.  0.] (rgb)'
15.2546 	EXP 	unnamed Circle: pos = array([-316.3  ,  200.057])
15.4716 	EXP 	unnamed ImageStim: image = 'inks\\01.png'
15.4716 	EXP 	unnamed Circle: fillColor = '[ 0.  0.  0.] (rgb)'
15.4716 	EXP 	unnamed Circle: pos = array([ 317.011,  286.551])
15.7051 	EXP 	unnamed ImageStim: image = 'inks\\01.png'
15.7051 	EXP 	unnamed Circle: fillColor = '[ 0.  0.  0.] (rgb)'
15.7051 	EXP 	unnamed Circle: pos = array([ 205.162,  287.434])
15.9221 	EXP 	unnamed ImageStim: image = 'inks\\01.png'
15.9221 	EXP 	unnamed Circle: fillColor = '[ 0.  0.  0.] (rgb)'
15.9221 	EXP 	unnamed Circle: pos = array([ -90.468,  305.701])
16.1390 	EXP 	unnamed ImageStim: image = 'inks\\01.png'
16.1390 	EXP 	unnamed Circle: fillColor = '[ 0.  0.  0.] (rgb)'
16.1390 	EXP 	unnamed Circle: pos = array([ -82.362,  313.584])
16.3559 	EXP 	unnamed ImageStim: image = 'inks\\01.png'
16.3559 	EXP 	unnamed Circle: fillColor = '[ 0.  0.  0.] (rgb)'
16.3559 	EXP 	unnamed Circle: pos = array([ -54.733,  318.971])
16.5728 	EXP 	unnamed ImageStim: image = 'inks\\01.png'
16.5728 	EXP 	unnamed Circle: fillColor = '[ 0.  0.  0.] (rgb)'
16.5728 	EXP 	unnamed Circle: pos = array([ -76.912,  304.024])
16.7898 	EXP 	unnamed ImageStim: image = 'inks\\01.png'
16.7898 	EXP 	unnamed Circle: fillColor = '[ 0.  0.  0.] (rgb)'
16.7898 	EXP 	unnamed Circle: pos = array([ -66.115,  299.829])
17.0079 	EXP 	unnamed ImageStim: image = 'inks\\01.png'
17.0079 	EXP 	unnamed Circle: fillColor = '[ 0.  0.  0.] (rgb)'
17.0079 	EXP 	unnamed Circle: pos = array([ -92.281,  302.991])
17.2235 	EXP 	unnamed ImageStim: image = 'inks\\01.png'
17.2235 	EXP 	unnamed Circle: fillColor = '[ 0.  0.  0.] (rgb)'
17.2235 	EXP 	unnamed Circle: pos = array([ -75.933,  294.439])
17.4406 	EXP 	unnamed ImageStim: image = 'inks\\01.png'
17.4406 	EXP 	unnamed Circle: fillColor = '[ 0.  0.  0.] (rgb)'
17.4406 	EXP 	unnamed Circle: pos = array([  55.401,  159.407])
17.6574 	EXP 	unnamed ImageStim: image = 'inks\\01.png'
17.6574 	EXP 	unnamed Circle: fillColor = '[ 0.  0.  0.] (rgb)'
17.6574 	EXP 	unnamed Circle: pos = array([-650.,  502.])
17.8743 	EXP 	unnamed ImageStim: image = 'inks\\01.png'
17.8743 	EXP 	unnamed Circle: fillColor = '[ 0.  0.  0.] (rgb)'
17.8743 	EXP 	unnamed Circle: pos = array([-650.,  502.])
18.0737 	DATA 	Keypress: right
18.0913 	EXP 	unnamed ImageStim: image = 'inks\\01.png'
18.0913 	EXP 	unnamed Circle: fillColor = '[ 0.  0.  0.] (rgb)'
18.0913 	EXP 	unnamed Circle: pos = array([ -58.894,  287.29 ])
18.0915 	EXP 	Sound  stopped
18.2914 	EXP 	unnamed ImageStim: image = 'inks\\02.png'
18.2914 	EXP 	unnamed Circle: fillColor = '[ 0.  0.  0.] (rgb)'
18.2914 	EXP 	unnamed Circle: pos = array([ 335.867,  337.552])
18.4917 	EXP 	unnamed ImageStim: image = 'inks\\02.png'
18.4917 	EXP 	unnamed Circle: fillColor = '[ 0.  0.  0.] (rgb)'
18.4917 	EXP 	unnamed Circle: pos = array([ -39.546,  311.885])
18.6919 	EXP 	unnamed ImageStim: image = 'inks\\02.png'
18.6919 	EXP 	unnamed Circle: fillColor = '[ 0.  0.  0.] (rgb)'
18.6919 	EXP 	unnamed Circle: pos = array([ -62.259,  291.019])
18.8922 	EXP 	unnamed ImageStim: image = 'inks\\02.png'
18.8922 	EXP 	unnamed Circle: fillColor = '[ 0.  0.  0.] (rgb)'
18.8922 	EXP 	unnamed Circle: pos = array([ -61.761,  237.101])
19.0923 	EXP 	unnamed ImageStim: image = 'inks\\02.png'
19.0923 	EXP 	unnamed Circle: fillColor = '[ 0.  0.  0.] (rgb)'
19.0923 	EXP 	unnamed Circle: pos = array([ -24.093,  181.83 ])
19.2926 	EXP 	unnamed ImageStim: image = 'inks\\02.png'
19.2926 	EXP 	unnamed Circle: fillColor = '[ 0.  0.  0.] (rgb)'
19.2926 	EXP 	unnamed Circle: pos = array([-22.102, -15.166])
19.4779 	DATA 	Keypress: right
19.4928 	EXP 	unnamed ImageStim: image = 'inks\\02.png'
19.4928 	EXP 	unnamed Circle: fillColor = '[ 0.  0.  0.] (rgb)'
19.4928 	EXP 	unnamed Circle: pos = array([-99.896, -18.716])
19.6827 	EXP 	Set  sound=fe\creature.wav
19.6827 	EXP 	Sound  set loops 10
19.6833 	EXP 	Sound  started
19.7134 	EXP 	unnamed ImageStim: image = 'inks\\03.png'
19.7134 	EXP 	unnamed Circle: fillColor = '[ 0.  0.  0.] (rgb)'
19.7134 	EXP 	unnamed Circle: pos = array([-31.828, -12.091])
19.9269 	EXP 	unnamed ImageStim: image = 'inks\\03.png'
19.9269 	EXP 	unnamed Circle: fillColor = '[ 0.  0.  0.] (rgb)'
19.9269 	EXP 	unnamed Circle: pos = array([-53.098,  -5.639])
20.1269 	EXP 	unnamed ImageStim: image = 'inks\\03.png'
20.1269 	EXP 	unnamed Circle: fillColor = '[ 0.  0.  0.] (rgb)'
20.1269 	EXP 	unnamed Circle: pos = array([ 227.46,  -41.78])
20.3271 	EXP 	unnamed ImageStim: image = 'inks\\03.png'
20.3271 	EXP 	unnamed Circle: fillColor = '[ 0.  0.  0.] (rgb)'
20.3271 	EXP 	unnamed Circle: pos = array([-650.,  502.])
20.5273 	EXP 	unnamed ImageStim: image = 'inks\\03.png'
20.5273 	EXP 	unnamed Circle: fillColor = '[ 0.  0.  0.] (rgb)'
20.5273 	EXP 	unnamed Circle: pos = array([-650.,  502.])
20.7031 	DATA 	Keypress: right
20.7108 	EXP 	unnamed ImageStim: image = 'inks\\03.png'
20.7108 	EXP 	unnamed Circle: fillColor = '[ 0.  0.  0.] (rgb)'
20.7108 	EXP 	unnamed Circle: pos = array([-650.,  502.])
20.7110 	EXP 	Sound  stopped
20.9113 	EXP 	unnamed ImageStim: image = 'inks\\04.png'
20.9113 	EXP 	unnamed Circle: fillColor = '[ 0.  0.  0.] (rgb)'
20.9113 	EXP 	unnamed Circle: pos = array([-650.,  502.])
21.1114 	EXP 	unnamed ImageStim: image = 'inks\\04.png'
21.1114 	EXP 	unnamed Circle: fillColor = '[ 0.  0.  0.] (rgb)'
21.1114 	EXP 	unnamed Circle: pos = array([-650.,  502.])
21.3116 	EXP 	unnamed ImageStim: image = 'inks\\04.png'
21.3116 	EXP 	unnamed Circle: fillColor = '[ 0.  0.  0.] (rgb)'
21.3116 	EXP 	unnamed Circle: pos = array([-650.,  502.])
21.5118 	EXP 	unnamed ImageStim: image = 'inks\\04.png'
21.5118 	EXP 	unnamed Circle: fillColor = '[ 0.  0.  0.] (rgb)'
21.5118 	EXP 	unnamed Circle: pos = array([-650.,  502.])
21.7120 	EXP 	unnamed ImageStim: image = 'inks\\04.png'
21.7120 	EXP 	unnamed Circle: fillColor = '[ 0.  0.  0.] (rgb)'
21.7120 	EXP 	unnamed Circle: pos = array([-650.,  502.])
21.9123 	EXP 	unnamed ImageStim: image = 'inks\\04.png'
21.9123 	EXP 	unnamed Circle: fillColor = '[ 0.  0.  0.] (rgb)'
21.9123 	EXP 	unnamed Circle: pos = array([ 273.156, -242.211])
22.1126 	EXP 	unnamed ImageStim: image = 'inks\\04.png'
22.1126 	EXP 	unnamed Circle: fillColor = '[ 0.  0.  0.] (rgb)'
22.1126 	EXP 	unnamed Circle: pos = array([-650.,  502.])
22.3128 	EXP 	unnamed ImageStim: image = 'inks\\04.png'
22.3128 	EXP 	unnamed Circle: fillColor = '[ 0.  0.  0.] (rgb)'
22.3128 	EXP 	unnamed Circle: pos = array([-650.,  502.])
22.5130 	EXP 	unnamed ImageStim: image = 'inks\\04.png'
22.5130 	EXP 	unnamed Circle: fillColor = '[ 0.  0.  0.] (rgb)'
22.5130 	EXP 	unnamed Circle: pos = array([-650.,  502.])
22.7132 	EXP 	unnamed ImageStim: image = 'inks\\04.png'
22.7132 	EXP 	unnamed Circle: fillColor = '[ 0.  0.  0.] (rgb)'
22.7132 	EXP 	unnamed Circle: pos = array([-650.,  502.])
22.9134 	EXP 	unnamed ImageStim: image = 'inks\\04.png'
22.9134 	EXP 	unnamed Circle: fillColor = '[ 0.  0.  0.] (rgb)'
22.9134 	EXP 	unnamed Circle: pos = array([-650.,  502.])
23.1137 	EXP 	unnamed ImageStim: image = 'inks\\04.png'
23.1137 	EXP 	unnamed Circle: fillColor = '[ 0.  0.  0.] (rgb)'
23.1137 	EXP 	unnamed Circle: pos = array([-650.,  502.])
23.3139 	EXP 	unnamed ImageStim: image = 'inks\\04.png'
23.3139 	EXP 	unnamed Circle: fillColor = '[ 0.  0.  0.] (rgb)'
23.3139 	EXP 	unnamed Circle: pos = array([-650.,  502.])
23.5141 	EXP 	unnamed ImageStim: image = 'inks\\04.png'
23.5141 	EXP 	unnamed Circle: fillColor = '[ 0.  0.  0.] (rgb)'
23.5141 	EXP 	unnamed Circle: pos = array([-650.,  502.])
23.7144 	EXP 	unnamed ImageStim: image = 'inks\\04.png'
23.7144 	EXP 	unnamed Circle: fillColor = '[ 0.  0.  0.] (rgb)'
23.7144 	EXP 	unnamed Circle: pos = array([-650.,  502.])
23.8962 	DATA 	Keypress: right
23.9146 	EXP 	unnamed ImageStim: image = 'inks\\04.png'
23.9146 	EXP 	unnamed Circle: fillColor = '[ 0.  0.  0.] (rgb)'
23.9146 	EXP 	unnamed Circle: pos = array([-650.,  502.])
24.1315 	EXP 	unnamed ImageStim: image = 'inks\\05.png'
24.1315 	EXP 	unnamed Circle: fillColor = '[ 0.  0.  0.] (rgb)'
24.1315 	EXP 	unnamed Circle: pos = array([-125.846,  165.546])
24.3484 	EXP 	unnamed ImageStim: image = 'inks\\05.png'
24.3484 	EXP 	unnamed Circle: fillColor = '[ 0.  0.  0.] (rgb)'
24.3484 	EXP 	unnamed Circle: pos = array([ -44.351,  115.993])
24.5511 	DATA 	Keypress: right
24.5653 	EXP 	unnamed ImageStim: image = 'inks\\05.png'
24.5653 	EXP 	unnamed Circle: fillColor = '[ 0.  0.  0.] (rgb)'
24.5653 	EXP 	unnamed Circle: pos = array([  47.565,  140.958])
24.7990 	EXP 	unnamed ImageStim: image = 'inks\\06.png'
24.7990 	EXP 	unnamed Circle: fillColor = '[ 0.  0.  0.] (rgb)'
24.7990 	EXP 	unnamed Circle: pos = array([  70.592,  148.336])
24.7993 	DATA 	Keypress: right
24.9993 	EXP 	unnamed ImageStim: image = 'inks\\07.png'
24.9993 	EXP 	unnamed Circle: fillColor = '[ 0.  0.  0.] (rgb)'
24.9993 	EXP 	unnamed Circle: pos = array([  46.115,  209.429])
25.1994 	EXP 	unnamed ImageStim: image = 'inks\\07.png'
25.1994 	EXP 	unnamed Circle: fillColor = '[ 0.  0.  0.] (rgb)'
25.1994 	EXP 	unnamed Circle: pos = array([ 131.729,  184.173])
25.3787 	DATA 	Keypress: right
25.3996 	EXP 	unnamed ImageStim: image = 'inks\\07.png'
25.3996 	EXP 	unnamed Circle: fillColor = '[ 0.  0.  0.] (rgb)'
25.3996 	EXP 	unnamed Circle: pos = array([ 270.372,   33.322])
25.5968 	EXP 	Set  sound=fe\push.wav
25.5969 	EXP 	Sound  set loops 10
25.5973 	EXP 	Sound  started
25.6237 	EXP 	unnamed ImageStim: image = 'inks\\08.png'
25.6237 	EXP 	unnamed Circle: fillColor = '[ 0.  0.  0.] (rgb)'
25.6237 	EXP 	unnamed Circle: pos = array([-650.,  502.])
25.8334 	EXP 	unnamed ImageStim: image = 'inks\\08.png'
25.8334 	EXP 	unnamed Circle: fillColor = '[ 0.  0.  0.] (rgb)'
25.8334 	EXP 	unnamed Circle: pos = array([ 221.433,  121.85 ])
26.0273 	DATA 	Keypress: right
26.0506 	EXP 	unnamed ImageStim: image = 'inks\\08.png'
26.0506 	EXP 	unnamed Circle: fillColor = '[ 0.  0.  0.] (rgb)'
26.0506 	EXP 	unnamed Circle: pos = array([ 279.165,   94.302])
26.0510 	EXP 	Sound  stopped
26.2505 	EXP 	unnamed ImageStim: image = 'inks\\09.png'
26.2505 	EXP 	unnamed Circle: fillColor = '[ 0.  0.  0.] (rgb)'
26.2505 	EXP 	unnamed Circle: pos = array([ 302.746,   -3.88 ])
26.4462 	DATA 	Keypress: right
26.4677 	EXP 	unnamed ImageStim: image = 'inks\\09.png'
26.4677 	EXP 	unnamed Circle: fillColor = '[ 0.  0.  0.] (rgb)'
26.4677 	EXP 	unnamed Circle: pos = array([ 274.851,    7.37 ])
26.6628 	EXP 	Set  sound=fe\purr.wav
26.6628 	EXP 	Sound  set loops 10
26.6635 	EXP 	Sound  started
26.6922 	EXP 	unnamed ImageStim: image = 'inks\\10.png'
26.6922 	EXP 	unnamed Circle: fillColor = '[ 0.  0.  0.] (rgb)'
26.6922 	EXP 	unnamed Circle: pos = array([ 283.82 ,   38.766])
26.8889 	DATA 	Keypress: right
26.9013 	EXP 	unnamed ImageStim: image = 'inks\\10.png'
26.9013 	EXP 	unnamed Circle: fillColor = '[ 0.  0.  0.] (rgb)'
26.9013 	EXP 	unnamed Circle: pos = array([ 175.002,  111.394])
26.9017 	EXP 	Sound  stopped
27.0850 	EXP 	unnamed ImageStim: image = 'inks\\11.png'
27.0850 	EXP 	unnamed Circle: fillColor = '[ 0.  0.  0.] (rgb)'
27.0850 	EXP 	unnamed Circle: pos = array([ 178.482,   99.043])
27.2515 	DATA 	Keypress: right
27.2685 	EXP 	unnamed ImageStim: image = 'inks\\11.png'
27.2685 	EXP 	unnamed Circle: fillColor = '[ 0.  0.  0.] (rgb)'
27.2685 	EXP 	unnamed Circle: pos = array([ 275.043,   76.477])
27.4687 	EXP 	unnamed ImageStim: image = 'inks\\12.png'
27.4687 	EXP 	unnamed Circle: fillColor = '[ 0.  0.  0.] (rgb)'
27.4687 	EXP 	unnamed Circle: pos = array([ 249.119,   78.23 ])
27.6489 	DATA 	Keypress: right
27.6690 	EXP 	unnamed ImageStim: image = 'inks\\12.png'
27.6690 	EXP 	unnamed Circle: fillColor = '[ 0.  0.  0.] (rgb)'
27.6690 	EXP 	unnamed Circle: pos = array([ 270.357,   64.709])
27.8691 	EXP 	unnamed ImageStim: image = 'inks\\13.png'
27.8691 	EXP 	unnamed Circle: fillColor = '[ 0.  0.  0.] (rgb)'
27.8691 	EXP 	unnamed Circle: pos = array([ 272.765,   82.693])
28.0638 	DATA 	Keypress: right
28.0863 	EXP 	unnamed ImageStim: image = 'inks\\13.png'
28.0863 	EXP 	unnamed Circle: fillColor = '[ 0.  0.  0.] (rgb)'
28.0863 	EXP 	unnamed Circle: pos = array([ 136.087,   62.107])
28.2695 	EXP 	unnamed ImageStim: image = 'inks\\14.png'
28.2695 	EXP 	unnamed Circle: fillColor = '[ 0.  0.  0.] (rgb)'
28.2695 	EXP 	unnamed Circle: pos = array([ 185.093,   64.376])
28.4435 	DATA 	Keypress: right
28.4545 	EXP 	unnamed ImageStim: image = 'inks\\14.png'
28.4545 	EXP 	unnamed Circle: fillColor = '[ 0.  0.  0.] (rgb)'
28.4545 	EXP 	unnamed Circle: pos = array([ 101.328,   56.701])
28.6700 	EXP 	unnamed ImageStim: image = 'inks\\15.png'
28.6700 	EXP 	unnamed Circle: fillColor = '[ 0.  0.  0.] (rgb)'
28.6700 	EXP 	unnamed Circle: pos = array([ 162.365,   50.834])
28.8672 	DATA 	Keypress: right
28.8869 	EXP 	unnamed ImageStim: image = 'inks\\15.png'
28.8869 	EXP 	unnamed Circle: fillColor = '[ 0.  0.  0.] (rgb)'
28.8869 	EXP 	unnamed Circle: pos = array([ 197.882,   42.97 ])
29.0909 	EXP 	Set  sound=fe\shake_nobreak.wav
29.0910 	EXP 	Sound  set loops 10
29.0914 	EXP 	Sound  started
29.1234 	EXP 	unnamed ImageStim: image = 'inks\\16.png'
29.1234 	EXP 	unnamed Circle: fillColor = '[ 0.  0.  0.] (rgb)'
29.1234 	EXP 	unnamed Circle: pos = array([ 182.134,   72.985])
29.3374 	EXP 	unnamed ImageStim: image = 'inks\\16.png'
29.3374 	EXP 	unnamed Circle: fillColor = '[ 0.  0.  0.] (rgb)'
29.3374 	EXP 	unnamed Circle: pos = array([ 294.12 ,  -59.414])
29.5549 	EXP 	unnamed ImageStim: image = 'inks\\16.png'
29.5549 	EXP 	unnamed Circle: fillColor = '[ 0.  0.  0.] (rgb)'
29.5549 	EXP 	unnamed Circle: pos = array([ 314.537,  -92.744])
29.7713 	EXP 	unnamed ImageStim: image = 'inks\\16.png'
29.7713 	EXP 	unnamed Circle: fillColor = '[ 0.  0.  0.] (rgb)'
29.7713 	EXP 	unnamed Circle: pos = array([-175.581,  -84.299])
29.9896 	EXP 	unnamed ImageStim: image = 'inks\\16.png'
29.9896 	EXP 	unnamed Circle: fillColor = '[ 0.  0.  0.] (rgb)'
29.9896 	EXP 	unnamed Circle: pos = array([-37.95 , -28.496])
30.2064 	EXP 	unnamed ImageStim: image = 'inks\\16.png'
30.2064 	EXP 	unnamed Circle: fillColor = '[ 0.  0.  0.] (rgb)'
30.2064 	EXP 	unnamed Circle: pos = array([ 18.727,  35.214])
30.4221 	EXP 	unnamed ImageStim: image = 'inks\\16.png'
30.4221 	EXP 	unnamed Circle: fillColor = '[ 0.  0.  0.] (rgb)'
30.4221 	EXP 	unnamed Circle: pos = array([ 345.57 , -213.933])
30.6390 	EXP 	unnamed ImageStim: image = 'inks\\16.png'
30.6390 	EXP 	unnamed Circle: fillColor = '[ 0.  0.  0.] (rgb)'
30.6390 	EXP 	unnamed Circle: pos = array([-33.094, -83.478])
30.8559 	EXP 	unnamed ImageStim: image = 'inks\\16.png'
30.8559 	EXP 	unnamed Circle: fillColor = '[ 0.  0.  0.] (rgb)'
30.8559 	EXP 	unnamed Circle: pos = array([ 65.59, -87.25])
31.0729 	EXP 	unnamed ImageStim: image = 'inks\\16.png'
31.0729 	EXP 	unnamed Circle: fillColor = '[ 0.  0.  0.] (rgb)'
31.0729 	EXP 	unnamed Circle: pos = array([ -6.195, -91.135])
31.2897 	EXP 	unnamed ImageStim: image = 'inks\\16.png'
31.2897 	EXP 	unnamed Circle: fillColor = '[ 0.  0.  0.] (rgb)'
31.2897 	EXP 	unnamed Circle: pos = array([ 92.89, -81.67])
31.5066 	EXP 	unnamed ImageStim: image = 'inks\\16.png'
31.5066 	EXP 	unnamed Circle: fillColor = '[ 0.  0.  0.] (rgb)'
31.5066 	EXP 	unnamed Circle: pos = array([   8.772, -101.997])
31.7237 	EXP 	unnamed ImageStim: image = 'inks\\16.png'
31.7237 	EXP 	unnamed Circle: fillColor = '[ 0.  0.  0.] (rgb)'
31.7237 	EXP 	unnamed Circle: pos = array([  13.43 , -114.291])
31.9405 	EXP 	unnamed ImageStim: image = 'inks\\16.png'
31.9405 	EXP 	unnamed Circle: fillColor = '[ 0.  0.  0.] (rgb)'
31.9405 	EXP 	unnamed Circle: pos = array([-107.387,   28.945])
32.1575 	EXP 	unnamed ImageStim: image = 'inks\\16.png'
32.1575 	EXP 	unnamed Circle: fillColor = '[ 0.  0.  0.] (rgb)'
32.1575 	EXP 	unnamed Circle: pos = array([ 96.929,  11.045])
32.3749 	EXP 	unnamed ImageStim: image = 'inks\\16.png'
32.3749 	EXP 	unnamed Circle: fillColor = '[ 0.  0.  0.] (rgb)'
32.3749 	EXP 	unnamed Circle: pos = array([ 100.168,   19.344])
32.5912 	EXP 	unnamed ImageStim: image = 'inks\\16.png'
32.5912 	EXP 	unnamed Circle: fillColor = '[ 0.  0.  0.] (rgb)'
32.5912 	EXP 	unnamed Circle: pos = array([-31.523,   8.908])
32.8081 	EXP 	unnamed ImageStim: image = 'inks\\16.png'
32.8081 	EXP 	unnamed Circle: fillColor = '[ 0.  0.  0.] (rgb)'
32.8081 	EXP 	unnamed Circle: pos = array([-1.396,  4.789])
33.0251 	EXP 	unnamed ImageStim: image = 'inks\\16.png'
33.0251 	EXP 	unnamed Circle: fillColor = '[ 0.  0.  0.] (rgb)'
33.0251 	EXP 	unnamed Circle: pos = array([-10.003,   3.999])
33.2420 	EXP 	unnamed ImageStim: image = 'inks\\16.png'
33.2420 	EXP 	unnamed Circle: fillColor = '[ 0.  0.  0.] (rgb)'
33.2420 	EXP 	unnamed Circle: pos = array([-25.788,   4.696])
33.4590 	EXP 	unnamed ImageStim: image = 'inks\\16.png'
33.4590 	EXP 	unnamed Circle: fillColor = '[ 0.  0.  0.] (rgb)'
33.4590 	EXP 	unnamed Circle: pos = array([-21.04 ,  26.032])
33.6758 	EXP 	unnamed ImageStim: image = 'inks\\16.png'
33.6758 	EXP 	unnamed Circle: fillColor = '[ 0.  0.  0.] (rgb)'
33.6758 	EXP 	unnamed Circle: pos = array([-30.813,  36.886])
33.8933 	EXP 	unnamed ImageStim: image = 'inks\\16.png'
33.8933 	EXP 	unnamed Circle: fillColor = '[ 0.  0.  0.] (rgb)'
33.8933 	EXP 	unnamed Circle: pos = array([-37.953,  60.72 ])
34.1263 	EXP 	unnamed ImageStim: image = 'inks\\16.png'
34.1263 	EXP 	unnamed Circle: fillColor = '[ 0.  0.  0.] (rgb)'
34.1263 	EXP 	unnamed Circle: pos = array([-20.231,  44.832])
34.3432 	EXP 	unnamed ImageStim: image = 'inks\\16.png'
34.3432 	EXP 	unnamed Circle: fillColor = '[ 0.  0.  0.] (rgb)'
34.3432 	EXP 	unnamed Circle: pos = array([ 27.662,  75.726])
34.5603 	EXP 	unnamed ImageStim: image = 'inks\\16.png'
34.5603 	EXP 	unnamed Circle: fillColor = '[ 0.  0.  0.] (rgb)'
34.5603 	EXP 	unnamed Circle: pos = array([-159.652,   60.657])
34.7772 	EXP 	unnamed ImageStim: image = 'inks\\16.png'
34.7772 	EXP 	unnamed Circle: fillColor = '[ 0.  0.  0.] (rgb)'
34.7772 	EXP 	unnamed Circle: pos = array([-62.179,  44.232])
34.9940 	EXP 	unnamed ImageStim: image = 'inks\\16.png'
34.9940 	EXP 	unnamed Circle: fillColor = '[ 0.  0.  0.] (rgb)'
34.9940 	EXP 	unnamed Circle: pos = array([-650.,  502.])
35.2109 	EXP 	unnamed ImageStim: image = 'inks\\16.png'
35.2109 	EXP 	unnamed Circle: fillColor = '[ 0.  0.  0.] (rgb)'
35.2109 	EXP 	unnamed Circle: pos = array([-650.,  502.])
35.4279 	EXP 	unnamed ImageStim: image = 'inks\\16.png'
35.4279 	EXP 	unnamed Circle: fillColor = '[ 0.  0.  0.] (rgb)'
35.4279 	EXP 	unnamed Circle: pos = array([-776.782, -479.896])
35.6448 	EXP 	unnamed ImageStim: image = 'inks\\16.png'
35.6448 	EXP 	unnamed Circle: fillColor = '[ 0.  0.  0.] (rgb)'
35.6448 	EXP 	unnamed Circle: pos = array([-650.,  502.])
35.8617 	EXP 	unnamed ImageStim: image = 'inks\\16.png'
35.8617 	EXP 	unnamed Circle: fillColor = '[ 0.  0.  0.] (rgb)'
35.8617 	EXP 	unnamed Circle: pos = array([-787.508, -464.265])
36.0631 	DATA 	Keypress: escape
36.0787 	EXP 	unnamed ImageStim: image = 'inks\\16.png'
36.0787 	EXP 	unnamed Circle: fillColor = '[ 0.  0.  0.] (rgb)'
36.0787 	EXP 	unnamed Circle: pos = array([-434.77 , -355.137])
