1.0710 	ERROR 	avbin.dll failed to load.
                     Try importing psychopy.visual as the first library
                     (before anything that uses scipy)
                     and make sure that avbin is installed.
1.0837 	ERROR 	avbin.dll failed to load.
                     Try importing psychopy.visual as the first library
                     (before anything that uses scipy)
                     and make sure that avbin is installed.
1.1094 	WARNING 	Movie2 stim could not be imported and won't be available
19.1309 	WARNING 	Monitor specification not found. Creating a temporary one...
19.1314 	WARNING 	User requested fullscreen with size [1680 1050], but screen is actually [1600, 900]. Using actual size
19.7252 	EXP 	Created window1 = Window(allowGUI=False, allowStencil=False, autoLog=True, bitsMode=UNKNOWN, blendMode='avg', color='white', colorSpace='named', fullscr=UNKNOWN, gamma=None, lms=UNKNOWN, monitor=<psychopy.monitors.calibTools.Monitor instance at 0x082BA300>, name='window1', pos=[0, 0], screen=0, size=array([1600,  900]), stereo=False, units=u'pix', useFBO=False, viewOri=0.0, viewPos=None, viewScale=None, waitBlanking=True, winType='pyglet')
19.7274 	EXP 	Created unnamed ImageStim = ImageStim(autoLog=True, color=array([ 1.,  1.,  1.]), colorSpace='rgb', contrast=1.0, depth=0, flipHoriz=False, flipVert=False, image=None, interpolate=False, mask=None, maskParams=None, name='unnamed ImageStim', opacity=1.0, ori=0.0, pos=array([ 0.,  0.]), size=array([ 1.,  1.]), texRes=128, units='height', win=Window(...))
19.7330 	EXP 	Created unnamed Circle = Circle(autoDraw=False, autoLog=True, closeShape=True, contrast=1.0, depth=0, fillColor=None, fillColorSpace='rgb', fillRGB=None, interpolate=True, lineColor=array([ 1.,  1.,  1.]), lineColorSpace='rgb', lineRGB=array([ 1.,  1.,  1.]), lineWidth=1.5, name='unnamed Circle', opacity=1.0, ori=array(0.0), pos=array([ 0.,  0.]), size=array([ 1.,  1.]), units=u'pix', vertices=ndarray(...), win=Window(...))
21.2521 	EXP 	Set  sound=C
21.2585 	EXP 	Set  sound=fe\ringing_alarm.wav
21.2585 	EXP 	Sound  set loops 10
21.2591 	EXP 	Sound  started
21.2801 	EXP 	unnamed ImageStim: image = 'inks\\01.png'
21.2801 	EXP 	unnamed Circle: fillColor = '[ 0.  0.  0.] (rgb)'
21.2801 	EXP 	unnamed Circle: pos = array([  81.021,  136.794])
21.4933 	EXP 	unnamed ImageStim: image = 'inks\\01.png'
21.4933 	EXP 	unnamed Circle: fillColor = '[ 0.  0.  0.] (rgb)'
21.4933 	EXP 	unnamed Circle: pos = array([ 110.947,  170.513])
21.6934 	EXP 	unnamed ImageStim: image = 'inks\\01.png'
21.6934 	EXP 	unnamed Circle: fillColor = '[ 0.  0.  0.] (rgb)'
21.6934 	EXP 	unnamed Circle: pos = array([ 101.427,  176.037])
21.8937 	EXP 	unnamed ImageStim: image = 'inks\\01.png'
21.8937 	EXP 	unnamed Circle: fillColor = '[ 0.  0.  0.] (rgb)'
21.8937 	EXP 	unnamed Circle: pos = array([ 190.349,  199.372])
22.0939 	EXP 	unnamed ImageStim: image = 'inks\\01.png'
22.0939 	EXP 	unnamed Circle: fillColor = '[ 0.  0.  0.] (rgb)'
22.0939 	EXP 	unnamed Circle: pos = array([ 238.401,  244.178])
22.2946 	EXP 	unnamed ImageStim: image = 'inks\\01.png'
22.2946 	EXP 	unnamed Circle: fillColor = '[ 0.  0.  0.] (rgb)'
22.2946 	EXP 	unnamed Circle: pos = array([ 327.448,  291.945])
22.4943 	EXP 	unnamed ImageStim: image = 'inks\\01.png'
22.4943 	EXP 	unnamed Circle: fillColor = '[ 0.  0.  0.] (rgb)'
22.4943 	EXP 	unnamed Circle: pos = array([ 323.322,  336.981])
22.6946 	EXP 	unnamed ImageStim: image = 'inks\\01.png'
22.6946 	EXP 	unnamed Circle: fillColor = '[ 0.  0.  0.] (rgb)'
22.6946 	EXP 	unnamed Circle: pos = array([ 317.352,  331.67 ])
22.8948 	EXP 	unnamed ImageStim: image = 'inks\\01.png'
22.8948 	EXP 	unnamed Circle: fillColor = '[ 0.  0.  0.] (rgb)'
22.8948 	EXP 	unnamed Circle: pos = array([ 313.261,  307.483])
23.0952 	EXP 	unnamed ImageStim: image = 'inks\\01.png'
23.0952 	EXP 	unnamed Circle: fillColor = '[ 0.  0.  0.] (rgb)'
23.0952 	EXP 	unnamed Circle: pos = array([ 353.712,  292.032])
23.2953 	EXP 	unnamed ImageStim: image = 'inks\\01.png'
23.2953 	EXP 	unnamed Circle: fillColor = '[ 0.  0.  0.] (rgb)'
23.2953 	EXP 	unnamed Circle: pos = array([ 320.803,  297.757])
23.4955 	EXP 	unnamed ImageStim: image = 'inks\\01.png'
23.4955 	EXP 	unnamed Circle: fillColor = '[ 0.  0.  0.] (rgb)'
23.4955 	EXP 	unnamed Circle: pos = array([ 314.797,  297.72 ])
23.6966 	EXP 	unnamed ImageStim: image = 'inks\\01.png'
23.6966 	EXP 	unnamed Circle: fillColor = '[ 0.  0.  0.] (rgb)'
23.6966 	EXP 	unnamed Circle: pos = array([-650.,  502.])
23.8960 	EXP 	unnamed ImageStim: image = 'inks\\01.png'
23.8960 	EXP 	unnamed Circle: fillColor = '[ 0.  0.  0.] (rgb)'
23.8960 	EXP 	unnamed Circle: pos = array([ 365.516,  313.529])
24.0962 	EXP 	unnamed ImageStim: image = 'inks\\01.png'
24.0962 	EXP 	unnamed Circle: fillColor = '[ 0.  0.  0.] (rgb)'
24.0962 	EXP 	unnamed Circle: pos = array([ 349.603,  327.819])
24.2964 	EXP 	unnamed ImageStim: image = 'inks\\01.png'
24.2964 	EXP 	unnamed Circle: fillColor = '[ 0.  0.  0.] (rgb)'
24.2964 	EXP 	unnamed Circle: pos = array([ 341.268,  330.495])
24.4966 	EXP 	unnamed ImageStim: image = 'inks\\01.png'
24.4966 	EXP 	unnamed Circle: fillColor = '[ 0.  0.  0.] (rgb)'
24.4966 	EXP 	unnamed Circle: pos = array([ 356.722,  334.384])
24.6969 	EXP 	unnamed ImageStim: image = 'inks\\01.png'
24.6969 	EXP 	unnamed Circle: fillColor = '[ 0.  0.  0.] (rgb)'
24.6969 	EXP 	unnamed Circle: pos = array([ 297.755,   36.499])
24.8971 	EXP 	unnamed ImageStim: image = 'inks\\01.png'
24.8971 	EXP 	unnamed Circle: fillColor = '[ 0.  0.  0.] (rgb)'
24.8971 	EXP 	unnamed Circle: pos = array([ 315.083,   27.854])
25.0975 	EXP 	unnamed ImageStim: image = 'inks\\01.png'
25.0975 	EXP 	unnamed Circle: fillColor = '[ 0.  0.  0.] (rgb)'
25.0975 	EXP 	unnamed Circle: pos = array([ 328.662,   -0.933])
25.2994 	EXP 	unnamed ImageStim: image = 'inks\\01.png'
25.2994 	EXP 	unnamed Circle: fillColor = '[ 0.  0.  0.] (rgb)'
25.2994 	EXP 	unnamed Circle: pos = array([ 425.907,    8.508])
25.5145 	EXP 	unnamed ImageStim: image = 'inks\\01.png'
25.5145 	EXP 	unnamed Circle: fillColor = '[ 0.  0.  0.] (rgb)'
25.5145 	EXP 	unnamed Circle: pos = array([ 448.698,    1.889])
25.7147 	EXP 	unnamed ImageStim: image = 'inks\\01.png'
25.7147 	EXP 	unnamed Circle: fillColor = '[ 0.  0.  0.] (rgb)'
25.7147 	EXP 	unnamed Circle: pos = array([ 491.372,  -29.652])
25.9149 	EXP 	unnamed ImageStim: image = 'inks\\01.png'
25.9149 	EXP 	unnamed Circle: fillColor = '[ 0.  0.  0.] (rgb)'
25.9149 	EXP 	unnamed Circle: pos = array([ 481.037,  -58.612])
26.1151 	EXP 	unnamed ImageStim: image = 'inks\\01.png'
26.1151 	EXP 	unnamed Circle: fillColor = '[ 0.  0.  0.] (rgb)'
26.1151 	EXP 	unnamed Circle: pos = array([ 456.643,  -74.385])
26.3154 	EXP 	unnamed ImageStim: image = 'inks\\01.png'
26.3154 	EXP 	unnamed Circle: fillColor = '[ 0.  0.  0.] (rgb)'
26.3154 	EXP 	unnamed Circle: pos = array([ 467.514, -228.59 ])
26.5156 	EXP 	unnamed ImageStim: image = 'inks\\01.png'
26.5156 	EXP 	unnamed Circle: fillColor = '[ 0.  0.  0.] (rgb)'
26.5156 	EXP 	unnamed Circle: pos = array([ 467.152, -230.021])
26.7158 	EXP 	unnamed ImageStim: image = 'inks\\01.png'
26.7158 	EXP 	unnamed Circle: fillColor = '[ 0.  0.  0.] (rgb)'
26.7158 	EXP 	unnamed Circle: pos = array([ 461.701, -214.198])
26.9008 	DATA 	Keypress: right
26.9160 	EXP 	unnamed ImageStim: image = 'inks\\01.png'
26.9160 	EXP 	unnamed Circle: fillColor = '[ 0.  0.  0.] (rgb)'
26.9160 	EXP 	unnamed Circle: pos = array([ 465.893, -216.914])
26.9162 	EXP 	Sound  stopped
27.1166 	EXP 	unnamed ImageStim: image = 'inks\\02.png'
27.1166 	EXP 	unnamed Circle: fillColor = '[ 0.  0.  0.] (rgb)'
27.1166 	EXP 	unnamed Circle: pos = array([ 468.614, -225.08 ])
27.3165 	EXP 	unnamed ImageStim: image = 'inks\\02.png'
27.3165 	EXP 	unnamed Circle: fillColor = '[ 0.  0.  0.] (rgb)'
27.3165 	EXP 	unnamed Circle: pos = array([ 460.354, -224.137])
27.5168 	EXP 	unnamed ImageStim: image = 'inks\\02.png'
27.5168 	EXP 	unnamed Circle: fillColor = '[ 0.  0.  0.] (rgb)'
27.5168 	EXP 	unnamed Circle: pos = array([ 478.541, -214.82 ])
27.7170 	EXP 	unnamed ImageStim: image = 'inks\\02.png'
27.7170 	EXP 	unnamed Circle: fillColor = '[ 0.  0.  0.] (rgb)'
27.7170 	EXP 	unnamed Circle: pos = array([ 73.046,  42.764])
27.9172 	EXP 	unnamed ImageStim: image = 'inks\\02.png'
27.9172 	EXP 	unnamed Circle: fillColor = '[ 0.  0.  0.] (rgb)'
27.9172 	EXP 	unnamed Circle: pos = array([-39.885,  26.011])
28.1176 	EXP 	unnamed ImageStim: image = 'inks\\02.png'
28.1176 	EXP 	unnamed Circle: fillColor = '[ 0.  0.  0.] (rgb)'
28.1176 	EXP 	unnamed Circle: pos = array([-214.67 ,  -29.063])
28.3177 	EXP 	unnamed ImageStim: image = 'inks\\02.png'
28.3177 	EXP 	unnamed Circle: fillColor = '[ 0.  0.  0.] (rgb)'
28.3177 	EXP 	unnamed Circle: pos = array([ -64.147,  252.818])
28.5179 	EXP 	unnamed ImageStim: image = 'inks\\02.png'
28.5179 	EXP 	unnamed Circle: fillColor = '[ 0.  0.  0.] (rgb)'
28.5179 	EXP 	unnamed Circle: pos = array([ -29.51,  251.78])
28.7014 	EXP 	unnamed ImageStim: image = 'inks\\02.png'
28.7014 	EXP 	unnamed Circle: fillColor = '[ 0.  0.  0.] (rgb)'
28.7014 	EXP 	unnamed Circle: pos = array([ -12.023,  233.206])
28.8786 	DATA 	Keypress: right
28.9017 	EXP 	unnamed ImageStim: image = 'inks\\02.png'
28.9017 	EXP 	unnamed Circle: fillColor = '[ 0.  0.  0.] (rgb)'
28.9017 	EXP 	unnamed Circle: pos = array([ -30.444,  233.156])
29.0871 	EXP 	Set  sound=fe\creature.wav
29.0871 	EXP 	Sound  set loops 10
29.0875 	EXP 	Sound  started
29.1207 	EXP 	unnamed ImageStim: image = 'inks\\03.png'
29.1207 	EXP 	unnamed Circle: fillColor = '[ 0.  0.  0.] (rgb)'
29.1207 	EXP 	unnamed Circle: pos = array([ -30.641,  249.648])
29.3188 	EXP 	unnamed ImageStim: image = 'inks\\03.png'
29.3188 	EXP 	unnamed Circle: fillColor = '[ 0.  0.  0.] (rgb)'
29.3188 	EXP 	unnamed Circle: pos = array([ -25.809,  214.022])
29.5191 	EXP 	unnamed ImageStim: image = 'inks\\03.png'
29.5191 	EXP 	unnamed Circle: fillColor = '[ 0.  0.  0.] (rgb)'
29.5191 	EXP 	unnamed Circle: pos = array([ -29.186,  197.04 ])
29.7193 	EXP 	unnamed ImageStim: image = 'inks\\03.png'
29.7193 	EXP 	unnamed Circle: fillColor = '[ 0.  0.  0.] (rgb)'
29.7193 	EXP 	unnamed Circle: pos = array([ 123.099,  123.748])
29.9195 	EXP 	unnamed ImageStim: image = 'inks\\03.png'
29.9195 	EXP 	unnamed Circle: fillColor = '[ 0.  0.  0.] (rgb)'
29.9195 	EXP 	unnamed Circle: pos = array([  47.873,  358.27 ])
30.1198 	EXP 	unnamed ImageStim: image = 'inks\\03.png'
30.1198 	EXP 	unnamed Circle: fillColor = '[ 0.  0.  0.] (rgb)'
30.1198 	EXP 	unnamed Circle: pos = array([  45.338,  341.547])
30.3200 	EXP 	unnamed ImageStim: image = 'inks\\03.png'
30.3200 	EXP 	unnamed Circle: fillColor = '[ 0.  0.  0.] (rgb)'
30.3200 	EXP 	unnamed Circle: pos = array([  41.413,  345.181])
30.5369 	EXP 	unnamed ImageStim: image = 'inks\\03.png'
30.5369 	EXP 	unnamed Circle: fillColor = '[ 0.  0.  0.] (rgb)'
30.5369 	EXP 	unnamed Circle: pos = array([  85.593,  351.921])
30.7371 	EXP 	unnamed ImageStim: image = 'inks\\03.png'
30.7371 	EXP 	unnamed Circle: fillColor = '[ 0.  0.  0.] (rgb)'
30.7371 	EXP 	unnamed Circle: pos = array([  89.69 ,  367.956])
30.9374 	EXP 	unnamed ImageStim: image = 'inks\\03.png'
30.9374 	EXP 	unnamed Circle: fillColor = '[ 0.  0.  0.] (rgb)'
30.9374 	EXP 	unnamed Circle: pos = array([  44.867,  358.582])
31.1376 	EXP 	unnamed ImageStim: image = 'inks\\03.png'
31.1376 	EXP 	unnamed Circle: fillColor = '[ 0.  0.  0.] (rgb)'
31.1376 	EXP 	unnamed Circle: pos = array([  49.842,  346.186])
31.3549 	EXP 	unnamed ImageStim: image = 'inks\\03.png'
31.3549 	EXP 	unnamed Circle: fillColor = '[ 0.  0.  0.] (rgb)'
31.3549 	EXP 	unnamed Circle: pos = array([  46.176,  349.673])
31.5547 	EXP 	unnamed ImageStim: image = 'inks\\03.png'
31.5547 	EXP 	unnamed Circle: fillColor = '[ 0.  0.  0.] (rgb)'
31.5547 	EXP 	unnamed Circle: pos = array([ 329.136,  354.305])
31.7551 	EXP 	unnamed ImageStim: image = 'inks\\03.png'
31.7551 	EXP 	unnamed Circle: fillColor = '[ 0.  0.  0.] (rgb)'
31.7551 	EXP 	unnamed Circle: pos = array([ 391.046,  364.495])
31.9552 	EXP 	unnamed ImageStim: image = 'inks\\03.png'
31.9552 	EXP 	unnamed Circle: fillColor = '[ 0.  0.  0.] (rgb)'
31.9552 	EXP 	unnamed Circle: pos = array([ 409.932,  358.71 ])
32.1555 	EXP 	unnamed ImageStim: image = 'inks\\03.png'
32.1555 	EXP 	unnamed Circle: fillColor = '[ 0.  0.  0.] (rgb)'
32.1555 	EXP 	unnamed Circle: pos = array([ 443.989,  347.328])
32.3410 	DATA 	Keypress: right
32.3556 	EXP 	unnamed ImageStim: image = 'inks\\03.png'
32.3556 	EXP 	unnamed Circle: fillColor = '[ 0.  0.  0.] (rgb)'
32.3556 	EXP 	unnamed Circle: pos = array([ 433.549,  352.34 ])
32.3558 	EXP 	Sound  stopped
32.5726 	EXP 	unnamed ImageStim: image = 'inks\\04.png'
32.5726 	EXP 	unnamed Circle: fillColor = '[ 0.  0.  0.] (rgb)'
32.5726 	EXP 	unnamed Circle: pos = array([ 415.267,  327.537])
32.7728 	EXP 	unnamed ImageStim: image = 'inks\\04.png'
32.7728 	EXP 	unnamed Circle: fillColor = '[ 0.  0.  0.] (rgb)'
32.7728 	EXP 	unnamed Circle: pos = array([ 410.244,  333.436])
32.9730 	EXP 	unnamed ImageStim: image = 'inks\\04.png'
32.9730 	EXP 	unnamed Circle: fillColor = '[ 0.  0.  0.] (rgb)'
32.9730 	EXP 	unnamed Circle: pos = array([ 397.831,  315.776])
33.1741 	EXP 	unnamed ImageStim: image = 'inks\\04.png'
33.1741 	EXP 	unnamed Circle: fillColor = '[ 0.  0.  0.] (rgb)'
33.1741 	EXP 	unnamed Circle: pos = array([ 288.431,   22.353])
33.3734 	EXP 	unnamed ImageStim: image = 'inks\\04.png'
33.3734 	EXP 	unnamed Circle: fillColor = '[ 0.  0.  0.] (rgb)'
33.3734 	EXP 	unnamed Circle: pos = array([ 257.944,   90.21 ])
33.5737 	EXP 	unnamed ImageStim: image = 'inks\\04.png'
33.5737 	EXP 	unnamed Circle: fillColor = '[ 0.  0.  0.] (rgb)'
33.5737 	EXP 	unnamed Circle: pos = array([ 180.86 ,  -17.182])
33.7741 	EXP 	unnamed ImageStim: image = 'inks\\04.png'
33.7741 	EXP 	unnamed Circle: fillColor = '[ 0.  0.  0.] (rgb)'
33.7741 	EXP 	unnamed Circle: pos = array([ 48.708, -29.2  ])
33.9742 	EXP 	unnamed ImageStim: image = 'inks\\04.png'
33.9742 	EXP 	unnamed Circle: fillColor = '[ 0.  0.  0.] (rgb)'
33.9742 	EXP 	unnamed Circle: pos = array([ 91.189, -45.942])
34.1744 	EXP 	unnamed ImageStim: image = 'inks\\04.png'
34.1744 	EXP 	unnamed Circle: fillColor = '[ 0.  0.  0.] (rgb)'
34.1744 	EXP 	unnamed Circle: pos = array([ 48.233, -59.112])
34.3747 	EXP 	unnamed ImageStim: image = 'inks\\04.png'
34.3747 	EXP 	unnamed Circle: fillColor = '[ 0.  0.  0.] (rgb)'
34.3747 	EXP 	unnamed Circle: pos = array([ 46.934, -75.891])
34.5748 	EXP 	unnamed ImageStim: image = 'inks\\04.png'
34.5748 	EXP 	unnamed Circle: fillColor = '[ 0.  0.  0.] (rgb)'
34.5748 	EXP 	unnamed Circle: pos = array([ 87.017, -70.701])
34.7552 	DATA 	Keypress: right
34.7751 	EXP 	unnamed ImageStim: image = 'inks\\04.png'
34.7751 	EXP 	unnamed Circle: fillColor = '[ 0.  0.  0.] (rgb)'
34.7751 	EXP 	unnamed Circle: pos = array([ 183.34 ,  -53.981])
34.9920 	EXP 	unnamed ImageStim: image = 'inks\\05.png'
34.9920 	EXP 	unnamed Circle: fillColor = '[ 0.  0.  0.] (rgb)'
34.9920 	EXP 	unnamed Circle: pos = array([ 211.247,  -42.079])
35.2090 	EXP 	unnamed ImageStim: image = 'inks\\05.png'
35.2090 	EXP 	unnamed Circle: fillColor = '[ 0.  0.  0.] (rgb)'
35.2090 	EXP 	unnamed Circle: pos = array([ 183.347,  -52.051])
35.4258 	EXP 	unnamed ImageStim: image = 'inks\\05.png'
35.4258 	EXP 	unnamed Circle: fillColor = '[ 0.  0.  0.] (rgb)'
35.4258 	EXP 	unnamed Circle: pos = array([ 193.146,  -35.972])
35.6427 	EXP 	unnamed ImageStim: image = 'inks\\05.png'
35.6427 	EXP 	unnamed Circle: fillColor = '[ 0.  0.  0.] (rgb)'
35.6427 	EXP 	unnamed Circle: pos = array([ 300.18 ,    2.186])
35.8597 	EXP 	unnamed ImageStim: image = 'inks\\05.png'
35.8597 	EXP 	unnamed Circle: fillColor = '[ 0.  0.  0.] (rgb)'
35.8597 	EXP 	unnamed Circle: pos = array([ 300.6  ,   19.559])
35.8599 	DATA 	Keypress: right
36.1267 	EXP 	unnamed ImageStim: image = 'inks\\06.png'
36.1267 	EXP 	unnamed Circle: fillColor = '[ 0.  0.  0.] (rgb)'
36.1267 	EXP 	unnamed Circle: pos = array([ 137.642,   55.9  ])
36.3605 	EXP 	unnamed ImageStim: image = 'inks\\06.png'
36.3605 	EXP 	unnamed Circle: fillColor = '[ 0.  0.  0.] (rgb)'
36.3605 	EXP 	unnamed Circle: pos = array([ 129.826,   53.037])
36.5939 	EXP 	unnamed ImageStim: image = 'inks\\06.png'
36.5939 	EXP 	unnamed Circle: fillColor = '[ 0.  0.  0.] (rgb)'
36.5939 	EXP 	unnamed Circle: pos = array([ 161.213,  -47.457])
36.8084 	DATA 	Keypress: right
36.8275 	EXP 	unnamed ImageStim: image = 'inks\\06.png'
36.8275 	EXP 	unnamed Circle: fillColor = '[ 0.  0.  0.] (rgb)'
36.8275 	EXP 	unnamed Circle: pos = array([ 134.816,  153.634])
37.0277 	EXP 	unnamed ImageStim: image = 'inks\\07.png'
37.0277 	EXP 	unnamed Circle: fillColor = '[ 0.  0.  0.] (rgb)'
37.0277 	EXP 	unnamed Circle: pos = array([ 131.607,  164.489])
37.2279 	EXP 	unnamed ImageStim: image = 'inks\\07.png'
37.2279 	EXP 	unnamed Circle: fillColor = '[ 0.  0.  0.] (rgb)'
37.2279 	EXP 	unnamed Circle: pos = array([ 127.852,  158.685])
37.4282 	EXP 	unnamed ImageStim: image = 'inks\\07.png'
37.4282 	EXP 	unnamed Circle: fillColor = '[ 0.  0.  0.] (rgb)'
37.4282 	EXP 	unnamed Circle: pos = array([ 104.419,  186.063])
37.6109 	DATA 	Keypress: right
37.6285 	EXP 	unnamed ImageStim: image = 'inks\\07.png'
37.6285 	EXP 	unnamed Circle: fillColor = '[ 0.  0.  0.] (rgb)'
37.6285 	EXP 	unnamed Circle: pos = array([ 300.315,   85.948])
37.8654 	EXP 	Set  sound=fe\push.wav
37.8654 	EXP 	Sound  set loops 10
37.8659 	EXP 	Sound  started
37.8965 	EXP 	unnamed ImageStim: image = 'inks\\08.png'
37.8965 	EXP 	unnamed Circle: fillColor = '[ 0.  0.  0.] (rgb)'
37.8965 	EXP 	unnamed Circle: pos = array([-118.328,  112.074])
38.1122 	EXP 	unnamed ImageStim: image = 'inks\\08.png'
38.1122 	EXP 	unnamed Circle: fillColor = '[ 0.  0.  0.] (rgb)'
38.1122 	EXP 	unnamed Circle: pos = array([ 314.303,  145.852])
38.3292 	EXP 	unnamed ImageStim: image = 'inks\\08.png'
38.3292 	EXP 	unnamed Circle: fillColor = '[ 0.  0.  0.] (rgb)'
38.3292 	EXP 	unnamed Circle: pos = array([ 314.275,  154.716])
38.5461 	EXP 	unnamed ImageStim: image = 'inks\\08.png'
38.5461 	EXP 	unnamed Circle: fillColor = '[ 0.  0.  0.] (rgb)'
38.5461 	EXP 	unnamed Circle: pos = array([-650.,  502.])
38.7630 	EXP 	unnamed ImageStim: image = 'inks\\08.png'
38.7630 	EXP 	unnamed Circle: fillColor = '[ 0.  0.  0.] (rgb)'
38.7630 	EXP 	unnamed Circle: pos = array([ -56.367, -113.162])
38.9799 	EXP 	unnamed ImageStim: image = 'inks\\08.png'
38.9799 	EXP 	unnamed Circle: fillColor = '[ 0.  0.  0.] (rgb)'
38.9799 	EXP 	unnamed Circle: pos = array([ -36.494, -125.281])
39.1970 	EXP 	unnamed ImageStim: image = 'inks\\08.png'
39.1970 	EXP 	unnamed Circle: fillColor = '[ 0.  0.  0.] (rgb)'
39.1970 	EXP 	unnamed Circle: pos = array([ 314.276,  -67.01 ])
39.4141 	EXP 	unnamed ImageStim: image = 'inks\\08.png'
39.4141 	EXP 	unnamed Circle: fillColor = '[ 0.  0.  0.] (rgb)'
39.4141 	EXP 	unnamed Circle: pos = array([ 400.364,  -50.481])
39.6097 	DATA 	Keypress: right
39.6307 	EXP 	unnamed ImageStim: image = 'inks\\08.png'
39.6307 	EXP 	unnamed Circle: fillColor = '[ 0.  0.  0.] (rgb)'
39.6307 	EXP 	unnamed Circle: pos = array([ 371.46 ,  -75.925])
39.6310 	EXP 	Sound  stopped
39.8309 	EXP 	unnamed ImageStim: image = 'inks\\09.png'
39.8309 	EXP 	unnamed Circle: fillColor = '[ 0.  0.  0.] (rgb)'
39.8309 	EXP 	unnamed Circle: pos = array([ 337.485,  -73.233])
40.0311 	EXP 	unnamed ImageStim: image = 'inks\\09.png'
40.0311 	EXP 	unnamed Circle: fillColor = '[ 0.  0.  0.] (rgb)'
40.0311 	EXP 	unnamed Circle: pos = array([ 345.803,  -71.351])
40.2314 	EXP 	unnamed ImageStim: image = 'inks\\09.png'
40.2314 	EXP 	unnamed Circle: fillColor = '[ 0.  0.  0.] (rgb)'
40.2314 	EXP 	unnamed Circle: pos = array([ 339.274,  -64.425])
40.4316 	EXP 	unnamed ImageStim: image = 'inks\\09.png'
40.4316 	EXP 	unnamed Circle: fillColor = '[ 0.  0.  0.] (rgb)'
40.4316 	EXP 	unnamed Circle: pos = array([ 137.718,   65.923])
40.6186 	DATA 	Keypress: right
40.6324 	EXP 	unnamed ImageStim: image = 'inks\\09.png'
40.6324 	EXP 	unnamed Circle: fillColor = '[ 0.  0.  0.] (rgb)'
40.6324 	EXP 	unnamed Circle: pos = array([  73.18 ,  151.229])
40.8597 	EXP 	Set  sound=fe\purr.wav
40.8598 	EXP 	Sound  set loops 10
40.8603 	EXP 	Sound  started
40.8841 	EXP 	unnamed ImageStim: image = 'inks\\10.png'
40.8841 	EXP 	unnamed Circle: fillColor = '[ 0.  0.  0.] (rgb)'
40.8841 	EXP 	unnamed Circle: pos = array([ 165.197,  149.224])
41.0994 	EXP 	unnamed ImageStim: image = 'inks\\10.png'
41.0994 	EXP 	unnamed Circle: fillColor = '[ 0.  0.  0.] (rgb)'
41.0994 	EXP 	unnamed Circle: pos = array([ 162.547,  118.446])
41.3167 	EXP 	unnamed ImageStim: image = 'inks\\10.png'
41.3167 	EXP 	unnamed Circle: fillColor = '[ 0.  0.  0.] (rgb)'
41.3167 	EXP 	unnamed Circle: pos = array([-650.,  502.])
41.5169 	EXP 	unnamed ImageStim: image = 'inks\\10.png'
41.5169 	EXP 	unnamed Circle: fillColor = '[ 0.  0.  0.] (rgb)'
41.5169 	EXP 	unnamed Circle: pos = array([ 352.273,   45.254])
41.7331 	EXP 	unnamed ImageStim: image = 'inks\\10.png'
41.7331 	EXP 	unnamed Circle: fillColor = '[ 0.  0.  0.] (rgb)'
41.7331 	EXP 	unnamed Circle: pos = array([ -71.362,  291.052])
41.9500 	EXP 	unnamed ImageStim: image = 'inks\\10.png'
41.9500 	EXP 	unnamed Circle: fillColor = '[ 0.  0.  0.] (rgb)'
41.9500 	EXP 	unnamed Circle: pos = array([  51.914,  366.101])
42.1669 	EXP 	unnamed ImageStim: image = 'inks\\10.png'
42.1669 	EXP 	unnamed Circle: fillColor = '[ 0.  0.  0.] (rgb)'
42.1669 	EXP 	unnamed Circle: pos = array([ 432.519,  111.506])
42.3671 	EXP 	unnamed ImageStim: image = 'inks\\10.png'
42.3671 	EXP 	unnamed Circle: fillColor = '[ 0.  0.  0.] (rgb)'
42.3671 	EXP 	unnamed Circle: pos = array([  28.181,  260.467])
42.5849 	EXP 	unnamed ImageStim: image = 'inks\\10.png'
42.5849 	EXP 	unnamed Circle: fillColor = '[ 0.  0.  0.] (rgb)'
42.5849 	EXP 	unnamed Circle: pos = array([  17.02 ,  274.235])
42.8010 	EXP 	unnamed ImageStim: image = 'inks\\10.png'
42.8010 	EXP 	unnamed Circle: fillColor = '[ 0.  0.  0.] (rgb)'
42.8010 	EXP 	unnamed Circle: pos = array([ 211.937,   84.995])
43.0179 	EXP 	unnamed ImageStim: image = 'inks\\10.png'
43.0179 	EXP 	unnamed Circle: fillColor = '[ 0.  0.  0.] (rgb)'
43.0179 	EXP 	unnamed Circle: pos = array([  20.269,  323.15 ])
43.2110 	DATA 	Keypress: right
43.2348 	EXP 	unnamed ImageStim: image = 'inks\\10.png'
43.2348 	EXP 	unnamed Circle: fillColor = '[ 0.  0.  0.] (rgb)'
43.2348 	EXP 	unnamed Circle: pos = array([ 288.303,  167.323])
43.2350 	EXP 	Sound  stopped
43.4184 	EXP 	unnamed ImageStim: image = 'inks\\11.png'
43.4184 	EXP 	unnamed Circle: fillColor = '[ 0.  0.  0.] (rgb)'
43.4184 	EXP 	unnamed Circle: pos = array([ 292.858,  160.907])
43.6020 	EXP 	unnamed ImageStim: image = 'inks\\11.png'
43.6020 	EXP 	unnamed Circle: fillColor = '[ 0.  0.  0.] (rgb)'
43.6020 	EXP 	unnamed Circle: pos = array([ 291.351,  162.412])
43.7857 	EXP 	unnamed ImageStim: image = 'inks\\11.png'
43.7857 	EXP 	unnamed Circle: fillColor = '[ 0.  0.  0.] (rgb)'
43.7857 	EXP 	unnamed Circle: pos = array([ 285.973,  159.753])
43.9690 	EXP 	unnamed ImageStim: image = 'inks\\11.png'
43.9690 	EXP 	unnamed Circle: fillColor = '[ 0.  0.  0.] (rgb)'
43.9690 	EXP 	unnamed Circle: pos = array([-635.617, -393.004])
44.1525 	EXP 	unnamed ImageStim: image = 'inks\\11.png'
44.1525 	EXP 	unnamed Circle: fillColor = '[ 0.  0.  0.] (rgb)'
44.1525 	EXP 	unnamed Circle: pos = array([-538.473, -394.046])
44.3377 	EXP 	unnamed ImageStim: image = 'inks\\11.png'
44.3377 	EXP 	unnamed Circle: fillColor = '[ 0.  0.  0.] (rgb)'
44.3377 	EXP 	unnamed Circle: pos = array([-520.773, -402.657])
44.5107 	DATA 	Keypress: right
44.5196 	EXP 	unnamed ImageStim: image = 'inks\\11.png'
44.5196 	EXP 	unnamed Circle: fillColor = '[ 0.  0.  0.] (rgb)'
44.5196 	EXP 	unnamed Circle: pos = array([-499.906, -393.812])
44.7533 	EXP 	unnamed ImageStim: image = 'inks\\12.png'
44.7533 	EXP 	unnamed Circle: fillColor = '[ 0.  0.  0.] (rgb)'
44.7533 	EXP 	unnamed Circle: pos = array([ 107.922,  139.957])
44.9535 	EXP 	unnamed ImageStim: image = 'inks\\12.png'
44.9535 	EXP 	unnamed Circle: fillColor = '[ 0.  0.  0.] (rgb)'
44.9535 	EXP 	unnamed Circle: pos = array([ 150.941,  156.708])
45.1537 	EXP 	unnamed ImageStim: image = 'inks\\12.png'
45.1537 	EXP 	unnamed Circle: fillColor = '[ 0.  0.  0.] (rgb)'
45.1537 	EXP 	unnamed Circle: pos = array([ 147.781,  173.299])
45.3539 	EXP 	unnamed ImageStim: image = 'inks\\12.png'
45.3539 	EXP 	unnamed Circle: fillColor = '[ 0.  0.  0.] (rgb)'
45.3539 	EXP 	unnamed Circle: pos = array([-650.,  502.])
45.5541 	EXP 	unnamed ImageStim: image = 'inks\\12.png'
45.5541 	EXP 	unnamed Circle: fillColor = '[ 0.  0.  0.] (rgb)'
45.5541 	EXP 	unnamed Circle: pos = array([ 285.769,  215.271])
45.7544 	EXP 	unnamed ImageStim: image = 'inks\\12.png'
45.7544 	EXP 	unnamed Circle: fillColor = '[ 0.  0.  0.] (rgb)'
45.7544 	EXP 	unnamed Circle: pos = array([   0.817,  145.806])
45.9547 	EXP 	unnamed ImageStim: image = 'inks\\12.png'
45.9547 	EXP 	unnamed Circle: fillColor = '[ 0.  0.  0.] (rgb)'
45.9547 	EXP 	unnamed Circle: pos = array([ -64.997,  125.538])
46.1548 	EXP 	unnamed ImageStim: image = 'inks\\12.png'
46.1548 	EXP 	unnamed Circle: fillColor = '[ 0.  0.  0.] (rgb)'
46.1548 	EXP 	unnamed Circle: pos = array([ -82.376,  130.591])
46.3372 	DATA 	Keypress: right
46.3551 	EXP 	unnamed ImageStim: image = 'inks\\12.png'
46.3551 	EXP 	unnamed Circle: fillColor = '[ 0.  0.  0.] (rgb)'
46.3551 	EXP 	unnamed Circle: pos = array([-79.525,  79.368])
46.5554 	EXP 	unnamed ImageStim: image = 'inks\\13.png'
46.5554 	EXP 	unnamed Circle: fillColor = '[ 0.  0.  0.] (rgb)'
46.5554 	EXP 	unnamed Circle: pos = array([-81.315,  68.401])
46.7722 	EXP 	unnamed ImageStim: image = 'inks\\13.png'
46.7722 	EXP 	unnamed Circle: fillColor = '[ 0.  0.  0.] (rgb)'
46.7722 	EXP 	unnamed Circle: pos = array([-80.255,  65.48 ])
46.9724 	EXP 	unnamed ImageStim: image = 'inks\\13.png'
46.9724 	EXP 	unnamed Circle: fillColor = '[ 0.  0.  0.] (rgb)'
46.9724 	EXP 	unnamed Circle: pos = array([-72.482,  73.69 ])
47.1577 	DATA 	Keypress: right
47.1727 	EXP 	unnamed ImageStim: image = 'inks\\13.png'
47.1727 	EXP 	unnamed Circle: fillColor = '[ 0.  0.  0.] (rgb)'
47.1727 	EXP 	unnamed Circle: pos = array([ 127.265,   99.319])
47.3731 	EXP 	unnamed ImageStim: image = 'inks\\14.png'
47.3731 	EXP 	unnamed Circle: fillColor = '[ 0.  0.  0.] (rgb)'
47.3731 	EXP 	unnamed Circle: pos = array([ 122.039,  116.303])
47.5565 	EXP 	unnamed ImageStim: image = 'inks\\14.png'
47.5565 	EXP 	unnamed Circle: fillColor = '[ 0.  0.  0.] (rgb)'
47.5565 	EXP 	unnamed Circle: pos = array([ 194.794,  221.456])
47.7400 	EXP 	unnamed ImageStim: image = 'inks\\14.png'
47.7400 	EXP 	unnamed Circle: fillColor = '[ 0.  0.  0.] (rgb)'
47.7400 	EXP 	unnamed Circle: pos = array([ 204.471,  228.08 ])
47.9402 	EXP 	unnamed ImageStim: image = 'inks\\14.png'
47.9402 	EXP 	unnamed Circle: fillColor = '[ 0.  0.  0.] (rgb)'
47.9402 	EXP 	unnamed Circle: pos = array([ 251.524,  160.834])
48.1240 	EXP 	unnamed ImageStim: image = 'inks\\14.png'
48.1240 	EXP 	unnamed Circle: fillColor = '[ 0.  0.  0.] (rgb)'
48.1240 	EXP 	unnamed Circle: pos = array([ 273.595,  107.376])
48.3073 	EXP 	unnamed ImageStim: image = 'inks\\14.png'
48.3073 	EXP 	unnamed Circle: fillColor = '[ 0.  0.  0.] (rgb)'
48.3073 	EXP 	unnamed Circle: pos = array([ 253.434,  105.438])
48.4909 	EXP 	unnamed ImageStim: image = 'inks\\14.png'
48.4909 	EXP 	unnamed Circle: fillColor = '[ 0.  0.  0.] (rgb)'
48.4909 	EXP 	unnamed Circle: pos = array([ 262.42 ,   88.055])
48.6911 	EXP 	unnamed ImageStim: image = 'inks\\14.png'
48.6911 	EXP 	unnamed Circle: fillColor = '[ 0.  0.  0.] (rgb)'
48.6911 	EXP 	unnamed Circle: pos = array([ 260.758,   81.498])
48.8746 	EXP 	unnamed ImageStim: image = 'inks\\14.png'
48.8746 	EXP 	unnamed Circle: fillColor = '[ 0.  0.  0.] (rgb)'
48.8746 	EXP 	unnamed Circle: pos = array([ 298.293,   80.277])
48.8748 	DATA 	Keypress: right
49.1083 	EXP 	unnamed ImageStim: image = 'inks\\15.png'
49.1083 	EXP 	unnamed Circle: fillColor = '[ 0.  0.  0.] (rgb)'
49.1083 	EXP 	unnamed Circle: pos = array([ 318.966,   76.267])
49.3253 	EXP 	unnamed ImageStim: image = 'inks\\15.png'
49.3253 	EXP 	unnamed Circle: fillColor = '[ 0.  0.  0.] (rgb)'
49.3253 	EXP 	unnamed Circle: pos = array([ 289.473,   71.967])
49.5421 	EXP 	unnamed ImageStim: image = 'inks\\15.png'
49.5421 	EXP 	unnamed Circle: fillColor = '[ 0.  0.  0.] (rgb)'
49.5421 	EXP 	unnamed Circle: pos = array([ 283.77 ,   80.774])
49.7590 	EXP 	unnamed ImageStim: image = 'inks\\15.png'
49.7590 	EXP 	unnamed Circle: fillColor = '[ 0.  0.  0.] (rgb)'
49.7590 	EXP 	unnamed Circle: pos = array([ 277.391,   87.509])
49.9592 	EXP 	unnamed ImageStim: image = 'inks\\15.png'
49.9592 	EXP 	unnamed Circle: fillColor = '[ 0.  0.  0.] (rgb)'
49.9592 	EXP 	unnamed Circle: pos = array([ 127.094,  102.646])
50.1560 	DATA 	Keypress: right
50.1815 	EXP 	unnamed ImageStim: image = 'inks\\15.png'
50.1815 	EXP 	unnamed Circle: fillColor = '[ 0.  0.  0.] (rgb)'
50.1815 	EXP 	unnamed Circle: pos = array([ 133.999,  101.746])
50.4169 	EXP 	Set  sound=fe\shake.wav
50.4170 	EXP 	Sound  set loops 10
50.4176 	EXP 	Sound  started
50.4480 	EXP 	unnamed ImageStim: image = 'inks\\16.png'
50.4480 	EXP 	unnamed Circle: fillColor = '[ 0.  0.  0.] (rgb)'
50.4480 	EXP 	unnamed Circle: pos = array([ 100.804,  106.232])
50.6767 	EXP 	unnamed ImageStim: image = 'inks\\16.png'
50.6767 	EXP 	unnamed Circle: fillColor = '[ 0.  0.  0.] (rgb)'
50.6767 	EXP 	unnamed Circle: pos = array([ 153.208,   86.177])
50.8936 	EXP 	unnamed ImageStim: image = 'inks\\16.png'
50.8936 	EXP 	unnamed Circle: fillColor = '[ 0.  0.  0.] (rgb)'
50.8936 	EXP 	unnamed Circle: pos = array([ 139.894,   91.524])
51.1105 	EXP 	unnamed ImageStim: image = 'inks\\16.png'
51.1105 	EXP 	unnamed Circle: fillColor = '[ 0.  0.  0.] (rgb)'
51.1105 	EXP 	unnamed Circle: pos = array([ 18.566,  74.877])
51.3275 	EXP 	unnamed ImageStim: image = 'inks\\16.png'
51.3275 	EXP 	unnamed Circle: fillColor = '[ 0.  0.  0.] (rgb)'
51.3275 	EXP 	unnamed Circle: pos = array([ 25.471, -14.883])
51.5444 	EXP 	unnamed ImageStim: image = 'inks\\16.png'
51.5444 	EXP 	unnamed Circle: fillColor = '[ 0.  0.  0.] (rgb)'
51.5444 	EXP 	unnamed Circle: pos = array([ 25.647, -51.006])
51.7613 	EXP 	unnamed ImageStim: image = 'inks\\16.png'
51.7613 	EXP 	unnamed Circle: fillColor = '[ 0.  0.  0.] (rgb)'
51.7613 	EXP 	unnamed Circle: pos = array([ 65.337,  -1.739])
51.9782 	EXP 	unnamed ImageStim: image = 'inks\\16.png'
51.9782 	EXP 	unnamed Circle: fillColor = '[ 0.  0.  0.] (rgb)'
51.9782 	EXP 	unnamed Circle: pos = array([ 360.526,  142.268])
52.1951 	EXP 	unnamed ImageStim: image = 'inks\\16.png'
52.1951 	EXP 	unnamed Circle: fillColor = '[ 0.  0.  0.] (rgb)'
52.1951 	EXP 	unnamed Circle: pos = array([ 55.475,  88.102])
52.4121 	EXP 	unnamed ImageStim: image = 'inks\\16.png'
52.4121 	EXP 	unnamed Circle: fillColor = '[ 0.  0.  0.] (rgb)'
52.4121 	EXP 	unnamed Circle: pos = array([ 30.171,  72.376])
52.6290 	EXP 	unnamed ImageStim: image = 'inks\\16.png'
52.6290 	EXP 	unnamed Circle: fillColor = '[ 0.  0.  0.] (rgb)'
52.6290 	EXP 	unnamed Circle: pos = array([ 46.931,  78.667])
52.8626 	EXP 	unnamed ImageStim: image = 'inks\\16.png'
52.8626 	EXP 	unnamed Circle: fillColor = '[ 0.  0.  0.] (rgb)'
52.8626 	EXP 	unnamed Circle: pos = array([ 45.967,  93.132])
53.0795 	EXP 	unnamed ImageStim: image = 'inks\\16.png'
53.0795 	EXP 	unnamed Circle: fillColor = '[ 0.  0.  0.] (rgb)'
53.0795 	EXP 	unnamed Circle: pos = array([ 20.716,  71.764])
53.2964 	EXP 	unnamed ImageStim: image = 'inks\\16.png'
53.2964 	EXP 	unnamed Circle: fillColor = '[ 0.  0.  0.] (rgb)'
53.2964 	EXP 	unnamed Circle: pos = array([ 37.265,  68.007])
53.5133 	EXP 	unnamed ImageStim: image = 'inks\\16.png'
53.5133 	EXP 	unnamed Circle: fillColor = '[ 0.  0.  0.] (rgb)'
53.5133 	EXP 	unnamed Circle: pos = array([ 327.211, -223.248])
53.7302 	EXP 	unnamed ImageStim: image = 'inks\\16.png'
53.7302 	EXP 	unnamed Circle: fillColor = '[ 0.  0.  0.] (rgb)'
53.7302 	EXP 	unnamed Circle: pos = array([ 349.223, -233.783])
53.9471 	EXP 	unnamed ImageStim: image = 'inks\\16.png'
53.9471 	EXP 	unnamed Circle: fillColor = '[ 0.  0.  0.] (rgb)'
53.9471 	EXP 	unnamed Circle: pos = array([-171.174, -280.032])
54.1640 	EXP 	unnamed ImageStim: image = 'inks\\16.png'
54.1640 	EXP 	unnamed Circle: fillColor = '[ 0.  0.  0.] (rgb)'
54.1640 	EXP 	unnamed Circle: pos = array([-52.23 , -29.869])
54.3976 	EXP 	unnamed ImageStim: image = 'inks\\16.png'
54.3976 	EXP 	unnamed Circle: fillColor = '[ 0.  0.  0.] (rgb)'
54.3976 	EXP 	unnamed Circle: pos = array([-10.553,  19.706])
54.6313 	EXP 	unnamed ImageStim: image = 'inks\\16.png'
54.6313 	EXP 	unnamed Circle: fillColor = '[ 0.  0.  0.] (rgb)'
54.6313 	EXP 	unnamed Circle: pos = array([ 357.806, -214.422])
54.6315 	DATA 	Keypress: right
54.6317 	EXP 	Sound  stopped
54.8482 	EXP 	unnamed ImageStim: image = 'inks\\17.png'
54.8482 	EXP 	unnamed Circle: fillColor = '[ 0.  0.  0.] (rgb)'
54.8482 	EXP 	unnamed Circle: pos = array([ 38.805,   4.279])
55.0651 	EXP 	unnamed ImageStim: image = 'inks\\17.png'
55.0651 	EXP 	unnamed Circle: fillColor = '[ 0.  0.  0.] (rgb)'
55.0651 	EXP 	unnamed Circle: pos = array([ 59.956,   7.23 ])
55.2820 	EXP 	unnamed ImageStim: image = 'inks\\17.png'
55.2820 	EXP 	unnamed Circle: fillColor = '[ 0.  0.  0.] (rgb)'
55.2820 	EXP 	unnamed Circle: pos = array([ 90.39 ,  27.914])
55.4991 	EXP 	unnamed ImageStim: image = 'inks\\17.png'
55.4991 	EXP 	unnamed Circle: fillColor = '[ 0.  0.  0.] (rgb)'
55.4991 	EXP 	unnamed Circle: pos = array([ 195.137,  113.745])
55.6992 	EXP 	unnamed ImageStim: image = 'inks\\17.png'
55.6992 	EXP 	unnamed Circle: fillColor = '[ 0.  0.  0.] (rgb)'
55.6992 	EXP 	unnamed Circle: pos = array([ 115.003,   53.831])
55.8857 	DATA 	Keypress: right
55.8993 	EXP 	unnamed ImageStim: image = 'inks\\17.png'
55.8993 	EXP 	unnamed Circle: fillColor = '[ 0.  0.  0.] (rgb)'
55.8993 	EXP 	unnamed Circle: pos = array([ 20.084,  84.882])
56.1326 	EXP 	Set  sound=fe\poke.wav
56.1326 	EXP 	Sound  set loops 10
56.1332 	EXP 	Sound  started
56.1624 	EXP 	unnamed ImageStim: image = 'inks\\18.png'
56.1624 	EXP 	unnamed Circle: fillColor = '[ 0.  0.  0.] (rgb)'
56.1624 	EXP 	unnamed Circle: pos = array([ 85.115,  76.331])
56.3832 	EXP 	unnamed ImageStim: image = 'inks\\18.png'
56.3832 	EXP 	unnamed Circle: fillColor = '[ 0.  0.  0.] (rgb)'
56.3832 	EXP 	unnamed Circle: pos = array([ 76.834,  50.149])
56.6002 	EXP 	unnamed ImageStim: image = 'inks\\18.png'
56.6002 	EXP 	unnamed Circle: fillColor = '[ 0.  0.  0.] (rgb)'
56.6002 	EXP 	unnamed Circle: pos = array([ 300.191,   31.633])
56.8171 	EXP 	unnamed ImageStim: image = 'inks\\18.png'
56.8171 	EXP 	unnamed Circle: fillColor = '[ 0.  0.  0.] (rgb)'
56.8171 	EXP 	unnamed Circle: pos = array([ -39.835,  176.017])
57.0173 	EXP 	unnamed ImageStim: image = 'inks\\18.png'
57.0173 	EXP 	unnamed Circle: fillColor = '[ 0.  0.  0.] (rgb)'
57.0173 	EXP 	unnamed Circle: pos = array([ 148.234,  255.98 ])
57.2176 	DATA 	Keypress: right
57.2343 	EXP 	unnamed ImageStim: image = 'inks\\18.png'
57.2343 	EXP 	unnamed Circle: fillColor = '[ 0.  0.  0.] (rgb)'
57.2343 	EXP 	unnamed Circle: pos = array([ 379.182, -191.085])
57.2345 	EXP 	Sound  stopped
57.4512 	EXP 	unnamed ImageStim: image = 'inks\\19.png'
57.4512 	EXP 	unnamed Circle: fillColor = '[ 0.  0.  0.] (rgb)'
57.4512 	EXP 	unnamed Circle: pos = array([ 233.241, -183.036])
57.6514 	EXP 	unnamed ImageStim: image = 'inks\\19.png'
57.6514 	EXP 	unnamed Circle: fillColor = '[ 0.  0.  0.] (rgb)'
57.6514 	EXP 	unnamed Circle: pos = array([ 237.475, -184.128])
57.8684 	EXP 	unnamed ImageStim: image = 'inks\\19.png'
57.8684 	EXP 	unnamed Circle: fillColor = '[ 0.  0.  0.] (rgb)'
57.8684 	EXP 	unnamed Circle: pos = array([ 261.041,  -71.641])
58.0527 	DATA 	Keypress: right
58.0686 	EXP 	unnamed ImageStim: image = 'inks\\19.png'
58.0686 	EXP 	unnamed Circle: fillColor = '[ 0.  0.  0.] (rgb)'
58.0686 	EXP 	unnamed Circle: pos = array([ 128.884,  262.654])
58.2855 	EXP 	unnamed ImageStim: image = 'inks\\20.png'
58.2855 	EXP 	unnamed Circle: fillColor = '[ 0.  0.  0.] (rgb)'
58.2855 	EXP 	unnamed Circle: pos = array([ 127.452,  278.617])
58.4857 	EXP 	unnamed ImageStim: image = 'inks\\20.png'
58.4857 	EXP 	unnamed Circle: fillColor = '[ 0.  0.  0.] (rgb)'
58.4857 	EXP 	unnamed Circle: pos = array([ 113.266,  264.891])
58.6859 	EXP 	unnamed ImageStim: image = 'inks\\20.png'
58.6859 	EXP 	unnamed Circle: fillColor = '[ 0.  0.  0.] (rgb)'
58.6859 	EXP 	unnamed Circle: pos = array([-220.441,  143.846])
58.8748 	DATA 	Keypress: right
58.8861 	EXP 	unnamed ImageStim: image = 'inks\\20.png'
58.8861 	EXP 	unnamed Circle: fillColor = '[ 0.  0.  0.] (rgb)'
58.8861 	EXP 	unnamed Circle: pos = array([ 297.857,  152.897])
59.0883 	EXP 	Set  sound=fe\poke.wav
59.0883 	EXP 	Sound  set loops 10
59.0889 	EXP 	Sound  started
59.1089 	EXP 	unnamed ImageStim: image = 'inks\\21.png'
59.1089 	EXP 	unnamed Circle: fillColor = '[ 0.  0.  0.] (rgb)'
59.1089 	EXP 	unnamed Circle: pos = array([ 264.813,  161.459])
59.3199 	EXP 	unnamed ImageStim: image = 'inks\\21.png'
59.3199 	EXP 	unnamed Circle: fillColor = '[ 0.  0.  0.] (rgb)'
59.3199 	EXP 	unnamed Circle: pos = array([ 216.493,  133.04 ])
59.5202 	EXP 	unnamed ImageStim: image = 'inks\\21.png'
59.5202 	EXP 	unnamed Circle: fillColor = '[ 0.  0.  0.] (rgb)'
59.5202 	EXP 	unnamed Circle: pos = array([ 223.148,  131.519])
59.7204 	EXP 	unnamed ImageStim: image = 'inks\\21.png'
59.7204 	EXP 	unnamed Circle: fillColor = '[ 0.  0.  0.] (rgb)'
59.7204 	EXP 	unnamed Circle: pos = array([ -55.405,  223.95 ])
59.9207 	EXP 	unnamed ImageStim: image = 'inks\\21.png'
59.9207 	EXP 	unnamed Circle: fillColor = '[ 0.  0.  0.] (rgb)'
59.9207 	EXP 	unnamed Circle: pos = array([ -90.788,  300.105])
60.1208 	EXP 	unnamed ImageStim: image = 'inks\\21.png'
60.1208 	EXP 	unnamed Circle: fillColor = '[ 0.  0.  0.] (rgb)'
60.1208 	EXP 	unnamed Circle: pos = array([-112.968,  305.661])
60.3215 	EXP 	unnamed ImageStim: image = 'inks\\21.png'
60.3215 	EXP 	unnamed Circle: fillColor = '[ 0.  0.  0.] (rgb)'
60.3215 	EXP 	unnamed Circle: pos = array([ 184.899,  -17.567])
60.5216 	EXP 	unnamed ImageStim: image = 'inks\\21.png'
60.5216 	EXP 	unnamed Circle: fillColor = '[ 0.  0.  0.] (rgb)'
60.5216 	EXP 	unnamed Circle: pos = array([-155.97 ,  346.027])
60.7113 	DATA 	Keypress: right
60.7221 	EXP 	unnamed ImageStim: image = 'inks\\21.png'
60.7221 	EXP 	unnamed Circle: fillColor = '[ 0.  0.  0.] (rgb)'
60.7221 	EXP 	unnamed Circle: pos = array([-135.303,  346.666])
60.7223 	EXP 	Sound  stopped
60.9297 	EXP 	Set  sound=fe\tiktok.wav
60.9297 	EXP 	Sound  set loops 10
60.9302 	EXP 	Sound  started
60.9566 	EXP 	unnamed ImageStim: image = 'inks\\22.png'
60.9566 	EXP 	unnamed Circle: fillColor = '[ 0.  0.  0.] (rgb)'
60.9566 	EXP 	unnamed Circle: pos = array([ -94.434,  277.436])
61.1721 	EXP 	unnamed ImageStim: image = 'inks\\22.png'
61.1721 	EXP 	unnamed Circle: fillColor = '[ 0.  0.  0.] (rgb)'
61.1721 	EXP 	unnamed Circle: pos = array([ -71.859,  271.92 ])
61.3890 	EXP 	unnamed ImageStim: image = 'inks\\22.png'
61.3890 	EXP 	unnamed Circle: fillColor = '[ 0.  0.  0.] (rgb)'
61.3890 	EXP 	unnamed Circle: pos = array([ -76.517,  269.181])
61.6059 	EXP 	unnamed ImageStim: image = 'inks\\22.png'
61.6059 	EXP 	unnamed Circle: fillColor = '[ 0.  0.  0.] (rgb)'
61.6059 	EXP 	unnamed Circle: pos = array([ 289.37 ,   32.089])
61.8228 	EXP 	unnamed ImageStim: image = 'inks\\22.png'
61.8228 	EXP 	unnamed Circle: fillColor = '[ 0.  0.  0.] (rgb)'
61.8228 	EXP 	unnamed Circle: pos = array([ 417.696,  -67.002])
62.0397 	EXP 	unnamed ImageStim: image = 'inks\\22.png'
62.0397 	EXP 	unnamed Circle: fillColor = '[ 0.  0.  0.] (rgb)'
62.0397 	EXP 	unnamed Circle: pos = array([  59.186,  287.51 ])
62.2566 	EXP 	unnamed ImageStim: image = 'inks\\22.png'
62.2566 	EXP 	unnamed Circle: fillColor = '[ 0.  0.  0.] (rgb)'
62.2566 	EXP 	unnamed Circle: pos = array([ 188.313,  290.202])
62.4736 	EXP 	unnamed ImageStim: image = 'inks\\22.png'
62.4736 	EXP 	unnamed Circle: fillColor = '[ 0.  0.  0.] (rgb)'
62.4736 	EXP 	unnamed Circle: pos = array([ 178.82 ,  308.212])
62.6905 	EXP 	unnamed ImageStim: image = 'inks\\22.png'
62.6905 	EXP 	unnamed Circle: fillColor = '[ 0.  0.  0.] (rgb)'
62.6905 	EXP 	unnamed Circle: pos = array([ 293.124,   30.965])
62.9074 	EXP 	unnamed ImageStim: image = 'inks\\22.png'
62.9074 	EXP 	unnamed Circle: fillColor = '[ 0.  0.  0.] (rgb)'
62.9074 	EXP 	unnamed Circle: pos = array([  52.622,  204.753])
63.1245 	EXP 	unnamed ImageStim: image = 'inks\\22.png'
63.1245 	EXP 	unnamed Circle: fillColor = '[ 0.  0.  0.] (rgb)'
63.1245 	EXP 	unnamed Circle: pos = array([  49.751,  195.27 ])
63.3416 	EXP 	unnamed ImageStim: image = 'inks\\22.png'
63.3416 	EXP 	unnamed Circle: fillColor = '[ 0.  0.  0.] (rgb)'
63.3416 	EXP 	unnamed Circle: pos = array([ 201.831,  265.335])
63.5583 	EXP 	unnamed ImageStim: image = 'inks\\22.png'
63.5583 	EXP 	unnamed Circle: fillColor = '[ 0.  0.  0.] (rgb)'
63.5583 	EXP 	unnamed Circle: pos = array([ 187.063,  269.445])
63.7751 	EXP 	unnamed ImageStim: image = 'inks\\22.png'
63.7751 	EXP 	unnamed Circle: fillColor = '[ 0.  0.  0.] (rgb)'
63.7751 	EXP 	unnamed Circle: pos = array([ 300.013,   -1.859])
63.9920 	EXP 	unnamed ImageStim: image = 'inks\\22.png'
63.9920 	EXP 	unnamed Circle: fillColor = '[ 0.  0.  0.] (rgb)'
63.9920 	EXP 	unnamed Circle: pos = array([ 324.132,  -18.09 ])
64.2089 	EXP 	unnamed ImageStim: image = 'inks\\22.png'
64.2089 	EXP 	unnamed Circle: fillColor = '[ 0.  0.  0.] (rgb)'
64.2089 	EXP 	unnamed Circle: pos = array([ 336.932,  -11.211])
64.4258 	EXP 	unnamed ImageStim: image = 'inks\\22.png'
64.4258 	EXP 	unnamed Circle: fillColor = '[ 0.  0.  0.] (rgb)'
64.4258 	EXP 	unnamed Circle: pos = array([ 356.811,  -23.602])
64.6428 	EXP 	unnamed ImageStim: image = 'inks\\22.png'
64.6428 	EXP 	unnamed Circle: fillColor = '[ 0.  0.  0.] (rgb)'
64.6428 	EXP 	unnamed Circle: pos = array([ 313.642,  -35.03 ])
64.8596 	EXP 	unnamed ImageStim: image = 'inks\\22.png'
64.8596 	EXP 	unnamed Circle: fillColor = '[ 0.  0.  0.] (rgb)'
64.8596 	EXP 	unnamed Circle: pos = array([ 335.783,  -17.366])
65.0766 	EXP 	unnamed ImageStim: image = 'inks\\22.png'
65.0766 	EXP 	unnamed Circle: fillColor = '[ 0.  0.  0.] (rgb)'
65.0766 	EXP 	unnamed Circle: pos = array([ 344.775,   -8.584])
65.2743 	DATA 	Keypress: right
65.2941 	EXP 	unnamed ImageStim: image = 'inks\\22.png'
65.2941 	EXP 	unnamed Circle: fillColor = '[ 0.  0.  0.] (rgb)'
65.2941 	EXP 	unnamed Circle: pos = array([-650.,  502.])
65.2945 	EXP 	Sound  stopped
65.5274 	EXP 	unnamed ImageStim: image = 'inks\\23.png'
65.5274 	EXP 	unnamed Circle: fillColor = '[ 0.  0.  0.] (rgb)'
65.5274 	EXP 	unnamed Circle: pos = array([ 362.036,  -33.353])
65.7609 	EXP 	unnamed ImageStim: image = 'inks\\23.png'
65.7609 	EXP 	unnamed Circle: fillColor = '[ 0.  0.  0.] (rgb)'
65.7609 	EXP 	unnamed Circle: pos = array([ 387.977,  -31.206])
65.9943 	EXP 	unnamed ImageStim: image = 'inks\\23.png'
65.9943 	EXP 	unnamed Circle: fillColor = '[ 0.  0.  0.] (rgb)'
65.9943 	EXP 	unnamed Circle: pos = array([ 257.214,    7.483])
66.2279 	EXP 	unnamed ImageStim: image = 'inks\\23.png'
66.2279 	EXP 	unnamed Circle: fillColor = '[ 0.  0.  0.] (rgb)'
66.2279 	EXP 	unnamed Circle: pos = array([-650.,  502.])
66.2281 	DATA 	Keypress: right
66.4782 	EXP 	unnamed ImageStim: image = 'inks\\24.png'
66.4782 	EXP 	unnamed Circle: fillColor = '[ 0.  0.  0.] (rgb)'
66.4782 	EXP 	unnamed Circle: pos = array([ 126.418,  122.278])
66.6955 	EXP 	unnamed ImageStim: image = 'inks\\24.png'
66.6955 	EXP 	unnamed Circle: fillColor = '[ 0.  0.  0.] (rgb)'
66.6955 	EXP 	unnamed Circle: pos = array([ 127.9  ,  147.009])
66.9120 	EXP 	unnamed ImageStim: image = 'inks\\24.png'
66.9120 	EXP 	unnamed Circle: fillColor = '[ 0.  0.  0.] (rgb)'
66.9120 	EXP 	unnamed Circle: pos = array([ 133.985,  148.421])
67.1121 	DATA 	Keypress: right
67.1290 	EXP 	unnamed ImageStim: image = 'inks\\24.png'
67.1290 	EXP 	unnamed Circle: fillColor = '[ 0.  0.  0.] (rgb)'
67.1290 	EXP 	unnamed Circle: pos = array([-650.,  502.])
67.3460 	EXP 	unnamed ImageStim: image = 'inks\\25.png'
67.3460 	EXP 	unnamed Circle: fillColor = '[ 0.  0.  0.] (rgb)'
67.3460 	EXP 	unnamed Circle: pos = array([ 229.24 ,   55.028])
67.5628 	EXP 	unnamed ImageStim: image = 'inks\\25.png'
67.5628 	EXP 	unnamed Circle: fillColor = '[ 0.  0.  0.] (rgb)'
67.5628 	EXP 	unnamed Circle: pos = array([ 241.443,   42.731])
67.7494 	DATA 	Keypress: right
67.7630 	EXP 	unnamed ImageStim: image = 'inks\\25.png'
67.7630 	EXP 	unnamed Circle: fillColor = '[ 0.  0.  0.] (rgb)'
67.7630 	EXP 	unnamed Circle: pos = array([ 256.247,   66.771])
67.9691 	EXP 	Set  sound=fe\rain.wav
67.9691 	EXP 	Sound  set loops 10
67.9696 	EXP 	Sound  started
67.9977 	EXP 	unnamed ImageStim: image = 'inks\\26.png'
67.9977 	EXP 	unnamed Circle: fillColor = '[ 0.  0.  0.] (rgb)'
67.9977 	EXP 	unnamed Circle: pos = array([ 267.035,  118.369])
68.1801 	EXP 	unnamed ImageStim: image = 'inks\\26.png'
68.1801 	EXP 	unnamed Circle: fillColor = '[ 0.  0.  0.] (rgb)'
68.1801 	EXP 	unnamed Circle: pos = array([ 305.144,  145.32 ])
68.3467 	DATA 	Keypress: right
68.3637 	EXP 	unnamed ImageStim: image = 'inks\\26.png'
68.3637 	EXP 	unnamed Circle: fillColor = '[ 0.  0.  0.] (rgb)'
68.3637 	EXP 	unnamed Circle: pos = array([  50.785,  118.171])
68.3640 	EXP 	Sound  stopped
68.5806 	EXP 	unnamed ImageStim: image = 'inks\\27.png'
68.5806 	EXP 	unnamed Circle: fillColor = '[ 0.  0.  0.] (rgb)'
68.5806 	EXP 	unnamed Circle: pos = array([ 146.16 ,   41.793])
68.7976 	EXP 	unnamed ImageStim: image = 'inks\\27.png'
68.7976 	EXP 	unnamed Circle: fillColor = '[ 0.  0.  0.] (rgb)'
68.7976 	EXP 	unnamed Circle: pos = array([ 143.007,   43.273])
69.0144 	EXP 	unnamed ImageStim: image = 'inks\\27.png'
69.0144 	EXP 	unnamed Circle: fillColor = '[ 0.  0.  0.] (rgb)'
69.0144 	EXP 	unnamed Circle: pos = array([ 148.895,   29.608])
69.2094 	DATA 	Keypress: right
69.2323 	EXP 	unnamed ImageStim: image = 'inks\\27.png'
69.2323 	EXP 	unnamed Circle: fillColor = '[ 0.  0.  0.] (rgb)'
69.2323 	EXP 	unnamed Circle: pos = array([ 22.834,  57.672])
69.4470 	EXP 	Set  sound=fe\heartbeat.wav
69.4470 	EXP 	Sound  set loops 10
69.4474 	EXP 	Sound  started
69.4842 	EXP 	unnamed ImageStim: image = 'inks\\28.png'
69.4842 	EXP 	unnamed Circle: fillColor = '[ 0.  0.  0.] (rgb)'
69.4842 	EXP 	unnamed Circle: pos = array([  66.864,  103.458])
69.6819 	EXP 	unnamed ImageStim: image = 'inks\\28.png'
69.6819 	EXP 	unnamed Circle: fillColor = '[ 0.  0.  0.] (rgb)'
69.6819 	EXP 	unnamed Circle: pos = array([  69.371,  106.806])
69.8674 	DATA 	Keypress: right
69.8821 	EXP 	unnamed ImageStim: image = 'inks\\28.png'
69.8821 	EXP 	unnamed Circle: fillColor = '[ 0.  0.  0.] (rgb)'
69.8821 	EXP 	unnamed Circle: pos = array([ 139.17,  103.96])
69.8823 	EXP 	Sound  stopped
70.0990 	EXP 	unnamed ImageStim: image = 'inks\\29.png'
70.0990 	EXP 	unnamed Circle: fillColor = '[ 0.  0.  0.] (rgb)'
70.0990 	EXP 	unnamed Circle: pos = array([ 365.588,   42.69 ])
70.2825 	EXP 	unnamed ImageStim: image = 'inks\\29.png'
70.2825 	EXP 	unnamed Circle: fillColor = '[ 0.  0.  0.] (rgb)'
70.2825 	EXP 	unnamed Circle: pos = array([ 355.412,   -8.864])
70.4662 	EXP 	unnamed ImageStim: image = 'inks\\29.png'
70.4662 	EXP 	unnamed Circle: fillColor = '[ 0.  0.  0.] (rgb)'
70.4662 	EXP 	unnamed Circle: pos = array([ 354.143,  -18.596])
70.6367 	DATA 	Keypress: right
70.6497 	EXP 	unnamed ImageStim: image = 'inks\\29.png'
70.6497 	EXP 	unnamed Circle: fillColor = '[ 0.  0.  0.] (rgb)'
70.6497 	EXP 	unnamed Circle: pos = array([-100.988,   61.824])
70.8499 	EXP 	unnamed ImageStim: image = 'inks\\30.png'
70.8499 	EXP 	unnamed Circle: fillColor = '[ 0.  0.  0.] (rgb)'
70.8499 	EXP 	unnamed Circle: pos = array([ 111.024,  145.822])
71.0501 	EXP 	unnamed ImageStim: image = 'inks\\30.png'
71.0501 	EXP 	unnamed Circle: fillColor = '[ 0.  0.  0.] (rgb)'
71.0501 	EXP 	unnamed Circle: pos = array([  85.527,  164.565])
71.2315 	DATA 	Keypress: right
71.2503 	EXP 	unnamed ImageStim: image = 'inks\\30.png'
71.2503 	EXP 	unnamed Circle: fillColor = '[ 0.  0.  0.] (rgb)'
71.2503 	EXP 	unnamed Circle: pos = array([ 137.928,  177.698])
71.4630 	EXP 	Set  sound=fe\tap.wav
71.4630 	EXP 	Sound  set loops 10
71.4636 	EXP 	Sound  started
71.4902 	EXP 	unnamed ImageStim: image = 'inks\\31.png'
71.4902 	EXP 	unnamed Circle: fillColor = '[ 0.  0.  0.] (rgb)'
71.4902 	EXP 	unnamed Circle: pos = array([ 187.109,  177.015])
71.6842 	EXP 	unnamed ImageStim: image = 'inks\\31.png'
71.6842 	EXP 	unnamed Circle: fillColor = '[ 0.  0.  0.] (rgb)'
71.6842 	EXP 	unnamed Circle: pos = array([ 191.068,  168.53 ])
71.8559 	DATA 	Keypress: right
71.8677 	EXP 	unnamed ImageStim: image = 'inks\\31.png'
71.8677 	EXP 	unnamed Circle: fillColor = '[ 0.  0.  0.] (rgb)'
71.8677 	EXP 	unnamed Circle: pos = array([ 182.605,  170.025])
71.8679 	EXP 	Sound  stopped
72.0679 	EXP 	unnamed ImageStim: image = 'inks\\32.png'
72.0679 	EXP 	unnamed Circle: fillColor = '[ 0.  0.  0.] (rgb)'
72.0679 	EXP 	unnamed Circle: pos = array([ 333.604,   39.837])
72.2682 	EXP 	unnamed ImageStim: image = 'inks\\32.png'
72.2682 	EXP 	unnamed Circle: fillColor = '[ 0.  0.  0.] (rgb)'
72.2682 	EXP 	unnamed Circle: pos = array([ 320.695,  178.363])
72.4684 	EXP 	unnamed ImageStim: image = 'inks\\32.png'
72.4684 	EXP 	unnamed Circle: fillColor = '[ 0.  0.  0.] (rgb)'
72.4684 	EXP 	unnamed Circle: pos = array([  59.111,  122.627])
72.6540 	EXP 	unnamed ImageStim: image = 'inks\\32.png'
72.6540 	EXP 	unnamed Circle: fillColor = '[ 0.  0.  0.] (rgb)'
72.6540 	EXP 	unnamed Circle: pos = array([-650.,  502.])
72.8263 	DATA 	Keypress: right
72.8360 	EXP 	unnamed ImageStim: image = 'inks\\32.png'
72.8360 	EXP 	unnamed Circle: fillColor = '[ 0.  0.  0.] (rgb)'
72.8360 	EXP 	unnamed Circle: pos = array([ 331.142,  220.592])
73.0524 	EXP 	unnamed ImageStim: image = 'inks\\33.png'
73.0524 	EXP 	unnamed Circle: fillColor = '[ 0.  0.  0.] (rgb)'
73.0524 	EXP 	unnamed Circle: pos = array([ 57.247,  29.615])
73.2693 	EXP 	unnamed ImageStim: image = 'inks\\33.png'
73.2693 	EXP 	unnamed Circle: fillColor = '[ 0.  0.  0.] (rgb)'
73.2693 	EXP 	unnamed Circle: pos = array([ 100.597,   45.709])
73.4647 	DATA 	Keypress: right
73.4862 	EXP 	unnamed ImageStim: image = 'inks\\33.png'
73.4862 	EXP 	unnamed Circle: fillColor = '[ 0.  0.  0.] (rgb)'
73.4862 	EXP 	unnamed Circle: pos = array([ 92.024,  47.835])
73.7033 	EXP 	unnamed ImageStim: image = 'inks\\34.png'
73.7033 	EXP 	unnamed Circle: fillColor = '[ 0.  0.  0.] (rgb)'
73.7033 	EXP 	unnamed Circle: pos = array([ 165.697,   61.503])
73.9033 	EXP 	unnamed ImageStim: image = 'inks\\34.png'
73.9033 	EXP 	unnamed Circle: fillColor = '[ 0.  0.  0.] (rgb)'
73.9033 	EXP 	unnamed Circle: pos = array([ 171.769,   73.504])
74.1036 	EXP 	unnamed ImageStim: image = 'inks\\34.png'
74.1036 	EXP 	unnamed Circle: fillColor = '[ 0.  0.  0.] (rgb)'
74.1036 	EXP 	unnamed Circle: pos = array([ 160.027,   61.447])
74.3205 	EXP 	unnamed ImageStim: image = 'inks\\34.png'
74.3205 	EXP 	unnamed Circle: fillColor = '[ 0.  0.  0.] (rgb)'
74.3205 	EXP 	unnamed Circle: pos = array([ 149.323,   72.337])
74.5042 	DATA 	Keypress: right
74.5207 	EXP 	unnamed ImageStim: image = 'inks\\34.png'
74.5207 	EXP 	unnamed Circle: fillColor = '[ 0.  0.  0.] (rgb)'
74.5207 	EXP 	unnamed Circle: pos = array([  76.628,  152.09 ])
74.7211 	EXP 	unnamed ImageStim: image = 'inks\\blank.png'
74.7211 	EXP 	unnamed Circle: fillColor = '[ 0.  0.  0.] (rgb)'
74.7211 	EXP 	unnamed Circle: pos = array([ 157.395,  126.301])
74.8878 	EXP 	unnamed ImageStim: image = 'inks\\blank.png'
74.8878 	EXP 	unnamed Circle: fillColor = '[ 0.  0.  0.] (rgb)'
74.8878 	EXP 	unnamed Circle: pos = array([ 154.923,  147.248])
75.0549 	EXP 	unnamed ImageStim: image = 'inks\\blank.png'
75.0549 	EXP 	unnamed Circle: fillColor = '[ 0.  0.  0.] (rgb)'
75.0549 	EXP 	unnamed Circle: pos = array([ 184.551,  143.863])
75.2215 	EXP 	unnamed ImageStim: image = 'inks\\blank.png'
75.2215 	EXP 	unnamed Circle: fillColor = '[ 0.  0.  0.] (rgb)'
75.2215 	EXP 	unnamed Circle: pos = array([ 186.171,  122.587])
75.3884 	EXP 	unnamed ImageStim: image = 'inks\\blank.png'
75.3884 	EXP 	unnamed Circle: fillColor = '[ 0.  0.  0.] (rgb)'
75.3884 	EXP 	unnamed Circle: pos = array([ 177.933,  139.197])
75.5553 	EXP 	unnamed ImageStim: image = 'inks\\blank.png'
75.5553 	EXP 	unnamed Circle: fillColor = '[ 0.  0.  0.] (rgb)'
75.5553 	EXP 	unnamed Circle: pos = array([ 292.229,  230.279])
75.7390 	EXP 	unnamed ImageStim: image = 'inks\\blank.png'
75.7390 	EXP 	unnamed Circle: fillColor = '[ 0.  0.  0.] (rgb)'
75.7390 	EXP 	unnamed Circle: pos = array([ 317.988,  219.897])
75.9057 	EXP 	unnamed ImageStim: image = 'inks\\blank.png'
75.9057 	EXP 	unnamed Circle: fillColor = '[ 0.  0.  0.] (rgb)'
75.9057 	EXP 	unnamed Circle: pos = array([ 325.264,  199.272])
76.0893 	EXP 	unnamed ImageStim: image = 'inks\\blank.png'
76.0893 	EXP 	unnamed Circle: fillColor = '[ 0.  0.  0.] (rgb)'
76.0893 	EXP 	unnamed Circle: pos = array([-584.141,  208.469])
76.2561 	EXP 	unnamed ImageStim: image = 'inks\\blank.png'
76.2561 	EXP 	unnamed Circle: fillColor = '[ 0.  0.  0.] (rgb)'
76.2561 	EXP 	unnamed Circle: pos = array([-208.924,  455.   ])
76.4229 	EXP 	unnamed ImageStim: image = 'inks\\blank.png'
76.4229 	EXP 	unnamed Circle: fillColor = '[ 0.  0.  0.] (rgb)'
76.4229 	EXP 	unnamed Circle: pos = array([-650.,  502.])
76.4231 	DATA 	Keypress: right
76.6400 	EXP 	unnamed ImageStim: image = 'inks\\blank_2panels.png'
76.6400 	EXP 	unnamed Circle: fillColor = '[ 0.  0.  0.] (rgb)'
76.6400 	EXP 	unnamed Circle: pos = array([ 286.644,  243.746])
76.8067 	EXP 	unnamed ImageStim: image = 'inks\\blank_2panels.png'
76.8067 	EXP 	unnamed Circle: fillColor = '[ 0.  0.  0.] (rgb)'
76.8067 	EXP 	unnamed Circle: pos = array([ 257.917,  254.54 ])
76.9735 	EXP 	unnamed ImageStim: image = 'inks\\blank_2panels.png'
76.9735 	EXP 	unnamed Circle: fillColor = '[ 0.  0.  0.] (rgb)'
76.9735 	EXP 	unnamed Circle: pos = array([ 244.757,  257.301])
77.1299 	DATA 	Keypress: right
77.1404 	EXP 	unnamed ImageStim: image = 'inks\\blank_2panels.png'
77.1404 	EXP 	unnamed Circle: fillColor = '[ 0.  0.  0.] (rgb)'
77.1404 	EXP 	unnamed Circle: pos = array([ 144.966,  215.857])
77.3073 	EXP 	unnamed ImageStim: image = 'inks\\blank_3panels.png'
77.3073 	EXP 	unnamed Circle: fillColor = '[ 0.  0.  0.] (rgb)'
77.3073 	EXP 	unnamed Circle: pos = array([ 120.067,  227.941])
77.4908 	EXP 	unnamed ImageStim: image = 'inks\\blank_3panels.png'
77.4908 	EXP 	unnamed Circle: fillColor = '[ 0.  0.  0.] (rgb)'
77.4908 	EXP 	unnamed Circle: pos = array([ 130.051,  235.79 ])
77.6470 	DATA 	Keypress: right
77.6577 	EXP 	unnamed ImageStim: image = 'inks\\blank_3panels.png'
77.6577 	EXP 	unnamed Circle: fillColor = '[ 0.  0.  0.] (rgb)'
77.6577 	EXP 	unnamed Circle: pos = array([ 135.343,  245.67 ])
