1.0889 	ERROR 	avbin.dll failed to load.
                     Try importing psychopy.visual as the first library
                     (before anything that uses scipy)
                     and make sure that avbin is installed.
1.1012 	ERROR 	avbin.dll failed to load.
                     Try importing psychopy.visual as the first library
                     (before anything that uses scipy)
                     and make sure that avbin is installed.
1.1459 	WARNING 	Movie2 stim could not be imported and won't be available
13.0494 	WARNING 	Monitor specification not found. Creating a temporary one...
13.0499 	WARNING 	User requested fullscreen with size [1920 1200], but screen is actually [1600, 900]. Using actual size
14.1148 	EXP 	Created window1 = Window(allowGUI=False, allowStencil=False, autoLog=True, bitsMode=UNKNOWN, blendMode='avg', color='white', colorSpace='named', fullscr=UNKNOWN, gamma=None, lms=UNKNOWN, monitor=<psychopy.monitors.calibTools.Monitor instance at 0x0AF9D5A8>, name='window1', pos=[0, 0], screen=0, size=array([1600,  900]), stereo=False, units=u'pix', useFBO=False, viewOri=0.0, viewPos=None, viewScale=None, waitBlanking=True, winType='pyglet')
14.1174 	EXP 	Created unnamed ImageStim = ImageStim(autoLog=True, color=array([ 1.,  1.,  1.]), colorSpace='rgb', contrast=1.0, depth=0, flipHoriz=False, flipVert=False, image=None, interpolate=False, mask=None, maskParams=None, name='unnamed ImageStim', opacity=1.0, ori=0.0, pos=array([ 0.,  0.]), size=array([ 1.,  1.]), texRes=128, units='height', win=Window(...))
14.1229 	EXP 	Created unnamed Circle = Circle(autoDraw=False, autoLog=True, closeShape=True, contrast=1.0, depth=0, fillColor=None, fillColorSpace='rgb', fillRGB=None, interpolate=True, lineColor=array([ 1.,  1.,  1.]), lineColorSpace='rgb', lineRGB=array([ 1.,  1.,  1.]), lineWidth=1.5, name='unnamed Circle', opacity=1.0, ori=array(0.0), pos=array([ 0.,  0.]), size=array([ 1.,  1.]), units=u'pix', vertices=ndarray(...), win=Window(...))
15.6855 	EXP 	Set  sound=C
15.6916 	EXP 	Set  sound=fe\ringing_alarm.wav
15.6917 	EXP 	Sound  set loops 10
15.6921 	EXP 	Sound  started
15.7284 	EXP 	unnamed ImageStim: image = 'inks\\01.png'
15.7284 	EXP 	unnamed Circle: fillColor = '[ 0.  0.  0.] (rgb)'
15.7284 	EXP 	unnamed Circle: pos = array([-650.,  502.])
15.9351 	EXP 	unnamed ImageStim: image = 'inks\\01.png'
15.9351 	EXP 	unnamed Circle: fillColor = '[ 0.  0.  0.] (rgb)'
15.9351 	EXP 	unnamed Circle: pos = array([-650.,  502.])
16.1339 	EXP 	unnamed ImageStim: image = 'inks\\01.png'
16.1339 	EXP 	unnamed Circle: fillColor = '[ 0.  0.  0.] (rgb)'
16.1339 	EXP 	unnamed Circle: pos = array([-650.,  502.])
16.3342 	EXP 	unnamed ImageStim: image = 'inks\\01.png'
16.3342 	EXP 	unnamed Circle: fillColor = '[ 0.  0.  0.] (rgb)'
16.3342 	EXP 	unnamed Circle: pos = array([-650.,  502.])
16.5376 	EXP 	unnamed ImageStim: image = 'inks\\01.png'
16.5376 	EXP 	unnamed Circle: fillColor = '[ 0.  0.  0.] (rgb)'
16.5376 	EXP 	unnamed Circle: pos = array([-650.,  502.])
16.7538 	EXP 	unnamed ImageStim: image = 'inks\\01.png'
16.7538 	EXP 	unnamed Circle: fillColor = '[ 0.  0.  0.] (rgb)'
16.7538 	EXP 	unnamed Circle: pos = array([-650.,  502.])
16.9672 	EXP 	unnamed ImageStim: image = 'inks\\01.png'
16.9672 	EXP 	unnamed Circle: fillColor = '[ 0.  0.  0.] (rgb)'
16.9672 	EXP 	unnamed Circle: pos = array([-650.,  502.])
17.1696 	EXP 	unnamed ImageStim: image = 'inks\\01.png'
17.1696 	EXP 	unnamed Circle: fillColor = '[ 0.  0.  0.] (rgb)'
17.1696 	EXP 	unnamed Circle: pos = array([-650.,  502.])
17.3688 	EXP 	unnamed ImageStim: image = 'inks\\01.png'
17.3688 	EXP 	unnamed Circle: fillColor = '[ 0.  0.  0.] (rgb)'
17.3688 	EXP 	unnamed Circle: pos = array([-650.,  502.])
17.5700 	EXP 	unnamed ImageStim: image = 'inks\\01.png'
17.5700 	EXP 	unnamed Circle: fillColor = '[ 0.  0.  0.] (rgb)'
17.5700 	EXP 	unnamed Circle: pos = array([-650.,  502.])
17.7682 	EXP 	unnamed ImageStim: image = 'inks\\01.png'
17.7682 	EXP 	unnamed Circle: fillColor = '[ 0.  0.  0.] (rgb)'
17.7682 	EXP 	unnamed Circle: pos = array([-650.,  502.])
17.9686 	EXP 	unnamed ImageStim: image = 'inks\\01.png'
17.9686 	EXP 	unnamed Circle: fillColor = '[ 0.  0.  0.] (rgb)'
17.9686 	EXP 	unnamed Circle: pos = array([-650.,  502.])
18.1855 	EXP 	unnamed ImageStim: image = 'inks\\01.png'
18.1855 	EXP 	unnamed Circle: fillColor = '[ 0.  0.  0.] (rgb)'
18.1855 	EXP 	unnamed Circle: pos = array([-650.,  502.])
18.3855 	EXP 	unnamed ImageStim: image = 'inks\\01.png'
18.3855 	EXP 	unnamed Circle: fillColor = '[ 0.  0.  0.] (rgb)'
18.3855 	EXP 	unnamed Circle: pos = array([-650.,  502.])
18.5862 	EXP 	unnamed ImageStim: image = 'inks\\01.png'
18.5862 	EXP 	unnamed Circle: fillColor = '[ 0.  0.  0.] (rgb)'
18.5862 	EXP 	unnamed Circle: pos = array([-650.,  502.])
18.7860 	EXP 	unnamed ImageStim: image = 'inks\\01.png'
18.7860 	EXP 	unnamed Circle: fillColor = '[ 0.  0.  0.] (rgb)'
18.7860 	EXP 	unnamed Circle: pos = array([-650.,  502.])
18.9874 	EXP 	unnamed ImageStim: image = 'inks\\01.png'
18.9874 	EXP 	unnamed Circle: fillColor = '[ 0.  0.  0.] (rgb)'
18.9874 	EXP 	unnamed Circle: pos = array([-650.,  502.])
19.1866 	EXP 	unnamed ImageStim: image = 'inks\\01.png'
19.1866 	EXP 	unnamed Circle: fillColor = '[ 0.  0.  0.] (rgb)'
19.1866 	EXP 	unnamed Circle: pos = array([-650.,  502.])
19.3877 	EXP 	unnamed ImageStim: image = 'inks\\01.png'
19.3877 	EXP 	unnamed Circle: fillColor = '[ 0.  0.  0.] (rgb)'
19.3877 	EXP 	unnamed Circle: pos = array([-650.,  502.])
19.6038 	EXP 	unnamed ImageStim: image = 'inks\\01.png'
19.6038 	EXP 	unnamed Circle: fillColor = '[ 0.  0.  0.] (rgb)'
19.6038 	EXP 	unnamed Circle: pos = array([-650.,  502.])
19.8043 	EXP 	unnamed ImageStim: image = 'inks\\01.png'
19.8043 	EXP 	unnamed Circle: fillColor = '[ 0.  0.  0.] (rgb)'
19.8043 	EXP 	unnamed Circle: pos = array([-650.,  502.])
20.0043 	EXP 	unnamed ImageStim: image = 'inks\\01.png'
20.0043 	EXP 	unnamed Circle: fillColor = '[ 0.  0.  0.] (rgb)'
20.0043 	EXP 	unnamed Circle: pos = array([-650.,  502.])
20.2044 	EXP 	unnamed ImageStim: image = 'inks\\01.png'
20.2044 	EXP 	unnamed Circle: fillColor = '[ 0.  0.  0.] (rgb)'
20.2044 	EXP 	unnamed Circle: pos = array([-650.,  502.])
20.4058 	EXP 	unnamed ImageStim: image = 'inks\\01.png'
20.4058 	EXP 	unnamed Circle: fillColor = '[ 0.  0.  0.] (rgb)'
20.4058 	EXP 	unnamed Circle: pos = array([-650.,  502.])
20.6047 	EXP 	unnamed ImageStim: image = 'inks\\01.png'
20.6047 	EXP 	unnamed Circle: fillColor = '[ 0.  0.  0.] (rgb)'
20.6047 	EXP 	unnamed Circle: pos = array([-650.,  502.])
20.8065 	EXP 	unnamed ImageStim: image = 'inks\\01.png'
20.8065 	EXP 	unnamed Circle: fillColor = '[ 0.  0.  0.] (rgb)'
20.8065 	EXP 	unnamed Circle: pos = array([-650.,  502.])
21.0052 	EXP 	unnamed ImageStim: image = 'inks\\01.png'
21.0052 	EXP 	unnamed Circle: fillColor = '[ 0.  0.  0.] (rgb)'
21.0052 	EXP 	unnamed Circle: pos = array([-650.,  502.])
21.2055 	EXP 	unnamed ImageStim: image = 'inks\\01.png'
21.2055 	EXP 	unnamed Circle: fillColor = '[ 0.  0.  0.] (rgb)'
21.2055 	EXP 	unnamed Circle: pos = array([-650.,  502.])
21.4225 	EXP 	unnamed ImageStim: image = 'inks\\01.png'
21.4225 	EXP 	unnamed Circle: fillColor = '[ 0.  0.  0.] (rgb)'
21.4225 	EXP 	unnamed Circle: pos = array([-650.,  502.])
21.6229 	EXP 	unnamed ImageStim: image = 'inks\\01.png'
21.6229 	EXP 	unnamed Circle: fillColor = '[ 0.  0.  0.] (rgb)'
21.6229 	EXP 	unnamed Circle: pos = array([-650.,  502.])
21.8228 	EXP 	unnamed ImageStim: image = 'inks\\01.png'
21.8228 	EXP 	unnamed Circle: fillColor = '[ 0.  0.  0.] (rgb)'
21.8228 	EXP 	unnamed Circle: pos = array([-650.,  502.])
22.0232 	EXP 	unnamed ImageStim: image = 'inks\\01.png'
22.0232 	EXP 	unnamed Circle: fillColor = '[ 0.  0.  0.] (rgb)'
22.0232 	EXP 	unnamed Circle: pos = array([-650.,  502.])
22.2402 	EXP 	unnamed ImageStim: image = 'inks\\01.png'
22.2402 	EXP 	unnamed Circle: fillColor = '[ 0.  0.  0.] (rgb)'
22.2402 	EXP 	unnamed Circle: pos = array([-650.,  502.])
22.4415 	EXP 	unnamed ImageStim: image = 'inks\\01.png'
22.4415 	EXP 	unnamed Circle: fillColor = '[ 0.  0.  0.] (rgb)'
22.4415 	EXP 	unnamed Circle: pos = array([-650.,  502.])
22.6580 	EXP 	unnamed ImageStim: image = 'inks\\01.png'
22.6580 	EXP 	unnamed Circle: fillColor = '[ 0.  0.  0.] (rgb)'
22.6580 	EXP 	unnamed Circle: pos = array([-650.,  502.])
22.8585 	EXP 	unnamed ImageStim: image = 'inks\\01.png'
22.8585 	EXP 	unnamed Circle: fillColor = '[ 0.  0.  0.] (rgb)'
22.8585 	EXP 	unnamed Circle: pos = array([-650.,  502.])
23.0745 	EXP 	unnamed ImageStim: image = 'inks\\01.png'
23.0745 	EXP 	unnamed Circle: fillColor = '[ 0.  0.  0.] (rgb)'
23.0745 	EXP 	unnamed Circle: pos = array([-650.,  502.])
23.2747 	EXP 	unnamed ImageStim: image = 'inks\\01.png'
23.2747 	EXP 	unnamed Circle: fillColor = '[ 0.  0.  0.] (rgb)'
23.2747 	EXP 	unnamed Circle: pos = array([-650.,  502.])
23.4747 	EXP 	unnamed ImageStim: image = 'inks\\01.png'
23.4747 	EXP 	unnamed Circle: fillColor = '[ 0.  0.  0.] (rgb)'
23.4747 	EXP 	unnamed Circle: pos = array([-650.,  502.])
23.6750 	EXP 	unnamed ImageStim: image = 'inks\\01.png'
23.6750 	EXP 	unnamed Circle: fillColor = '[ 0.  0.  0.] (rgb)'
23.6750 	EXP 	unnamed Circle: pos = array([-650.,  502.])
23.8752 	EXP 	unnamed ImageStim: image = 'inks\\01.png'
23.8752 	EXP 	unnamed Circle: fillColor = '[ 0.  0.  0.] (rgb)'
23.8752 	EXP 	unnamed Circle: pos = array([-650.,  502.])
24.0801 	EXP 	unnamed ImageStim: image = 'inks\\01.png'
24.0801 	EXP 	unnamed Circle: fillColor = '[ 0.  0.  0.] (rgb)'
24.0801 	EXP 	unnamed Circle: pos = array([-650.,  502.])
24.2932 	EXP 	unnamed ImageStim: image = 'inks\\01.png'
24.2932 	EXP 	unnamed Circle: fillColor = '[ 0.  0.  0.] (rgb)'
24.2932 	EXP 	unnamed Circle: pos = array([-650.,  502.])
24.4928 	EXP 	unnamed ImageStim: image = 'inks\\01.png'
24.4928 	EXP 	unnamed Circle: fillColor = '[ 0.  0.  0.] (rgb)'
24.4928 	EXP 	unnamed Circle: pos = array([-650.,  502.])
24.7096 	EXP 	unnamed ImageStim: image = 'inks\\01.png'
24.7096 	EXP 	unnamed Circle: fillColor = '[ 0.  0.  0.] (rgb)'
24.7096 	EXP 	unnamed Circle: pos = array([-650.,  502.])
24.9101 	EXP 	unnamed ImageStim: image = 'inks\\01.png'
24.9101 	EXP 	unnamed Circle: fillColor = '[ 0.  0.  0.] (rgb)'
24.9101 	EXP 	unnamed Circle: pos = array([-650.,  502.])
25.1099 	EXP 	unnamed ImageStim: image = 'inks\\01.png'
25.1099 	EXP 	unnamed Circle: fillColor = '[ 0.  0.  0.] (rgb)'
25.1099 	EXP 	unnamed Circle: pos = array([-650.,  502.])
25.3113 	EXP 	unnamed ImageStim: image = 'inks\\01.png'
25.3113 	EXP 	unnamed Circle: fillColor = '[ 0.  0.  0.] (rgb)'
25.3113 	EXP 	unnamed Circle: pos = array([-650.,  502.])
25.5272 	EXP 	unnamed ImageStim: image = 'inks\\01.png'
25.5272 	EXP 	unnamed Circle: fillColor = '[ 0.  0.  0.] (rgb)'
25.5272 	EXP 	unnamed Circle: pos = array([-650.,  502.])
25.7278 	EXP 	unnamed ImageStim: image = 'inks\\01.png'
25.7278 	EXP 	unnamed Circle: fillColor = '[ 0.  0.  0.] (rgb)'
25.7278 	EXP 	unnamed Circle: pos = array([-650.,  502.])
25.9276 	EXP 	unnamed ImageStim: image = 'inks\\01.png'
25.9276 	EXP 	unnamed Circle: fillColor = '[ 0.  0.  0.] (rgb)'
25.9276 	EXP 	unnamed Circle: pos = array([-650.,  502.])
26.1280 	EXP 	unnamed ImageStim: image = 'inks\\01.png'
26.1280 	EXP 	unnamed Circle: fillColor = '[ 0.  0.  0.] (rgb)'
26.1280 	EXP 	unnamed Circle: pos = array([-650.,  502.])
26.3296 	EXP 	unnamed ImageStim: image = 'inks\\01.png'
26.3296 	EXP 	unnamed Circle: fillColor = '[ 0.  0.  0.] (rgb)'
26.3296 	EXP 	unnamed Circle: pos = array([-650.,  502.])
26.3316 	DATA 	Mouse: Left button down, pos=(1043,204)
26.5281 	DATA 	Mouse: Left button up, pos=(1043,204)
26.5458 	EXP 	unnamed ImageStim: image = 'inks\\01.png'
26.5458 	EXP 	unnamed Circle: fillColor = '[ 0.  0.  0.] (rgb)'
26.5458 	EXP 	unnamed Circle: pos = array([-650.,  502.])
26.7454 	EXP 	unnamed ImageStim: image = 'inks\\01.png'
26.7454 	EXP 	unnamed Circle: fillColor = '[ 0.  0.  0.] (rgb)'
26.7454 	EXP 	unnamed Circle: pos = array([-650.,  502.])
26.9457 	EXP 	unnamed ImageStim: image = 'inks\\01.png'
26.9457 	EXP 	unnamed Circle: fillColor = '[ 0.  0.  0.] (rgb)'
26.9457 	EXP 	unnamed Circle: pos = array([-650.,  502.])
27.1313 	DATA 	Keypress: right
27.1506 	EXP 	unnamed ImageStim: image = 'inks\\01.png'
27.1506 	EXP 	unnamed Circle: fillColor = '[ 0.  0.  0.] (rgb)'
27.1506 	EXP 	unnamed Circle: pos = array([-650.,  502.])
27.1508 	EXP 	Sound  stopped
27.3459 	EXP 	unnamed ImageStim: image = 'inks\\02.png'
27.3459 	EXP 	unnamed Circle: fillColor = '[ 0.  0.  0.] (rgb)'
27.3459 	EXP 	unnamed Circle: pos = array([-650.,  502.])
27.5472 	EXP 	unnamed ImageStim: image = 'inks\\02.png'
27.5472 	EXP 	unnamed Circle: fillColor = '[ 0.  0.  0.] (rgb)'
27.5472 	EXP 	unnamed Circle: pos = array([-650.,  502.])
27.7465 	EXP 	unnamed ImageStim: image = 'inks\\02.png'
27.7465 	EXP 	unnamed Circle: fillColor = '[ 0.  0.  0.] (rgb)'
27.7465 	EXP 	unnamed Circle: pos = array([-650.,  502.])
27.9300 	DATA 	Keypress: right
27.9477 	EXP 	unnamed ImageStim: image = 'inks\\02.png'
27.9477 	EXP 	unnamed Circle: fillColor = '[ 0.  0.  0.] (rgb)'
27.9477 	EXP 	unnamed Circle: pos = array([-650.,  502.])
28.1345 	EXP 	Set  sound=fe\creature.wav
28.1345 	EXP 	Sound  set loops 10
28.1351 	EXP 	Sound  started
28.1739 	EXP 	unnamed ImageStim: image = 'inks\\03.png'
28.1739 	EXP 	unnamed Circle: fillColor = '[ 0.  0.  0.] (rgb)'
28.1739 	EXP 	unnamed Circle: pos = array([-650.,  502.])
28.3652 	EXP 	unnamed ImageStim: image = 'inks\\03.png'
28.3652 	EXP 	unnamed Circle: fillColor = '[ 0.  0.  0.] (rgb)'
28.3652 	EXP 	unnamed Circle: pos = array([-650.,  502.])
28.5471 	DATA 	Keypress: escape
28.5649 	EXP 	unnamed ImageStim: image = 'inks\\03.png'
28.5649 	EXP 	unnamed Circle: fillColor = '[ 0.  0.  0.] (rgb)'
28.5649 	EXP 	unnamed Circle: pos = array([-650.,  502.])
