1.1091 	ERROR 	avbin.dll failed to load.
                     Try importing psychopy.visual as the first library
                     (before anything that uses scipy)
                     and make sure that avbin is installed.
1.1206 	ERROR 	avbin.dll failed to load.
                     Try importing psychopy.visual as the first library
                     (before anything that uses scipy)
                     and make sure that avbin is installed.
1.1628 	WARNING 	Movie2 stim could not be imported and won't be available
21.1275 	WARNING 	Monitor specification not found. Creating a temporary one...
21.6739 	EXP 	Created window1 = Window(allowGUI=False, allowStencil=False, autoLog=True, bitsMode=UNKNOWN, blendMode='avg', color='white', colorSpace='named', fullscr=UNKNOWN, gamma=None, lms=UNKNOWN, monitor=<psychopy.monitors.calibTools.Monitor instance at 0x0A7837B0>, name='window1', pos=[0, 0], screen=1, size=array([1920, 1200]), stereo=False, units=u'pix', useFBO=False, viewOri=0.0, viewPos=None, viewScale=None, waitBlanking=True, winType='pyglet')
21.6760 	EXP 	Created unnamed ImageStim = ImageStim(autoLog=True, color=array([ 1.,  1.,  1.]), colorSpace='rgb', contrast=1.0, depth=0, flipHoriz=False, flipVert=False, image=None, interpolate=False, mask=None, maskParams=None, name='unnamed ImageStim', opacity=1.0, ori=0.0, pos=array([ 0.,  0.]), size=array([ 0.5,  0.5]), texRes=128, units=u'pix', win=Window(...))
21.6822 	EXP 	Created unnamed Circle = Circle(autoDraw=False, autoLog=True, closeShape=True, contrast=1.0, depth=0, fillColor=None, fillColorSpace='rgb', fillRGB=None, interpolate=True, lineColor=array([ 1.,  1.,  1.]), lineColorSpace='rgb', lineRGB=array([ 1.,  1.,  1.]), lineWidth=1.5, name='unnamed Circle', opacity=1.0, ori=array(0.0), pos=array([ 0.,  0.]), size=array([ 1.,  1.]), units=u'pix', vertices=ndarray(...), win=Window(...))
23.1512 	EXP 	Set  sound=C
23.1572 	EXP 	Set  sound=fe\ringing_alarm.wav
23.1572 	EXP 	Sound  set loops 10
23.1577 	EXP 	Sound  started
23.1938 	EXP 	unnamed ImageStim: size = array([1920, 1200])
23.1938 	EXP 	unnamed ImageStim: image = 'inks\\01.png'
23.1938 	EXP 	unnamed Circle: fillColor = '[ 0.  0.  0.] (rgb)'
23.1938 	EXP 	unnamed Circle: pos = array([ 549.774, -258.192])
23.3065 	EXP 	unnamed ImageStim: size = array([1920, 1200])
23.3065 	EXP 	unnamed ImageStim: image = 'inks\\01.png'
23.3065 	EXP 	unnamed Circle: fillColor = '[ 0.  0.  0.] (rgb)'
23.3065 	EXP 	unnamed Circle: pos = array([ 106.407,  137.609])
23.4232 	EXP 	unnamed ImageStim: size = array([1920, 1200])
23.4232 	EXP 	unnamed ImageStim: image = 'inks\\01.png'
23.4232 	EXP 	unnamed Circle: fillColor = '[ 0.  0.  0.] (rgb)'
23.4232 	EXP 	unnamed Circle: pos = array([  87.538,  147.921])
23.5400 	EXP 	unnamed ImageStim: size = array([1920, 1200])
23.5400 	EXP 	unnamed ImageStim: image = 'inks\\01.png'
23.5400 	EXP 	unnamed Circle: fillColor = '[ 0.  0.  0.] (rgb)'
23.5400 	EXP 	unnamed Circle: pos = array([ -50.313,  170.904])
23.6568 	EXP 	unnamed ImageStim: size = array([1920, 1200])
23.6568 	EXP 	unnamed ImageStim: image = 'inks\\01.png'
23.6568 	EXP 	unnamed Circle: fillColor = '[ 0.  0.  0.] (rgb)'
23.6568 	EXP 	unnamed Circle: pos = array([ -40.215,  163.405])
23.7735 	EXP 	unnamed ImageStim: size = array([1920, 1200])
23.7735 	EXP 	unnamed ImageStim: image = 'inks\\01.png'
23.7735 	EXP 	unnamed Circle: fillColor = '[ 0.  0.  0.] (rgb)'
23.7735 	EXP 	unnamed Circle: pos = array([ -32.726,  160.219])
23.8903 	EXP 	unnamed ImageStim: size = array([1920, 1200])
23.8903 	EXP 	unnamed ImageStim: image = 'inks\\01.png'
23.8903 	EXP 	unnamed Circle: fillColor = '[ 0.  0.  0.] (rgb)'
23.8903 	EXP 	unnamed Circle: pos = array([ -31.22 ,  199.055])
24.0072 	EXP 	unnamed ImageStim: size = array([1920, 1200])
24.0072 	EXP 	unnamed ImageStim: image = 'inks\\01.png'
24.0072 	EXP 	unnamed Circle: fillColor = '[ 0.  0.  0.] (rgb)'
24.0072 	EXP 	unnamed Circle: pos = array([ -21.741,  209.543])
24.1240 	EXP 	unnamed ImageStim: size = array([1920, 1200])
24.1240 	EXP 	unnamed ImageStim: image = 'inks\\01.png'
24.1240 	EXP 	unnamed Circle: fillColor = '[ 0.  0.  0.] (rgb)'
24.1240 	EXP 	unnamed Circle: pos = array([ -21.326,  217.74 ])
24.2408 	EXP 	unnamed ImageStim: size = array([1920, 1200])
24.2408 	EXP 	unnamed ImageStim: image = 'inks\\01.png'
24.2408 	EXP 	unnamed Circle: fillColor = '[ 0.  0.  0.] (rgb)'
24.2408 	EXP 	unnamed Circle: pos = array([ -28.091,  237.036])
24.3575 	EXP 	unnamed ImageStim: size = array([1920, 1200])
24.3575 	EXP 	unnamed ImageStim: image = 'inks\\01.png'
24.3575 	EXP 	unnamed Circle: fillColor = '[ 0.  0.  0.] (rgb)'
24.3575 	EXP 	unnamed Circle: pos = array([ -22.223,  222.477])
24.4742 	EXP 	unnamed ImageStim: size = array([1920, 1200])
24.4742 	EXP 	unnamed ImageStim: image = 'inks\\01.png'
24.4742 	EXP 	unnamed Circle: fillColor = '[ 0.  0.  0.] (rgb)'
24.4742 	EXP 	unnamed Circle: pos = array([ -18.365,  231.587])
24.5911 	EXP 	unnamed ImageStim: size = array([1920, 1200])
24.5911 	EXP 	unnamed ImageStim: image = 'inks\\01.png'
24.5911 	EXP 	unnamed Circle: fillColor = '[ 0.  0.  0.] (rgb)'
24.5911 	EXP 	unnamed Circle: pos = array([ -13.246,  238.341])
24.7076 	EXP 	unnamed ImageStim: size = array([1920, 1200])
24.7076 	EXP 	unnamed ImageStim: image = 'inks\\01.png'
24.7076 	EXP 	unnamed Circle: fillColor = '[ 0.  0.  0.] (rgb)'
24.7076 	EXP 	unnamed Circle: pos = array([ -10.268,  234.917])
24.8246 	EXP 	unnamed ImageStim: size = array([1920, 1200])
24.8246 	EXP 	unnamed ImageStim: image = 'inks\\01.png'
24.8246 	EXP 	unnamed Circle: fillColor = '[ 0.  0.  0.] (rgb)'
24.8246 	EXP 	unnamed Circle: pos = array([  -0.986,  220.3  ])
24.9412 	EXP 	unnamed ImageStim: size = array([1920, 1200])
24.9412 	EXP 	unnamed ImageStim: image = 'inks\\01.png'
24.9412 	EXP 	unnamed Circle: fillColor = '[ 0.  0.  0.] (rgb)'
24.9412 	EXP 	unnamed Circle: pos = array([  -1.885,  215.891])
25.0581 	EXP 	unnamed ImageStim: size = array([1920, 1200])
25.0581 	EXP 	unnamed ImageStim: image = 'inks\\01.png'
25.0581 	EXP 	unnamed Circle: fillColor = '[ 0.  0.  0.] (rgb)'
25.0581 	EXP 	unnamed Circle: pos = array([  -4.213,  224.668])
25.1748 	EXP 	unnamed ImageStim: size = array([1920, 1200])
25.1748 	EXP 	unnamed ImageStim: image = 'inks\\01.png'
25.1748 	EXP 	unnamed Circle: fillColor = '[ 0.  0.  0.] (rgb)'
25.1748 	EXP 	unnamed Circle: pos = array([  -4.378,  230.575])
25.2930 	EXP 	unnamed ImageStim: size = array([1920, 1200])
25.2930 	EXP 	unnamed ImageStim: image = 'inks\\01.png'
25.2930 	EXP 	unnamed Circle: fillColor = '[ 0.  0.  0.] (rgb)'
25.2930 	EXP 	unnamed Circle: pos = array([  -6.771,  241.727])
25.4084 	EXP 	unnamed ImageStim: size = array([1920, 1200])
25.4084 	EXP 	unnamed ImageStim: image = 'inks\\01.png'
25.4084 	EXP 	unnamed Circle: fillColor = '[ 0.  0.  0.] (rgb)'
25.4084 	EXP 	unnamed Circle: pos = array([ -12.2 ,  249.14])
25.5251 	EXP 	unnamed ImageStim: size = array([1920, 1200])
25.5251 	EXP 	unnamed ImageStim: image = 'inks\\01.png'
25.5251 	EXP 	unnamed Circle: fillColor = '[ 0.  0.  0.] (rgb)'
25.5251 	EXP 	unnamed Circle: pos = array([  -3.286,  229.598])
25.6417 	EXP 	unnamed ImageStim: size = array([1920, 1200])
25.6417 	EXP 	unnamed ImageStim: image = 'inks\\01.png'
25.6417 	EXP 	unnamed Circle: fillColor = '[ 0.  0.  0.] (rgb)'
25.6417 	EXP 	unnamed Circle: pos = array([  -2.789,  224.645])
25.7587 	EXP 	unnamed ImageStim: size = array([1920, 1200])
25.7587 	EXP 	unnamed ImageStim: image = 'inks\\01.png'
25.7587 	EXP 	unnamed Circle: fillColor = '[ 0.  0.  0.] (rgb)'
25.7587 	EXP 	unnamed Circle: pos = array([ -10.051,  239.996])
25.8754 	EXP 	unnamed ImageStim: size = array([1920, 1200])
25.8754 	EXP 	unnamed ImageStim: image = 'inks\\01.png'
25.8754 	EXP 	unnamed Circle: fillColor = '[ 0.  0.  0.] (rgb)'
25.8754 	EXP 	unnamed Circle: pos = array([  -3.863,  231.935])
25.9922 	EXP 	unnamed ImageStim: size = array([1920, 1200])
25.9922 	EXP 	unnamed ImageStim: image = 'inks\\01.png'
25.9922 	EXP 	unnamed Circle: fillColor = '[ 0.  0.  0.] (rgb)'
25.9922 	EXP 	unnamed Circle: pos = array([ 198.069,  216.715])
26.1087 	EXP 	unnamed ImageStim: size = array([1920, 1200])
26.1087 	EXP 	unnamed ImageStim: image = 'inks\\01.png'
26.1087 	EXP 	unnamed Circle: fillColor = '[ 0.  0.  0.] (rgb)'
26.1087 	EXP 	unnamed Circle: pos = array([ 611.84 ,  240.124])
26.2257 	EXP 	unnamed ImageStim: size = array([1920, 1200])
26.2257 	EXP 	unnamed ImageStim: image = 'inks\\01.png'
26.2257 	EXP 	unnamed Circle: fillColor = '[ 0.  0.  0.] (rgb)'
26.2257 	EXP 	unnamed Circle: pos = array([ 614.022,  257.147])
26.3423 	EXP 	unnamed ImageStim: size = array([1920, 1200])
26.3423 	EXP 	unnamed ImageStim: image = 'inks\\01.png'
26.3423 	EXP 	unnamed Circle: fillColor = '[ 0.  0.  0.] (rgb)'
26.3423 	EXP 	unnamed Circle: pos = array([ 615.514,  268.053])
26.4593 	EXP 	unnamed ImageStim: size = array([1920, 1200])
26.4593 	EXP 	unnamed ImageStim: image = 'inks\\01.png'
26.4593 	EXP 	unnamed Circle: fillColor = '[ 0.  0.  0.] (rgb)'
26.4593 	EXP 	unnamed Circle: pos = array([ 617.452,  269.462])
26.5760 	EXP 	unnamed ImageStim: size = array([1920, 1200])
26.5760 	EXP 	unnamed ImageStim: image = 'inks\\01.png'
26.5760 	EXP 	unnamed Circle: fillColor = '[ 0.  0.  0.] (rgb)'
26.5760 	EXP 	unnamed Circle: pos = array([ 671.451,  275.675])
26.6928 	EXP 	unnamed ImageStim: size = array([1920, 1200])
26.6928 	EXP 	unnamed ImageStim: image = 'inks\\01.png'
26.6928 	EXP 	unnamed Circle: fillColor = '[ 0.  0.  0.] (rgb)'
26.6928 	EXP 	unnamed Circle: pos = array([ 672.321,  269.147])
26.8096 	EXP 	unnamed ImageStim: size = array([1920, 1200])
26.8096 	EXP 	unnamed ImageStim: image = 'inks\\01.png'
26.8096 	EXP 	unnamed Circle: fillColor = '[ 0.  0.  0.] (rgb)'
26.8096 	EXP 	unnamed Circle: pos = array([ 661.349,  241.026])
26.9264 	EXP 	unnamed ImageStim: size = array([1920, 1200])
26.9264 	EXP 	unnamed ImageStim: image = 'inks\\01.png'
26.9264 	EXP 	unnamed Circle: fillColor = '[ 0.  0.  0.] (rgb)'
26.9264 	EXP 	unnamed Circle: pos = array([ 652.555,  248.214])
27.0431 	EXP 	unnamed ImageStim: size = array([1920, 1200])
27.0431 	EXP 	unnamed ImageStim: image = 'inks\\01.png'
27.0431 	EXP 	unnamed Circle: fillColor = '[ 0.  0.  0.] (rgb)'
27.0431 	EXP 	unnamed Circle: pos = array([ 660.682,  296.137])
27.1599 	EXP 	unnamed ImageStim: size = array([1920, 1200])
27.1599 	EXP 	unnamed ImageStim: image = 'inks\\01.png'
27.1599 	EXP 	unnamed Circle: fillColor = '[ 0.  0.  0.] (rgb)'
27.1599 	EXP 	unnamed Circle: pos = array([ 665.478,  311.428])
27.2766 	EXP 	unnamed ImageStim: size = array([1920, 1200])
27.2766 	EXP 	unnamed ImageStim: image = 'inks\\01.png'
27.2766 	EXP 	unnamed Circle: fillColor = '[ 0.  0.  0.] (rgb)'
27.2766 	EXP 	unnamed Circle: pos = array([ 661.33,  300.86])
27.3933 	EXP 	unnamed ImageStim: size = array([1920, 1200])
27.3933 	EXP 	unnamed ImageStim: image = 'inks\\01.png'
27.3933 	EXP 	unnamed Circle: fillColor = '[ 0.  0.  0.] (rgb)'
27.3933 	EXP 	unnamed Circle: pos = array([ 668.667,  289.824])
27.5101 	EXP 	unnamed ImageStim: size = array([1920, 1200])
27.5101 	EXP 	unnamed ImageStim: image = 'inks\\01.png'
27.5101 	EXP 	unnamed Circle: fillColor = '[ 0.  0.  0.] (rgb)'
27.5101 	EXP 	unnamed Circle: pos = array([ 549.779,  275.506])
27.6269 	EXP 	unnamed ImageStim: size = array([1920, 1200])
27.6269 	EXP 	unnamed ImageStim: image = 'inks\\01.png'
27.6269 	EXP 	unnamed Circle: fillColor = '[ 0.  0.  0.] (rgb)'
27.6269 	EXP 	unnamed Circle: pos = array([ -39.503,  246.665])
27.7437 	EXP 	unnamed ImageStim: size = array([1920, 1200])
27.7437 	EXP 	unnamed ImageStim: image = 'inks\\01.png'
27.7437 	EXP 	unnamed Circle: fillColor = '[ 0.  0.  0.] (rgb)'
27.7437 	EXP 	unnamed Circle: pos = array([ -37.53 ,  222.702])
27.8604 	EXP 	unnamed ImageStim: size = array([1920, 1200])
27.8604 	EXP 	unnamed ImageStim: image = 'inks\\01.png'
27.8604 	EXP 	unnamed Circle: fillColor = '[ 0.  0.  0.] (rgb)'
27.8604 	EXP 	unnamed Circle: pos = array([ -39.131,  228.203])
27.9771 	EXP 	unnamed ImageStim: size = array([1920, 1200])
27.9771 	EXP 	unnamed ImageStim: image = 'inks\\01.png'
27.9771 	EXP 	unnamed Circle: fillColor = '[ 0.  0.  0.] (rgb)'
27.9771 	EXP 	unnamed Circle: pos = array([ -44.51 ,  237.601])
28.0940 	EXP 	unnamed ImageStim: size = array([1920, 1200])
28.0940 	EXP 	unnamed ImageStim: image = 'inks\\01.png'
28.0940 	EXP 	unnamed Circle: fillColor = '[ 0.  0.  0.] (rgb)'
28.0940 	EXP 	unnamed Circle: pos = array([ -50.59 ,  256.233])
28.2108 	EXP 	unnamed ImageStim: size = array([1920, 1200])
28.2108 	EXP 	unnamed ImageStim: image = 'inks\\01.png'
28.2108 	EXP 	unnamed Circle: fillColor = '[ 0.  0.  0.] (rgb)'
28.2108 	EXP 	unnamed Circle: pos = array([ -41.891,  263.776])
28.3274 	EXP 	unnamed ImageStim: size = array([1920, 1200])
28.3274 	EXP 	unnamed ImageStim: image = 'inks\\01.png'
28.3274 	EXP 	unnamed Circle: fillColor = '[ 0.  0.  0.] (rgb)'
28.3274 	EXP 	unnamed Circle: pos = array([ -37.188,  252.939])
28.4443 	EXP 	unnamed ImageStim: size = array([1920, 1200])
28.4443 	EXP 	unnamed ImageStim: image = 'inks\\01.png'
28.4443 	EXP 	unnamed Circle: fillColor = '[ 0.  0.  0.] (rgb)'
28.4443 	EXP 	unnamed Circle: pos = array([ -39.847,  261.052])
28.5610 	EXP 	unnamed ImageStim: size = array([1920, 1200])
28.5610 	EXP 	unnamed ImageStim: image = 'inks\\01.png'
28.5610 	EXP 	unnamed Circle: fillColor = '[ 0.  0.  0.] (rgb)'
28.5610 	EXP 	unnamed Circle: pos = array([ -46.636,  283.935])
28.6779 	EXP 	unnamed ImageStim: size = array([1920, 1200])
28.6779 	EXP 	unnamed ImageStim: image = 'inks\\01.png'
28.6779 	EXP 	unnamed Circle: fillColor = '[ 0.  0.  0.] (rgb)'
28.6779 	EXP 	unnamed Circle: pos = array([ -40.515,  291.705])
28.7945 	EXP 	unnamed ImageStim: size = array([1920, 1200])
28.7945 	EXP 	unnamed ImageStim: image = 'inks\\01.png'
28.7945 	EXP 	unnamed Circle: fillColor = '[ 0.  0.  0.] (rgb)'
28.7945 	EXP 	unnamed Circle: pos = array([ -30.23,  269.14])
28.9114 	EXP 	unnamed ImageStim: size = array([1920, 1200])
28.9114 	EXP 	unnamed ImageStim: image = 'inks\\01.png'
28.9114 	EXP 	unnamed Circle: fillColor = '[ 0.  0.  0.] (rgb)'
28.9114 	EXP 	unnamed Circle: pos = array([  14.927,  248.02 ])
29.0281 	EXP 	unnamed ImageStim: size = array([1920, 1200])
29.0281 	EXP 	unnamed ImageStim: image = 'inks\\01.png'
29.0281 	EXP 	unnamed Circle: fillColor = '[ 0.  0.  0.] (rgb)'
29.0281 	EXP 	unnamed Circle: pos = array([  31.157,  257.287])
29.1450 	EXP 	unnamed ImageStim: size = array([1920, 1200])
29.1450 	EXP 	unnamed ImageStim: image = 'inks\\01.png'
29.1450 	EXP 	unnamed Circle: fillColor = '[ 0.  0.  0.] (rgb)'
29.1450 	EXP 	unnamed Circle: pos = array([  34.072,  258.072])
29.2631 	EXP 	unnamed ImageStim: size = array([1920, 1200])
29.2631 	EXP 	unnamed ImageStim: image = 'inks\\01.png'
29.2631 	EXP 	unnamed Circle: fillColor = '[ 0.  0.  0.] (rgb)'
29.2631 	EXP 	unnamed Circle: pos = array([  40.183,  244.094])
29.3785 	EXP 	unnamed ImageStim: size = array([1920, 1200])
29.3785 	EXP 	unnamed ImageStim: image = 'inks\\01.png'
29.3785 	EXP 	unnamed Circle: fillColor = '[ 0.  0.  0.] (rgb)'
29.3785 	EXP 	unnamed Circle: pos = array([  47.5  ,  248.912])
29.4950 	EXP 	unnamed ImageStim: size = array([1920, 1200])
29.4950 	EXP 	unnamed ImageStim: image = 'inks\\01.png'
29.4950 	EXP 	unnamed Circle: fillColor = '[ 0.  0.  0.] (rgb)'
29.4950 	EXP 	unnamed Circle: pos = array([ 682.376,  273.257])
29.6119 	EXP 	unnamed ImageStim: size = array([1920, 1200])
29.6119 	EXP 	unnamed ImageStim: image = 'inks\\01.png'
29.6119 	EXP 	unnamed Circle: fillColor = '[ 0.  0.  0.] (rgb)'
29.6119 	EXP 	unnamed Circle: pos = array([ 687.436,  280.744])
29.7331 	EXP 	unnamed ImageStim: size = array([1920, 1200])
29.7331 	EXP 	unnamed ImageStim: image = 'inks\\01.png'
29.7331 	EXP 	unnamed Circle: fillColor = '[ 0.  0.  0.] (rgb)'
29.7331 	EXP 	unnamed Circle: pos = array([ 688.857,  277.839])
29.8453 	EXP 	unnamed ImageStim: size = array([1920, 1200])
29.8453 	EXP 	unnamed ImageStim: image = 'inks\\01.png'
29.8453 	EXP 	unnamed Circle: fillColor = '[ 0.  0.  0.] (rgb)'
29.8453 	EXP 	unnamed Circle: pos = array([ 691.942,  274.739])
29.9622 	EXP 	unnamed ImageStim: size = array([1920, 1200])
29.9622 	EXP 	unnamed ImageStim: image = 'inks\\01.png'
29.9622 	EXP 	unnamed Circle: fillColor = '[ 0.  0.  0.] (rgb)'
29.9622 	EXP 	unnamed Circle: pos = array([ 692.293,  259.127])
30.0791 	EXP 	unnamed ImageStim: size = array([1920, 1200])
30.0791 	EXP 	unnamed ImageStim: image = 'inks\\01.png'
30.0791 	EXP 	unnamed Circle: fillColor = '[ 0.  0.  0.] (rgb)'
30.0791 	EXP 	unnamed Circle: pos = array([ 684.633,  257.171])
30.1956 	EXP 	unnamed ImageStim: size = array([1920, 1200])
30.1956 	EXP 	unnamed ImageStim: image = 'inks\\01.png'
30.1956 	EXP 	unnamed Circle: fillColor = '[ 0.  0.  0.] (rgb)'
30.1956 	EXP 	unnamed Circle: pos = array([ 679.684,  262.679])
30.3126 	EXP 	unnamed ImageStim: size = array([1920, 1200])
30.3126 	EXP 	unnamed ImageStim: image = 'inks\\01.png'
30.3126 	EXP 	unnamed Circle: fillColor = '[ 0.  0.  0.] (rgb)'
30.3126 	EXP 	unnamed Circle: pos = array([ 672.88 ,  263.367])
30.4292 	EXP 	unnamed ImageStim: size = array([1920, 1200])
30.4292 	EXP 	unnamed ImageStim: image = 'inks\\01.png'
30.4292 	EXP 	unnamed Circle: fillColor = '[ 0.  0.  0.] (rgb)'
30.4292 	EXP 	unnamed Circle: pos = array([ 672.012,  271.931])
30.5461 	EXP 	unnamed ImageStim: size = array([1920, 1200])
30.5461 	EXP 	unnamed ImageStim: image = 'inks\\01.png'
30.5461 	EXP 	unnamed Circle: fillColor = '[ 0.  0.  0.] (rgb)'
30.5461 	EXP 	unnamed Circle: pos = array([ 669.633,  262.846])
30.6629 	EXP 	unnamed ImageStim: size = array([1920, 1200])
30.6629 	EXP 	unnamed ImageStim: image = 'inks\\01.png'
30.6629 	EXP 	unnamed Circle: fillColor = '[ 0.  0.  0.] (rgb)'
30.6629 	EXP 	unnamed Circle: pos = array([ 674.672,  271.449])
30.7795 	EXP 	unnamed ImageStim: size = array([1920, 1200])
30.7795 	EXP 	unnamed ImageStim: image = 'inks\\01.png'
30.7795 	EXP 	unnamed Circle: fillColor = '[ 0.  0.  0.] (rgb)'
30.7795 	EXP 	unnamed Circle: pos = array([ 679.93 ,  284.094])
30.8965 	EXP 	unnamed ImageStim: size = array([1920, 1200])
30.8965 	EXP 	unnamed ImageStim: image = 'inks\\01.png'
30.8965 	EXP 	unnamed Circle: fillColor = '[ 0.  0.  0.] (rgb)'
30.8965 	EXP 	unnamed Circle: pos = array([  -0.262,  257.197])
31.0133 	EXP 	unnamed ImageStim: size = array([1920, 1200])
31.0133 	EXP 	unnamed ImageStim: image = 'inks\\01.png'
31.0133 	EXP 	unnamed Circle: fillColor = '[ 0.  0.  0.] (rgb)'
31.0133 	EXP 	unnamed Circle: pos = array([   4.381,  238.606])
31.1308 	EXP 	unnamed ImageStim: size = array([1920, 1200])
31.1308 	EXP 	unnamed ImageStim: image = 'inks\\01.png'
31.1308 	EXP 	unnamed Circle: fillColor = '[ 0.  0.  0.] (rgb)'
31.1308 	EXP 	unnamed Circle: pos = array([   2.17 ,  234.398])
31.2465 	EXP 	unnamed ImageStim: size = array([1920, 1200])
31.2465 	EXP 	unnamed ImageStim: image = 'inks\\01.png'
31.2465 	EXP 	unnamed Circle: fillColor = '[ 0.  0.  0.] (rgb)'
31.2465 	EXP 	unnamed Circle: pos = array([   1.375,  228.878])
31.3634 	EXP 	unnamed ImageStim: size = array([1920, 1200])
31.3634 	EXP 	unnamed ImageStim: image = 'inks\\01.png'
31.3634 	EXP 	unnamed Circle: fillColor = '[ 0.  0.  0.] (rgb)'
31.3634 	EXP 	unnamed Circle: pos = array([   9.053,  225.283])
31.4802 	EXP 	unnamed ImageStim: size = array([1920, 1200])
31.4802 	EXP 	unnamed ImageStim: image = 'inks\\01.png'
31.4802 	EXP 	unnamed Circle: fillColor = '[ 0.  0.  0.] (rgb)'
31.4802 	EXP 	unnamed Circle: pos = array([  16.302,  228.664])
31.5969 	EXP 	unnamed ImageStim: size = array([1920, 1200])
31.5969 	EXP 	unnamed ImageStim: image = 'inks\\01.png'
31.5969 	EXP 	unnamed Circle: fillColor = '[ 0.  0.  0.] (rgb)'
31.5969 	EXP 	unnamed Circle: pos = array([  17.899,  225.666])
31.7138 	EXP 	unnamed ImageStim: size = array([1920, 1200])
31.7138 	EXP 	unnamed ImageStim: image = 'inks\\01.png'
31.7138 	EXP 	unnamed Circle: fillColor = '[ 0.  0.  0.] (rgb)'
31.7138 	EXP 	unnamed Circle: pos = array([  24.652,  229.799])
31.8305 	EXP 	unnamed ImageStim: size = array([1920, 1200])
31.8305 	EXP 	unnamed ImageStim: image = 'inks\\01.png'
31.8305 	EXP 	unnamed Circle: fillColor = '[ 0.  0.  0.] (rgb)'
31.8305 	EXP 	unnamed Circle: pos = array([  25.714,  244.061])
31.9472 	EXP 	unnamed ImageStim: size = array([1920, 1200])
31.9472 	EXP 	unnamed ImageStim: image = 'inks\\01.png'
31.9472 	EXP 	unnamed Circle: fillColor = '[ 0.  0.  0.] (rgb)'
31.9472 	EXP 	unnamed Circle: pos = array([  36.36 ,  235.383])
32.0642 	EXP 	unnamed ImageStim: size = array([1920, 1200])
32.0642 	EXP 	unnamed ImageStim: image = 'inks\\01.png'
32.0642 	EXP 	unnamed Circle: fillColor = '[ 0.  0.  0.] (rgb)'
32.0642 	EXP 	unnamed Circle: pos = array([  46.895,  209.954])
32.1807 	EXP 	unnamed ImageStim: size = array([1920, 1200])
32.1807 	EXP 	unnamed ImageStim: image = 'inks\\01.png'
32.1807 	EXP 	unnamed Circle: fillColor = '[ 0.  0.  0.] (rgb)'
32.1807 	EXP 	unnamed Circle: pos = array([ 486.402,  220.529])
32.2975 	EXP 	unnamed ImageStim: size = array([1920, 1200])
32.2975 	EXP 	unnamed ImageStim: image = 'inks\\01.png'
32.2975 	EXP 	unnamed Circle: fillColor = '[ 0.  0.  0.] (rgb)'
32.2975 	EXP 	unnamed Circle: pos = array([ 637.941,  243.133])
32.4142 	EXP 	unnamed ImageStim: size = array([1920, 1200])
32.4142 	EXP 	unnamed ImageStim: image = 'inks\\01.png'
32.4142 	EXP 	unnamed Circle: fillColor = '[ 0.  0.  0.] (rgb)'
32.4142 	EXP 	unnamed Circle: pos = array([ 640.439,  252.829])
32.5311 	EXP 	unnamed ImageStim: size = array([1920, 1200])
32.5311 	EXP 	unnamed ImageStim: image = 'inks\\01.png'
32.5311 	EXP 	unnamed Circle: fillColor = '[ 0.  0.  0.] (rgb)'
32.5311 	EXP 	unnamed Circle: pos = array([ 660.137,  268.887])
32.6478 	EXP 	unnamed ImageStim: size = array([1920, 1200])
32.6478 	EXP 	unnamed ImageStim: image = 'inks\\01.png'
32.6478 	EXP 	unnamed Circle: fillColor = '[ 0.  0.  0.] (rgb)'
32.6478 	EXP 	unnamed Circle: pos = array([ 680.611,  284.653])
32.7650 	EXP 	unnamed ImageStim: size = array([1920, 1200])
32.7650 	EXP 	unnamed ImageStim: image = 'inks\\01.png'
32.7650 	EXP 	unnamed Circle: fillColor = '[ 0.  0.  0.] (rgb)'
32.7650 	EXP 	unnamed Circle: pos = array([-650.,  502.])
32.8814 	EXP 	unnamed ImageStim: size = array([1920, 1200])
32.8814 	EXP 	unnamed ImageStim: image = 'inks\\01.png'
32.8814 	EXP 	unnamed Circle: fillColor = '[ 0.  0.  0.] (rgb)'
32.8814 	EXP 	unnamed Circle: pos = array([ 642.166,  292.965])
32.9982 	EXP 	unnamed ImageStim: size = array([1920, 1200])
32.9982 	EXP 	unnamed ImageStim: image = 'inks\\01.png'
32.9982 	EXP 	unnamed Circle: fillColor = '[ 0.  0.  0.] (rgb)'
32.9982 	EXP 	unnamed Circle: pos = array([ 638.774,  283.189])
33.1149 	EXP 	unnamed ImageStim: size = array([1920, 1200])
33.1149 	EXP 	unnamed ImageStim: image = 'inks\\01.png'
33.1149 	EXP 	unnamed Circle: fillColor = '[ 0.  0.  0.] (rgb)'
33.1149 	EXP 	unnamed Circle: pos = array([ -41.791,  262.927])
33.2317 	EXP 	unnamed ImageStim: size = array([1920, 1200])
33.2317 	EXP 	unnamed ImageStim: image = 'inks\\01.png'
33.2317 	EXP 	unnamed Circle: fillColor = '[ 0.  0.  0.] (rgb)'
33.2317 	EXP 	unnamed Circle: pos = array([ -37.936,  237.069])
33.3584 	EXP 	unnamed ImageStim: size = array([1920, 1200])
33.3584 	EXP 	unnamed ImageStim: image = 'inks\\01.png'
33.3584 	EXP 	unnamed Circle: fillColor = '[ 0.  0.  0.] (rgb)'
33.3584 	EXP 	unnamed Circle: pos = array([ -41.178,  231.322])
33.4655 	EXP 	unnamed ImageStim: size = array([1920, 1200])
33.4655 	EXP 	unnamed ImageStim: image = 'inks\\01.png'
33.4655 	EXP 	unnamed Circle: fillColor = '[ 0.  0.  0.] (rgb)'
33.4655 	EXP 	unnamed Circle: pos = array([  22.899,  218.966])
33.4657 	DATA 	Keypress: down
33.5819 	EXP 	unnamed ImageStim: size = array([1920, 1200])
33.5819 	EXP 	unnamed ImageStim: image = 'inks\\01.png'
33.5819 	EXP 	unnamed Circle: fillColor = '[ 0.  0.  0.] (rgb)'
33.5819 	EXP 	unnamed Circle: pos = array([  26.195,  211.493])
33.6989 	EXP 	unnamed ImageStim: size = array([1920, 1200])
33.6989 	EXP 	unnamed ImageStim: image = 'inks\\01.png'
33.6989 	EXP 	unnamed Circle: fillColor = '[ 0.  0.  0.] (rgb)'
33.6989 	EXP 	unnamed Circle: pos = array([  19.048,  225.718])
33.8154 	EXP 	unnamed ImageStim: size = array([1920, 1200])
33.8154 	EXP 	unnamed ImageStim: image = 'inks\\01.png'
33.8154 	EXP 	unnamed Circle: fillColor = '[ 0.  0.  0.] (rgb)'
33.8154 	EXP 	unnamed Circle: pos = array([  14.324,  239.678])
33.9323 	EXP 	unnamed ImageStim: size = array([1920, 1200])
33.9323 	EXP 	unnamed ImageStim: image = 'inks\\01.png'
33.9323 	EXP 	unnamed Circle: fillColor = '[ 0.  0.  0.] (rgb)'
33.9323 	EXP 	unnamed Circle: pos = array([  18.844,  230.336])
34.0490 	EXP 	unnamed ImageStim: size = array([1920, 1200])
34.0490 	EXP 	unnamed ImageStim: image = 'inks\\01.png'
34.0490 	EXP 	unnamed Circle: fillColor = '[ 0.  0.  0.] (rgb)'
34.0490 	EXP 	unnamed Circle: pos = array([  27.415,  209.027])
34.1658 	EXP 	unnamed ImageStim: size = array([1920, 1200])
34.1658 	EXP 	unnamed ImageStim: image = 'inks\\01.png'
34.1658 	EXP 	unnamed Circle: fillColor = '[ 0.  0.  0.] (rgb)'
34.1658 	EXP 	unnamed Circle: pos = array([  96.559,  195.263])
34.2826 	EXP 	unnamed ImageStim: size = array([1920, 1200])
34.2826 	EXP 	unnamed ImageStim: image = 'inks\\01.png'
34.2826 	EXP 	unnamed Circle: fillColor = '[ 0.  0.  0.] (rgb)'
34.2826 	EXP 	unnamed Circle: pos = array([ 106.926,  185.557])
34.3933 	DATA 	Keypress: right
34.3993 	EXP 	unnamed ImageStim: size = array([1920, 1200])
34.3993 	EXP 	unnamed ImageStim: image = 'inks\\01.png'
34.3993 	EXP 	unnamed Circle: fillColor = '[ 0.  0.  0.] (rgb)'
34.3993 	EXP 	unnamed Circle: pos = array([  80.101,  198.168])
34.3994 	EXP 	Sound  stopped
34.5830 	EXP 	unnamed ImageStim: size = array([2550, 2178])
34.5830 	EXP 	unnamed ImageStim: image = 'inks\\02.png'
34.5830 	EXP 	unnamed Circle: fillColor = '[ 0.  0.  0.] (rgb)'
34.5830 	EXP 	unnamed Circle: pos = array([  48.964,  204.975])
34.7662 	EXP 	unnamed ImageStim: size = array([2550, 2178])
34.7662 	EXP 	unnamed ImageStim: image = 'inks\\02.png'
34.7662 	EXP 	unnamed Circle: fillColor = '[ 0.  0.  0.] (rgb)'
34.7662 	EXP 	unnamed Circle: pos = array([  46.198,  198.251])
34.9498 	EXP 	unnamed ImageStim: size = array([2550, 2178])
34.9498 	EXP 	unnamed ImageStim: image = 'inks\\02.png'
34.9498 	EXP 	unnamed Circle: fillColor = '[ 0.  0.  0.] (rgb)'
34.9498 	EXP 	unnamed Circle: pos = array([  44.45,  192.98])
35.1667 	EXP 	unnamed ImageStim: size = array([2550, 2178])
35.1667 	EXP 	unnamed ImageStim: image = 'inks\\02.png'
35.1667 	EXP 	unnamed Circle: fillColor = '[ 0.  0.  0.] (rgb)'
35.1667 	EXP 	unnamed Circle: pos = array([  44.099,  199.733])
35.3442 	DATA 	Keypress: right
35.3500 	EXP 	unnamed ImageStim: size = array([2550, 2178])
35.3500 	EXP 	unnamed ImageStim: image = 'inks\\02.png'
35.3500 	EXP 	unnamed Circle: fillColor = '[ 0.  0.  0.] (rgb)'
35.3500 	EXP 	unnamed Circle: pos = array([   1.755,  160.303])
35.5408 	EXP 	Set  sound=fe\creature.wav
35.5409 	EXP 	Sound  set loops 10
35.5417 	EXP 	Sound  started
35.5849 	EXP 	unnamed ImageStim: size = array([2550, 2178])
35.5849 	EXP 	unnamed ImageStim: image = 'inks\\03.png'
35.5849 	EXP 	unnamed Circle: fillColor = '[ 0.  0.  0.] (rgb)'
35.5849 	EXP 	unnamed Circle: pos = array([ 22.387, -63.724])
35.7840 	EXP 	unnamed ImageStim: size = array([2550, 2178])
35.7840 	EXP 	unnamed ImageStim: image = 'inks\\03.png'
35.7840 	EXP 	unnamed Circle: fillColor = '[ 0.  0.  0.] (rgb)'
35.7840 	EXP 	unnamed Circle: pos = array([ 34.902, -58.95 ])
35.9841 	EXP 	unnamed ImageStim: size = array([2550, 2178])
35.9841 	EXP 	unnamed ImageStim: image = 'inks\\03.png'
35.9841 	EXP 	unnamed Circle: fillColor = '[ 0.  0.  0.] (rgb)'
35.9841 	EXP 	unnamed Circle: pos = array([ 284.725,  -51.93 ])
36.1675 	DATA 	Keypress: right
36.1842 	EXP 	unnamed ImageStim: size = array([2550, 2178])
36.1842 	EXP 	unnamed ImageStim: image = 'inks\\03.png'
36.1842 	EXP 	unnamed Circle: fillColor = '[ 0.  0.  0.] (rgb)'
36.1842 	EXP 	unnamed Circle: pos = array([ 749.134, -271.056])
36.1844 	EXP 	Sound  stopped
36.3844 	EXP 	unnamed ImageStim: size = array([2550, 2178])
36.3844 	EXP 	unnamed ImageStim: image = 'inks\\04.png'
36.3844 	EXP 	unnamed Circle: fillColor = '[ 0.  0.  0.] (rgb)'
36.3844 	EXP 	unnamed Circle: pos = array([ 747.569, -297.41 ])
36.5847 	EXP 	unnamed ImageStim: size = array([2550, 2178])
36.5847 	EXP 	unnamed ImageStim: image = 'inks\\04.png'
36.5847 	EXP 	unnamed Circle: fillColor = '[ 0.  0.  0.] (rgb)'
36.5847 	EXP 	unnamed Circle: pos = array([ 748.364, -310.041])
36.7849 	EXP 	unnamed ImageStim: size = array([2550, 2178])
36.7849 	EXP 	unnamed ImageStim: image = 'inks\\04.png'
36.7849 	EXP 	unnamed Circle: fillColor = '[ 0.  0.  0.] (rgb)'
36.7849 	EXP 	unnamed Circle: pos = array([ 745.571, -301.081])
36.9689 	DATA 	Keypress: right
36.9851 	EXP 	unnamed ImageStim: size = array([2550, 2178])
36.9851 	EXP 	unnamed ImageStim: image = 'inks\\04.png'
36.9851 	EXP 	unnamed Circle: fillColor = '[ 0.  0.  0.] (rgb)'
36.9851 	EXP 	unnamed Circle: pos = array([ 344.784, -281.412])
37.2351 	EXP 	unnamed ImageStim: size = array([2550, 2178])
37.2351 	EXP 	unnamed ImageStim: image = 'inks\\05.png'
37.2351 	EXP 	unnamed Circle: fillColor = '[ 0.  0.  0.] (rgb)'
37.2351 	EXP 	unnamed Circle: pos = array([ 158.982,  159.872])
37.4520 	EXP 	unnamed ImageStim: size = array([2550, 2178])
37.4520 	EXP 	unnamed ImageStim: image = 'inks\\05.png'
37.4520 	EXP 	unnamed Circle: fillColor = '[ 0.  0.  0.] (rgb)'
37.4520 	EXP 	unnamed Circle: pos = array([ 136.824,  161.745])
37.6543 	DATA 	Keypress: right
37.6688 	EXP 	unnamed ImageStim: size = array([2550, 2178])
37.6688 	EXP 	unnamed ImageStim: image = 'inks\\05.png'
37.6688 	EXP 	unnamed Circle: fillColor = '[ 0.  0.  0.] (rgb)'
37.6688 	EXP 	unnamed Circle: pos = array([ 130.118,  156.381])
37.9024 	EXP 	unnamed ImageStim: size = array([2550, 2178])
37.9024 	EXP 	unnamed ImageStim: image = 'inks\\06.png'
37.9024 	EXP 	unnamed Circle: fillColor = '[ 0.  0.  0.] (rgb)'
37.9024 	EXP 	unnamed Circle: pos = array([ 582.004,  172.137])
38.1193 	EXP 	unnamed ImageStim: size = array([2550, 2178])
38.1193 	EXP 	unnamed ImageStim: image = 'inks\\06.png'
38.1193 	EXP 	unnamed Circle: fillColor = '[ 0.  0.  0.] (rgb)'
38.1193 	EXP 	unnamed Circle: pos = array([ 355.66 ,   43.034])
38.3334 	DATA 	Keypress: right
38.3359 	EXP 	unnamed ImageStim: size = array([2550, 2178])
38.3359 	EXP 	unnamed ImageStim: image = 'inks\\06.png'
38.3359 	EXP 	unnamed Circle: fillColor = '[ 0.  0.  0.] (rgb)'
38.3359 	EXP 	unnamed Circle: pos = array([ 421.446,   41.874])
38.5363 	EXP 	unnamed ImageStim: size = array([2550, 2178])
38.5363 	EXP 	unnamed ImageStim: image = 'inks\\07.png'
38.5363 	EXP 	unnamed Circle: fillColor = '[ 0.  0.  0.] (rgb)'
38.5363 	EXP 	unnamed Circle: pos = array([ 741.113,    0.847])
38.7187 	DATA 	Keypress: right
38.7234 	EXP 	unnamed ImageStim: size = array([2550, 2178])
38.7234 	EXP 	unnamed ImageStim: image = 'inks\\07.png'
38.7234 	EXP 	unnamed Circle: fillColor = '[ 0.  0.  0.] (rgb)'
38.7234 	EXP 	unnamed Circle: pos = array([ 753.44 ,  -13.911])
38.9607 	EXP 	Set  sound=fe\push.wav
38.9607 	EXP 	Sound  set loops 10
38.9612 	EXP 	Sound  started
39.0021 	EXP 	unnamed ImageStim: size = array([2550, 2178])
39.0021 	EXP 	unnamed ImageStim: image = 'inks\\08.png'
39.0021 	EXP 	unnamed Circle: fillColor = '[ 0.  0.  0.] (rgb)'
39.0021 	EXP 	unnamed Circle: pos = array([ 335.318,    4.586])
39.2203 	EXP 	unnamed ImageStim: size = array([2550, 2178])
39.2203 	EXP 	unnamed ImageStim: image = 'inks\\08.png'
39.2203 	EXP 	unnamed Circle: fillColor = '[ 0.  0.  0.] (rgb)'
39.2203 	EXP 	unnamed Circle: pos = array([-95.035,  -7.682])
39.2205 	DATA 	Keypress: right
39.2206 	EXP 	Sound  stopped
39.4202 	EXP 	unnamed ImageStim: size = array([2550, 2178])
39.4202 	EXP 	unnamed ImageStim: image = 'inks\\09.png'
39.4202 	EXP 	unnamed Circle: fillColor = '[ 0.  0.  0.] (rgb)'
39.4202 	EXP 	unnamed Circle: pos = array([ 106.289,  -11.182])
39.6211 	EXP 	unnamed ImageStim: size = array([2550, 2178])
39.6211 	EXP 	unnamed ImageStim: image = 'inks\\09.png'
39.6211 	EXP 	unnamed Circle: fillColor = '[ 0.  0.  0.] (rgb)'
39.6211 	EXP 	unnamed Circle: pos = array([ 731.646,   24.131])
39.8097 	DATA 	Keypress: right
39.8211 	EXP 	unnamed ImageStim: size = array([2550, 2178])
39.8211 	EXP 	unnamed ImageStim: image = 'inks\\09.png'
39.8211 	EXP 	unnamed Circle: fillColor = '[ 0.  0.  0.] (rgb)'
39.8211 	EXP 	unnamed Circle: pos = array([ 735.096,   14.475])
40.0674 	EXP 	Set  sound=fe\purr.wav
40.0675 	EXP 	Sound  set loops 10
40.0680 	EXP 	Sound  started
40.1257 	EXP 	unnamed ImageStim: size = array([2550, 2178])
40.1257 	EXP 	unnamed ImageStim: image = 'inks\\10.png'
40.1257 	EXP 	unnamed Circle: fillColor = '[ 0.  0.  0.] (rgb)'
40.1257 	EXP 	unnamed Circle: pos = array([ 366.175,  -13.723])
40.1260 	DATA 	Keypress: right
40.1261 	EXP 	Sound  stopped
40.3046 	EXP 	unnamed ImageStim: size = array([2550, 2178])
40.3046 	EXP 	unnamed ImageStim: image = 'inks\\11.png'
40.3046 	EXP 	unnamed Circle: fillColor = '[ 0.  0.  0.] (rgb)'
40.3046 	EXP 	unnamed Circle: pos = array([-29.831, -47.671])
40.4880 	EXP 	unnamed ImageStim: size = array([2550, 2178])
40.4880 	EXP 	unnamed ImageStim: image = 'inks\\11.png'
40.4880 	EXP 	unnamed Circle: fillColor = '[ 0.  0.  0.] (rgb)'
40.4880 	EXP 	unnamed Circle: pos = array([-51.788, -55.904])
40.6550 	DATA 	Keypress: right
40.6715 	EXP 	unnamed ImageStim: size = array([2550, 2178])
40.6715 	EXP 	unnamed ImageStim: image = 'inks\\11.png'
40.6715 	EXP 	unnamed Circle: fillColor = '[ 0.  0.  0.] (rgb)'
40.6715 	EXP 	unnamed Circle: pos = array([ 704.467, -129.829])
40.9051 	EXP 	unnamed ImageStim: size = array([2550, 2178])
40.9051 	EXP 	unnamed ImageStim: image = 'inks\\12.png'
40.9051 	EXP 	unnamed Circle: fillColor = '[ 0.  0.  0.] (rgb)'
40.9051 	EXP 	unnamed Circle: pos = array([ 702.771, -137.267])
41.0884 	EXP 	unnamed ImageStim: size = array([2550, 2178])
41.0884 	EXP 	unnamed ImageStim: image = 'inks\\12.png'
41.0884 	EXP 	unnamed Circle: fillColor = '[ 0.  0.  0.] (rgb)'
41.0884 	EXP 	unnamed Circle: pos = array([ 150.164,   37.945])
41.2712 	DATA 	Keypress: right
41.2886 	EXP 	unnamed ImageStim: size = array([2550, 2178])
41.2886 	EXP 	unnamed ImageStim: image = 'inks\\12.png'
41.2886 	EXP 	unnamed Circle: fillColor = '[ 0.  0.  0.] (rgb)'
41.2886 	EXP 	unnamed Circle: pos = array([ 273.095,   62.319])
41.4890 	EXP 	unnamed ImageStim: size = array([2550, 2178])
41.4890 	EXP 	unnamed ImageStim: image = 'inks\\13.png'
41.4890 	EXP 	unnamed Circle: fillColor = '[ 0.  0.  0.] (rgb)'
41.4890 	EXP 	unnamed Circle: pos = array([-166.993,   21.268])
41.6891 	EXP 	unnamed ImageStim: size = array([2550, 2178])
41.6891 	EXP 	unnamed ImageStim: image = 'inks\\13.png'
41.6891 	EXP 	unnamed Circle: fillColor = '[ 0.  0.  0.] (rgb)'
41.6891 	EXP 	unnamed Circle: pos = array([-155.726,   -5.114])
41.8892 	EXP 	unnamed ImageStim: size = array([2550, 2178])
41.8892 	EXP 	unnamed ImageStim: image = 'inks\\13.png'
41.8892 	EXP 	unnamed Circle: fillColor = '[ 0.  0.  0.] (rgb)'
41.8892 	EXP 	unnamed Circle: pos = array([-151.828,  -13.674])
42.0758 	DATA 	Keypress: right
42.0893 	EXP 	unnamed ImageStim: size = array([2550, 2178])
42.0893 	EXP 	unnamed ImageStim: image = 'inks\\13.png'
42.0893 	EXP 	unnamed Circle: fillColor = '[ 0.  0.  0.] (rgb)'
42.0893 	EXP 	unnamed Circle: pos = array([ 13.878, -33.014])
42.2727 	EXP 	unnamed ImageStim: size = array([2550, 2178])
42.2727 	EXP 	unnamed ImageStim: image = 'inks\\14.png'
42.2727 	EXP 	unnamed Circle: fillColor = '[ 0.  0.  0.] (rgb)'
42.2727 	EXP 	unnamed Circle: pos = array([ 20.198, -25.355])
42.4562 	EXP 	unnamed ImageStim: size = array([2550, 2178])
42.4562 	EXP 	unnamed ImageStim: image = 'inks\\14.png'
42.4562 	EXP 	unnamed Circle: fillColor = '[ 0.  0.  0.] (rgb)'
42.4562 	EXP 	unnamed Circle: pos = array([ 20.926, -29.803])
42.6398 	EXP 	unnamed ImageStim: size = array([2550, 2178])
42.6398 	EXP 	unnamed ImageStim: image = 'inks\\14.png'
42.6398 	EXP 	unnamed Circle: fillColor = '[ 0.  0.  0.] (rgb)'
42.6398 	EXP 	unnamed Circle: pos = array([ 17.467, -32.317])
42.8146 	DATA 	Keypress: right
42.8232 	EXP 	unnamed ImageStim: size = array([2550, 2178])
42.8232 	EXP 	unnamed ImageStim: image = 'inks\\14.png'
42.8232 	EXP 	unnamed Circle: fillColor = '[ 0.  0.  0.] (rgb)'
42.8232 	EXP 	unnamed Circle: pos = array([ 319.192, -138.546])
43.0584 	EXP 	unnamed ImageStim: size = array([2550, 2178])
43.0584 	EXP 	unnamed ImageStim: image = 'inks\\15.png'
43.0584 	EXP 	unnamed Circle: fillColor = '[ 0.  0.  0.] (rgb)'
43.0584 	EXP 	unnamed Circle: pos = array([ 335.772, -164.412])
43.2738 	EXP 	unnamed ImageStim: size = array([2550, 2178])
43.2738 	EXP 	unnamed ImageStim: image = 'inks\\15.png'
43.2738 	EXP 	unnamed Circle: fillColor = '[ 0.  0.  0.] (rgb)'
43.2738 	EXP 	unnamed Circle: pos = array([ 154.2  ,  -62.528])
43.4755 	EXP 	unnamed ImageStim: size = array([2550, 2178])
43.4755 	EXP 	unnamed ImageStim: image = 'inks\\15.png'
43.4755 	EXP 	unnamed Circle: fillColor = '[ 0.  0.  0.] (rgb)'
43.4755 	EXP 	unnamed Circle: pos = array([ 78.669, -50.468])
43.6704 	DATA 	Keypress: right
43.6740 	EXP 	unnamed ImageStim: size = array([2550, 2178])
43.6740 	EXP 	unnamed ImageStim: image = 'inks\\15.png'
43.6740 	EXP 	unnamed Circle: fillColor = '[ 0.  0.  0.] (rgb)'
43.6740 	EXP 	unnamed Circle: pos = array([ 82.831, -56.073])
43.9027 	EXP 	Set  sound=fe\shake_nobreak.wav
43.9028 	EXP 	Sound  set loops 10
43.9033 	EXP 	Sound  started
43.9367 	EXP 	unnamed ImageStim: size = array([2550, 2178])
43.9367 	EXP 	unnamed ImageStim: image = 'inks\\16.png'
43.9367 	EXP 	unnamed Circle: fillColor = '[ 0.  0.  0.] (rgb)'
43.9367 	EXP 	unnamed Circle: pos = array([ 70.403, -49.863])
44.1578 	EXP 	unnamed ImageStim: size = array([2550, 2178])
44.1578 	EXP 	unnamed ImageStim: image = 'inks\\16.png'
44.1578 	EXP 	unnamed Circle: fillColor = '[ 0.  0.  0.] (rgb)'
44.1578 	EXP 	unnamed Circle: pos = array([ 63.67 , -37.997])
44.3648 	DATA 	Keypress: right
44.3749 	EXP 	unnamed ImageStim: size = array([2550, 2178])
44.3749 	EXP 	unnamed ImageStim: image = 'inks\\16.png'
44.3749 	EXP 	unnamed Circle: fillColor = '[ 0.  0.  0.] (rgb)'
44.3749 	EXP 	unnamed Circle: pos = array([ 62.444, -32.524])
44.3752 	EXP 	Sound  stopped
44.6249 	EXP 	unnamed ImageStim: size = array([2550, 2178])
44.6249 	EXP 	unnamed ImageStim: image = 'inks\\17.png'
44.6249 	EXP 	unnamed Circle: fillColor = '[ 0.  0.  0.] (rgb)'
44.6249 	EXP 	unnamed Circle: pos = array([  9.704, -35.398])
44.8144 	DATA 	Keypress: right
44.8252 	EXP 	unnamed ImageStim: size = array([2550, 2178])
44.8252 	EXP 	unnamed ImageStim: image = 'inks\\17.png'
44.8252 	EXP 	unnamed Circle: fillColor = '[ 0.  0.  0.] (rgb)'
44.8252 	EXP 	unnamed Circle: pos = array([ -0.934, -38.47 ])
45.0814 	EXP 	Set  sound=fe\poke.wav
45.0814 	EXP 	Sound  set loops 10
45.0819 	EXP 	Sound  started
45.1255 	EXP 	unnamed ImageStim: size = array([2550, 2178])
45.1255 	EXP 	unnamed ImageStim: image = 'inks\\18.png'
45.1255 	EXP 	unnamed Circle: fillColor = '[ 0.  0.  0.] (rgb)'
45.1255 	EXP 	unnamed Circle: pos = array([ -3.811, -26.283])
45.3266 	DATA 	Keypress: right
45.3424 	EXP 	unnamed ImageStim: size = array([2550, 2178])
45.3424 	EXP 	unnamed ImageStim: image = 'inks\\18.png'
45.3424 	EXP 	unnamed Circle: fillColor = '[ 0.  0.  0.] (rgb)'
45.3424 	EXP 	unnamed Circle: pos = array([ 120.414,  -21.916])
45.3427 	EXP 	Sound  stopped
45.5427 	EXP 	unnamed ImageStim: size = array([2550, 2178])
45.5427 	EXP 	unnamed ImageStim: image = 'inks\\19.png'
45.5427 	EXP 	unnamed Circle: fillColor = '[ 0.  0.  0.] (rgb)'
45.5427 	EXP 	unnamed Circle: pos = array([ 153.509,  -56.583])
45.7429 	EXP 	unnamed ImageStim: size = array([2550, 2178])
45.7429 	EXP 	unnamed ImageStim: image = 'inks\\19.png'
45.7429 	EXP 	unnamed Circle: fillColor = '[ 0.  0.  0.] (rgb)'
45.7429 	EXP 	unnamed Circle: pos = array([ 273.395,  -72.676])
45.9353 	DATA 	Keypress: right
45.9432 	EXP 	unnamed ImageStim: size = array([2550, 2178])
45.9432 	EXP 	unnamed ImageStim: image = 'inks\\19.png'
45.9432 	EXP 	unnamed Circle: fillColor = '[ 0.  0.  0.] (rgb)'
45.9432 	EXP 	unnamed Circle: pos = array([ 274.641,  -60.424])
46.1439 	EXP 	unnamed ImageStim: size = array([2550, 2178])
46.1439 	EXP 	unnamed ImageStim: image = 'inks\\20.png'
46.1439 	EXP 	unnamed Circle: fillColor = '[ 0.  0.  0.] (rgb)'
46.1439 	EXP 	unnamed Circle: pos = array([ 350.092,   49.074])
46.3269 	DATA 	Keypress: right
46.3436 	EXP 	unnamed ImageStim: size = array([2550, 2178])
46.3436 	EXP 	unnamed ImageStim: image = 'inks\\20.png'
46.3436 	EXP 	unnamed Circle: fillColor = '[ 0.  0.  0.] (rgb)'
46.3436 	EXP 	unnamed Circle: pos = array([ 352.387,   36.466])
46.5855 	EXP 	Set  sound=fe\poke.wav
46.5855 	EXP 	Sound  set loops 10
46.5860 	EXP 	Sound  started
46.6265 	EXP 	unnamed ImageStim: size = array([2550, 2178])
46.6265 	EXP 	unnamed ImageStim: image = 'inks\\21.png'
46.6265 	EXP 	unnamed Circle: fillColor = '[ 0.  0.  0.] (rgb)'
46.6265 	EXP 	unnamed Circle: pos = array([ 351.308,   42.817])
46.8191 	DATA 	Keypress: right
46.8275 	EXP 	unnamed ImageStim: size = array([2550, 2178])
46.8275 	EXP 	unnamed ImageStim: image = 'inks\\21.png'
46.8275 	EXP 	unnamed Circle: fillColor = '[ 0.  0.  0.] (rgb)'
46.8275 	EXP 	unnamed Circle: pos = array([ 252.214,  -47.738])
46.8278 	EXP 	Sound  stopped
47.0757 	EXP 	Set  sound=fe\tiktok.wav
47.0758 	EXP 	Sound  set loops 10
47.0764 	EXP 	Sound  started
47.1425 	EXP 	unnamed ImageStim: size = array([2550, 2178])
47.1425 	EXP 	unnamed ImageStim: image = 'inks\\22.png'
47.1425 	EXP 	unnamed Circle: fillColor = '[ 0.  0.  0.] (rgb)'
47.1425 	EXP 	unnamed Circle: pos = array([ 250.738,  -66.696])
47.1428 	DATA 	Keypress: right
47.1430 	EXP 	Sound  stopped
47.3938 	EXP 	unnamed ImageStim: size = array([2550, 2178])
47.3938 	EXP 	unnamed ImageStim: image = 'inks\\23.png'
47.3938 	EXP 	unnamed Circle: fillColor = '[ 0.  0.  0.] (rgb)'
47.3938 	EXP 	unnamed Circle: pos = array([ 202.069,   -6.563])
47.6085 	DATA 	Keypress: right
47.6123 	EXP 	unnamed ImageStim: size = array([2550, 2178])
47.6123 	EXP 	unnamed ImageStim: image = 'inks\\23.png'
47.6123 	EXP 	unnamed Circle: fillColor = '[ 0.  0.  0.] (rgb)'
47.6123 	EXP 	unnamed Circle: pos = array([ 489.164,  -20.02 ])
47.8621 	EXP 	unnamed ImageStim: size = array([2550, 2178])
47.8621 	EXP 	unnamed ImageStim: image = 'inks\\24.png'
47.8621 	EXP 	unnamed Circle: fillColor = '[ 0.  0.  0.] (rgb)'
47.8621 	EXP 	unnamed Circle: pos = array([ 493.925,  -29.517])
48.0688 	DATA 	Keypress: right
48.0779 	EXP 	unnamed ImageStim: size = array([2550, 2178])
48.0779 	EXP 	unnamed ImageStim: image = 'inks\\24.png'
48.0779 	EXP 	unnamed Circle: fillColor = '[ 0.  0.  0.] (rgb)'
48.0779 	EXP 	unnamed Circle: pos = array([  2.86954000e+02,   7.30000000e-02])
48.3114 	EXP 	unnamed ImageStim: size = array([2550, 2178])
48.3114 	EXP 	unnamed ImageStim: image = 'inks\\25.png'
48.3114 	EXP 	unnamed Circle: fillColor = '[ 0.  0.  0.] (rgb)'
48.3114 	EXP 	unnamed Circle: pos = array([  3.07025000e+02,  -1.26000000e-01])
48.5115 	EXP 	unnamed ImageStim: size = array([2550, 2178])
48.5115 	EXP 	unnamed ImageStim: image = 'inks\\25.png'
48.5115 	EXP 	unnamed Circle: fillColor = '[ 0.  0.  0.] (rgb)'
48.5115 	EXP 	unnamed Circle: pos = array([ 106.693,  -52.945])
48.6987 	DATA 	Keypress: right
48.7130 	EXP 	unnamed ImageStim: size = array([2550, 2178])
48.7130 	EXP 	unnamed ImageStim: image = 'inks\\25.png'
48.7130 	EXP 	unnamed Circle: fillColor = '[ 0.  0.  0.] (rgb)'
48.7130 	EXP 	unnamed Circle: pos = array([ 61.548, -51.318])
48.9256 	EXP 	Set  sound=fe\rain.wav
48.9257 	EXP 	Sound  set loops 10
48.9263 	EXP 	Sound  started
48.9810 	EXP 	unnamed ImageStim: size = array([2550, 2178])
48.9810 	EXP 	unnamed ImageStim: image = 'inks\\26.png'
48.9810 	EXP 	unnamed Circle: fillColor = '[ 0.  0.  0.] (rgb)'
48.9810 	EXP 	unnamed Circle: pos = array([ 374.947,  -37.058])
48.9812 	DATA 	Keypress: right
48.9813 	EXP 	Sound  stopped
49.1957 	EXP 	unnamed ImageStim: size = array([2550, 2178])
49.1957 	EXP 	unnamed ImageStim: image = 'inks\\27.png'
49.1957 	EXP 	unnamed Circle: fillColor = '[ 0.  0.  0.] (rgb)'
49.1957 	EXP 	unnamed Circle: pos = array([ 140.317,  -40.909])
49.3956 	EXP 	unnamed ImageStim: size = array([2550, 2178])
49.3956 	EXP 	unnamed ImageStim: image = 'inks\\27.png'
49.3956 	EXP 	unnamed Circle: fillColor = '[ 0.  0.  0.] (rgb)'
49.3956 	EXP 	unnamed Circle: pos = array([ 353.795,  -98.334])
49.5907 	DATA 	Keypress: right
49.5956 	EXP 	unnamed ImageStim: size = array([2550, 2178])
49.5956 	EXP 	unnamed ImageStim: image = 'inks\\27.png'
49.5956 	EXP 	unnamed Circle: fillColor = '[ 0.  0.  0.] (rgb)'
49.5956 	EXP 	unnamed Circle: pos = array([ 219.59 ,  -86.489])
49.8235 	EXP 	Set  sound=fe\heartbeat.wav
49.8235 	EXP 	Sound  set loops 10
49.8240 	EXP 	Sound  started
49.8670 	EXP 	unnamed ImageStim: size = array([2550, 2178])
49.8670 	EXP 	unnamed ImageStim: image = 'inks\\28.png'
49.8670 	EXP 	unnamed Circle: fillColor = '[ 0.  0.  0.] (rgb)'
49.8670 	EXP 	unnamed Circle: pos = array([ 216.457,  -67.274])
50.0549 	DATA 	Keypress: right
50.0795 	EXP 	unnamed ImageStim: size = array([2550, 2178])
50.0795 	EXP 	unnamed ImageStim: image = 'inks\\28.png'
50.0795 	EXP 	unnamed Circle: fillColor = '[ 0.  0.  0.] (rgb)'
50.0795 	EXP 	unnamed Circle: pos = array([ 235.135,  -74.625])
50.0798 	EXP 	Sound  stopped
50.2797 	EXP 	unnamed ImageStim: size = array([2550, 2178])
50.2797 	EXP 	unnamed ImageStim: image = 'inks\\29.png'
50.2797 	EXP 	unnamed Circle: fillColor = '[ 0.  0.  0.] (rgb)'
50.2797 	EXP 	unnamed Circle: pos = array([ 321.808,  -35.909])
50.4630 	EXP 	unnamed ImageStim: size = array([2550, 2178])
50.4630 	EXP 	unnamed ImageStim: image = 'inks\\29.png'
50.4630 	EXP 	unnamed Circle: fillColor = '[ 0.  0.  0.] (rgb)'
50.4630 	EXP 	unnamed Circle: pos = array([ 312.733,  -32.214])
50.6362 	DATA 	Keypress: right
50.6466 	EXP 	unnamed ImageStim: size = array([2550, 2178])
50.6466 	EXP 	unnamed ImageStim: image = 'inks\\29.png'
50.6466 	EXP 	unnamed Circle: fillColor = '[ 0.  0.  0.] (rgb)'
50.6466 	EXP 	unnamed Circle: pos = array([ 256.479,  -52.721])
50.8635 	EXP 	unnamed ImageStim: size = array([2550, 2178])
50.8635 	EXP 	unnamed ImageStim: image = 'inks\\30.png'
50.8635 	EXP 	unnamed Circle: fillColor = '[ 0.  0.  0.] (rgb)'
50.8635 	EXP 	unnamed Circle: pos = array([ 177.613,  -40.905])
51.0639 	EXP 	unnamed ImageStim: size = array([2550, 2178])
51.0639 	EXP 	unnamed ImageStim: image = 'inks\\30.png'
51.0639 	EXP 	unnamed Circle: fillColor = '[ 0.  0.  0.] (rgb)'
51.0639 	EXP 	unnamed Circle: pos = array([ 442.046,  -52.232])
51.2477 	EXP 	unnamed ImageStim: size = array([2550, 2178])
51.2477 	EXP 	unnamed ImageStim: image = 'inks\\30.png'
51.2477 	EXP 	unnamed Circle: fillColor = '[ 0.  0.  0.] (rgb)'
51.2477 	EXP 	unnamed Circle: pos = array([ 443.513,  -53.369])
51.4246 	DATA 	Keypress: right
51.4473 	EXP 	unnamed ImageStim: size = array([2550, 2178])
51.4473 	EXP 	unnamed ImageStim: image = 'inks\\30.png'
51.4473 	EXP 	unnamed Circle: fillColor = '[ 0.  0.  0.] (rgb)'
51.4473 	EXP 	unnamed Circle: pos = array([ 478.819,   45.646])
51.6504 	EXP 	Set  sound=fe\tap.wav
51.6504 	EXP 	Sound  set loops 10
51.6509 	EXP 	Sound  started
51.6998 	EXP 	unnamed ImageStim: size = array([2550, 2178])
51.6998 	EXP 	unnamed ImageStim: image = 'inks\\31.png'
51.6998 	EXP 	unnamed Circle: fillColor = '[ 0.  0.  0.] (rgb)'
51.6998 	EXP 	unnamed Circle: pos = array([ 503.965,   66.263])
51.8810 	EXP 	unnamed ImageStim: size = array([2550, 2178])
51.8810 	EXP 	unnamed ImageStim: image = 'inks\\31.png'
51.8810 	EXP 	unnamed Circle: fillColor = '[ 0.  0.  0.] (rgb)'
51.8810 	EXP 	unnamed Circle: pos = array([ 177.202,  -51.823])
52.0555 	DATA 	Keypress: right
52.0644 	EXP 	unnamed ImageStim: size = array([2550, 2178])
52.0644 	EXP 	unnamed ImageStim: image = 'inks\\31.png'
52.0644 	EXP 	unnamed Circle: fillColor = '[ 0.  0.  0.] (rgb)'
52.0644 	EXP 	unnamed Circle: pos = array([ 180.857,  -67.071])
52.0646 	EXP 	Sound  stopped
52.2646 	EXP 	unnamed ImageStim: size = array([2550, 2178])
52.2646 	EXP 	unnamed ImageStim: image = 'inks\\32.png'
52.2646 	EXP 	unnamed Circle: fillColor = '[ 0.  0.  0.] (rgb)'
52.2646 	EXP 	unnamed Circle: pos = array([ 350.804,  -95.789])
52.4481 	EXP 	unnamed ImageStim: size = array([2550, 2178])
52.4481 	EXP 	unnamed ImageStim: image = 'inks\\32.png'
52.4481 	EXP 	unnamed Circle: fillColor = '[ 0.  0.  0.] (rgb)'
52.4481 	EXP 	unnamed Circle: pos = array([ 452.038,  -99.465])
52.6244 	DATA 	Keypress: right
52.6322 	EXP 	unnamed ImageStim: size = array([2550, 2178])
52.6322 	EXP 	unnamed ImageStim: image = 'inks\\32.png'
52.6322 	EXP 	unnamed Circle: fillColor = '[ 0.  0.  0.] (rgb)'
52.6322 	EXP 	unnamed Circle: pos = array([ 475.779, -137.748])
52.8651 	EXP 	unnamed ImageStim: size = array([2550, 2178])
52.8651 	EXP 	unnamed ImageStim: image = 'inks\\33.png'
52.8651 	EXP 	unnamed Circle: fillColor = '[ 0.  0.  0.] (rgb)'
52.8651 	EXP 	unnamed Circle: pos = array([ 404.888,   28.891])
53.0655 	EXP 	unnamed ImageStim: size = array([2550, 2178])
53.0655 	EXP 	unnamed ImageStim: image = 'inks\\33.png'
53.0655 	EXP 	unnamed Circle: fillColor = '[ 0.  0.  0.] (rgb)'
53.0655 	EXP 	unnamed Circle: pos = array([ 396.781,   30.661])
53.2592 	DATA 	Keypress: right
53.2654 	EXP 	unnamed ImageStim: size = array([2550, 2178])
53.2654 	EXP 	unnamed ImageStim: image = 'inks\\33.png'
53.2654 	EXP 	unnamed Circle: fillColor = '[ 0.  0.  0.] (rgb)'
53.2654 	EXP 	unnamed Circle: pos = array([ 253.487,  -59.276])
53.4655 	EXP 	unnamed ImageStim: size = array([2550, 2178])
53.4655 	EXP 	unnamed ImageStim: image = 'inks\\34.png'
53.4655 	EXP 	unnamed Circle: fillColor = '[ 0.  0.  0.] (rgb)'
53.4655 	EXP 	unnamed Circle: pos = array([ 384.666, -107.199])
53.6667 	EXP 	unnamed ImageStim: size = array([2550, 2178])
53.6667 	EXP 	unnamed ImageStim: image = 'inks\\34.png'
53.6667 	EXP 	unnamed Circle: fillColor = '[ 0.  0.  0.] (rgb)'
53.6667 	EXP 	unnamed Circle: pos = array([ 398.689, -125.095])
53.8540 	DATA 	Keypress: right
53.8661 	EXP 	unnamed ImageStim: size = array([2550, 2178])
53.8661 	EXP 	unnamed ImageStim: image = 'inks\\34.png'
53.8661 	EXP 	unnamed Circle: fillColor = '[ 0.  0.  0.] (rgb)'
53.8661 	EXP 	unnamed Circle: pos = array([ 274.234, -122.192])
54.0662 	EXP 	unnamed ImageStim: size = array([2550, 2179])
54.0662 	EXP 	unnamed ImageStim: image = 'inks\\blank.png'
54.0662 	EXP 	unnamed Circle: fillColor = '[ 0.  0.  0.] (rgb)'
54.0662 	EXP 	unnamed Circle: pos = array([ 288.063,   -3.626])
54.2330 	EXP 	unnamed ImageStim: size = array([2550, 2179])
54.2330 	EXP 	unnamed ImageStim: image = 'inks\\blank.png'
54.2330 	EXP 	unnamed Circle: fillColor = '[ 0.  0.  0.] (rgb)'
54.2330 	EXP 	unnamed Circle: pos = array([ 292.273,    1.782])
54.3998 	EXP 	unnamed ImageStim: size = array([2550, 2179])
54.3998 	EXP 	unnamed ImageStim: image = 'inks\\blank.png'
54.3998 	EXP 	unnamed Circle: fillColor = '[ 0.  0.  0.] (rgb)'
54.3998 	EXP 	unnamed Circle: pos = array([ 22.415,  28.779])
54.5834 	EXP 	unnamed ImageStim: size = array([2550, 2179])
54.5834 	EXP 	unnamed ImageStim: image = 'inks\\blank.png'
54.5834 	EXP 	unnamed Circle: fillColor = '[ 0.  0.  0.] (rgb)'
54.5834 	EXP 	unnamed Circle: pos = array([ 269.691,   27.38 ])
54.7502 	EXP 	unnamed ImageStim: size = array([2550, 2179])
54.7502 	EXP 	unnamed ImageStim: image = 'inks\\blank.png'
54.7502 	EXP 	unnamed Circle: fillColor = '[ 0.  0.  0.] (rgb)'
54.7502 	EXP 	unnamed Circle: pos = array([ 276.902,    7.276])
54.9052 	DATA 	Keypress: right
54.9168 	EXP 	unnamed ImageStim: size = array([2550, 2179])
54.9168 	EXP 	unnamed ImageStim: image = 'inks\\blank.png'
54.9168 	EXP 	unnamed Circle: fillColor = '[ 0.  0.  0.] (rgb)'
54.9168 	EXP 	unnamed Circle: pos = array([ 286.421,   -4.364])
55.1171 	EXP 	unnamed ImageStim: size = array([2550, 2179])
55.1171 	EXP 	unnamed ImageStim: image = 'inks\\blank_2panels.png'
55.1171 	EXP 	unnamed Circle: fillColor = '[ 0.  0.  0.] (rgb)'
55.1171 	EXP 	unnamed Circle: pos = array([ 281.986,  -10.156])
55.2840 	EXP 	unnamed ImageStim: size = array([2550, 2179])
55.2840 	EXP 	unnamed ImageStim: image = 'inks\\blank_2panels.png'
55.2840 	EXP 	unnamed Circle: fillColor = '[ 0.  0.  0.] (rgb)'
55.2840 	EXP 	unnamed Circle: pos = array([  2.83868000e+02,  -2.38000000e-01])
55.4507 	EXP 	unnamed ImageStim: size = array([2550, 2179])
55.4507 	EXP 	unnamed ImageStim: image = 'inks\\blank_2panels.png'
55.4507 	EXP 	unnamed Circle: fillColor = '[ 0.  0.  0.] (rgb)'
55.4507 	EXP 	unnamed Circle: pos = array([ 281.521,   -0.596])
55.6045 	DATA 	Keypress: right
55.6175 	EXP 	unnamed ImageStim: size = array([2550, 2179])
55.6175 	EXP 	unnamed ImageStim: image = 'inks\\blank_2panels.png'
55.6175 	EXP 	unnamed Circle: fillColor = '[ 0.  0.  0.] (rgb)'
55.6175 	EXP 	unnamed Circle: pos = array([ 286.838,   -2.164])
55.7843 	EXP 	unnamed ImageStim: size = array([2550, 2179])
55.7843 	EXP 	unnamed ImageStim: image = 'inks\\blank_3panels.png'
55.7843 	EXP 	unnamed Circle: fillColor = '[ 0.  0.  0.] (rgb)'
55.7843 	EXP 	unnamed Circle: pos = array([ 284.497,    2.817])
55.9397 	DATA 	Keypress: right
55.9510 	EXP 	unnamed ImageStim: size = array([2550, 2179])
55.9510 	EXP 	unnamed ImageStim: image = 'inks\\blank_3panels.png'
55.9510 	EXP 	unnamed Circle: fillColor = '[ 0.  0.  0.] (rgb)'
55.9510 	EXP 	unnamed Circle: pos = array([ 285.947,    2.668])
56.7543 	DATA 	Keypress: right
