1.0694 	ERROR 	avbin.dll failed to load.
                     Try importing psychopy.visual as the first library
                     (before anything that uses scipy)
                     and make sure that avbin is installed.
1.0827 	ERROR 	avbin.dll failed to load.
                     Try importing psychopy.visual as the first library
                     (before anything that uses scipy)
                     and make sure that avbin is installed.
1.1215 	WARNING 	Movie2 stim could not be imported and won't be available
20.7075 	WARNING 	Monitor specification not found. Creating a temporary one...
21.2462 	EXP 	Created window1 = Window(allowGUI=False, allowStencil=False, autoLog=True, bitsMode=UNKNOWN, blendMode='avg', color='white', colorSpace='named', fullscr=UNKNOWN, gamma=None, lms=UNKNOWN, monitor=<psychopy.monitors.calibTools.Monitor instance at 0x0A780800>, name='window1', pos=[0, 0], screen=1, size=array([1920, 1200]), stereo=False, units=u'pix', useFBO=False, viewOri=0.0, viewPos=None, viewScale=None, waitBlanking=True, winType='pyglet')
21.2481 	EXP 	Created unnamed ImageStim = ImageStim(autoLog=True, color=array([ 1.,  1.,  1.]), colorSpace='rgb', contrast=1.0, depth=0, flipHoriz=False, flipVert=False, image=None, interpolate=False, mask=None, maskParams=None, name='unnamed ImageStim', opacity=1.0, ori=0.0, pos=array([ 0.,  0.]), size=array([ 0.5,  0.5]), texRes=128, units=u'pix', win=Window(...))
21.2530 	EXP 	Created unnamed Circle = Circle(autoDraw=False, autoLog=True, closeShape=True, contrast=1.0, depth=0, fillColor=None, fillColorSpace='rgb', fillRGB=None, interpolate=True, lineColor=array([ 1.,  1.,  1.]), lineColorSpace='rgb', lineRGB=array([ 1.,  1.,  1.]), lineWidth=1.5, name='unnamed Circle', opacity=1.0, ori=array(0.0), pos=array([ 0.,  0.]), size=array([ 1.,  1.]), units=u'pix', vertices=ndarray(...), win=Window(...))
23.8599 	EXP 	Set  sound=C
23.8666 	EXP 	Set  sound=fe\ringing_alarm.wav
23.8666 	EXP 	Sound  set loops 10
23.8671 	EXP 	Sound  started
23.9108 	EXP 	unnamed ImageStim: size = array([8004, 5004])
23.9108 	EXP 	unnamed ImageStim: image = 'inks\\01.png'
23.9108 	EXP 	unnamed Circle: fillColor = '[ 0.  0.  0.] (rgb)'
23.9108 	EXP 	unnamed Circle: pos = array([ 342.408, -135.079])
25.1814 	EXP 	unnamed ImageStim: size = array([8004, 5004])
25.1814 	EXP 	unnamed ImageStim: image = 'inks\\01.png'
25.1814 	EXP 	unnamed Circle: fillColor = '[ 0.  0.  0.] (rgb)'
25.1814 	EXP 	unnamed Circle: pos = array([ 198.927,  106.591])
26.4659 	EXP 	unnamed ImageStim: size = array([8004, 5004])
26.4659 	EXP 	unnamed ImageStim: image = 'inks\\01.png'
26.4659 	EXP 	unnamed Circle: fillColor = '[ 0.  0.  0.] (rgb)'
26.4659 	EXP 	unnamed Circle: pos = array([ 173.442, -306.785])
27.7337 	EXP 	unnamed ImageStim: size = array([8004, 5004])
27.7337 	EXP 	unnamed ImageStim: image = 'inks\\01.png'
27.7337 	EXP 	unnamed Circle: fillColor = '[ 0.  0.  0.] (rgb)'
27.7337 	EXP 	unnamed Circle: pos = array([ 423.065,  -51.236])
29.0181 	EXP 	unnamed ImageStim: size = array([8004, 5004])
29.0181 	EXP 	unnamed ImageStim: image = 'inks\\01.png'
29.0181 	EXP 	unnamed Circle: fillColor = '[ 0.  0.  0.] (rgb)'
29.0181 	EXP 	unnamed Circle: pos = array([ 193.58 , -390.527])
30.3026 	EXP 	unnamed ImageStim: size = array([8004, 5004])
30.3026 	EXP 	unnamed ImageStim: image = 'inks\\01.png'
30.3026 	EXP 	unnamed Circle: fillColor = '[ 0.  0.  0.] (rgb)'
30.3026 	EXP 	unnamed Circle: pos = array([  71.189, -199.959])
31.6035 	EXP 	unnamed ImageStim: size = array([8004, 5004])
31.6035 	EXP 	unnamed ImageStim: image = 'inks\\01.png'
31.6035 	EXP 	unnamed Circle: fillColor = '[ 0.  0.  0.] (rgb)'
31.6035 	EXP 	unnamed Circle: pos = array([-129.536,   -3.887])
32.8721 	EXP 	unnamed ImageStim: size = array([8004, 5004])
32.8721 	EXP 	unnamed ImageStim: image = 'inks\\01.png'
32.8721 	EXP 	unnamed Circle: fillColor = '[ 0.  0.  0.] (rgb)'
32.8721 	EXP 	unnamed Circle: pos = array([-401.857,  543.36 ])
34.1560 	EXP 	unnamed ImageStim: size = array([8004, 5004])
34.1560 	EXP 	unnamed ImageStim: image = 'inks\\01.png'
34.1560 	EXP 	unnamed Circle: fillColor = '[ 0.  0.  0.] (rgb)'
34.1560 	EXP 	unnamed Circle: pos = array([-186.915,  381.154])
35.4264 	EXP 	unnamed ImageStim: size = array([8004, 5004])
35.4264 	EXP 	unnamed ImageStim: image = 'inks\\01.png'
35.4264 	EXP 	unnamed Circle: fillColor = '[ 0.  0.  0.] (rgb)'
35.4264 	EXP 	unnamed Circle: pos = array([-114.602,  458.362])
36.7246 	EXP 	unnamed ImageStim: size = array([8004, 5004])
36.7246 	EXP 	unnamed ImageStim: image = 'inks\\01.png'
36.7246 	EXP 	unnamed Circle: fillColor = '[ 0.  0.  0.] (rgb)'
36.7246 	EXP 	unnamed Circle: pos = array([-104.359,  487.912])
38.0096 	EXP 	unnamed ImageStim: size = array([8004, 5004])
38.0096 	EXP 	unnamed ImageStim: image = 'inks\\01.png'
38.0096 	EXP 	unnamed Circle: fillColor = '[ 0.  0.  0.] (rgb)'
38.0096 	EXP 	unnamed Circle: pos = array([ -92.657,  507.845])
39.2936 	EXP 	unnamed ImageStim: size = array([8004, 5004])
39.2936 	EXP 	unnamed ImageStim: image = 'inks\\01.png'
39.2936 	EXP 	unnamed Circle: fillColor = '[ 0.  0.  0.] (rgb)'
39.2936 	EXP 	unnamed Circle: pos = array([ 118.221, -371.718])
40.5946 	EXP 	unnamed ImageStim: size = array([8004, 5004])
40.5946 	EXP 	unnamed ImageStim: image = 'inks\\01.png'
40.5946 	EXP 	unnamed Circle: fillColor = '[ 0.  0.  0.] (rgb)'
40.5946 	EXP 	unnamed Circle: pos = array([  72.269, -376.419])
41.8732 	DATA 	Keypress: escape
41.8791 	EXP 	unnamed ImageStim: size = array([8004, 5004])
41.8791 	EXP 	unnamed ImageStim: image = 'inks\\01.png'
41.8791 	EXP 	unnamed Circle: fillColor = '[ 0.  0.  0.] (rgb)'
41.8791 	EXP 	unnamed Circle: pos = array([-650.,  502.])
