1.0611 	ERROR 	avbin.dll failed to load.
                     Try importing psychopy.visual as the first library
                     (before anything that uses scipy)
                     and make sure that avbin is installed.
1.0749 	ERROR 	avbin.dll failed to load.
                     Try importing psychopy.visual as the first library
                     (before anything that uses scipy)
                     and make sure that avbin is installed.
1.1230 	WARNING 	Movie2 stim could not be imported and won't be available
24.4994 	WARNING 	Monitor specification not found. Creating a temporary one...
24.5002 	WARNING 	User requested fullscreen with size [1680 1050], but screen is actually [1600, 900]. Using actual size
25.1403 	EXP 	Created window1 = Window(allowGUI=False, allowStencil=False, autoLog=True, bitsMode=UNKNOWN, blendMode='avg', color='white', colorSpace='named', fullscr=UNKNOWN, gamma=None, lms=UNKNOWN, monitor=<psychopy.monitors.calibTools.Monitor instance at 0x0B33C490>, name='window1', pos=[0, 0], screen=0, size=array([1600,  900]), stereo=False, units=u'pix', useFBO=False, viewOri=0.0, viewPos=None, viewScale=None, waitBlanking=True, winType='pyglet')
25.1426 	EXP 	Created unnamed ImageStim = ImageStim(autoLog=True, color=array([ 1.,  1.,  1.]), colorSpace='rgb', contrast=1.0, depth=0, flipHoriz=False, flipVert=False, image=None, interpolate=False, mask=None, maskParams=None, name='unnamed ImageStim', opacity=1.0, ori=0.0, pos=array([ 0.,  0.]), size=array([ 1.,  1.]), texRes=128, units='height', win=Window(...))
25.1477 	EXP 	Created unnamed Circle = Circle(autoDraw=False, autoLog=True, closeShape=True, contrast=1.0, depth=0, fillColor=None, fillColorSpace='rgb', fillRGB=None, interpolate=True, lineColor=array([ 1.,  1.,  1.]), lineColorSpace='rgb', lineRGB=array([ 1.,  1.,  1.]), lineWidth=1.5, name='unnamed Circle', opacity=1.0, ori=array(0.0), pos=array([ 0.,  0.]), size=array([ 1.,  1.]), units=u'pix', vertices=ndarray(...), win=Window(...))
26.6714 	EXP 	Set  sound=C
26.6774 	EXP 	Set  sound=fe\ringing_alarm.wav
26.6775 	EXP 	Sound  set loops 10
26.6779 	EXP 	Sound  started
26.7001 	EXP 	unnamed ImageStim: image = 'inks\\01.png'
26.7001 	EXP 	unnamed Circle: fillColor = '[ 0.  0.  0.] (rgb)'
26.7001 	EXP 	unnamed Circle: pos = array([  68.535, -282.889])
26.9083 	EXP 	unnamed ImageStim: image = 'inks\\01.png'
26.9083 	EXP 	unnamed Circle: fillColor = '[ 0.  0.  0.] (rgb)'
26.9083 	EXP 	unnamed Circle: pos = array([ 287.768,   -9.527])
27.1085 	EXP 	unnamed ImageStim: image = 'inks\\01.png'
27.1085 	EXP 	unnamed Circle: fillColor = '[ 0.  0.  0.] (rgb)'
27.1085 	EXP 	unnamed Circle: pos = array([-279.358, -199.684])
27.3088 	EXP 	unnamed ImageStim: image = 'inks\\01.png'
27.3088 	EXP 	unnamed Circle: fillColor = '[ 0.  0.  0.] (rgb)'
27.3088 	EXP 	unnamed Circle: pos = array([ -24.701, -119.392])
27.5090 	EXP 	unnamed ImageStim: image = 'inks\\01.png'
27.5090 	EXP 	unnamed Circle: fillColor = '[ 0.  0.  0.] (rgb)'
27.5090 	EXP 	unnamed Circle: pos = array([-589.138, -250.83 ])
27.7092 	EXP 	unnamed ImageStim: image = 'inks\\01.png'
27.7092 	EXP 	unnamed Circle: fillColor = '[ 0.  0.  0.] (rgb)'
27.7092 	EXP 	unnamed Circle: pos = array([ 186.188,  392.403])
27.9095 	EXP 	unnamed ImageStim: image = 'inks\\01.png'
27.9095 	EXP 	unnamed Circle: fillColor = '[ 0.  0.  0.] (rgb)'
27.9095 	EXP 	unnamed Circle: pos = array([-276.559,  267.835])
28.1096 	EXP 	unnamed ImageStim: image = 'inks\\01.png'
28.1096 	EXP 	unnamed Circle: fillColor = '[ 0.  0.  0.] (rgb)'
28.1096 	EXP 	unnamed Circle: pos = array([-50.143, -51.924])
28.3268 	EXP 	unnamed ImageStim: image = 'inks\\01.png'
28.3268 	EXP 	unnamed Circle: fillColor = '[ 0.  0.  0.] (rgb)'
28.3268 	EXP 	unnamed Circle: pos = array([ 34.967, -27.216])
28.5436 	EXP 	unnamed ImageStim: image = 'inks\\01.png'
28.5436 	EXP 	unnamed Circle: fillColor = '[ 0.  0.  0.] (rgb)'
28.5436 	EXP 	unnamed Circle: pos = array([  8.508, -41.852])
28.7440 	EXP 	unnamed ImageStim: image = 'inks\\01.png'
28.7440 	EXP 	unnamed Circle: fillColor = '[ 0.  0.  0.] (rgb)'
28.7440 	EXP 	unnamed Circle: pos = array([-650.,  502.])
28.9608 	EXP 	unnamed ImageStim: image = 'inks\\01.png'
28.9608 	EXP 	unnamed Circle: fillColor = '[ 0.  0.  0.] (rgb)'
28.9608 	EXP 	unnamed Circle: pos = array([-785.556,   28.232])
29.1775 	EXP 	unnamed ImageStim: image = 'inks\\01.png'
29.1775 	EXP 	unnamed Circle: fillColor = '[ 0.  0.  0.] (rgb)'
29.1775 	EXP 	unnamed Circle: pos = array([-31.706,   8.846])
29.3947 	EXP 	unnamed ImageStim: image = 'inks\\01.png'
29.3947 	EXP 	unnamed Circle: fillColor = '[ 0.  0.  0.] (rgb)'
29.3947 	EXP 	unnamed Circle: pos = array([ 436.784,  134.422])
29.5949 	EXP 	unnamed ImageStim: image = 'inks\\01.png'
29.5949 	EXP 	unnamed Circle: fillColor = '[ 0.  0.  0.] (rgb)'
29.5949 	EXP 	unnamed Circle: pos = array([-650.,  502.])
29.7951 	EXP 	unnamed ImageStim: image = 'inks\\01.png'
29.7951 	EXP 	unnamed Circle: fillColor = '[ 0.  0.  0.] (rgb)'
29.7951 	EXP 	unnamed Circle: pos = array([ 112.751,   12.353])
29.9953 	EXP 	unnamed ImageStim: image = 'inks\\01.png'
29.9953 	EXP 	unnamed Circle: fillColor = '[ 0.  0.  0.] (rgb)'
29.9953 	EXP 	unnamed Circle: pos = array([ 425.219,  120.993])
30.1956 	EXP 	unnamed ImageStim: image = 'inks\\01.png'
30.1956 	EXP 	unnamed Circle: fillColor = '[ 0.  0.  0.] (rgb)'
30.1956 	EXP 	unnamed Circle: pos = array([ 13.054, -36.183])
30.3961 	EXP 	unnamed ImageStim: image = 'inks\\01.png'
30.3961 	EXP 	unnamed Circle: fillColor = '[ 0.  0.  0.] (rgb)'
30.3961 	EXP 	unnamed Circle: pos = array([ 532.496, -179.019])
30.6127 	EXP 	unnamed ImageStim: image = 'inks\\01.png'
30.6127 	EXP 	unnamed Circle: fillColor = '[ 0.  0.  0.] (rgb)'
30.6127 	EXP 	unnamed Circle: pos = array([-650.,  502.])
30.8127 	EXP 	unnamed ImageStim: image = 'inks\\01.png'
30.8127 	EXP 	unnamed Circle: fillColor = '[ 0.  0.  0.] (rgb)'
30.8127 	EXP 	unnamed Circle: pos = array([-650.,  502.])
30.8129 	DATA 	Keypress: right
30.8130 	EXP 	Sound  stopped
31.0130 	EXP 	unnamed ImageStim: image = 'inks\\02.png'
31.0130 	EXP 	unnamed Circle: fillColor = '[ 0.  0.  0.] (rgb)'
31.0130 	EXP 	unnamed Circle: pos = array([ 424.439, -318.73 ])
31.2132 	EXP 	unnamed ImageStim: image = 'inks\\02.png'
31.2132 	EXP 	unnamed Circle: fillColor = '[ 0.  0.  0.] (rgb)'
31.2132 	EXP 	unnamed Circle: pos = array([ 172.311,  -97.873])
31.4134 	EXP 	unnamed ImageStim: image = 'inks\\02.png'
31.4134 	EXP 	unnamed Circle: fillColor = '[ 0.  0.  0.] (rgb)'
31.4134 	EXP 	unnamed Circle: pos = array([   8.61 , -135.455])
31.6137 	EXP 	unnamed ImageStim: image = 'inks\\02.png'
31.6137 	EXP 	unnamed Circle: fillColor = '[ 0.  0.  0.] (rgb)'
31.6137 	EXP 	unnamed Circle: pos = array([-650.,  502.])
31.8146 	EXP 	unnamed ImageStim: image = 'inks\\02.png'
31.8146 	EXP 	unnamed Circle: fillColor = '[ 0.  0.  0.] (rgb)'
31.8146 	EXP 	unnamed Circle: pos = array([-650.,  502.])
31.9951 	DATA 	Keypress: escape
32.0141 	EXP 	unnamed ImageStim: image = 'inks\\02.png'
32.0141 	EXP 	unnamed Circle: fillColor = '[ 0.  0.  0.] (rgb)'
32.0141 	EXP 	unnamed Circle: pos = array([ 707.408,  248.189])
