1.0527 	ERROR 	avbin.dll failed to load.
                     Try importing psychopy.visual as the first library
                     (before anything that uses scipy)
                     and make sure that avbin is installed.
1.0670 	ERROR 	avbin.dll failed to load.
                     Try importing psychopy.visual as the first library
                     (before anything that uses scipy)
                     and make sure that avbin is installed.
1.0936 	WARNING 	Movie2 stim could not be imported and won't be available
18.1302 	WARNING 	Monitor specification not found. Creating a temporary one...
18.1307 	WARNING 	User requested fullscreen with size [1680 1050], but screen is actually [1600, 900]. Using actual size
18.7236 	EXP 	Created window1 = Window(allowGUI=False, allowStencil=False, autoLog=True, bitsMode=UNKNOWN, blendMode='avg', color='white', colorSpace='named', fullscr=UNKNOWN, gamma=None, lms=UNKNOWN, monitor=<psychopy.monitors.calibTools.Monitor instance at 0x082BA300>, name='window1', pos=[0, 0], screen=0, size=array([1600,  900]), stereo=False, units=u'pix', useFBO=False, viewOri=0.0, viewPos=None, viewScale=None, waitBlanking=True, winType='pyglet')
18.7261 	EXP 	Created unnamed ImageStim = ImageStim(autoLog=True, color=array([ 1.,  1.,  1.]), colorSpace='rgb', contrast=1.0, depth=0, flipHoriz=False, flipVert=False, image=None, interpolate=False, mask=None, maskParams=None, name='unnamed ImageStim', opacity=1.0, ori=0.0, pos=array([ 0.,  0.]), size=array([ 1.,  1.]), texRes=128, units='height', win=Window(...))
18.7312 	EXP 	Created unnamed Circle = Circle(autoDraw=False, autoLog=True, closeShape=True, contrast=1.0, depth=0, fillColor=None, fillColorSpace='rgb', fillRGB=None, interpolate=True, lineColor=array([ 1.,  1.,  1.]), lineColorSpace='rgb', lineRGB=array([ 1.,  1.,  1.]), lineWidth=1.5, name='unnamed Circle', opacity=1.0, ori=array(0.0), pos=array([ 0.,  0.]), size=array([ 1.,  1.]), units=u'pix', vertices=ndarray(...), win=Window(...))
20.2517 	EXP 	Set  sound=C
20.2581 	EXP 	Set  sound=fe\ringing_alarm.wav
20.2581 	EXP 	Sound  set loops 10
20.2586 	EXP 	Sound  started
20.3246 	EXP 	unnamed ImageStim: image = 'inks\\01.png'
20.3246 	EXP 	unnamed Circle: fillColor = '[ 0.  0.  0.] (rgb)'
20.3246 	EXP 	unnamed Circle: pos = array([ 307.492,  151.733])
20.5247 	EXP 	unnamed ImageStim: image = 'inks\\01.png'
20.5247 	EXP 	unnamed Circle: fillColor = '[ 0.  0.  0.] (rgb)'
20.5247 	EXP 	unnamed Circle: pos = array([ 186.91 ,  -19.713])
20.7250 	EXP 	unnamed ImageStim: image = 'inks\\01.png'
20.7250 	EXP 	unnamed Circle: fillColor = '[ 0.  0.  0.] (rgb)'
20.7250 	EXP 	unnamed Circle: pos = array([-98.631, -43.266])
20.9252 	EXP 	unnamed ImageStim: image = 'inks\\01.png'
20.9252 	EXP 	unnamed Circle: fillColor = '[ 0.  0.  0.] (rgb)'
20.9252 	EXP 	unnamed Circle: pos = array([-34.85 , -36.722])
21.1254 	EXP 	unnamed ImageStim: image = 'inks\\01.png'
21.1254 	EXP 	unnamed Circle: fillColor = '[ 0.  0.  0.] (rgb)'
21.1254 	EXP 	unnamed Circle: pos = array([ 394.896,   55.609])
21.3256 	EXP 	unnamed ImageStim: image = 'inks\\01.png'
21.3256 	EXP 	unnamed Circle: fillColor = '[ 0.  0.  0.] (rgb)'
21.3256 	EXP 	unnamed Circle: pos = array([ 313.181,  -77.271])
21.5260 	EXP 	unnamed ImageStim: image = 'inks\\01.png'
21.5260 	EXP 	unnamed Circle: fillColor = '[ 0.  0.  0.] (rgb)'
21.5260 	EXP 	unnamed Circle: pos = array([ -53.46 ,  177.951])
21.7262 	EXP 	unnamed ImageStim: image = 'inks\\01.png'
21.7262 	EXP 	unnamed Circle: fillColor = '[ 0.  0.  0.] (rgb)'
21.7262 	EXP 	unnamed Circle: pos = array([ 394.526,  317.224])
21.9263 	EXP 	unnamed ImageStim: image = 'inks\\01.png'
21.9263 	EXP 	unnamed Circle: fillColor = '[ 0.  0.  0.] (rgb)'
21.9263 	EXP 	unnamed Circle: pos = array([ 100.294,  304.803])
22.1266 	EXP 	unnamed ImageStim: image = 'inks\\01.png'
22.1266 	EXP 	unnamed Circle: fillColor = '[ 0.  0.  0.] (rgb)'
22.1266 	EXP 	unnamed Circle: pos = array([  78.175,  268.256])
22.3268 	EXP 	unnamed ImageStim: image = 'inks\\01.png'
22.3268 	EXP 	unnamed Circle: fillColor = '[ 0.  0.  0.] (rgb)'
22.3268 	EXP 	unnamed Circle: pos = array([  65.501,  292.271])
22.5270 	EXP 	unnamed ImageStim: image = 'inks\\01.png'
22.5270 	EXP 	unnamed Circle: fillColor = '[ 0.  0.  0.] (rgb)'
22.5270 	EXP 	unnamed Circle: pos = array([ -17.996,  313.424])
22.7273 	EXP 	unnamed ImageStim: image = 'inks\\01.png'
22.7273 	EXP 	unnamed Circle: fillColor = '[ 0.  0.  0.] (rgb)'
22.7273 	EXP 	unnamed Circle: pos = array([ -23.826,  318.226])
22.9276 	EXP 	unnamed ImageStim: image = 'inks\\01.png'
22.9276 	EXP 	unnamed Circle: fillColor = '[ 0.  0.  0.] (rgb)'
22.9276 	EXP 	unnamed Circle: pos = array([ -21.508,  297.913])
23.1277 	EXP 	unnamed ImageStim: image = 'inks\\01.png'
23.1277 	EXP 	unnamed Circle: fillColor = '[ 0.  0.  0.] (rgb)'
23.1277 	EXP 	unnamed Circle: pos = array([ -21.158,  279.116])
23.3279 	EXP 	unnamed ImageStim: image = 'inks\\01.png'
23.3279 	EXP 	unnamed Circle: fillColor = '[ 0.  0.  0.] (rgb)'
23.3279 	EXP 	unnamed Circle: pos = array([ -20.422,  296.773])
23.5282 	EXP 	unnamed ImageStim: image = 'inks\\01.png'
23.5282 	EXP 	unnamed Circle: fillColor = '[ 0.  0.  0.] (rgb)'
23.5282 	EXP 	unnamed Circle: pos = array([ 484.973,  285.75 ])
23.7284 	EXP 	unnamed ImageStim: image = 'inks\\01.png'
23.7284 	EXP 	unnamed Circle: fillColor = '[ 0.  0.  0.] (rgb)'
23.7284 	EXP 	unnamed Circle: pos = array([ 446.859,  292.455])
23.9294 	EXP 	unnamed ImageStim: image = 'inks\\01.png'
23.9294 	EXP 	unnamed Circle: fillColor = '[ 0.  0.  0.] (rgb)'
23.9294 	EXP 	unnamed Circle: pos = array([ 445.625,  278.876])
24.1288 	EXP 	unnamed ImageStim: image = 'inks\\01.png'
24.1288 	EXP 	unnamed Circle: fillColor = '[ 0.  0.  0.] (rgb)'
24.1288 	EXP 	unnamed Circle: pos = array([ 459.379,  295.637])
24.3291 	EXP 	unnamed ImageStim: image = 'inks\\01.png'
24.3291 	EXP 	unnamed Circle: fillColor = '[ 0.  0.  0.] (rgb)'
24.3291 	EXP 	unnamed Circle: pos = array([ 455.539,  283.546])
24.5293 	EXP 	unnamed ImageStim: image = 'inks\\01.png'
24.5293 	EXP 	unnamed Circle: fillColor = '[ 0.  0.  0.] (rgb)'
24.5293 	EXP 	unnamed Circle: pos = array([ 464.719,  278.865])
24.7295 	EXP 	unnamed ImageStim: image = 'inks\\01.png'
24.7295 	EXP 	unnamed Circle: fillColor = '[ 0.  0.  0.] (rgb)'
24.7295 	EXP 	unnamed Circle: pos = array([ 458.165,  297.57 ])
24.9299 	EXP 	unnamed ImageStim: image = 'inks\\01.png'
24.9299 	EXP 	unnamed Circle: fillColor = '[ 0.  0.  0.] (rgb)'
24.9299 	EXP 	unnamed Circle: pos = array([ 391.031,  164.175])
25.1301 	EXP 	unnamed ImageStim: image = 'inks\\01.png'
25.1301 	EXP 	unnamed Circle: fillColor = '[ 0.  0.  0.] (rgb)'
25.1301 	EXP 	unnamed Circle: pos = array([ 234.801,  -90.669])
25.3302 	EXP 	unnamed ImageStim: image = 'inks\\01.png'
25.3302 	EXP 	unnamed Circle: fillColor = '[ 0.  0.  0.] (rgb)'
25.3302 	EXP 	unnamed Circle: pos = array([ 226.221,  -89.096])
25.5305 	EXP 	unnamed ImageStim: image = 'inks\\01.png'
25.5305 	EXP 	unnamed Circle: fillColor = '[ 0.  0.  0.] (rgb)'
25.5305 	EXP 	unnamed Circle: pos = array([ 390.794, -115.211])
25.7307 	EXP 	unnamed ImageStim: image = 'inks\\01.png'
25.7307 	EXP 	unnamed Circle: fillColor = '[ 0.  0.  0.] (rgb)'
25.7307 	EXP 	unnamed Circle: pos = array([ 347.253,  -73.974])
25.9310 	EXP 	unnamed ImageStim: image = 'inks\\01.png'
25.9310 	EXP 	unnamed Circle: fillColor = '[ 0.  0.  0.] (rgb)'
25.9310 	EXP 	unnamed Circle: pos = array([ 236.958, -116.852])
26.1312 	EXP 	unnamed ImageStim: image = 'inks\\01.png'
26.1312 	EXP 	unnamed Circle: fillColor = '[ 0.  0.  0.] (rgb)'
26.1312 	EXP 	unnamed Circle: pos = array([ 204.902,  -91.166])
26.3314 	EXP 	unnamed ImageStim: image = 'inks\\01.png'
26.3314 	EXP 	unnamed Circle: fillColor = '[ 0.  0.  0.] (rgb)'
26.3314 	EXP 	unnamed Circle: pos = array([ 38.425, -80.861])
26.5319 	EXP 	unnamed ImageStim: image = 'inks\\01.png'
26.5319 	EXP 	unnamed Circle: fillColor = '[ 0.  0.  0.] (rgb)'
26.5319 	EXP 	unnamed Circle: pos = array([-47.442, -51.555])
26.7319 	EXP 	unnamed ImageStim: image = 'inks\\01.png'
26.7319 	EXP 	unnamed Circle: fillColor = '[ 0.  0.  0.] (rgb)'
26.7319 	EXP 	unnamed Circle: pos = array([-40.497, -96.628])
26.9321 	EXP 	unnamed ImageStim: image = 'inks\\01.png'
26.9321 	EXP 	unnamed Circle: fillColor = '[ 0.  0.  0.] (rgb)'
26.9321 	EXP 	unnamed Circle: pos = array([ 32.65 , -98.906])
27.1323 	EXP 	unnamed ImageStim: image = 'inks\\01.png'
27.1323 	EXP 	unnamed Circle: fillColor = '[ 0.  0.  0.] (rgb)'
27.1323 	EXP 	unnamed Circle: pos = array([  60.848, -119.878])
27.3325 	EXP 	unnamed ImageStim: image = 'inks\\01.png'
27.3325 	EXP 	unnamed Circle: fillColor = '[ 0.  0.  0.] (rgb)'
27.3325 	EXP 	unnamed Circle: pos = array([  19.614, -105.192])
27.5328 	EXP 	unnamed ImageStim: image = 'inks\\01.png'
27.5328 	EXP 	unnamed Circle: fillColor = '[ 0.  0.  0.] (rgb)'
27.5328 	EXP 	unnamed Circle: pos = array([-650.,  502.])
27.7330 	EXP 	unnamed ImageStim: image = 'inks\\01.png'
27.7330 	EXP 	unnamed Circle: fillColor = '[ 0.  0.  0.] (rgb)'
27.7330 	EXP 	unnamed Circle: pos = array([  42.069, -104.473])
27.9333 	EXP 	unnamed ImageStim: image = 'inks\\01.png'
27.9333 	EXP 	unnamed Circle: fillColor = '[ 0.  0.  0.] (rgb)'
27.9333 	EXP 	unnamed Circle: pos = array([-650.,  502.])
28.1335 	EXP 	unnamed ImageStim: image = 'inks\\01.png'
28.1335 	EXP 	unnamed Circle: fillColor = '[ 0.  0.  0.] (rgb)'
28.1335 	EXP 	unnamed Circle: pos = array([ 241.965, -155.783])
28.3337 	EXP 	unnamed ImageStim: image = 'inks\\01.png'
28.3337 	EXP 	unnamed Circle: fillColor = '[ 0.  0.  0.] (rgb)'
28.3337 	EXP 	unnamed Circle: pos = array([ 388.322,  -50.192])
28.5339 	EXP 	unnamed ImageStim: image = 'inks\\01.png'
28.5339 	EXP 	unnamed Circle: fillColor = '[ 0.  0.  0.] (rgb)'
28.5339 	EXP 	unnamed Circle: pos = array([ 391.24 ,  -52.928])
28.7342 	EXP 	unnamed ImageStim: image = 'inks\\01.png'
28.7342 	EXP 	unnamed Circle: fillColor = '[ 0.  0.  0.] (rgb)'
28.7342 	EXP 	unnamed Circle: pos = array([ 469.293, -209.913])
28.9344 	EXP 	unnamed ImageStim: image = 'inks\\01.png'
28.9344 	EXP 	unnamed Circle: fillColor = '[ 0.  0.  0.] (rgb)'
28.9344 	EXP 	unnamed Circle: pos = array([ 487.898, -128.36 ])
29.1346 	EXP 	unnamed ImageStim: image = 'inks\\01.png'
29.1346 	EXP 	unnamed Circle: fillColor = '[ 0.  0.  0.] (rgb)'
29.1346 	EXP 	unnamed Circle: pos = array([ 493.788, -130.622])
29.3349 	EXP 	unnamed ImageStim: image = 'inks\\01.png'
29.3349 	EXP 	unnamed Circle: fillColor = '[ 0.  0.  0.] (rgb)'
29.3349 	EXP 	unnamed Circle: pos = array([ 489.09 , -127.723])
29.5350 	EXP 	unnamed ImageStim: image = 'inks\\01.png'
29.5350 	EXP 	unnamed Circle: fillColor = '[ 0.  0.  0.] (rgb)'
29.5350 	EXP 	unnamed Circle: pos = array([ 488.643, -125.317])
29.7353 	EXP 	unnamed ImageStim: image = 'inks\\01.png'
29.7353 	EXP 	unnamed Circle: fillColor = '[ 0.  0.  0.] (rgb)'
29.7353 	EXP 	unnamed Circle: pos = array([ 487.679, -109.867])
29.9355 	EXP 	unnamed ImageStim: image = 'inks\\01.png'
29.9355 	EXP 	unnamed Circle: fillColor = '[ 0.  0.  0.] (rgb)'
29.9355 	EXP 	unnamed Circle: pos = array([ 506.318, -114.409])
30.1525 	EXP 	unnamed ImageStim: image = 'inks\\01.png'
30.1525 	EXP 	unnamed Circle: fillColor = '[ 0.  0.  0.] (rgb)'
30.1525 	EXP 	unnamed Circle: pos = array([ 515.743, -107.987])
30.3527 	EXP 	unnamed ImageStim: image = 'inks\\01.png'
30.3527 	EXP 	unnamed Circle: fillColor = '[ 0.  0.  0.] (rgb)'
30.3527 	EXP 	unnamed Circle: pos = array([ 654.149, -107.48 ])
30.5539 	EXP 	unnamed ImageStim: image = 'inks\\01.png'
30.5539 	EXP 	unnamed Circle: fillColor = '[ 0.  0.  0.] (rgb)'
30.5539 	EXP 	unnamed Circle: pos = array([ 709.531,  -99.29 ])
30.7538 	EXP 	unnamed ImageStim: image = 'inks\\01.png'
30.7538 	EXP 	unnamed Circle: fillColor = '[ 0.  0.  0.] (rgb)'
30.7538 	EXP 	unnamed Circle: pos = array([ 713.183,  -86.391])
30.9534 	EXP 	unnamed ImageStim: image = 'inks\\01.png'
30.9534 	EXP 	unnamed Circle: fillColor = '[ 0.  0.  0.] (rgb)'
30.9534 	EXP 	unnamed Circle: pos = array([ -80.059,  213.589])
31.1537 	EXP 	unnamed ImageStim: image = 'inks\\01.png'
31.1537 	EXP 	unnamed Circle: fillColor = '[ 0.  0.  0.] (rgb)'
31.1537 	EXP 	unnamed Circle: pos = array([  19.72 ,  225.492])
31.3538 	EXP 	unnamed ImageStim: image = 'inks\\01.png'
31.3538 	EXP 	unnamed Circle: fillColor = '[ 0.  0.  0.] (rgb)'
31.3538 	EXP 	unnamed Circle: pos = array([  30.238,  227.774])
31.5540 	EXP 	unnamed ImageStim: image = 'inks\\01.png'
31.5540 	EXP 	unnamed Circle: fillColor = '[ 0.  0.  0.] (rgb)'
31.5540 	EXP 	unnamed Circle: pos = array([  99.94 ,  296.662])
31.7546 	EXP 	unnamed ImageStim: image = 'inks\\01.png'
31.7546 	EXP 	unnamed Circle: fillColor = '[ 0.  0.  0.] (rgb)'
31.7546 	EXP 	unnamed Circle: pos = array([ 210.315,  308.577])
31.9546 	EXP 	unnamed ImageStim: image = 'inks\\01.png'
31.9546 	EXP 	unnamed Circle: fillColor = '[ 0.  0.  0.] (rgb)'
31.9546 	EXP 	unnamed Circle: pos = array([ 194.72 ,  330.539])
32.1715 	EXP 	unnamed ImageStim: image = 'inks\\01.png'
32.1715 	EXP 	unnamed Circle: fillColor = '[ 0.  0.  0.] (rgb)'
32.1715 	EXP 	unnamed Circle: pos = array([ 319.274,  417.914])
32.3716 	EXP 	unnamed ImageStim: image = 'inks\\01.png'
32.3716 	EXP 	unnamed Circle: fillColor = '[ 0.  0.  0.] (rgb)'
32.3716 	EXP 	unnamed Circle: pos = array([ 318.848,  429.212])
32.5719 	EXP 	unnamed ImageStim: image = 'inks\\01.png'
32.5719 	EXP 	unnamed Circle: fillColor = '[ 0.  0.  0.] (rgb)'
32.5719 	EXP 	unnamed Circle: pos = array([ 122.256, -113.699])
32.7589 	DATA 	Keypress: space
32.7724 	EXP 	unnamed ImageStim: image = 'inks\\01.png'
32.7724 	EXP 	unnamed Circle: fillColor = '[ 0.  0.  0.] (rgb)'
32.7724 	EXP 	unnamed Circle: pos = array([ 118.506, -122.25 ])
32.9724 	EXP 	unnamed ImageStim: image = 'inks\\01.png'
32.9724 	EXP 	unnamed Circle: fillColor = '[ 0.  0.  0.] (rgb)'
32.9724 	EXP 	unnamed Circle: pos = array([ 383.98 ,  433.308])
33.1893 	EXP 	unnamed ImageStim: image = 'inks\\01.png'
33.1893 	EXP 	unnamed Circle: fillColor = '[ 0.  0.  0.] (rgb)'
33.1893 	EXP 	unnamed Circle: pos = array([ 385.041,  405.892])
33.4062 	EXP 	unnamed ImageStim: image = 'inks\\01.png'
33.4062 	EXP 	unnamed Circle: fillColor = '[ 0.  0.  0.] (rgb)'
33.4062 	EXP 	unnamed Circle: pos = array([ 384.524,  389.404])
33.6064 	EXP 	unnamed ImageStim: image = 'inks\\01.png'
33.6064 	EXP 	unnamed Circle: fillColor = '[ 0.  0.  0.] (rgb)'
33.6064 	EXP 	unnamed Circle: pos = array([ 380.351,  385.889])
33.8066 	EXP 	unnamed ImageStim: image = 'inks\\01.png'
33.8066 	EXP 	unnamed Circle: fillColor = '[ 0.  0.  0.] (rgb)'
33.8066 	EXP 	unnamed Circle: pos = array([ 454.117,  302.444])
34.0069 	EXP 	unnamed ImageStim: image = 'inks\\01.png'
34.0069 	EXP 	unnamed Circle: fillColor = '[ 0.  0.  0.] (rgb)'
34.0069 	EXP 	unnamed Circle: pos = array([ 233.275,   81.408])
34.1986 	DATA 	Keypress: right
34.2238 	EXP 	unnamed ImageStim: image = 'inks\\01.png'
34.2238 	EXP 	unnamed Circle: fillColor = '[ 0.  0.  0.] (rgb)'
34.2238 	EXP 	unnamed Circle: pos = array([ 236.803,   83.883])
34.2240 	EXP 	Sound  stopped
34.4240 	EXP 	unnamed ImageStim: image = 'inks\\02.png'
34.4240 	EXP 	unnamed Circle: fillColor = '[ 0.  0.  0.] (rgb)'
34.4240 	EXP 	unnamed Circle: pos = array([ 230.752,   97.043])
34.6243 	EXP 	unnamed ImageStim: image = 'inks\\02.png'
34.6243 	EXP 	unnamed Circle: fillColor = '[ 0.  0.  0.] (rgb)'
34.6243 	EXP 	unnamed Circle: pos = array([ 226.48 ,  111.659])
34.8245 	EXP 	unnamed ImageStim: image = 'inks\\02.png'
34.8245 	EXP 	unnamed Circle: fillColor = '[ 0.  0.  0.] (rgb)'
34.8245 	EXP 	unnamed Circle: pos = array([ 230.412,  115.01 ])
35.0250 	EXP 	unnamed ImageStim: image = 'inks\\02.png'
35.0250 	EXP 	unnamed Circle: fillColor = '[ 0.  0.  0.] (rgb)'
35.0250 	EXP 	unnamed Circle: pos = array([  -6.733,  150.627])
35.2250 	EXP 	unnamed ImageStim: image = 'inks\\02.png'
35.2250 	EXP 	unnamed Circle: fillColor = '[ 0.  0.  0.] (rgb)'
35.2250 	EXP 	unnamed Circle: pos = array([  -7.475,  153.191])
35.4251 	EXP 	unnamed ImageStim: image = 'inks\\02.png'
35.4251 	EXP 	unnamed Circle: fillColor = '[ 0.  0.  0.] (rgb)'
35.4251 	EXP 	unnamed Circle: pos = array([  -0.453,  134.393])
35.6254 	EXP 	unnamed ImageStim: image = 'inks\\02.png'
35.6254 	EXP 	unnamed Circle: fillColor = '[ 0.  0.  0.] (rgb)'
35.6254 	EXP 	unnamed Circle: pos = array([  1.04000000e-01,   1.68028000e+02])
35.8257 	EXP 	unnamed ImageStim: image = 'inks\\02.png'
35.8257 	EXP 	unnamed Circle: fillColor = '[ 0.  0.  0.] (rgb)'
35.8257 	EXP 	unnamed Circle: pos = array([   4.595,  155.79 ])
36.0094 	EXP 	unnamed ImageStim: image = 'inks\\02.png'
36.0094 	EXP 	unnamed Circle: fillColor = '[ 0.  0.  0.] (rgb)'
36.0094 	EXP 	unnamed Circle: pos = array([   1.869,  155.198])
36.2094 	EXP 	unnamed ImageStim: image = 'inks\\02.png'
36.2094 	EXP 	unnamed Circle: fillColor = '[ 0.  0.  0.] (rgb)'
36.2094 	EXP 	unnamed Circle: pos = array([-650.,  502.])
36.3930 	EXP 	unnamed ImageStim: image = 'inks\\02.png'
36.3930 	EXP 	unnamed Circle: fillColor = '[ 0.  0.  0.] (rgb)'
36.3930 	EXP 	unnamed Circle: pos = array([-650.,  502.])
36.5675 	DATA 	Keypress: escape
36.5765 	EXP 	unnamed ImageStim: image = 'inks\\02.png'
36.5765 	EXP 	unnamed Circle: fillColor = '[ 0.  0.  0.] (rgb)'
36.5765 	EXP 	unnamed Circle: pos = array([-762.383, -471.226])
