1.0769 	ERROR 	avbin.dll failed to load.
                     Try importing psychopy.visual as the first library
                     (before anything that uses scipy)
                     and make sure that avbin is installed.
1.0894 	ERROR 	avbin.dll failed to load.
                     Try importing psychopy.visual as the first library
                     (before anything that uses scipy)
                     and make sure that avbin is installed.
1.1311 	WARNING 	Movie2 stim could not be imported and won't be available
22.4465 	WARNING 	Monitor specification not found. Creating a temporary one...
23.0162 	EXP 	Created window1 = Window(allowGUI=False, allowStencil=False, autoLog=True, bitsMode=UNKNOWN, blendMode='avg', color='white', colorSpace='named', fullscr=UNKNOWN, gamma=None, lms=UNKNOWN, monitor=<psychopy.monitors.calibTools.Monitor instance at 0x0ADE15A8>, name='window1', pos=[0, 0], screen=1, size=array([1920, 1200]), stereo=False, units=u'pix', useFBO=False, viewOri=0.0, viewPos=None, viewScale=None, waitBlanking=True, winType='pyglet')
23.0184 	EXP 	Created unnamed ImageStim = ImageStim(autoLog=True, color=array([ 1.,  1.,  1.]), colorSpace='rgb', contrast=1.0, depth=0, flipHoriz=False, flipVert=False, image=None, interpolate=False, mask=None, maskParams=None, name='unnamed ImageStim', opacity=1.0, ori=0.0, pos=array([ 0.,  0.]), size=array([ 1.,  1.]), texRes=128, units='height', win=Window(...))
23.0237 	EXP 	Created unnamed Circle = Circle(autoDraw=False, autoLog=True, closeShape=True, contrast=1.0, depth=0, fillColor=None, fillColorSpace='rgb', fillRGB=None, interpolate=True, lineColor=array([ 1.,  1.,  1.]), lineColorSpace='rgb', lineRGB=array([ 1.,  1.,  1.]), lineWidth=1.5, name='unnamed Circle', opacity=1.0, ori=array(0.0), pos=array([ 0.,  0.]), size=array([ 1.,  1.]), units=u'pix', vertices=ndarray(...), win=Window(...))
24.5685 	EXP 	Set  sound=C
24.5765 	EXP 	Set  sound=fe\ringing_alarm.wav
24.5765 	EXP 	Sound  set loops 10
24.5770 	EXP 	Sound  started
24.6203 	EXP 	unnamed ImageStim: image = 'inks\\01.png'
24.6203 	EXP 	unnamed Circle: fillColor = '[ 0.  0.  0.] (rgb)'
24.6203 	EXP 	unnamed Circle: pos = array([ 773.578, -422.837])
24.8172 	EXP 	unnamed ImageStim: image = 'inks\\01.png'
24.8172 	EXP 	unnamed Circle: fillColor = '[ 0.  0.  0.] (rgb)'
24.8172 	EXP 	unnamed Circle: pos = array([ 217.884,  117.102])
25.0172 	EXP 	unnamed ImageStim: image = 'inks\\01.png'
25.0172 	EXP 	unnamed Circle: fillColor = '[ 0.  0.  0.] (rgb)'
25.0172 	EXP 	unnamed Circle: pos = array([ 231.889,  109.092])
25.2173 	EXP 	unnamed ImageStim: image = 'inks\\01.png'
25.2173 	EXP 	unnamed Circle: fillColor = '[ 0.  0.  0.] (rgb)'
25.2173 	EXP 	unnamed Circle: pos = array([  65.644,  178.306])
25.4177 	EXP 	unnamed ImageStim: image = 'inks\\01.png'
25.4177 	EXP 	unnamed Circle: fillColor = '[ 0.  0.  0.] (rgb)'
25.4177 	EXP 	unnamed Circle: pos = array([  75.365,  189.125])
25.6179 	EXP 	unnamed ImageStim: image = 'inks\\01.png'
25.6179 	EXP 	unnamed Circle: fillColor = '[ 0.  0.  0.] (rgb)'
25.6179 	EXP 	unnamed Circle: pos = array([  61.803,  270.709])
25.8180 	EXP 	unnamed ImageStim: image = 'inks\\01.png'
25.8180 	EXP 	unnamed Circle: fillColor = '[ 0.  0.  0.] (rgb)'
25.8180 	EXP 	unnamed Circle: pos = array([  59.92 ,  279.941])
26.0182 	EXP 	unnamed ImageStim: image = 'inks\\01.png'
26.0182 	EXP 	unnamed Circle: fillColor = '[ 0.  0.  0.] (rgb)'
26.0182 	EXP 	unnamed Circle: pos = array([  57.727,  294.41 ])
26.2184 	EXP 	unnamed ImageStim: image = 'inks\\01.png'
26.2184 	EXP 	unnamed Circle: fillColor = '[ 0.  0.  0.] (rgb)'
26.2184 	EXP 	unnamed Circle: pos = array([  72.953,  257.301])
26.4186 	EXP 	unnamed ImageStim: image = 'inks\\01.png'
26.4186 	EXP 	unnamed Circle: fillColor = '[ 0.  0.  0.] (rgb)'
26.4186 	EXP 	unnamed Circle: pos = array([  63.587,  277.702])
26.6188 	EXP 	unnamed ImageStim: image = 'inks\\01.png'
26.6188 	EXP 	unnamed Circle: fillColor = '[ 0.  0.  0.] (rgb)'
26.6188 	EXP 	unnamed Circle: pos = array([  72.648,  252.067])
26.8190 	EXP 	unnamed ImageStim: image = 'inks\\01.png'
26.8190 	EXP 	unnamed Circle: fillColor = '[ 0.  0.  0.] (rgb)'
26.8190 	EXP 	unnamed Circle: pos = array([  69.231,  260.042])
27.0190 	EXP 	unnamed ImageStim: image = 'inks\\01.png'
27.0190 	EXP 	unnamed Circle: fillColor = '[ 0.  0.  0.] (rgb)'
27.0190 	EXP 	unnamed Circle: pos = array([  56.548,  234.097])
27.2192 	EXP 	unnamed ImageStim: image = 'inks\\01.png'
27.2192 	EXP 	unnamed Circle: fillColor = '[ 0.  0.  0.] (rgb)'
27.2192 	EXP 	unnamed Circle: pos = array([  28.   ,  117.437])
27.4193 	EXP 	unnamed ImageStim: image = 'inks\\01.png'
27.4193 	EXP 	unnamed Circle: fillColor = '[ 0.  0.  0.] (rgb)'
27.4193 	EXP 	unnamed Circle: pos = array([  46.45 ,  154.583])
27.6196 	EXP 	unnamed ImageStim: image = 'inks\\01.png'
27.6196 	EXP 	unnamed Circle: fillColor = '[ 0.  0.  0.] (rgb)'
27.6196 	EXP 	unnamed Circle: pos = array([  66.731,  143.16 ])
27.8198 	EXP 	unnamed ImageStim: image = 'inks\\01.png'
27.8198 	EXP 	unnamed Circle: fillColor = '[ 0.  0.  0.] (rgb)'
27.8198 	EXP 	unnamed Circle: pos = array([  72.877,  156.515])
28.0200 	EXP 	unnamed ImageStim: image = 'inks\\01.png'
28.0200 	EXP 	unnamed Circle: fillColor = '[ 0.  0.  0.] (rgb)'
28.0200 	EXP 	unnamed Circle: pos = array([  81.979,  143.384])
28.2201 	EXP 	unnamed ImageStim: image = 'inks\\01.png'
28.2201 	EXP 	unnamed Circle: fillColor = '[ 0.  0.  0.] (rgb)'
28.2201 	EXP 	unnamed Circle: pos = array([ -78.773, -317.463])
28.4203 	EXP 	unnamed ImageStim: image = 'inks\\01.png'
28.4203 	EXP 	unnamed Circle: fillColor = '[ 0.  0.  0.] (rgb)'
28.4203 	EXP 	unnamed Circle: pos = array([ 103.122, -216.616])
28.6202 	EXP 	unnamed ImageStim: image = 'inks\\01.png'
28.6202 	EXP 	unnamed Circle: fillColor = '[ 0.  0.  0.] (rgb)'
28.6202 	EXP 	unnamed Circle: pos = array([  82.391, -228.829])
28.8212 	EXP 	unnamed ImageStim: image = 'inks\\01.png'
28.8212 	EXP 	unnamed Circle: fillColor = '[ 0.  0.  0.] (rgb)'
28.8212 	EXP 	unnamed Circle: pos = array([  78.907, -216.498])
29.0208 	EXP 	unnamed ImageStim: image = 'inks\\01.png'
29.0208 	EXP 	unnamed Circle: fillColor = '[ 0.  0.  0.] (rgb)'
29.0208 	EXP 	unnamed Circle: pos = array([  79.214, -214.539])
29.2209 	EXP 	unnamed ImageStim: image = 'inks\\01.png'
29.2209 	EXP 	unnamed Circle: fillColor = '[ 0.  0.  0.] (rgb)'
29.2209 	EXP 	unnamed Circle: pos = array([  82.027, -211.575])
29.4210 	EXP 	unnamed ImageStim: image = 'inks\\01.png'
29.4210 	EXP 	unnamed Circle: fillColor = '[ 0.  0.  0.] (rgb)'
29.4210 	EXP 	unnamed Circle: pos = array([  86.269, -214.363])
29.6213 	EXP 	unnamed ImageStim: image = 'inks\\01.png'
29.6213 	EXP 	unnamed Circle: fillColor = '[ 0.  0.  0.] (rgb)'
29.6213 	EXP 	unnamed Circle: pos = array([  73.64 , -208.126])
29.8214 	EXP 	unnamed ImageStim: image = 'inks\\01.png'
29.8214 	EXP 	unnamed Circle: fillColor = '[ 0.  0.  0.] (rgb)'
29.8214 	EXP 	unnamed Circle: pos = array([  72.208, -197.605])
30.0217 	EXP 	unnamed ImageStim: image = 'inks\\01.png'
30.0217 	EXP 	unnamed Circle: fillColor = '[ 0.  0.  0.] (rgb)'
30.0217 	EXP 	unnamed Circle: pos = array([  66.481, -196.815])
30.2218 	EXP 	unnamed ImageStim: image = 'inks\\01.png'
30.2218 	EXP 	unnamed Circle: fillColor = '[ 0.  0.  0.] (rgb)'
30.2218 	EXP 	unnamed Circle: pos = array([  73.697, -200.019])
30.4145 	DATA 	Keypress: right
30.4220 	EXP 	unnamed ImageStim: image = 'inks\\01.png'
30.4220 	EXP 	unnamed Circle: fillColor = '[ 0.  0.  0.] (rgb)'
30.4220 	EXP 	unnamed Circle: pos = array([  75.232, -199.034])
30.4223 	EXP 	Sound  stopped
30.6057 	EXP 	unnamed ImageStim: image = 'inks\\02.png'
30.6057 	EXP 	unnamed Circle: fillColor = '[ 0.  0.  0.] (rgb)'
30.6057 	EXP 	unnamed Circle: pos = array([  75.661, -192.903])
30.7930 	EXP 	unnamed ImageStim: image = 'inks\\02.png'
30.7930 	EXP 	unnamed Circle: fillColor = '[ 0.  0.  0.] (rgb)'
30.7930 	EXP 	unnamed Circle: pos = array([  78.416, -199.123])
30.9893 	EXP 	unnamed ImageStim: image = 'inks\\02.png'
30.9893 	EXP 	unnamed Circle: fillColor = '[ 0.  0.  0.] (rgb)'
30.9893 	EXP 	unnamed Circle: pos = array([  77.204, -195.8  ])
31.1726 	EXP 	unnamed ImageStim: image = 'inks\\02.png'
31.1726 	EXP 	unnamed Circle: fillColor = '[ 0.  0.  0.] (rgb)'
31.1726 	EXP 	unnamed Circle: pos = array([ 129.8  , -178.669])
31.3584 	EXP 	unnamed ImageStim: image = 'inks\\02.png'
31.3584 	EXP 	unnamed Circle: fillColor = '[ 0.  0.  0.] (rgb)'
31.3584 	EXP 	unnamed Circle: pos = array([ 136.208, -175.843])
31.5565 	EXP 	unnamed ImageStim: image = 'inks\\02.png'
31.5565 	EXP 	unnamed Circle: fillColor = '[ 0.  0.  0.] (rgb)'
31.5565 	EXP 	unnamed Circle: pos = array([ 128.107, -177.666])
31.7566 	EXP 	unnamed ImageStim: image = 'inks\\02.png'
31.7566 	EXP 	unnamed Circle: fillColor = '[ 0.  0.  0.] (rgb)'
31.7566 	EXP 	unnamed Circle: pos = array([ 131.308, -174.346])
31.9457 	EXP 	unnamed ImageStim: image = 'inks\\02.png'
31.9457 	EXP 	unnamed Circle: fillColor = '[ 0.  0.  0.] (rgb)'
31.9457 	EXP 	unnamed Circle: pos = array([ 135.967, -181.015])
32.1401 	EXP 	unnamed ImageStim: image = 'inks\\02.png'
32.1401 	EXP 	unnamed Circle: fillColor = '[ 0.  0.  0.] (rgb)'
32.1401 	EXP 	unnamed Circle: pos = array([-650.,  502.])
32.3405 	EXP 	unnamed ImageStim: image = 'inks\\02.png'
32.3405 	EXP 	unnamed Circle: fillColor = '[ 0.  0.  0.] (rgb)'
32.3405 	EXP 	unnamed Circle: pos = array([-650.,  502.])
32.5406 	EXP 	unnamed ImageStim: image = 'inks\\02.png'
32.5406 	EXP 	unnamed Circle: fillColor = '[ 0.  0.  0.] (rgb)'
32.5406 	EXP 	unnamed Circle: pos = array([ 168.821,   -3.06 ])
32.7239 	EXP 	unnamed ImageStim: image = 'inks\\02.png'
32.7239 	EXP 	unnamed Circle: fillColor = '[ 0.  0.  0.] (rgb)'
32.7239 	EXP 	unnamed Circle: pos = array([ 171.906,   -7.319])
32.9242 	EXP 	unnamed ImageStim: image = 'inks\\02.png'
32.9242 	EXP 	unnamed Circle: fillColor = '[ 0.  0.  0.] (rgb)'
32.9242 	EXP 	unnamed Circle: pos = array([ 117.427,    7.909])
33.1082 	EXP 	unnamed ImageStim: image = 'inks\\02.png'
33.1082 	EXP 	unnamed Circle: fillColor = '[ 0.  0.  0.] (rgb)'
33.1082 	EXP 	unnamed Circle: pos = array([ 104.732,   25.265])
33.2911 	EXP 	unnamed ImageStim: image = 'inks\\02.png'
33.2911 	EXP 	unnamed Circle: fillColor = '[ 0.  0.  0.] (rgb)'
33.2911 	EXP 	unnamed Circle: pos = array([ 112.067,   14.678])
33.4746 	EXP 	unnamed ImageStim: image = 'inks\\02.png'
33.4746 	EXP 	unnamed Circle: fillColor = '[ 0.  0.  0.] (rgb)'
33.4746 	EXP 	unnamed Circle: pos = array([ 103.261,   24.504])
33.6582 	EXP 	unnamed ImageStim: image = 'inks\\02.png'
33.6582 	EXP 	unnamed Circle: fillColor = '[ 0.  0.  0.] (rgb)'
33.6582 	EXP 	unnamed Circle: pos = array([ 100.837,   58.431])
33.8417 	EXP 	unnamed ImageStim: image = 'inks\\02.png'
33.8417 	EXP 	unnamed Circle: fillColor = '[ 0.  0.  0.] (rgb)'
33.8417 	EXP 	unnamed Circle: pos = array([ 113.989,   40.501])
34.0419 	EXP 	unnamed ImageStim: image = 'inks\\02.png'
34.0419 	EXP 	unnamed Circle: fillColor = '[ 0.  0.  0.] (rgb)'
34.0419 	EXP 	unnamed Circle: pos = array([ 113.513,    1.554])
34.2443 	EXP 	unnamed ImageStim: image = 'inks\\02.png'
34.2443 	EXP 	unnamed Circle: fillColor = '[ 0.  0.  0.] (rgb)'
34.2443 	EXP 	unnamed Circle: pos = array([ 104.809,   17.176])
34.4422 	EXP 	unnamed ImageStim: image = 'inks\\02.png'
34.4422 	EXP 	unnamed Circle: fillColor = '[ 0.  0.  0.] (rgb)'
34.4422 	EXP 	unnamed Circle: pos = array([ 110.45 ,    9.741])
34.6256 	EXP 	unnamed ImageStim: image = 'inks\\02.png'
34.6256 	EXP 	unnamed Circle: fillColor = '[ 0.  0.  0.] (rgb)'
34.6256 	EXP 	unnamed Circle: pos = array([ 111.244,    7.84 ])
34.8259 	EXP 	unnamed ImageStim: image = 'inks\\02.png'
34.8259 	EXP 	unnamed Circle: fillColor = '[ 0.  0.  0.] (rgb)'
34.8259 	EXP 	unnamed Circle: pos = array([ 116.686,    8.018])
35.0261 	EXP 	unnamed ImageStim: image = 'inks\\02.png'
35.0261 	EXP 	unnamed Circle: fillColor = '[ 0.  0.  0.] (rgb)'
35.0261 	EXP 	unnamed Circle: pos = array([ 119.99 , -148.078])
35.2262 	EXP 	unnamed ImageStim: image = 'inks\\02.png'
35.2262 	EXP 	unnamed Circle: fillColor = '[ 0.  0.  0.] (rgb)'
35.2262 	EXP 	unnamed Circle: pos = array([ 104.227,   10.841])
35.4097 	EXP 	unnamed ImageStim: image = 'inks\\02.png'
35.4097 	EXP 	unnamed Circle: fillColor = '[ 0.  0.  0.] (rgb)'
35.4097 	EXP 	unnamed Circle: pos = array([ 86.774,  41.798])
35.5941 	EXP 	unnamed ImageStim: image = 'inks\\02.png'
35.5941 	EXP 	unnamed Circle: fillColor = '[ 0.  0.  0.] (rgb)'
35.5941 	EXP 	unnamed Circle: pos = array([ 99.397,  37.227])
35.7787 	EXP 	unnamed ImageStim: image = 'inks\\02.png'
35.7787 	EXP 	unnamed Circle: fillColor = '[ 0.  0.  0.] (rgb)'
35.7787 	EXP 	unnamed Circle: pos = array([ 116.528,    9.844])
35.9768 	EXP 	unnamed ImageStim: image = 'inks\\02.png'
35.9768 	EXP 	unnamed Circle: fillColor = '[ 0.  0.  0.] (rgb)'
35.9768 	EXP 	unnamed Circle: pos = array([ 105.318,   33.624])
36.1938 	EXP 	unnamed ImageStim: image = 'inks\\02.png'
36.1938 	EXP 	unnamed Circle: fillColor = '[ 0.  0.  0.] (rgb)'
36.1938 	EXP 	unnamed Circle: pos = array([ 373.07 ,  -22.125])
36.3781 	EXP 	unnamed ImageStim: image = 'inks\\02.png'
36.3781 	EXP 	unnamed Circle: fillColor = '[ 0.  0.  0.] (rgb)'
36.3781 	EXP 	unnamed Circle: pos = array([ 87.456,  28.637])
36.5783 	EXP 	unnamed ImageStim: image = 'inks\\02.png'
36.5783 	EXP 	unnamed Circle: fillColor = '[ 0.  0.  0.] (rgb)'
36.5783 	EXP 	unnamed Circle: pos = array([ 88.149,  37.878])
36.7607 	EXP 	unnamed ImageStim: image = 'inks\\02.png'
36.7607 	EXP 	unnamed Circle: fillColor = '[ 0.  0.  0.] (rgb)'
36.7607 	EXP 	unnamed Circle: pos = array([ 75.859,  60.762])
36.9624 	EXP 	unnamed ImageStim: image = 'inks\\02.png'
36.9624 	EXP 	unnamed Circle: fillColor = '[ 0.  0.  0.] (rgb)'
36.9624 	EXP 	unnamed Circle: pos = array([ 116.798,   32.817])
37.1612 	EXP 	unnamed ImageStim: image = 'inks\\02.png'
37.1612 	EXP 	unnamed Circle: fillColor = '[ 0.  0.  0.] (rgb)'
37.1612 	EXP 	unnamed Circle: pos = array([ 231.53 ,   12.925])
37.3448 	EXP 	unnamed ImageStim: image = 'inks\\02.png'
37.3448 	EXP 	unnamed Circle: fillColor = '[ 0.  0.  0.] (rgb)'
37.3448 	EXP 	unnamed Circle: pos = array([ 471.819,  -35.563])
37.5308 	EXP 	unnamed ImageStim: image = 'inks\\02.png'
37.5308 	EXP 	unnamed Circle: fillColor = '[ 0.  0.  0.] (rgb)'
37.5308 	EXP 	unnamed Circle: pos = array([-650.,  502.])
37.7120 	DATA 	Mouse: wheel shift=(0,-6), pos=(0,0)
37.7452 	EXP 	unnamed ImageStim: image = 'inks\\02.png'
37.7452 	EXP 	unnamed Circle: fillColor = '[ 0.  0.  0.] (rgb)'
37.7452 	EXP 	unnamed Circle: pos = array([-650.,  502.])
37.7454 	DATA 	Mouse: wheel shift=(0,-2), pos=(0,0)
37.9262 	DATA 	Mouse: wheel shift=(0,-4), pos=(0,0)
37.9310 	EXP 	unnamed ImageStim: image = 'inks\\02.png'
37.9310 	EXP 	unnamed Circle: fillColor = '[ 0.  0.  0.] (rgb)'
37.9310 	EXP 	unnamed Circle: pos = array([-650.,  502.])
38.1323 	EXP 	unnamed ImageStim: image = 'inks\\02.png'
38.1323 	EXP 	unnamed Circle: fillColor = '[ 0.  0.  0.] (rgb)'
38.1323 	EXP 	unnamed Circle: pos = array([-650.,  502.])
38.3123 	EXP 	unnamed ImageStim: image = 'inks\\02.png'
38.3123 	EXP 	unnamed Circle: fillColor = '[ 0.  0.  0.] (rgb)'
38.3123 	EXP 	unnamed Circle: pos = array([-650.,  502.])
38.5123 	EXP 	unnamed ImageStim: image = 'inks\\02.png'
38.5123 	EXP 	unnamed Circle: fillColor = '[ 0.  0.  0.] (rgb)'
38.5123 	EXP 	unnamed Circle: pos = array([-650.,  502.])
38.7124 	EXP 	unnamed ImageStim: image = 'inks\\02.png'
38.7124 	EXP 	unnamed Circle: fillColor = '[ 0.  0.  0.] (rgb)'
38.7124 	EXP 	unnamed Circle: pos = array([-650.,  502.])
38.9127 	EXP 	unnamed ImageStim: image = 'inks\\02.png'
38.9127 	EXP 	unnamed Circle: fillColor = '[ 0.  0.  0.] (rgb)'
38.9127 	EXP 	unnamed Circle: pos = array([-650.,  502.])
39.0970 	EXP 	unnamed ImageStim: image = 'inks\\02.png'
39.0970 	EXP 	unnamed Circle: fillColor = '[ 0.  0.  0.] (rgb)'
39.0970 	EXP 	unnamed Circle: pos = array([-650.,  502.])
39.2963 	EXP 	unnamed ImageStim: image = 'inks\\02.png'
39.2963 	EXP 	unnamed Circle: fillColor = '[ 0.  0.  0.] (rgb)'
39.2963 	EXP 	unnamed Circle: pos = array([-650.,  502.])
39.4966 	EXP 	unnamed ImageStim: image = 'inks\\02.png'
39.4966 	EXP 	unnamed Circle: fillColor = '[ 0.  0.  0.] (rgb)'
39.4966 	EXP 	unnamed Circle: pos = array([-650.,  502.])
39.6985 	EXP 	unnamed ImageStim: image = 'inks\\02.png'
39.6985 	EXP 	unnamed Circle: fillColor = '[ 0.  0.  0.] (rgb)'
39.6985 	EXP 	unnamed Circle: pos = array([-650.,  502.])
39.8978 	EXP 	unnamed ImageStim: image = 'inks\\02.png'
39.8978 	EXP 	unnamed Circle: fillColor = '[ 0.  0.  0.] (rgb)'
39.8978 	EXP 	unnamed Circle: pos = array([-650.,  502.])
40.0982 	EXP 	unnamed ImageStim: image = 'inks\\02.png'
40.0982 	EXP 	unnamed Circle: fillColor = '[ 0.  0.  0.] (rgb)'
40.0982 	EXP 	unnamed Circle: pos = array([-650.,  502.])
40.2973 	EXP 	unnamed ImageStim: image = 'inks\\02.png'
40.2973 	EXP 	unnamed Circle: fillColor = '[ 0.  0.  0.] (rgb)'
40.2973 	EXP 	unnamed Circle: pos = array([-650.,  502.])
40.4980 	EXP 	unnamed ImageStim: image = 'inks\\02.png'
40.4980 	EXP 	unnamed Circle: fillColor = '[ 0.  0.  0.] (rgb)'
40.4980 	EXP 	unnamed Circle: pos = array([-650.,  502.])
40.7143 	EXP 	unnamed ImageStim: image = 'inks\\02.png'
40.7143 	EXP 	unnamed Circle: fillColor = '[ 0.  0.  0.] (rgb)'
40.7143 	EXP 	unnamed Circle: pos = array([-650.,  502.])
40.9144 	EXP 	unnamed ImageStim: image = 'inks\\02.png'
40.9144 	EXP 	unnamed Circle: fillColor = '[ 0.  0.  0.] (rgb)'
40.9144 	EXP 	unnamed Circle: pos = array([-650.,  502.])
41.1146 	EXP 	unnamed ImageStim: image = 'inks\\02.png'
41.1146 	EXP 	unnamed Circle: fillColor = '[ 0.  0.  0.] (rgb)'
41.1146 	EXP 	unnamed Circle: pos = array([-650.,  502.])
41.3147 	EXP 	unnamed ImageStim: image = 'inks\\02.png'
41.3147 	EXP 	unnamed Circle: fillColor = '[ 0.  0.  0.] (rgb)'
41.3147 	EXP 	unnamed Circle: pos = array([-650.,  502.])
41.5157 	EXP 	unnamed ImageStim: image = 'inks\\02.png'
41.5157 	EXP 	unnamed Circle: fillColor = '[ 0.  0.  0.] (rgb)'
41.5157 	EXP 	unnamed Circle: pos = array([-650.,  502.])
41.7150 	EXP 	unnamed ImageStim: image = 'inks\\02.png'
41.7150 	EXP 	unnamed Circle: fillColor = '[ 0.  0.  0.] (rgb)'
41.7150 	EXP 	unnamed Circle: pos = array([-650.,  502.])
41.9153 	EXP 	unnamed ImageStim: image = 'inks\\02.png'
41.9153 	EXP 	unnamed Circle: fillColor = '[ 0.  0.  0.] (rgb)'
41.9153 	EXP 	unnamed Circle: pos = array([-650.,  502.])
42.1154 	EXP 	unnamed ImageStim: image = 'inks\\02.png'
42.1154 	EXP 	unnamed Circle: fillColor = '[ 0.  0.  0.] (rgb)'
42.1154 	EXP 	unnamed Circle: pos = array([-650.,  502.])
42.3155 	EXP 	unnamed ImageStim: image = 'inks\\02.png'
42.3155 	EXP 	unnamed Circle: fillColor = '[ 0.  0.  0.] (rgb)'
42.3155 	EXP 	unnamed Circle: pos = array([-650.,  502.])
42.5157 	EXP 	unnamed ImageStim: image = 'inks\\02.png'
42.5157 	EXP 	unnamed Circle: fillColor = '[ 0.  0.  0.] (rgb)'
42.5157 	EXP 	unnamed Circle: pos = array([-650.,  502.])
42.7159 	EXP 	unnamed ImageStim: image = 'inks\\02.png'
42.7159 	EXP 	unnamed Circle: fillColor = '[ 0.  0.  0.] (rgb)'
42.7159 	EXP 	unnamed Circle: pos = array([-650.,  502.])
42.9160 	EXP 	unnamed ImageStim: image = 'inks\\02.png'
42.9160 	EXP 	unnamed Circle: fillColor = '[ 0.  0.  0.] (rgb)'
42.9160 	EXP 	unnamed Circle: pos = array([ 256.332,  -23.739])
43.1163 	EXP 	unnamed ImageStim: image = 'inks\\02.png'
43.1163 	EXP 	unnamed Circle: fillColor = '[ 0.  0.  0.] (rgb)'
43.1163 	EXP 	unnamed Circle: pos = array([ 115.039,    2.204])
43.3165 	EXP 	unnamed ImageStim: image = 'inks\\02.png'
43.3165 	EXP 	unnamed Circle: fillColor = '[ 0.  0.  0.] (rgb)'
43.3165 	EXP 	unnamed Circle: pos = array([ 110.575,   30.224])
43.5167 	EXP 	unnamed ImageStim: image = 'inks\\02.png'
43.5167 	EXP 	unnamed Circle: fillColor = '[ 0.  0.  0.] (rgb)'
43.5167 	EXP 	unnamed Circle: pos = array([ 116.097,   72.122])
43.7169 	EXP 	unnamed ImageStim: image = 'inks\\02.png'
43.7169 	EXP 	unnamed Circle: fillColor = '[ 0.  0.  0.] (rgb)'
43.7169 	EXP 	unnamed Circle: pos = array([ 124.412,   82.873])
43.9502 	EXP 	unnamed ImageStim: image = 'inks\\02.png'
43.9502 	EXP 	unnamed Circle: fillColor = '[ 0.  0.  0.] (rgb)'
43.9502 	EXP 	unnamed Circle: pos = array([ 124.577,   78.906])
44.1847 	EXP 	unnamed ImageStim: image = 'inks\\02.png'
44.1847 	EXP 	unnamed Circle: fillColor = '[ 0.  0.  0.] (rgb)'
44.1847 	EXP 	unnamed Circle: pos = array([ 123.022,   79.761])
44.4190 	EXP 	unnamed ImageStim: image = 'inks\\02.png'
44.4190 	EXP 	unnamed Circle: fillColor = '[ 0.  0.  0.] (rgb)'
44.4190 	EXP 	unnamed Circle: pos = array([ 125.368,   78.886])
44.6510 	EXP 	unnamed ImageStim: image = 'inks\\02.png'
44.6510 	EXP 	unnamed Circle: fillColor = '[ 0.  0.  0.] (rgb)'
44.6510 	EXP 	unnamed Circle: pos = array([ 126.114,   62.416])
44.8680 	EXP 	unnamed ImageStim: image = 'inks\\02.png'
44.8680 	EXP 	unnamed Circle: fillColor = '[ 0.  0.  0.] (rgb)'
44.8680 	EXP 	unnamed Circle: pos = array([ 125.506,   74.131])
45.1013 	EXP 	unnamed ImageStim: image = 'inks\\02.png'
45.1013 	EXP 	unnamed Circle: fillColor = '[ 0.  0.  0.] (rgb)'
45.1013 	EXP 	unnamed Circle: pos = array([ 127.206,   72.055])
45.3348 	EXP 	unnamed ImageStim: image = 'inks\\02.png'
45.3348 	EXP 	unnamed Circle: fillColor = '[ 0.  0.  0.] (rgb)'
45.3348 	EXP 	unnamed Circle: pos = array([ 107.741,   65.8  ])
45.5517 	EXP 	unnamed ImageStim: image = 'inks\\02.png'
45.5517 	EXP 	unnamed Circle: fillColor = '[ 0.  0.  0.] (rgb)'
45.5517 	EXP 	unnamed Circle: pos = array([ 142.692,   58.766])
45.7904 	EXP 	unnamed ImageStim: image = 'inks\\02.png'
45.7904 	EXP 	unnamed Circle: fillColor = '[ 0.  0.  0.] (rgb)'
45.7904 	EXP 	unnamed Circle: pos = array([ 144.343,   44.25 ])
46.0523 	EXP 	unnamed ImageStim: image = 'inks\\02.png'
46.0523 	EXP 	unnamed Circle: fillColor = '[ 0.  0.  0.] (rgb)'
46.0523 	EXP 	unnamed Circle: pos = array([ 140.167,   61.972])
46.3024 	EXP 	unnamed ImageStim: image = 'inks\\02.png'
46.3024 	EXP 	unnamed Circle: fillColor = '[ 0.  0.  0.] (rgb)'
46.3024 	EXP 	unnamed Circle: pos = array([ 124.123,   39.067])
46.5360 	EXP 	unnamed ImageStim: image = 'inks\\02.png'
46.5360 	EXP 	unnamed Circle: fillColor = '[ 0.  0.  0.] (rgb)'
46.5360 	EXP 	unnamed Circle: pos = array([ 135.172,   35.211])
46.7693 	EXP 	unnamed ImageStim: image = 'inks\\02.png'
46.7693 	EXP 	unnamed Circle: fillColor = '[ 0.  0.  0.] (rgb)'
46.7693 	EXP 	unnamed Circle: pos = array([ 158.423,   28.08 ])
47.0196 	EXP 	unnamed ImageStim: image = 'inks\\02.png'
47.0196 	EXP 	unnamed Circle: fillColor = '[ 0.  0.  0.] (rgb)'
47.0196 	EXP 	unnamed Circle: pos = array([ 152.91 ,    5.779])
47.2697 	EXP 	unnamed ImageStim: image = 'inks\\02.png'
47.2697 	EXP 	unnamed Circle: fillColor = '[ 0.  0.  0.] (rgb)'
47.2697 	EXP 	unnamed Circle: pos = array([ 140.294,   -9.709])
47.5059 	EXP 	unnamed ImageStim: image = 'inks\\02.png'
47.5059 	EXP 	unnamed Circle: fillColor = '[ 0.  0.  0.] (rgb)'
47.5059 	EXP 	unnamed Circle: pos = array([ 107.339,  -54.009])
47.7537 	EXP 	unnamed ImageStim: image = 'inks\\02.png'
47.7537 	EXP 	unnamed Circle: fillColor = '[ 0.  0.  0.] (rgb)'
47.7537 	EXP 	unnamed Circle: pos = array([ 108.589,  -10.555])
48.0100 	EXP 	unnamed ImageStim: image = 'inks\\02.png'
48.0100 	EXP 	unnamed Circle: fillColor = '[ 0.  0.  0.] (rgb)'
48.0100 	EXP 	unnamed Circle: pos = array([ 161.13 ,  -96.437])
48.2914 	EXP 	unnamed ImageStim: image = 'inks\\02.png'
48.2914 	EXP 	unnamed Circle: fillColor = '[ 0.  0.  0.] (rgb)'
48.2914 	EXP 	unnamed Circle: pos = array([ 105.575,    3.451])
48.5388 	EXP 	unnamed ImageStim: image = 'inks\\02.png'
48.5388 	EXP 	unnamed Circle: fillColor = '[ 0.  0.  0.] (rgb)'
48.5388 	EXP 	unnamed Circle: pos = array([ 138.984,  -12.598])
48.7890 	EXP 	unnamed ImageStim: image = 'inks\\02.png'
48.7890 	EXP 	unnamed Circle: fillColor = '[ 0.  0.  0.] (rgb)'
48.7890 	EXP 	unnamed Circle: pos = array([ 147.639,  -51.782])
48.9881 	EXP 	unnamed ImageStim: image = 'inks\\02.png'
48.9881 	EXP 	unnamed Circle: fillColor = '[ 0.  0.  0.] (rgb)'
48.9881 	EXP 	unnamed Circle: pos = array([-650.,  502.])
49.1719 	EXP 	unnamed ImageStim: image = 'inks\\02.png'
49.1719 	EXP 	unnamed Circle: fillColor = '[ 0.  0.  0.] (rgb)'
49.1719 	EXP 	unnamed Circle: pos = array([-650.,  502.])
49.3796 	EXP 	unnamed ImageStim: image = 'inks\\02.png'
49.3796 	EXP 	unnamed Circle: fillColor = '[ 0.  0.  0.] (rgb)'
49.3796 	EXP 	unnamed Circle: pos = array([-650.,  502.])
49.5885 	EXP 	unnamed ImageStim: image = 'inks\\02.png'
49.5885 	EXP 	unnamed Circle: fillColor = '[ 0.  0.  0.] (rgb)'
49.5885 	EXP 	unnamed Circle: pos = array([-650.,  502.])
49.7887 	EXP 	unnamed ImageStim: image = 'inks\\02.png'
49.7887 	EXP 	unnamed Circle: fillColor = '[ 0.  0.  0.] (rgb)'
49.7887 	EXP 	unnamed Circle: pos = array([-650.,  502.])
50.0437 	EXP 	unnamed ImageStim: image = 'inks\\02.png'
50.0437 	EXP 	unnamed Circle: fillColor = '[ 0.  0.  0.] (rgb)'
50.0437 	EXP 	unnamed Circle: pos = array([-650.,  502.])
50.3093 	EXP 	unnamed ImageStim: image = 'inks\\02.png'
50.3093 	EXP 	unnamed Circle: fillColor = '[ 0.  0.  0.] (rgb)'
50.3093 	EXP 	unnamed Circle: pos = array([ 215.918,  -77.415])
50.5729 	EXP 	unnamed ImageStim: image = 'inks\\02.png'
50.5729 	EXP 	unnamed Circle: fillColor = '[ 0.  0.  0.] (rgb)'
50.5729 	EXP 	unnamed Circle: pos = array([ 149.408,  -51.723])
50.8076 	EXP 	unnamed ImageStim: image = 'inks\\02.png'
50.8076 	EXP 	unnamed Circle: fillColor = '[ 0.  0.  0.] (rgb)'
50.8076 	EXP 	unnamed Circle: pos = array([ 141.554,  -41.726])
51.0398 	EXP 	unnamed ImageStim: image = 'inks\\02.png'
51.0398 	EXP 	unnamed Circle: fillColor = '[ 0.  0.  0.] (rgb)'
51.0398 	EXP 	unnamed Circle: pos = array([ 111.264,   -6.034])
51.2898 	EXP 	unnamed ImageStim: image = 'inks\\02.png'
51.2898 	EXP 	unnamed Circle: fillColor = '[ 0.  0.  0.] (rgb)'
51.2898 	EXP 	unnamed Circle: pos = array([ 45.052,   4.902])
51.5067 	EXP 	unnamed ImageStim: image = 'inks\\02.png'
51.5067 	EXP 	unnamed Circle: fillColor = '[ 0.  0.  0.] (rgb)'
51.5067 	EXP 	unnamed Circle: pos = array([ 46.351,   9.141])
51.7739 	EXP 	unnamed ImageStim: image = 'inks\\02.png'
51.7739 	EXP 	unnamed Circle: fillColor = '[ 0.  0.  0.] (rgb)'
51.7739 	EXP 	unnamed Circle: pos = array([ 33.815,   7.682])
52.0958 	EXP 	unnamed ImageStim: image = 'inks\\02.png'
52.0958 	EXP 	unnamed Circle: fillColor = '[ 0.  0.  0.] (rgb)'
52.0958 	EXP 	unnamed Circle: pos = array([ 61.077,   7.003])
52.3775 	EXP 	unnamed ImageStim: image = 'inks\\02.png'
52.3775 	EXP 	unnamed Circle: fillColor = '[ 0.  0.  0.] (rgb)'
52.3775 	EXP 	unnamed Circle: pos = array([ 73.961,   2.54 ])
52.6601 	EXP 	unnamed ImageStim: image = 'inks\\02.png'
52.6601 	EXP 	unnamed Circle: fillColor = '[ 0.  0.  0.] (rgb)'
52.6601 	EXP 	unnamed Circle: pos = array([ 87.537,  -0.277])
52.9443 	EXP 	unnamed ImageStim: image = 'inks\\02.png'
52.9443 	EXP 	unnamed Circle: fillColor = '[ 0.  0.  0.] (rgb)'
52.9443 	EXP 	unnamed Circle: pos = array([ 102.538,    5.55 ])
53.2464 	EXP 	unnamed ImageStim: image = 'inks\\02.png'
53.2464 	EXP 	unnamed Circle: fillColor = '[ 0.  0.  0.] (rgb)'
53.2464 	EXP 	unnamed Circle: pos = array([  52.64 ,  196.804])
53.5119 	EXP 	unnamed ImageStim: image = 'inks\\02.png'
53.5119 	EXP 	unnamed Circle: fillColor = '[ 0.  0.  0.] (rgb)'
53.5119 	EXP 	unnamed Circle: pos = array([  52.471,  196.463])
53.7796 	EXP 	unnamed ImageStim: image = 'inks\\02.png'
53.7796 	EXP 	unnamed Circle: fillColor = '[ 0.  0.  0.] (rgb)'
53.7796 	EXP 	unnamed Circle: pos = array([  54.88 ,  169.842])
54.0622 	EXP 	unnamed ImageStim: image = 'inks\\02.png'
54.0622 	EXP 	unnamed Circle: fillColor = '[ 0.  0.  0.] (rgb)'
54.0622 	EXP 	unnamed Circle: pos = array([  57.671,  158.055])
54.3326 	EXP 	unnamed ImageStim: image = 'inks\\02.png'
54.3326 	EXP 	unnamed Circle: fillColor = '[ 0.  0.  0.] (rgb)'
54.3326 	EXP 	unnamed Circle: pos = array([  54.236,  164.08 ])
54.6325 	EXP 	unnamed ImageStim: image = 'inks\\02.png'
54.6325 	EXP 	unnamed Circle: fillColor = '[ 0.  0.  0.] (rgb)'
54.6325 	EXP 	unnamed Circle: pos = array([  62.182,  150.917])
54.9128 	EXP 	unnamed ImageStim: image = 'inks\\02.png'
54.9128 	EXP 	unnamed Circle: fillColor = '[ 0.  0.  0.] (rgb)'
54.9128 	EXP 	unnamed Circle: pos = array([ 130.249,  -36.327])
55.1980 	EXP 	unnamed ImageStim: image = 'inks\\02.png'
55.1980 	EXP 	unnamed Circle: fillColor = '[ 0.  0.  0.] (rgb)'
55.1980 	EXP 	unnamed Circle: pos = array([ 138.629, -232.133])
55.4790 	EXP 	unnamed ImageStim: image = 'inks\\02.png'
55.4790 	EXP 	unnamed Circle: fillColor = '[ 0.  0.  0.] (rgb)'
55.4790 	EXP 	unnamed Circle: pos = array([ 151.643, -237.034])
55.7440 	EXP 	unnamed ImageStim: image = 'inks\\02.png'
55.7440 	EXP 	unnamed Circle: fillColor = '[ 0.  0.  0.] (rgb)'
55.7440 	EXP 	unnamed Circle: pos = array([ 145.237, -210.201])
56.0208 	EXP 	unnamed ImageStim: image = 'inks\\02.png'
56.0208 	EXP 	unnamed Circle: fillColor = '[ 0.  0.  0.] (rgb)'
56.0208 	EXP 	unnamed Circle: pos = array([ 141.125, -202.699])
56.3369 	EXP 	unnamed ImageStim: image = 'inks\\02.png'
56.3369 	EXP 	unnamed Circle: fillColor = '[ 0.  0.  0.] (rgb)'
56.3369 	EXP 	unnamed Circle: pos = array([ 151.182, -225.208])
56.6290 	EXP 	unnamed ImageStim: image = 'inks\\02.png'
56.6290 	EXP 	unnamed Circle: fillColor = '[ 0.  0.  0.] (rgb)'
56.6290 	EXP 	unnamed Circle: pos = array([ 165.012, -161.378])
56.8956 	EXP 	unnamed ImageStim: image = 'inks\\02.png'
56.8956 	EXP 	unnamed Circle: fillColor = '[ 0.  0.  0.] (rgb)'
56.8956 	EXP 	unnamed Circle: pos = array([ 196.415, -137.988])
57.1462 	EXP 	unnamed ImageStim: image = 'inks\\02.png'
57.1462 	EXP 	unnamed Circle: fillColor = '[ 0.  0.  0.] (rgb)'
57.1462 	EXP 	unnamed Circle: pos = array([ 203.239, -119.328])
57.4286 	EXP 	unnamed ImageStim: image = 'inks\\02.png'
57.4286 	EXP 	unnamed Circle: fillColor = '[ 0.  0.  0.] (rgb)'
57.4286 	EXP 	unnamed Circle: pos = array([ 193.995, -120.341])
57.6639 	EXP 	unnamed ImageStim: image = 'inks\\02.png'
57.6639 	EXP 	unnamed Circle: fillColor = '[ 0.  0.  0.] (rgb)'
57.6639 	EXP 	unnamed Circle: pos = array([ 187.031, -117.292])
57.9317 	EXP 	unnamed ImageStim: image = 'inks\\02.png'
57.9317 	EXP 	unnamed Circle: fillColor = '[ 0.  0.  0.] (rgb)'
57.9317 	EXP 	unnamed Circle: pos = array([ 146.301, -190.041])
58.1638 	EXP 	unnamed ImageStim: image = 'inks\\02.png'
58.1638 	EXP 	unnamed Circle: fillColor = '[ 0.  0.  0.] (rgb)'
58.1638 	EXP 	unnamed Circle: pos = array([ 138.968, -199.616])
58.4307 	EXP 	unnamed ImageStim: image = 'inks\\02.png'
58.4307 	EXP 	unnamed Circle: fillColor = '[ 0.  0.  0.] (rgb)'
58.4307 	EXP 	unnamed Circle: pos = array([ 128.072, -199.469])
58.6295 	EXP 	unnamed ImageStim: image = 'inks\\02.png'
58.6295 	EXP 	unnamed Circle: fillColor = '[ 0.  0.  0.] (rgb)'
58.6295 	EXP 	unnamed Circle: pos = array([ 136.594, -220.805])
58.8298 	EXP 	unnamed ImageStim: image = 'inks\\02.png'
58.8298 	EXP 	unnamed Circle: fillColor = '[ 0.  0.  0.] (rgb)'
58.8298 	EXP 	unnamed Circle: pos = array([ 139.464, -234.334])
59.0130 	EXP 	unnamed ImageStim: image = 'inks\\02.png'
59.0130 	EXP 	unnamed Circle: fillColor = '[ 0.  0.  0.] (rgb)'
59.0130 	EXP 	unnamed Circle: pos = array([ 144.278, -213.627])
59.1967 	EXP 	unnamed ImageStim: image = 'inks\\02.png'
59.1967 	EXP 	unnamed Circle: fillColor = '[ 0.  0.  0.] (rgb)'
59.1967 	EXP 	unnamed Circle: pos = array([ 146.569, -188.873])
59.3815 	EXP 	unnamed ImageStim: image = 'inks\\02.png'
59.3815 	EXP 	unnamed Circle: fillColor = '[ 0.  0.  0.] (rgb)'
59.3815 	EXP 	unnamed Circle: pos = array([ 150.787, -173.506])
59.5802 	EXP 	unnamed ImageStim: image = 'inks\\02.png'
59.5802 	EXP 	unnamed Circle: fillColor = '[ 0.  0.  0.] (rgb)'
59.5802 	EXP 	unnamed Circle: pos = array([ 276.31 , -183.341])
59.7804 	EXP 	unnamed ImageStim: image = 'inks\\02.png'
59.7804 	EXP 	unnamed Circle: fillColor = '[ 0.  0.  0.] (rgb)'
59.7804 	EXP 	unnamed Circle: pos = array([ 1390.54 ,  -753.667])
59.9654 	EXP 	unnamed ImageStim: image = 'inks\\02.png'
59.9654 	EXP 	unnamed Circle: fillColor = '[ 0.  0.  0.] (rgb)'
59.9654 	EXP 	unnamed Circle: pos = array([ 1392.211,  -762.124])
60.1641 	EXP 	unnamed ImageStim: image = 'inks\\02.png'
60.1641 	EXP 	unnamed Circle: fillColor = '[ 0.  0.  0.] (rgb)'
60.1641 	EXP 	unnamed Circle: pos = array([ 1389.587,  -677.269])
60.3648 	EXP 	unnamed ImageStim: image = 'inks\\02.png'
60.3648 	EXP 	unnamed Circle: fillColor = '[ 0.  0.  0.] (rgb)'
60.3648 	EXP 	unnamed Circle: pos = array([ 1382.172,  -670.49 ])
60.5644 	EXP 	unnamed ImageStim: image = 'inks\\02.png'
60.5644 	EXP 	unnamed Circle: fillColor = '[ 0.  0.  0.] (rgb)'
60.5644 	EXP 	unnamed Circle: pos = array([-650.,  502.])
60.7648 	EXP 	unnamed ImageStim: image = 'inks\\02.png'
60.7648 	EXP 	unnamed Circle: fillColor = '[ 0.  0.  0.] (rgb)'
60.7648 	EXP 	unnamed Circle: pos = array([-650.,  502.])
60.9649 	EXP 	unnamed ImageStim: image = 'inks\\02.png'
60.9649 	EXP 	unnamed Circle: fillColor = '[ 0.  0.  0.] (rgb)'
60.9649 	EXP 	unnamed Circle: pos = array([-650.,  502.])
61.1651 	EXP 	unnamed ImageStim: image = 'inks\\02.png'
61.1651 	EXP 	unnamed Circle: fillColor = '[ 0.  0.  0.] (rgb)'
61.1651 	EXP 	unnamed Circle: pos = array([-650.,  502.])
61.3652 	EXP 	unnamed ImageStim: image = 'inks\\02.png'
61.3652 	EXP 	unnamed Circle: fillColor = '[ 0.  0.  0.] (rgb)'
61.3652 	EXP 	unnamed Circle: pos = array([-650.,  502.])
61.5671 	EXP 	unnamed ImageStim: image = 'inks\\02.png'
61.5671 	EXP 	unnamed Circle: fillColor = '[ 0.  0.  0.] (rgb)'
61.5671 	EXP 	unnamed Circle: pos = array([ 447.99 , -255.005])
61.7656 	EXP 	unnamed ImageStim: image = 'inks\\02.png'
61.7656 	EXP 	unnamed Circle: fillColor = '[ 0.  0.  0.] (rgb)'
61.7656 	EXP 	unnamed Circle: pos = array([ 451.304, -224.38 ])
61.9660 	EXP 	unnamed ImageStim: image = 'inks\\02.png'
61.9660 	EXP 	unnamed Circle: fillColor = '[ 0.  0.  0.] (rgb)'
61.9660 	EXP 	unnamed Circle: pos = array([ 122.481, -135.015])
62.1995 	EXP 	unnamed ImageStim: image = 'inks\\02.png'
62.1995 	EXP 	unnamed Circle: fillColor = '[ 0.  0.  0.] (rgb)'
62.1995 	EXP 	unnamed Circle: pos = array([ 95.892,  98.732])
62.4176 	EXP 	unnamed ImageStim: image = 'inks\\02.png'
62.4176 	EXP 	unnamed Circle: fillColor = '[ 0.  0.  0.] (rgb)'
62.4176 	EXP 	unnamed Circle: pos = array([-650.,  502.])
62.6163 	EXP 	unnamed ImageStim: image = 'inks\\02.png'
62.6163 	EXP 	unnamed Circle: fillColor = '[ 0.  0.  0.] (rgb)'
62.6163 	EXP 	unnamed Circle: pos = array([-650.,  502.])
62.8164 	EXP 	unnamed ImageStim: image = 'inks\\02.png'
62.8164 	EXP 	unnamed Circle: fillColor = '[ 0.  0.  0.] (rgb)'
62.8164 	EXP 	unnamed Circle: pos = array([-650.,  502.])
63.0165 	EXP 	unnamed ImageStim: image = 'inks\\02.png'
63.0165 	EXP 	unnamed Circle: fillColor = '[ 0.  0.  0.] (rgb)'
63.0165 	EXP 	unnamed Circle: pos = array([ 240.64 , -111.888])
63.2169 	EXP 	unnamed ImageStim: image = 'inks\\02.png'
63.2169 	EXP 	unnamed Circle: fillColor = '[ 0.  0.  0.] (rgb)'
63.2169 	EXP 	unnamed Circle: pos = array([ 235.571, -128.102])
63.4169 	EXP 	unnamed ImageStim: image = 'inks\\02.png'
63.4169 	EXP 	unnamed Circle: fillColor = '[ 0.  0.  0.] (rgb)'
63.4169 	EXP 	unnamed Circle: pos = array([ 240.626, -125.917])
63.6171 	EXP 	unnamed ImageStim: image = 'inks\\02.png'
63.6171 	EXP 	unnamed Circle: fillColor = '[ 0.  0.  0.] (rgb)'
63.6171 	EXP 	unnamed Circle: pos = array([ 587.361, -199.845])
63.8361 	EXP 	unnamed ImageStim: image = 'inks\\02.png'
63.8361 	EXP 	unnamed Circle: fillColor = '[ 0.  0.  0.] (rgb)'
63.8361 	EXP 	unnamed Circle: pos = array([ 584.839, -206.682])
64.0341 	EXP 	unnamed ImageStim: image = 'inks\\02.png'
64.0341 	EXP 	unnamed Circle: fillColor = '[ 0.  0.  0.] (rgb)'
64.0341 	EXP 	unnamed Circle: pos = array([ 585.896, -211.715])
64.2343 	EXP 	unnamed ImageStim: image = 'inks\\02.png'
64.2343 	EXP 	unnamed Circle: fillColor = '[ 0.  0.  0.] (rgb)'
64.2343 	EXP 	unnamed Circle: pos = array([ 589.579, -214.874])
64.4345 	EXP 	unnamed ImageStim: image = 'inks\\02.png'
64.4345 	EXP 	unnamed Circle: fillColor = '[ 0.  0.  0.] (rgb)'
64.4345 	EXP 	unnamed Circle: pos = array([ 592.292, -208.916])
64.6346 	EXP 	unnamed ImageStim: image = 'inks\\02.png'
64.6346 	EXP 	unnamed Circle: fillColor = '[ 0.  0.  0.] (rgb)'
64.6346 	EXP 	unnamed Circle: pos = array([ 280.497, -123.377])
64.8348 	EXP 	unnamed ImageStim: image = 'inks\\02.png'
64.8348 	EXP 	unnamed Circle: fillColor = '[ 0.  0.  0.] (rgb)'
64.8348 	EXP 	unnamed Circle: pos = array([ 278.442, -113.793])
65.0197 	EXP 	unnamed ImageStim: image = 'inks\\02.png'
65.0197 	EXP 	unnamed Circle: fillColor = '[ 0.  0.  0.] (rgb)'
65.0197 	EXP 	unnamed Circle: pos = array([ 143.261,  -30.305])
65.2184 	EXP 	unnamed ImageStim: image = 'inks\\02.png'
65.2184 	EXP 	unnamed Circle: fillColor = '[ 0.  0.  0.] (rgb)'
65.2184 	EXP 	unnamed Circle: pos = array([ 141.591,  -22.861])
65.4186 	EXP 	unnamed ImageStim: image = 'inks\\02.png'
65.4186 	EXP 	unnamed Circle: fillColor = '[ 0.  0.  0.] (rgb)'
65.4186 	EXP 	unnamed Circle: pos = array([ 139.115,  -25.258])
65.6016 	DATA 	Mouse: Left button down, pos=(520,661)
65.6018 	DATA 	Mouse: Left button up, pos=(520,661)
65.6187 	EXP 	unnamed ImageStim: image = 'inks\\02.png'
65.6187 	EXP 	unnamed Circle: fillColor = '[ 0.  0.  0.] (rgb)'
65.6187 	EXP 	unnamed Circle: pos = array([-34.58 , -51.258])
65.8022 	EXP 	unnamed ImageStim: image = 'inks\\02.png'
65.8022 	EXP 	unnamed Circle: fillColor = '[ 0.  0.  0.] (rgb)'
65.8022 	EXP 	unnamed Circle: pos = array([-34.215, -69.39 ])
66.0025 	EXP 	unnamed ImageStim: image = 'inks\\02.png'
66.0025 	EXP 	unnamed Circle: fillColor = '[ 0.  0.  0.] (rgb)'
66.0025 	EXP 	unnamed Circle: pos = array([-37.311, -53.391])
66.1862 	EXP 	unnamed ImageStim: image = 'inks\\02.png'
66.1862 	EXP 	unnamed Circle: fillColor = '[ 0.  0.  0.] (rgb)'
66.1862 	EXP 	unnamed Circle: pos = array([ 256.431, -134.385])
66.3902 	EXP 	unnamed ImageStim: image = 'inks\\02.png'
66.3902 	EXP 	unnamed Circle: fillColor = '[ 0.  0.  0.] (rgb)'
66.3902 	EXP 	unnamed Circle: pos = array([ 275.84 , -156.534])
66.5863 	EXP 	unnamed ImageStim: image = 'inks\\02.png'
66.5863 	EXP 	unnamed Circle: fillColor = '[ 0.  0.  0.] (rgb)'
66.5863 	EXP 	unnamed Circle: pos = array([ 283.105, -165.283])
66.7703 	EXP 	unnamed ImageStim: image = 'inks\\02.png'
66.7703 	EXP 	unnamed Circle: fillColor = '[ 0.  0.  0.] (rgb)'
66.7703 	EXP 	unnamed Circle: pos = array([ 516.517, -196.317])
66.9532 	EXP 	unnamed ImageStim: image = 'inks\\02.png'
66.9532 	EXP 	unnamed Circle: fillColor = '[ 0.  0.  0.] (rgb)'
66.9532 	EXP 	unnamed Circle: pos = array([ 552.214, -229.849])
67.1367 	EXP 	unnamed ImageStim: image = 'inks\\02.png'
67.1367 	EXP 	unnamed Circle: fillColor = '[ 0.  0.  0.] (rgb)'
67.1367 	EXP 	unnamed Circle: pos = array([ 570.564, -255.927])
67.3221 	EXP 	unnamed ImageStim: image = 'inks\\02.png'
67.3221 	EXP 	unnamed Circle: fillColor = '[ 0.  0.  0.] (rgb)'
67.3221 	EXP 	unnamed Circle: pos = array([ 566.881, -257.61 ])
67.5204 	EXP 	unnamed ImageStim: image = 'inks\\02.png'
67.5204 	EXP 	unnamed Circle: fillColor = '[ 0.  0.  0.] (rgb)'
67.5204 	EXP 	unnamed Circle: pos = array([-650.,  502.])
67.7038 	EXP 	unnamed ImageStim: image = 'inks\\02.png'
67.7038 	EXP 	unnamed Circle: fillColor = '[ 0.  0.  0.] (rgb)'
67.7038 	EXP 	unnamed Circle: pos = array([-650.,  502.])
67.7040 	DATA 	Keypress: escape
