1.0781 	ERROR 	avbin.dll failed to load.
                     Try importing psychopy.visual as the first library
                     (before anything that uses scipy)
                     and make sure that avbin is installed.
1.0904 	ERROR 	avbin.dll failed to load.
                     Try importing psychopy.visual as the first library
                     (before anything that uses scipy)
                     and make sure that avbin is installed.
1.1347 	WARNING 	Movie2 stim could not be imported and won't be available
21.4561 	WARNING 	Monitor specification not found. Creating a temporary one...
22.2311 	EXP 	Created window1 = Window(allowGUI=False, allowStencil=False, autoLog=True, bitsMode=UNKNOWN, blendMode='avg', color='white', colorSpace='named', fullscr=UNKNOWN, gamma=None, lms=UNKNOWN, monitor=<psychopy.monitors.calibTools.Monitor instance at 0x0B152760>, name='window1', pos=[0, 0], screen=1, size=array([1920, 1200]), stereo=False, units=u'pix', useFBO=False, viewOri=0.0, viewPos=None, viewScale=None, waitBlanking=True, winType='pyglet')
22.2334 	EXP 	Created unnamed ImageStim = ImageStim(autoLog=True, color=array([ 1.,  1.,  1.]), colorSpace='rgb', contrast=1.0, depth=0, flipHoriz=False, flipVert=False, image=None, interpolate=False, mask=None, maskParams=None, name='unnamed ImageStim', opacity=1.0, ori=0.0, pos=array([ 0.,  0.]), size=array([ 1.,  1.]), texRes=128, units='height', win=Window(...))
22.2385 	EXP 	Created unnamed Circle = Circle(autoDraw=False, autoLog=True, closeShape=True, contrast=1.0, depth=0, fillColor=None, fillColorSpace='rgb', fillRGB=None, interpolate=True, lineColor=array([ 1.,  1.,  1.]), lineColorSpace='rgb', lineRGB=array([ 1.,  1.,  1.]), lineWidth=1.5, name='unnamed Circle', opacity=1.0, ori=array(0.0), pos=array([ 0.,  0.]), size=array([ 1.,  1.]), units=u'pix', vertices=ndarray(...), win=Window(...))
23.7778 	EXP 	Set  sound=C
23.7839 	EXP 	Set  sound=fe\ringing_alarm.wav
23.7839 	EXP 	Sound  set loops 10
23.7844 	EXP 	Sound  started
23.8285 	EXP 	unnamed ImageStim: image = 'inks\\01.png'
23.8285 	EXP 	unnamed Circle: fillColor = '[ 0.  0.  0.] (rgb)'
23.8285 	EXP 	unnamed Circle: pos = array([ 780.902, -359.37 ])
24.0308 	EXP 	unnamed ImageStim: image = 'inks\\01.png'
24.0308 	EXP 	unnamed Circle: fillColor = '[ 0.  0.  0.] (rgb)'
24.0308 	EXP 	unnamed Circle: pos = array([ 153.575,   88.265])
24.2337 	EXP 	unnamed ImageStim: image = 'inks\\01.png'
24.2337 	EXP 	unnamed Circle: fillColor = '[ 0.  0.  0.] (rgb)'
24.2337 	EXP 	unnamed Circle: pos = array([ 153.644,   76.45 ])
24.4310 	EXP 	unnamed ImageStim: image = 'inks\\01.png'
24.4310 	EXP 	unnamed Circle: fillColor = '[ 0.  0.  0.] (rgb)'
24.4310 	EXP 	unnamed Circle: pos = array([  44.942,  212.177])
24.6312 	EXP 	unnamed ImageStim: image = 'inks\\01.png'
24.6312 	EXP 	unnamed Circle: fillColor = '[ 0.  0.  0.] (rgb)'
24.6312 	EXP 	unnamed Circle: pos = array([ 428.559,  103.954])
24.8314 	EXP 	unnamed ImageStim: image = 'inks\\01.png'
24.8314 	EXP 	unnamed Circle: fillColor = '[ 0.  0.  0.] (rgb)'
24.8314 	EXP 	unnamed Circle: pos = array([  27.375,  201.923])
25.0315 	EXP 	unnamed ImageStim: image = 'inks\\01.png'
25.0315 	EXP 	unnamed Circle: fillColor = '[ 0.  0.  0.] (rgb)'
25.0315 	EXP 	unnamed Circle: pos = array([  31.253,  210.101])
25.2317 	EXP 	unnamed ImageStim: image = 'inks\\01.png'
25.2317 	EXP 	unnamed Circle: fillColor = '[ 0.  0.  0.] (rgb)'
25.2317 	EXP 	unnamed Circle: pos = array([  53.248,  232.475])
25.4322 	EXP 	unnamed ImageStim: image = 'inks\\01.png'
25.4322 	EXP 	unnamed Circle: fillColor = '[ 0.  0.  0.] (rgb)'
25.4322 	EXP 	unnamed Circle: pos = array([  59.761,  230.659])
25.6319 	EXP 	unnamed ImageStim: image = 'inks\\01.png'
25.6319 	EXP 	unnamed Circle: fillColor = '[ 0.  0.  0.] (rgb)'
25.6319 	EXP 	unnamed Circle: pos = array([  70.006,  209.355])
25.8321 	EXP 	unnamed ImageStim: image = 'inks\\01.png'
25.8321 	EXP 	unnamed Circle: fillColor = '[ 0.  0.  0.] (rgb)'
25.8321 	EXP 	unnamed Circle: pos = array([  69.852,  213.158])
26.0325 	EXP 	unnamed ImageStim: image = 'inks\\01.png'
26.0325 	EXP 	unnamed Circle: fillColor = '[ 0.  0.  0.] (rgb)'
26.0325 	EXP 	unnamed Circle: pos = array([  74.779,  214.642])
26.2226 	DATA 	Keypress: right
26.2326 	EXP 	unnamed ImageStim: image = 'inks\\01.png'
26.2326 	EXP 	unnamed Circle: fillColor = '[ 0.  0.  0.] (rgb)'
26.2326 	EXP 	unnamed Circle: pos = array([  70.522,  220.799])
26.2329 	EXP 	Sound  stopped
26.4328 	EXP 	unnamed ImageStim: image = 'inks\\02.png'
26.4328 	EXP 	unnamed Circle: fillColor = '[ 0.  0.  0.] (rgb)'
26.4328 	EXP 	unnamed Circle: pos = array([  78.943,  216.15 ])
26.6163 	EXP 	unnamed ImageStim: image = 'inks\\02.png'
26.6163 	EXP 	unnamed Circle: fillColor = '[ 0.  0.  0.] (rgb)'
26.6163 	EXP 	unnamed Circle: pos = array([  79.045,  212.18 ])
26.7998 	EXP 	unnamed ImageStim: image = 'inks\\02.png'
26.7998 	EXP 	unnamed Circle: fillColor = '[ 0.  0.  0.] (rgb)'
26.7998 	EXP 	unnamed Circle: pos = array([  84.477,  214.437])
26.9833 	EXP 	unnamed ImageStim: image = 'inks\\02.png'
26.9833 	EXP 	unnamed Circle: fillColor = '[ 0.  0.  0.] (rgb)'
26.9833 	EXP 	unnamed Circle: pos = array([  81.034,  214.214])
27.1834 	EXP 	unnamed ImageStim: image = 'inks\\02.png'
27.1834 	EXP 	unnamed Circle: fillColor = '[ 0.  0.  0.] (rgb)'
27.1834 	EXP 	unnamed Circle: pos = array([  68.696,  139.402])
27.3836 	EXP 	unnamed ImageStim: image = 'inks\\02.png'
27.3836 	EXP 	unnamed Circle: fillColor = '[ 0.  0.  0.] (rgb)'
27.3836 	EXP 	unnamed Circle: pos = array([  26.818,  179.158])
27.5837 	EXP 	unnamed ImageStim: image = 'inks\\02.png'
27.5837 	EXP 	unnamed Circle: fillColor = '[ 0.  0.  0.] (rgb)'
27.5837 	EXP 	unnamed Circle: pos = array([  18.839,  181.815])
27.7671 	EXP 	unnamed ImageStim: image = 'inks\\02.png'
27.7671 	EXP 	unnamed Circle: fillColor = '[ 0.  0.  0.] (rgb)'
27.7671 	EXP 	unnamed Circle: pos = array([  39.21 ,  188.177])
27.9507 	EXP 	unnamed ImageStim: image = 'inks\\02.png'
27.9507 	EXP 	unnamed Circle: fillColor = '[ 0.  0.  0.] (rgb)'
27.9507 	EXP 	unnamed Circle: pos = array([  36.154,  188.043])
28.1308 	DATA 	Keypress: escape
28.1510 	EXP 	unnamed ImageStim: image = 'inks\\02.png'
28.1510 	EXP 	unnamed Circle: fillColor = '[ 0.  0.  0.] (rgb)'
28.1510 	EXP 	unnamed Circle: pos = array([  39.678,  185.764])
