1.0677 	ERROR 	avbin.dll failed to load.
                     Try importing psychopy.visual as the first library
                     (before anything that uses scipy)
                     and make sure that avbin is installed.
1.0816 	ERROR 	avbin.dll failed to load.
                     Try importing psychopy.visual as the first library
                     (before anything that uses scipy)
                     and make sure that avbin is installed.
1.1141 	WARNING 	Movie2 stim could not be imported and won't be available
22.2232 	WARNING 	Monitor specification not found. Creating a temporary one...
22.7854 	EXP 	Created window1 = Window(allowGUI=False, allowStencil=False, autoLog=True, bitsMode=UNKNOWN, blendMode='avg', color='white', colorSpace='named', fullscr=UNKNOWN, gamma=None, lms=UNKNOWN, monitor=<psychopy.monitors.calibTools.Monitor instance at 0x0A3B1558>, name='window1', pos=[0, 0], screen=1, size=array([1920, 1200]), stereo=False, units=u'pix', useFBO=False, viewOri=0.0, viewPos=None, viewScale=None, waitBlanking=True, winType='pyglet')
22.7879 	EXP 	Created unnamed ImageStim = ImageStim(autoLog=True, color=array([ 1.,  1.,  1.]), colorSpace='rgb', contrast=1.0, depth=0, flipHoriz=False, flipVert=False, image=None, interpolate=False, mask=None, maskParams=None, name='unnamed ImageStim', opacity=1.0, ori=0.0, pos=array([ 0.,  0.]), size=array([ 1.,  1.]), texRes=128, units='height', win=Window(...))
22.7930 	EXP 	Created unnamed Circle = Circle(autoDraw=False, autoLog=True, closeShape=True, contrast=1.0, depth=0, fillColor=None, fillColorSpace='rgb', fillRGB=None, interpolate=True, lineColor=array([ 1.,  1.,  1.]), lineColorSpace='rgb', lineRGB=array([ 1.,  1.,  1.]), lineWidth=1.5, name='unnamed Circle', opacity=1.0, ori=array(0.0), pos=array([ 0.,  0.]), size=array([ 1.,  1.]), units=u'pix', vertices=ndarray(...), win=Window(...))
24.3481 	EXP 	Set  sound=C
24.3542 	EXP 	Set  sound=fe\ringing_alarm.wav
24.3542 	EXP 	Sound  set loops 10
24.3555 	EXP 	Sound  started
24.4025 	EXP 	unnamed ImageStim: image = 'inks\\01.png'
24.4025 	EXP 	unnamed Circle: fillColor = '[ 0.  0.  0.] (rgb)'
24.4025 	EXP 	unnamed Circle: pos = array([ 763.106, -421.227])
24.6016 	EXP 	unnamed ImageStim: image = 'inks\\01.png'
24.6016 	EXP 	unnamed Circle: fillColor = '[ 0.  0.  0.] (rgb)'
24.6016 	EXP 	unnamed Circle: pos = array([ 379.306,   -9.521])
24.8017 	EXP 	unnamed ImageStim: image = 'inks\\01.png'
24.8017 	EXP 	unnamed Circle: fillColor = '[ 0.  0.  0.] (rgb)'
24.8017 	EXP 	unnamed Circle: pos = array([ 389.287,  -35.404])
25.0039 	EXP 	unnamed ImageStim: image = 'inks\\01.png'
25.0039 	EXP 	unnamed Circle: fillColor = '[ 0.  0.  0.] (rgb)'
25.0039 	EXP 	unnamed Circle: pos = array([  49.503,  216.148])
25.2019 	EXP 	unnamed ImageStim: image = 'inks\\01.png'
25.2019 	EXP 	unnamed Circle: fillColor = '[ 0.  0.  0.] (rgb)'
25.2019 	EXP 	unnamed Circle: pos = array([  58.474,  210.996])
25.4023 	EXP 	unnamed ImageStim: image = 'inks\\01.png'
25.4023 	EXP 	unnamed Circle: fillColor = '[ 0.  0.  0.] (rgb)'
25.4023 	EXP 	unnamed Circle: pos = array([ 564.969,  -33.824])
25.6025 	EXP 	unnamed ImageStim: image = 'inks\\01.png'
25.6025 	EXP 	unnamed Circle: fillColor = '[ 0.  0.  0.] (rgb)'
25.6025 	EXP 	unnamed Circle: pos = array([ 297.646,  122.449])
25.8025 	EXP 	unnamed ImageStim: image = 'inks\\01.png'
25.8025 	EXP 	unnamed Circle: fillColor = '[ 0.  0.  0.] (rgb)'
25.8025 	EXP 	unnamed Circle: pos = array([ 139.898,  162.127])
26.0070 	EXP 	unnamed ImageStim: image = 'inks\\01.png'
26.0070 	EXP 	unnamed Circle: fillColor = '[ 0.  0.  0.] (rgb)'
26.0070 	EXP 	unnamed Circle: pos = array([  53.375,  232.029])
26.2029 	EXP 	unnamed ImageStim: image = 'inks\\01.png'
26.2029 	EXP 	unnamed Circle: fillColor = '[ 0.  0.  0.] (rgb)'
26.2029 	EXP 	unnamed Circle: pos = array([  55.589,  251.818])
26.4031 	EXP 	unnamed ImageStim: image = 'inks\\01.png'
26.4031 	EXP 	unnamed Circle: fillColor = '[ 0.  0.  0.] (rgb)'
26.4031 	EXP 	unnamed Circle: pos = array([  49.534,  244.941])
26.6044 	EXP 	unnamed ImageStim: image = 'inks\\01.png'
26.6044 	EXP 	unnamed Circle: fillColor = '[ 0.  0.  0.] (rgb)'
26.6044 	EXP 	unnamed Circle: pos = array([  71.621,  261.413])
26.8036 	EXP 	unnamed ImageStim: image = 'inks\\01.png'
26.8036 	EXP 	unnamed Circle: fillColor = '[ 0.  0.  0.] (rgb)'
26.8036 	EXP 	unnamed Circle: pos = array([  79.763,  237.232])
27.0043 	EXP 	unnamed ImageStim: image = 'inks\\01.png'
27.0043 	EXP 	unnamed Circle: fillColor = '[ 0.  0.  0.] (rgb)'
27.0043 	EXP 	unnamed Circle: pos = array([  81.528,  233.979])
27.2040 	EXP 	unnamed ImageStim: image = 'inks\\01.png'
27.2040 	EXP 	unnamed Circle: fillColor = '[ 0.  0.  0.] (rgb)'
27.2040 	EXP 	unnamed Circle: pos = array([  83.866,  249.95 ])
27.4040 	EXP 	unnamed ImageStim: image = 'inks\\01.png'
27.4040 	EXP 	unnamed Circle: fillColor = '[ 0.  0.  0.] (rgb)'
27.4040 	EXP 	unnamed Circle: pos = array([  67.197,  231.877])
27.6042 	EXP 	unnamed ImageStim: image = 'inks\\01.png'
27.6042 	EXP 	unnamed Circle: fillColor = '[ 0.  0.  0.] (rgb)'
27.6042 	EXP 	unnamed Circle: pos = array([  27.972,  226.858])
27.8211 	EXP 	unnamed ImageStim: image = 'inks\\01.png'
27.8211 	EXP 	unnamed Circle: fillColor = '[ 0.  0.  0.] (rgb)'
27.8211 	EXP 	unnamed Circle: pos = array([   5.112,  236.056])
28.0380 	EXP 	unnamed ImageStim: image = 'inks\\01.png'
28.0380 	EXP 	unnamed Circle: fillColor = '[ 0.  0.  0.] (rgb)'
28.0380 	EXP 	unnamed Circle: pos = array([  -1.597,  257.87 ])
28.2381 	EXP 	unnamed ImageStim: image = 'inks\\01.png'
28.2381 	EXP 	unnamed Circle: fillColor = '[ 0.  0.  0.] (rgb)'
28.2381 	EXP 	unnamed Circle: pos = array([  -8.279,  264.021])
28.4389 	EXP 	unnamed ImageStim: image = 'inks\\01.png'
28.4389 	EXP 	unnamed Circle: fillColor = '[ 0.  0.  0.] (rgb)'
28.4389 	EXP 	unnamed Circle: pos = array([  20.008,  232.751])
28.6733 	EXP 	unnamed ImageStim: image = 'inks\\01.png'
28.6733 	EXP 	unnamed Circle: fillColor = '[ 0.  0.  0.] (rgb)'
28.6733 	EXP 	unnamed Circle: pos = array([  13.285,  256.874])
28.8726 	EXP 	unnamed ImageStim: image = 'inks\\01.png'
28.8726 	EXP 	unnamed Circle: fillColor = '[ 0.  0.  0.] (rgb)'
28.8726 	EXP 	unnamed Circle: pos = array([  59.917,  247.119])
29.0721 	EXP 	unnamed ImageStim: image = 'inks\\01.png'
29.0721 	EXP 	unnamed Circle: fillColor = '[ 0.  0.  0.] (rgb)'
29.0721 	EXP 	unnamed Circle: pos = array([ 146.284,  244.841])
29.2722 	EXP 	unnamed ImageStim: image = 'inks\\01.png'
29.2722 	EXP 	unnamed Circle: fillColor = '[ 0.  0.  0.] (rgb)'
29.2722 	EXP 	unnamed Circle: pos = array([ 184.369,  228.578])
29.4725 	EXP 	unnamed ImageStim: image = 'inks\\01.png'
29.4725 	EXP 	unnamed Circle: fillColor = '[ 0.  0.  0.] (rgb)'
29.4725 	EXP 	unnamed Circle: pos = array([ 133.924, -216.917])
29.6727 	EXP 	unnamed ImageStim: image = 'inks\\01.png'
29.6727 	EXP 	unnamed Circle: fillColor = '[ 0.  0.  0.] (rgb)'
29.6727 	EXP 	unnamed Circle: pos = array([ 104.61 , -225.793])
29.8728 	EXP 	unnamed ImageStim: image = 'inks\\01.png'
29.8728 	EXP 	unnamed Circle: fillColor = '[ 0.  0.  0.] (rgb)'
29.8728 	EXP 	unnamed Circle: pos = array([  60.7 , -199.22])
30.0730 	EXP 	unnamed ImageStim: image = 'inks\\01.png'
30.0730 	EXP 	unnamed Circle: fillColor = '[ 0.  0.  0.] (rgb)'
30.0730 	EXP 	unnamed Circle: pos = array([  61.737, -203.795])
30.2898 	EXP 	unnamed ImageStim: image = 'inks\\01.png'
30.2898 	EXP 	unnamed Circle: fillColor = '[ 0.  0.  0.] (rgb)'
30.2898 	EXP 	unnamed Circle: pos = array([  54.9  , -187.859])
30.4900 	EXP 	unnamed ImageStim: image = 'inks\\01.png'
30.4900 	EXP 	unnamed Circle: fillColor = '[ 0.  0.  0.] (rgb)'
30.4900 	EXP 	unnamed Circle: pos = array([  56.201, -176.305])
30.6903 	EXP 	unnamed ImageStim: image = 'inks\\01.png'
30.6903 	EXP 	unnamed Circle: fillColor = '[ 0.  0.  0.] (rgb)'
30.6903 	EXP 	unnamed Circle: pos = array([  50.191, -186.119])
30.8906 	EXP 	unnamed ImageStim: image = 'inks\\01.png'
30.8906 	EXP 	unnamed Circle: fillColor = '[ 0.  0.  0.] (rgb)'
30.8906 	EXP 	unnamed Circle: pos = array([ 412.887, -255.275])
31.0904 	EXP 	unnamed ImageStim: image = 'inks\\01.png'
31.0904 	EXP 	unnamed Circle: fillColor = '[ 0.  0.  0.] (rgb)'
31.0904 	EXP 	unnamed Circle: pos = array([ 462.108, -248.325])
31.3240 	EXP 	unnamed ImageStim: image = 'inks\\01.png'
31.3240 	EXP 	unnamed Circle: fillColor = '[ 0.  0.  0.] (rgb)'
31.3240 	EXP 	unnamed Circle: pos = array([ 356.97 , -244.155])
31.5241 	EXP 	unnamed ImageStim: image = 'inks\\01.png'
31.5241 	EXP 	unnamed Circle: fillColor = '[ 0.  0.  0.] (rgb)'
31.5241 	EXP 	unnamed Circle: pos = array([ 712.505, -341.979])
31.7245 	EXP 	unnamed ImageStim: image = 'inks\\01.png'
31.7245 	EXP 	unnamed Circle: fillColor = '[ 0.  0.  0.] (rgb)'
31.7245 	EXP 	unnamed Circle: pos = array([ 706.782, -347.719])
31.9245 	EXP 	unnamed ImageStim: image = 'inks\\01.png'
31.9245 	EXP 	unnamed Circle: fillColor = '[ 0.  0.  0.] (rgb)'
31.9245 	EXP 	unnamed Circle: pos = array([ 389.168, -243.41 ])
32.1247 	EXP 	unnamed ImageStim: image = 'inks\\01.png'
32.1247 	EXP 	unnamed Circle: fillColor = '[ 0.  0.  0.] (rgb)'
32.1247 	EXP 	unnamed Circle: pos = array([ 325.866, -235.19 ])
32.3276 	EXP 	unnamed ImageStim: image = 'inks\\01.png'
32.3276 	EXP 	unnamed Circle: fillColor = '[ 0.  0.  0.] (rgb)'
32.3276 	EXP 	unnamed Circle: pos = array([ 327.407, -236.371])
32.5418 	EXP 	unnamed ImageStim: image = 'inks\\01.png'
32.5418 	EXP 	unnamed Circle: fillColor = '[ 0.  0.  0.] (rgb)'
32.5418 	EXP 	unnamed Circle: pos = array([ 306.094, -231.495])
32.7418 	EXP 	unnamed ImageStim: image = 'inks\\01.png'
32.7418 	EXP 	unnamed Circle: fillColor = '[ 0.  0.  0.] (rgb)'
32.7418 	EXP 	unnamed Circle: pos = array([ 306.12 , -232.529])
32.9589 	EXP 	unnamed ImageStim: image = 'inks\\01.png'
32.9589 	EXP 	unnamed Circle: fillColor = '[ 0.  0.  0.] (rgb)'
32.9589 	EXP 	unnamed Circle: pos = array([ 311.119, -228.257])
33.1589 	EXP 	unnamed ImageStim: image = 'inks\\01.png'
33.1589 	EXP 	unnamed Circle: fillColor = '[ 0.  0.  0.] (rgb)'
33.1589 	EXP 	unnamed Circle: pos = array([ 312.509, -230.957])
33.3615 	EXP 	unnamed ImageStim: image = 'inks\\01.png'
33.3615 	EXP 	unnamed Circle: fillColor = '[ 0.  0.  0.] (rgb)'
33.3615 	EXP 	unnamed Circle: pos = array([ 310.048, -226.202])
33.5591 	EXP 	unnamed ImageStim: image = 'inks\\01.png'
33.5591 	EXP 	unnamed Circle: fillColor = '[ 0.  0.  0.] (rgb)'
33.5591 	EXP 	unnamed Circle: pos = array([ 468.822, -227.419])
33.7595 	EXP 	unnamed ImageStim: image = 'inks\\01.png'
33.7595 	EXP 	unnamed Circle: fillColor = '[ 0.  0.  0.] (rgb)'
33.7595 	EXP 	unnamed Circle: pos = array([-650.,  502.])
33.9595 	EXP 	unnamed ImageStim: image = 'inks\\01.png'
33.9595 	EXP 	unnamed Circle: fillColor = '[ 0.  0.  0.] (rgb)'
33.9595 	EXP 	unnamed Circle: pos = array([-650.,  502.])
34.1598 	EXP 	unnamed ImageStim: image = 'inks\\01.png'
34.1598 	EXP 	unnamed Circle: fillColor = '[ 0.  0.  0.] (rgb)'
34.1598 	EXP 	unnamed Circle: pos = array([-650.,  502.])
34.3599 	EXP 	unnamed ImageStim: image = 'inks\\01.png'
34.3599 	EXP 	unnamed Circle: fillColor = '[ 0.  0.  0.] (rgb)'
34.3599 	EXP 	unnamed Circle: pos = array([-650.,  502.])
34.5601 	EXP 	unnamed ImageStim: image = 'inks\\01.png'
34.5601 	EXP 	unnamed Circle: fillColor = '[ 0.  0.  0.] (rgb)'
34.5601 	EXP 	unnamed Circle: pos = array([-650.,  502.])
34.7604 	EXP 	unnamed ImageStim: image = 'inks\\01.png'
34.7604 	EXP 	unnamed Circle: fillColor = '[ 0.  0.  0.] (rgb)'
34.7604 	EXP 	unnamed Circle: pos = array([ 1203.541,  -635.549])
34.9938 	EXP 	unnamed ImageStim: image = 'inks\\01.png'
34.9938 	EXP 	unnamed Circle: fillColor = '[ 0.  0.  0.] (rgb)'
34.9938 	EXP 	unnamed Circle: pos = array([ 496.547, -202.282])
35.1944 	EXP 	unnamed ImageStim: image = 'inks\\01.png'
35.1944 	EXP 	unnamed Circle: fillColor = '[ 0.  0.  0.] (rgb)'
35.1944 	EXP 	unnamed Circle: pos = array([ 465.807, -222.052])
35.4152 	EXP 	unnamed ImageStim: image = 'inks\\01.png'
35.4152 	EXP 	unnamed Circle: fillColor = '[ 0.  0.  0.] (rgb)'
35.4152 	EXP 	unnamed Circle: pos = array([ 159.421,  295.883])
35.6278 	EXP 	unnamed ImageStim: image = 'inks\\01.png'
35.6278 	EXP 	unnamed Circle: fillColor = '[ 0.  0.  0.] (rgb)'
35.6278 	EXP 	unnamed Circle: pos = array([ 194.72 ,  287.677])
35.8293 	EXP 	unnamed ImageStim: image = 'inks\\01.png'
35.8293 	EXP 	unnamed Circle: fillColor = '[ 0.  0.  0.] (rgb)'
35.8293 	EXP 	unnamed Circle: pos = array([ 754.137,  -43.079])
36.0280 	EXP 	unnamed ImageStim: image = 'inks\\01.png'
36.0280 	EXP 	unnamed Circle: fillColor = '[ 0.  0.  0.] (rgb)'
36.0280 	EXP 	unnamed Circle: pos = array([ 783.562, -202.403])
36.2283 	EXP 	unnamed ImageStim: image = 'inks\\01.png'
36.2283 	EXP 	unnamed Circle: fillColor = '[ 0.  0.  0.] (rgb)'
36.2283 	EXP 	unnamed Circle: pos = array([-650.,  502.])
36.4284 	EXP 	unnamed ImageStim: image = 'inks\\01.png'
36.4284 	EXP 	unnamed Circle: fillColor = '[ 0.  0.  0.] (rgb)'
36.4284 	EXP 	unnamed Circle: pos = array([-650.,  502.])
36.6358 	EXP 	unnamed ImageStim: image = 'inks\\01.png'
36.6358 	EXP 	unnamed Circle: fillColor = '[ 0.  0.  0.] (rgb)'
36.6358 	EXP 	unnamed Circle: pos = array([-650.,  502.])
36.8621 	EXP 	unnamed ImageStim: image = 'inks\\01.png'
36.8621 	EXP 	unnamed Circle: fillColor = '[ 0.  0.  0.] (rgb)'
36.8621 	EXP 	unnamed Circle: pos = array([-650.,  502.])
37.0679 	EXP 	unnamed ImageStim: image = 'inks\\01.png'
37.0679 	EXP 	unnamed Circle: fillColor = '[ 0.  0.  0.] (rgb)'
37.0679 	EXP 	unnamed Circle: pos = array([-650.,  502.])
37.3133 	EXP 	unnamed ImageStim: image = 'inks\\01.png'
37.3133 	EXP 	unnamed Circle: fillColor = '[ 0.  0.  0.] (rgb)'
37.3133 	EXP 	unnamed Circle: pos = array([-650.,  502.])
37.5126 	EXP 	unnamed ImageStim: image = 'inks\\01.png'
37.5126 	EXP 	unnamed Circle: fillColor = '[ 0.  0.  0.] (rgb)'
37.5126 	EXP 	unnamed Circle: pos = array([-650.,  502.])
37.7127 	EXP 	unnamed ImageStim: image = 'inks\\01.png'
37.7127 	EXP 	unnamed Circle: fillColor = '[ 0.  0.  0.] (rgb)'
37.7127 	EXP 	unnamed Circle: pos = array([-650.,  502.])
37.9130 	EXP 	unnamed ImageStim: image = 'inks\\01.png'
37.9130 	EXP 	unnamed Circle: fillColor = '[ 0.  0.  0.] (rgb)'
37.9130 	EXP 	unnamed Circle: pos = array([-650.,  502.])
38.1371 	EXP 	unnamed ImageStim: image = 'inks\\01.png'
38.1371 	EXP 	unnamed Circle: fillColor = '[ 0.  0.  0.] (rgb)'
38.1371 	EXP 	unnamed Circle: pos = array([-650.,  502.])
38.3490 	EXP 	unnamed ImageStim: image = 'inks\\01.png'
38.3490 	EXP 	unnamed Circle: fillColor = '[ 0.  0.  0.] (rgb)'
38.3490 	EXP 	unnamed Circle: pos = array([-650.,  502.])
38.5469 	EXP 	unnamed ImageStim: image = 'inks\\01.png'
38.5469 	EXP 	unnamed Circle: fillColor = '[ 0.  0.  0.] (rgb)'
38.5469 	EXP 	unnamed Circle: pos = array([-650.,  502.])
38.7640 	EXP 	unnamed ImageStim: image = 'inks\\01.png'
38.7640 	EXP 	unnamed Circle: fillColor = '[ 0.  0.  0.] (rgb)'
38.7640 	EXP 	unnamed Circle: pos = array([-650.,  502.])
38.9853 	EXP 	unnamed ImageStim: image = 'inks\\01.png'
38.9853 	EXP 	unnamed Circle: fillColor = '[ 0.  0.  0.] (rgb)'
38.9853 	EXP 	unnamed Circle: pos = array([-650.,  502.])
39.1978 	EXP 	unnamed ImageStim: image = 'inks\\01.png'
39.1978 	EXP 	unnamed Circle: fillColor = '[ 0.  0.  0.] (rgb)'
39.1978 	EXP 	unnamed Circle: pos = array([-650.,  502.])
39.3977 	EXP 	unnamed ImageStim: image = 'inks\\01.png'
39.3977 	EXP 	unnamed Circle: fillColor = '[ 0.  0.  0.] (rgb)'
39.3977 	EXP 	unnamed Circle: pos = array([-650.,  502.])
39.5979 	EXP 	unnamed ImageStim: image = 'inks\\01.png'
39.5979 	EXP 	unnamed Circle: fillColor = '[ 0.  0.  0.] (rgb)'
39.5979 	EXP 	unnamed Circle: pos = array([-650.,  502.])
39.7986 	EXP 	unnamed ImageStim: image = 'inks\\01.png'
39.7986 	EXP 	unnamed Circle: fillColor = '[ 0.  0.  0.] (rgb)'
39.7986 	EXP 	unnamed Circle: pos = array([-650.,  502.])
40.0022 	EXP 	unnamed ImageStim: image = 'inks\\01.png'
40.0022 	EXP 	unnamed Circle: fillColor = '[ 0.  0.  0.] (rgb)'
40.0022 	EXP 	unnamed Circle: pos = array([-650.,  502.])
40.2150 	EXP 	unnamed ImageStim: image = 'inks\\01.png'
40.2150 	EXP 	unnamed Circle: fillColor = '[ 0.  0.  0.] (rgb)'
40.2150 	EXP 	unnamed Circle: pos = array([-650.,  502.])
40.4819 	EXP 	unnamed ImageStim: image = 'inks\\01.png'
40.4819 	EXP 	unnamed Circle: fillColor = '[ 0.  0.  0.] (rgb)'
40.4819 	EXP 	unnamed Circle: pos = array([-650.,  502.])
40.6987 	EXP 	unnamed ImageStim: image = 'inks\\01.png'
40.6987 	EXP 	unnamed Circle: fillColor = '[ 0.  0.  0.] (rgb)'
40.6987 	EXP 	unnamed Circle: pos = array([-650.,  502.])
40.9008 	EXP 	unnamed ImageStim: image = 'inks\\01.png'
40.9008 	EXP 	unnamed Circle: fillColor = '[ 0.  0.  0.] (rgb)'
40.9008 	EXP 	unnamed Circle: pos = array([-650.,  502.])
41.1157 	EXP 	unnamed ImageStim: image = 'inks\\01.png'
41.1157 	EXP 	unnamed Circle: fillColor = '[ 0.  0.  0.] (rgb)'
41.1157 	EXP 	unnamed Circle: pos = array([-650.,  502.])
41.3336 	EXP 	unnamed ImageStim: image = 'inks\\01.png'
41.3336 	EXP 	unnamed Circle: fillColor = '[ 0.  0.  0.] (rgb)'
41.3336 	EXP 	unnamed Circle: pos = array([-650.,  502.])
41.5494 	EXP 	unnamed ImageStim: image = 'inks\\01.png'
41.5494 	EXP 	unnamed Circle: fillColor = '[ 0.  0.  0.] (rgb)'
41.5494 	EXP 	unnamed Circle: pos = array([-650.,  502.])
41.7503 	EXP 	unnamed ImageStim: image = 'inks\\01.png'
41.7503 	EXP 	unnamed Circle: fillColor = '[ 0.  0.  0.] (rgb)'
41.7503 	EXP 	unnamed Circle: pos = array([-650.,  502.])
41.9664 	EXP 	unnamed ImageStim: image = 'inks\\01.png'
41.9664 	EXP 	unnamed Circle: fillColor = '[ 0.  0.  0.] (rgb)'
41.9664 	EXP 	unnamed Circle: pos = array([-650.,  502.])
42.1665 	EXP 	unnamed ImageStim: image = 'inks\\01.png'
42.1665 	EXP 	unnamed Circle: fillColor = '[ 0.  0.  0.] (rgb)'
42.1665 	EXP 	unnamed Circle: pos = array([-650.,  502.])
42.3834 	EXP 	unnamed ImageStim: image = 'inks\\01.png'
42.3834 	EXP 	unnamed Circle: fillColor = '[ 0.  0.  0.] (rgb)'
42.3834 	EXP 	unnamed Circle: pos = array([-650.,  502.])
42.6019 	EXP 	unnamed ImageStim: image = 'inks\\01.png'
42.6019 	EXP 	unnamed Circle: fillColor = '[ 0.  0.  0.] (rgb)'
42.6019 	EXP 	unnamed Circle: pos = array([-650.,  502.])
42.8004 	EXP 	unnamed ImageStim: image = 'inks\\01.png'
42.8004 	EXP 	unnamed Circle: fillColor = '[ 0.  0.  0.] (rgb)'
42.8004 	EXP 	unnamed Circle: pos = array([-650.,  502.])
43.0234 	EXP 	unnamed ImageStim: image = 'inks\\01.png'
43.0234 	EXP 	unnamed Circle: fillColor = '[ 0.  0.  0.] (rgb)'
43.0234 	EXP 	unnamed Circle: pos = array([-650.,  502.])
43.2341 	EXP 	unnamed ImageStim: image = 'inks\\01.png'
43.2341 	EXP 	unnamed Circle: fillColor = '[ 0.  0.  0.] (rgb)'
43.2341 	EXP 	unnamed Circle: pos = array([-650.,  502.])
43.4342 	EXP 	unnamed ImageStim: image = 'inks\\01.png'
43.4342 	EXP 	unnamed Circle: fillColor = '[ 0.  0.  0.] (rgb)'
43.4342 	EXP 	unnamed Circle: pos = array([-650.,  502.])
43.6354 	EXP 	unnamed ImageStim: image = 'inks\\01.png'
43.6354 	EXP 	unnamed Circle: fillColor = '[ 0.  0.  0.] (rgb)'
43.6354 	EXP 	unnamed Circle: pos = array([-650.,  502.])
43.8536 	EXP 	unnamed ImageStim: image = 'inks\\01.png'
43.8536 	EXP 	unnamed Circle: fillColor = '[ 0.  0.  0.] (rgb)'
43.8536 	EXP 	unnamed Circle: pos = array([-650.,  502.])
44.0680 	EXP 	unnamed ImageStim: image = 'inks\\01.png'
44.0680 	EXP 	unnamed Circle: fillColor = '[ 0.  0.  0.] (rgb)'
44.0680 	EXP 	unnamed Circle: pos = array([-650.,  502.])
44.2705 	EXP 	unnamed ImageStim: image = 'inks\\01.png'
44.2705 	EXP 	unnamed Circle: fillColor = '[ 0.  0.  0.] (rgb)'
44.2705 	EXP 	unnamed Circle: pos = array([-650.,  502.])
44.4684 	EXP 	unnamed ImageStim: image = 'inks\\01.png'
44.4684 	EXP 	unnamed Circle: fillColor = '[ 0.  0.  0.] (rgb)'
44.4684 	EXP 	unnamed Circle: pos = array([-650.,  502.])
44.6686 	EXP 	unnamed ImageStim: image = 'inks\\01.png'
44.6686 	EXP 	unnamed Circle: fillColor = '[ 0.  0.  0.] (rgb)'
44.6686 	EXP 	unnamed Circle: pos = array([-650.,  502.])
44.8704 	EXP 	unnamed ImageStim: image = 'inks\\01.png'
44.8704 	EXP 	unnamed Circle: fillColor = '[ 0.  0.  0.] (rgb)'
44.8704 	EXP 	unnamed Circle: pos = array([-650.,  502.])
45.0860 	EXP 	unnamed ImageStim: image = 'inks\\01.png'
45.0860 	EXP 	unnamed Circle: fillColor = '[ 0.  0.  0.] (rgb)'
45.0860 	EXP 	unnamed Circle: pos = array([-650.,  502.])
45.3527 	EXP 	unnamed ImageStim: image = 'inks\\01.png'
45.3527 	EXP 	unnamed Circle: fillColor = '[ 0.  0.  0.] (rgb)'
45.3527 	EXP 	unnamed Circle: pos = array([-650.,  502.])
45.6029 	EXP 	unnamed ImageStim: image = 'inks\\01.png'
45.6029 	EXP 	unnamed Circle: fillColor = '[ 0.  0.  0.] (rgb)'
45.6029 	EXP 	unnamed Circle: pos = array([-650.,  502.])
45.8562 	EXP 	unnamed ImageStim: image = 'inks\\01.png'
45.8562 	EXP 	unnamed Circle: fillColor = '[ 0.  0.  0.] (rgb)'
45.8562 	EXP 	unnamed Circle: pos = array([-650.,  502.])
46.0698 	EXP 	unnamed ImageStim: image = 'inks\\01.png'
46.0698 	EXP 	unnamed Circle: fillColor = '[ 0.  0.  0.] (rgb)'
46.0698 	EXP 	unnamed Circle: pos = array([-650.,  502.])
46.2701 	EXP 	unnamed ImageStim: image = 'inks\\01.png'
46.2701 	EXP 	unnamed Circle: fillColor = '[ 0.  0.  0.] (rgb)'
46.2701 	EXP 	unnamed Circle: pos = array([-650.,  502.])
46.4868 	EXP 	unnamed ImageStim: image = 'inks\\01.png'
46.4868 	EXP 	unnamed Circle: fillColor = '[ 0.  0.  0.] (rgb)'
46.4868 	EXP 	unnamed Circle: pos = array([-650.,  502.])
46.7038 	EXP 	unnamed ImageStim: image = 'inks\\01.png'
46.7038 	EXP 	unnamed Circle: fillColor = '[ 0.  0.  0.] (rgb)'
46.7038 	EXP 	unnamed Circle: pos = array([-650.,  502.])
46.9039 	EXP 	unnamed ImageStim: image = 'inks\\01.png'
46.9039 	EXP 	unnamed Circle: fillColor = '[ 0.  0.  0.] (rgb)'
46.9039 	EXP 	unnamed Circle: pos = array([-650.,  502.])
47.1041 	EXP 	unnamed ImageStim: image = 'inks\\01.png'
47.1041 	EXP 	unnamed Circle: fillColor = '[ 0.  0.  0.] (rgb)'
47.1041 	EXP 	unnamed Circle: pos = array([-650.,  502.])
47.3042 	EXP 	unnamed ImageStim: image = 'inks\\01.png'
47.3042 	EXP 	unnamed Circle: fillColor = '[ 0.  0.  0.] (rgb)'
47.3042 	EXP 	unnamed Circle: pos = array([-650.,  502.])
47.5046 	EXP 	unnamed ImageStim: image = 'inks\\01.png'
47.5046 	EXP 	unnamed Circle: fillColor = '[ 0.  0.  0.] (rgb)'
47.5046 	EXP 	unnamed Circle: pos = array([-650.,  502.])
47.7046 	EXP 	unnamed ImageStim: image = 'inks\\01.png'
47.7046 	EXP 	unnamed Circle: fillColor = '[ 0.  0.  0.] (rgb)'
47.7046 	EXP 	unnamed Circle: pos = array([-650.,  502.])
47.9058 	EXP 	unnamed ImageStim: image = 'inks\\01.png'
47.9058 	EXP 	unnamed Circle: fillColor = '[ 0.  0.  0.] (rgb)'
47.9058 	EXP 	unnamed Circle: pos = array([-650.,  502.])
48.1047 	EXP 	unnamed ImageStim: image = 'inks\\01.png'
48.1047 	EXP 	unnamed Circle: fillColor = '[ 0.  0.  0.] (rgb)'
48.1047 	EXP 	unnamed Circle: pos = array([-650.,  502.])
48.3050 	EXP 	unnamed ImageStim: image = 'inks\\01.png'
48.3050 	EXP 	unnamed Circle: fillColor = '[ 0.  0.  0.] (rgb)'
48.3050 	EXP 	unnamed Circle: pos = array([-650.,  502.])
48.5220 	EXP 	unnamed ImageStim: image = 'inks\\01.png'
48.5220 	EXP 	unnamed Circle: fillColor = '[ 0.  0.  0.] (rgb)'
48.5220 	EXP 	unnamed Circle: pos = array([-650.,  502.])
48.7223 	EXP 	unnamed ImageStim: image = 'inks\\01.png'
48.7223 	EXP 	unnamed Circle: fillColor = '[ 0.  0.  0.] (rgb)'
48.7223 	EXP 	unnamed Circle: pos = array([-650.,  502.])
48.9390 	EXP 	unnamed ImageStim: image = 'inks\\01.png'
48.9390 	EXP 	unnamed Circle: fillColor = '[ 0.  0.  0.] (rgb)'
48.9390 	EXP 	unnamed Circle: pos = array([-650.,  502.])
49.1559 	EXP 	unnamed ImageStim: image = 'inks\\01.png'
49.1559 	EXP 	unnamed Circle: fillColor = '[ 0.  0.  0.] (rgb)'
49.1559 	EXP 	unnamed Circle: pos = array([-650.,  502.])
49.3559 	EXP 	unnamed ImageStim: image = 'inks\\01.png'
49.3559 	EXP 	unnamed Circle: fillColor = '[ 0.  0.  0.] (rgb)'
49.3559 	EXP 	unnamed Circle: pos = array([-650.,  502.])
49.6062 	EXP 	unnamed ImageStim: image = 'inks\\01.png'
49.6062 	EXP 	unnamed Circle: fillColor = '[ 0.  0.  0.] (rgb)'
49.6062 	EXP 	unnamed Circle: pos = array([-650.,  502.])
49.8062 	EXP 	unnamed ImageStim: image = 'inks\\01.png'
49.8062 	EXP 	unnamed Circle: fillColor = '[ 0.  0.  0.] (rgb)'
49.8062 	EXP 	unnamed Circle: pos = array([-650.,  502.])
50.0064 	EXP 	unnamed ImageStim: image = 'inks\\01.png'
50.0064 	EXP 	unnamed Circle: fillColor = '[ 0.  0.  0.] (rgb)'
50.0064 	EXP 	unnamed Circle: pos = array([-650.,  502.])
50.2082 	EXP 	unnamed ImageStim: image = 'inks\\01.png'
50.2082 	EXP 	unnamed Circle: fillColor = '[ 0.  0.  0.] (rgb)'
50.2082 	EXP 	unnamed Circle: pos = array([-650.,  502.])
50.4085 	EXP 	unnamed ImageStim: image = 'inks\\01.png'
50.4085 	EXP 	unnamed Circle: fillColor = '[ 0.  0.  0.] (rgb)'
50.4085 	EXP 	unnamed Circle: pos = array([-650.,  502.])
50.6237 	EXP 	unnamed ImageStim: image = 'inks\\01.png'
50.6237 	EXP 	unnamed Circle: fillColor = '[ 0.  0.  0.] (rgb)'
50.6237 	EXP 	unnamed Circle: pos = array([-650.,  502.])
50.8252 	EXP 	unnamed ImageStim: image = 'inks\\01.png'
50.8252 	EXP 	unnamed Circle: fillColor = '[ 0.  0.  0.] (rgb)'
50.8252 	EXP 	unnamed Circle: pos = array([-650.,  502.])
51.0240 	EXP 	unnamed ImageStim: image = 'inks\\01.png'
51.0240 	EXP 	unnamed Circle: fillColor = '[ 0.  0.  0.] (rgb)'
51.0240 	EXP 	unnamed Circle: pos = array([-650.,  502.])
51.2410 	EXP 	unnamed ImageStim: image = 'inks\\01.png'
51.2410 	EXP 	unnamed Circle: fillColor = '[ 0.  0.  0.] (rgb)'
51.2410 	EXP 	unnamed Circle: pos = array([-650.,  502.])
51.4580 	EXP 	unnamed ImageStim: image = 'inks\\01.png'
51.4580 	EXP 	unnamed Circle: fillColor = '[ 0.  0.  0.] (rgb)'
51.4580 	EXP 	unnamed Circle: pos = array([-650.,  502.])
51.6746 	EXP 	unnamed ImageStim: image = 'inks\\01.png'
51.6746 	EXP 	unnamed Circle: fillColor = '[ 0.  0.  0.] (rgb)'
51.6746 	EXP 	unnamed Circle: pos = array([-650.,  502.])
51.8748 	EXP 	unnamed ImageStim: image = 'inks\\01.png'
51.8748 	EXP 	unnamed Circle: fillColor = '[ 0.  0.  0.] (rgb)'
51.8748 	EXP 	unnamed Circle: pos = array([-650.,  502.])
52.0916 	EXP 	unnamed ImageStim: image = 'inks\\01.png'
52.0916 	EXP 	unnamed Circle: fillColor = '[ 0.  0.  0.] (rgb)'
52.0916 	EXP 	unnamed Circle: pos = array([-650.,  502.])
52.2918 	EXP 	unnamed ImageStim: image = 'inks\\01.png'
52.2918 	EXP 	unnamed Circle: fillColor = '[ 0.  0.  0.] (rgb)'
52.2918 	EXP 	unnamed Circle: pos = array([-650.,  502.])
52.4919 	EXP 	unnamed ImageStim: image = 'inks\\01.png'
52.4919 	EXP 	unnamed Circle: fillColor = '[ 0.  0.  0.] (rgb)'
52.4919 	EXP 	unnamed Circle: pos = array([-650.,  502.])
52.7090 	EXP 	unnamed ImageStim: image = 'inks\\01.png'
52.7090 	EXP 	unnamed Circle: fillColor = '[ 0.  0.  0.] (rgb)'
52.7090 	EXP 	unnamed Circle: pos = array([-650.,  502.])
52.9106 	EXP 	unnamed ImageStim: image = 'inks\\01.png'
52.9106 	EXP 	unnamed Circle: fillColor = '[ 0.  0.  0.] (rgb)'
52.9106 	EXP 	unnamed Circle: pos = array([-650.,  502.])
53.1260 	EXP 	unnamed ImageStim: image = 'inks\\01.png'
53.1260 	EXP 	unnamed Circle: fillColor = '[ 0.  0.  0.] (rgb)'
53.1260 	EXP 	unnamed Circle: pos = array([-650.,  502.])
53.3294 	EXP 	unnamed ImageStim: image = 'inks\\01.png'
53.3294 	EXP 	unnamed Circle: fillColor = '[ 0.  0.  0.] (rgb)'
53.3294 	EXP 	unnamed Circle: pos = array([-650.,  502.])
53.5264 	EXP 	unnamed ImageStim: image = 'inks\\01.png'
53.5264 	EXP 	unnamed Circle: fillColor = '[ 0.  0.  0.] (rgb)'
53.5264 	EXP 	unnamed Circle: pos = array([-650.,  502.])
53.7265 	EXP 	unnamed ImageStim: image = 'inks\\01.png'
53.7265 	EXP 	unnamed Circle: fillColor = '[ 0.  0.  0.] (rgb)'
53.7265 	EXP 	unnamed Circle: pos = array([-650.,  502.])
53.9265 	EXP 	unnamed ImageStim: image = 'inks\\01.png'
53.9265 	EXP 	unnamed Circle: fillColor = '[ 0.  0.  0.] (rgb)'
53.9265 	EXP 	unnamed Circle: pos = array([-650.,  502.])
54.1266 	EXP 	unnamed ImageStim: image = 'inks\\01.png'
54.1266 	EXP 	unnamed Circle: fillColor = '[ 0.  0.  0.] (rgb)'
54.1266 	EXP 	unnamed Circle: pos = array([-650.,  502.])
54.3270 	EXP 	unnamed ImageStim: image = 'inks\\01.png'
54.3270 	EXP 	unnamed Circle: fillColor = '[ 0.  0.  0.] (rgb)'
54.3270 	EXP 	unnamed Circle: pos = array([-650.,  502.])
54.5272 	EXP 	unnamed ImageStim: image = 'inks\\01.png'
54.5272 	EXP 	unnamed Circle: fillColor = '[ 0.  0.  0.] (rgb)'
54.5272 	EXP 	unnamed Circle: pos = array([-650.,  502.])
54.7277 	EXP 	unnamed ImageStim: image = 'inks\\01.png'
54.7277 	EXP 	unnamed Circle: fillColor = '[ 0.  0.  0.] (rgb)'
54.7277 	EXP 	unnamed Circle: pos = array([-650.,  502.])
54.9275 	EXP 	unnamed ImageStim: image = 'inks\\01.png'
54.9275 	EXP 	unnamed Circle: fillColor = '[ 0.  0.  0.] (rgb)'
54.9275 	EXP 	unnamed Circle: pos = array([-650.,  502.])
55.1452 	EXP 	unnamed ImageStim: image = 'inks\\01.png'
55.1452 	EXP 	unnamed Circle: fillColor = '[ 0.  0.  0.] (rgb)'
55.1452 	EXP 	unnamed Circle: pos = array([-650.,  502.])
55.3786 	EXP 	unnamed ImageStim: image = 'inks\\01.png'
55.3786 	EXP 	unnamed Circle: fillColor = '[ 0.  0.  0.] (rgb)'
55.3786 	EXP 	unnamed Circle: pos = array([-650.,  502.])
55.5945 	EXP 	unnamed ImageStim: image = 'inks\\01.png'
55.5945 	EXP 	unnamed Circle: fillColor = '[ 0.  0.  0.] (rgb)'
55.5945 	EXP 	unnamed Circle: pos = array([-650.,  502.])
55.8117 	EXP 	unnamed ImageStim: image = 'inks\\01.png'
55.8117 	EXP 	unnamed Circle: fillColor = '[ 0.  0.  0.] (rgb)'
55.8117 	EXP 	unnamed Circle: pos = array([-650.,  502.])
56.0632 	EXP 	unnamed ImageStim: image = 'inks\\01.png'
56.0632 	EXP 	unnamed Circle: fillColor = '[ 0.  0.  0.] (rgb)'
56.0632 	EXP 	unnamed Circle: pos = array([-650.,  502.])
56.2800 	EXP 	unnamed ImageStim: image = 'inks\\01.png'
56.2800 	EXP 	unnamed Circle: fillColor = '[ 0.  0.  0.] (rgb)'
56.2800 	EXP 	unnamed Circle: pos = array([-650.,  502.])
56.4953 	EXP 	unnamed ImageStim: image = 'inks\\01.png'
56.4953 	EXP 	unnamed Circle: fillColor = '[ 0.  0.  0.] (rgb)'
56.4953 	EXP 	unnamed Circle: pos = array([-650.,  502.])
56.7123 	EXP 	unnamed ImageStim: image = 'inks\\01.png'
56.7123 	EXP 	unnamed Circle: fillColor = '[ 0.  0.  0.] (rgb)'
56.7123 	EXP 	unnamed Circle: pos = array([-650.,  502.])
56.9292 	EXP 	unnamed ImageStim: image = 'inks\\01.png'
56.9292 	EXP 	unnamed Circle: fillColor = '[ 0.  0.  0.] (rgb)'
56.9292 	EXP 	unnamed Circle: pos = array([-650.,  502.])
57.1293 	EXP 	unnamed ImageStim: image = 'inks\\01.png'
57.1293 	EXP 	unnamed Circle: fillColor = '[ 0.  0.  0.] (rgb)'
57.1293 	EXP 	unnamed Circle: pos = array([-650.,  502.])
57.3296 	EXP 	unnamed ImageStim: image = 'inks\\01.png'
57.3296 	EXP 	unnamed Circle: fillColor = '[ 0.  0.  0.] (rgb)'
57.3296 	EXP 	unnamed Circle: pos = array([-650.,  502.])
57.5295 	EXP 	unnamed ImageStim: image = 'inks\\01.png'
57.5295 	EXP 	unnamed Circle: fillColor = '[ 0.  0.  0.] (rgb)'
57.5295 	EXP 	unnamed Circle: pos = array([-650.,  502.])
57.7297 	EXP 	unnamed ImageStim: image = 'inks\\01.png'
57.7297 	EXP 	unnamed Circle: fillColor = '[ 0.  0.  0.] (rgb)'
57.7297 	EXP 	unnamed Circle: pos = array([-650.,  502.])
57.9154 	EXP 	unnamed ImageStim: image = 'inks\\01.png'
57.9154 	EXP 	unnamed Circle: fillColor = '[ 0.  0.  0.] (rgb)'
57.9154 	EXP 	unnamed Circle: pos = array([-650.,  502.])
58.1303 	EXP 	unnamed ImageStim: image = 'inks\\01.png'
58.1303 	EXP 	unnamed Circle: fillColor = '[ 0.  0.  0.] (rgb)'
58.1303 	EXP 	unnamed Circle: pos = array([-650.,  502.])
58.3304 	EXP 	unnamed ImageStim: image = 'inks\\01.png'
58.3304 	EXP 	unnamed Circle: fillColor = '[ 0.  0.  0.] (rgb)'
58.3304 	EXP 	unnamed Circle: pos = array([-650.,  502.])
58.5314 	EXP 	unnamed ImageStim: image = 'inks\\01.png'
58.5314 	EXP 	unnamed Circle: fillColor = '[ 0.  0.  0.] (rgb)'
58.5314 	EXP 	unnamed Circle: pos = array([-650.,  502.])
58.7308 	EXP 	unnamed ImageStim: image = 'inks\\01.png'
58.7308 	EXP 	unnamed Circle: fillColor = '[ 0.  0.  0.] (rgb)'
58.7308 	EXP 	unnamed Circle: pos = array([-650.,  502.])
58.9309 	EXP 	unnamed ImageStim: image = 'inks\\01.png'
58.9309 	EXP 	unnamed Circle: fillColor = '[ 0.  0.  0.] (rgb)'
58.9309 	EXP 	unnamed Circle: pos = array([-650.,  502.])
59.1504 	EXP 	unnamed ImageStim: image = 'inks\\01.png'
59.1504 	EXP 	unnamed Circle: fillColor = '[ 0.  0.  0.] (rgb)'
59.1504 	EXP 	unnamed Circle: pos = array([-650.,  502.])
59.3478 	EXP 	unnamed ImageStim: image = 'inks\\01.png'
59.3478 	EXP 	unnamed Circle: fillColor = '[ 0.  0.  0.] (rgb)'
59.3478 	EXP 	unnamed Circle: pos = array([-650.,  502.])
59.5815 	EXP 	unnamed ImageStim: image = 'inks\\01.png'
59.5815 	EXP 	unnamed Circle: fillColor = '[ 0.  0.  0.] (rgb)'
59.5815 	EXP 	unnamed Circle: pos = array([-650.,  502.])
59.8514 	EXP 	unnamed ImageStim: image = 'inks\\01.png'
59.8514 	EXP 	unnamed Circle: fillColor = '[ 0.  0.  0.] (rgb)'
59.8514 	EXP 	unnamed Circle: pos = array([-650.,  502.])
60.1153 	EXP 	unnamed ImageStim: image = 'inks\\01.png'
60.1153 	EXP 	unnamed Circle: fillColor = '[ 0.  0.  0.] (rgb)'
60.1153 	EXP 	unnamed Circle: pos = array([-650.,  502.])
60.3407 	EXP 	unnamed ImageStim: image = 'inks\\01.png'
60.3407 	EXP 	unnamed Circle: fillColor = '[ 0.  0.  0.] (rgb)'
60.3407 	EXP 	unnamed Circle: pos = array([-650.,  502.])
60.5823 	EXP 	unnamed ImageStim: image = 'inks\\01.png'
60.5823 	EXP 	unnamed Circle: fillColor = '[ 0.  0.  0.] (rgb)'
60.5823 	EXP 	unnamed Circle: pos = array([-650.,  502.])
60.8710 	EXP 	unnamed ImageStim: image = 'inks\\01.png'
60.8710 	EXP 	unnamed Circle: fillColor = '[ 0.  0.  0.] (rgb)'
60.8710 	EXP 	unnamed Circle: pos = array([-650.,  502.])
61.0825 	EXP 	unnamed ImageStim: image = 'inks\\01.png'
61.0825 	EXP 	unnamed Circle: fillColor = '[ 0.  0.  0.] (rgb)'
61.0825 	EXP 	unnamed Circle: pos = array([-650.,  502.])
61.2996 	EXP 	unnamed ImageStim: image = 'inks\\01.png'
61.2996 	EXP 	unnamed Circle: fillColor = '[ 0.  0.  0.] (rgb)'
61.2996 	EXP 	unnamed Circle: pos = array([-650.,  502.])
61.5003 	EXP 	unnamed ImageStim: image = 'inks\\01.png'
61.5003 	EXP 	unnamed Circle: fillColor = '[ 0.  0.  0.] (rgb)'
61.5003 	EXP 	unnamed Circle: pos = array([-650.,  502.])
61.7169 	EXP 	unnamed ImageStim: image = 'inks\\01.png'
61.7169 	EXP 	unnamed Circle: fillColor = '[ 0.  0.  0.] (rgb)'
61.7169 	EXP 	unnamed Circle: pos = array([-650.,  502.])
61.9335 	EXP 	unnamed ImageStim: image = 'inks\\01.png'
61.9335 	EXP 	unnamed Circle: fillColor = '[ 0.  0.  0.] (rgb)'
61.9335 	EXP 	unnamed Circle: pos = array([-650.,  502.])
62.1678 	EXP 	unnamed ImageStim: image = 'inks\\01.png'
62.1678 	EXP 	unnamed Circle: fillColor = '[ 0.  0.  0.] (rgb)'
62.1678 	EXP 	unnamed Circle: pos = array([-650.,  502.])
62.3671 	EXP 	unnamed ImageStim: image = 'inks\\01.png'
62.3671 	EXP 	unnamed Circle: fillColor = '[ 0.  0.  0.] (rgb)'
62.3671 	EXP 	unnamed Circle: pos = array([-650.,  502.])
62.5687 	EXP 	unnamed ImageStim: image = 'inks\\01.png'
62.5687 	EXP 	unnamed Circle: fillColor = '[ 0.  0.  0.] (rgb)'
62.5687 	EXP 	unnamed Circle: pos = array([-650.,  502.])
62.7674 	EXP 	unnamed ImageStim: image = 'inks\\01.png'
62.7674 	EXP 	unnamed Circle: fillColor = '[ 0.  0.  0.] (rgb)'
62.7674 	EXP 	unnamed Circle: pos = array([-650.,  502.])
62.9682 	EXP 	unnamed ImageStim: image = 'inks\\01.png'
62.9682 	EXP 	unnamed Circle: fillColor = '[ 0.  0.  0.] (rgb)'
62.9682 	EXP 	unnamed Circle: pos = array([-650.,  502.])
63.1681 	EXP 	unnamed ImageStim: image = 'inks\\01.png'
63.1681 	EXP 	unnamed Circle: fillColor = '[ 0.  0.  0.] (rgb)'
63.1681 	EXP 	unnamed Circle: pos = array([-650.,  502.])
63.3679 	EXP 	unnamed ImageStim: image = 'inks\\01.png'
63.3679 	EXP 	unnamed Circle: fillColor = '[ 0.  0.  0.] (rgb)'
63.3679 	EXP 	unnamed Circle: pos = array([-650.,  502.])
63.5689 	EXP 	unnamed ImageStim: image = 'inks\\01.png'
63.5689 	EXP 	unnamed Circle: fillColor = '[ 0.  0.  0.] (rgb)'
63.5689 	EXP 	unnamed Circle: pos = array([-650.,  502.])
63.7682 	EXP 	unnamed ImageStim: image = 'inks\\01.png'
63.7682 	EXP 	unnamed Circle: fillColor = '[ 0.  0.  0.] (rgb)'
63.7682 	EXP 	unnamed Circle: pos = array([-650.,  502.])
63.9685 	EXP 	unnamed ImageStim: image = 'inks\\01.png'
63.9685 	EXP 	unnamed Circle: fillColor = '[ 0.  0.  0.] (rgb)'
63.9685 	EXP 	unnamed Circle: pos = array([-650.,  502.])
64.1687 	EXP 	unnamed ImageStim: image = 'inks\\01.png'
64.1687 	EXP 	unnamed Circle: fillColor = '[ 0.  0.  0.] (rgb)'
64.1687 	EXP 	unnamed Circle: pos = array([-650.,  502.])
64.3688 	EXP 	unnamed ImageStim: image = 'inks\\01.png'
64.3688 	EXP 	unnamed Circle: fillColor = '[ 0.  0.  0.] (rgb)'
64.3688 	EXP 	unnamed Circle: pos = array([-650.,  502.])
64.5857 	EXP 	unnamed ImageStim: image = 'inks\\01.png'
64.5857 	EXP 	unnamed Circle: fillColor = '[ 0.  0.  0.] (rgb)'
64.5857 	EXP 	unnamed Circle: pos = array([-650.,  502.])
64.8381 	EXP 	unnamed ImageStim: image = 'inks\\01.png'
64.8381 	EXP 	unnamed Circle: fillColor = '[ 0.  0.  0.] (rgb)'
64.8381 	EXP 	unnamed Circle: pos = array([-650.,  502.])
65.0695 	EXP 	unnamed ImageStim: image = 'inks\\01.png'
65.0695 	EXP 	unnamed Circle: fillColor = '[ 0.  0.  0.] (rgb)'
65.0695 	EXP 	unnamed Circle: pos = array([-650.,  502.])
65.2911 	EXP 	unnamed ImageStim: image = 'inks\\01.png'
65.2911 	EXP 	unnamed Circle: fillColor = '[ 0.  0.  0.] (rgb)'
65.2911 	EXP 	unnamed Circle: pos = array([-650.,  502.])
65.5033 	EXP 	unnamed ImageStim: image = 'inks\\01.png'
65.5033 	EXP 	unnamed Circle: fillColor = '[ 0.  0.  0.] (rgb)'
65.5033 	EXP 	unnamed Circle: pos = array([-650.,  502.])
65.7035 	EXP 	unnamed ImageStim: image = 'inks\\01.png'
65.7035 	EXP 	unnamed Circle: fillColor = '[ 0.  0.  0.] (rgb)'
65.7035 	EXP 	unnamed Circle: pos = array([-650.,  502.])
65.9034 	EXP 	unnamed ImageStim: image = 'inks\\01.png'
65.9034 	EXP 	unnamed Circle: fillColor = '[ 0.  0.  0.] (rgb)'
65.9034 	EXP 	unnamed Circle: pos = array([-650.,  502.])
66.1036 	EXP 	unnamed ImageStim: image = 'inks\\01.png'
66.1036 	EXP 	unnamed Circle: fillColor = '[ 0.  0.  0.] (rgb)'
66.1036 	EXP 	unnamed Circle: pos = array([-650.,  502.])
66.3038 	EXP 	unnamed ImageStim: image = 'inks\\01.png'
66.3038 	EXP 	unnamed Circle: fillColor = '[ 0.  0.  0.] (rgb)'
66.3038 	EXP 	unnamed Circle: pos = array([-650.,  502.])
66.5039 	EXP 	unnamed ImageStim: image = 'inks\\01.png'
66.5039 	EXP 	unnamed Circle: fillColor = '[ 0.  0.  0.] (rgb)'
66.5039 	EXP 	unnamed Circle: pos = array([-650.,  502.])
66.7044 	EXP 	unnamed ImageStim: image = 'inks\\01.png'
66.7044 	EXP 	unnamed Circle: fillColor = '[ 0.  0.  0.] (rgb)'
66.7044 	EXP 	unnamed Circle: pos = array([-650.,  502.])
66.9043 	EXP 	unnamed ImageStim: image = 'inks\\01.png'
66.9043 	EXP 	unnamed Circle: fillColor = '[ 0.  0.  0.] (rgb)'
66.9043 	EXP 	unnamed Circle: pos = array([-650.,  502.])
67.1212 	EXP 	unnamed ImageStim: image = 'inks\\01.png'
67.1212 	EXP 	unnamed Circle: fillColor = '[ 0.  0.  0.] (rgb)'
67.1212 	EXP 	unnamed Circle: pos = array([-650.,  502.])
67.3213 	EXP 	unnamed ImageStim: image = 'inks\\01.png'
67.3213 	EXP 	unnamed Circle: fillColor = '[ 0.  0.  0.] (rgb)'
67.3213 	EXP 	unnamed Circle: pos = array([-650.,  502.])
67.5214 	EXP 	unnamed ImageStim: image = 'inks\\01.png'
67.5214 	EXP 	unnamed Circle: fillColor = '[ 0.  0.  0.] (rgb)'
67.5214 	EXP 	unnamed Circle: pos = array([-650.,  502.])
67.7218 	EXP 	unnamed ImageStim: image = 'inks\\01.png'
67.7218 	EXP 	unnamed Circle: fillColor = '[ 0.  0.  0.] (rgb)'
67.7218 	EXP 	unnamed Circle: pos = array([-650.,  502.])
67.7227 	DATA 	Mouse: Left button down, pos=(556,805)
67.9119 	DATA 	Mouse: Left button up, pos=(556,805)
67.9219 	EXP 	unnamed ImageStim: image = 'inks\\01.png'
67.9219 	EXP 	unnamed Circle: fillColor = '[ 0.  0.  0.] (rgb)'
67.9219 	EXP 	unnamed Circle: pos = array([ -9.313,  94.774])
68.1220 	EXP 	unnamed ImageStim: image = 'inks\\01.png'
68.1220 	EXP 	unnamed Circle: fillColor = '[ 0.  0.  0.] (rgb)'
68.1220 	EXP 	unnamed Circle: pos = array([ -57.844,  143.973])
68.3228 	EXP 	unnamed ImageStim: image = 'inks\\01.png'
68.3228 	EXP 	unnamed Circle: fillColor = '[ 0.  0.  0.] (rgb)'
68.3228 	EXP 	unnamed Circle: pos = array([-650.,  502.])
68.5223 	EXP 	unnamed ImageStim: image = 'inks\\01.png'
68.5223 	EXP 	unnamed Circle: fillColor = '[ 0.  0.  0.] (rgb)'
68.5223 	EXP 	unnamed Circle: pos = array([ 229.759,  203.732])
68.7225 	EXP 	unnamed ImageStim: image = 'inks\\01.png'
68.7225 	EXP 	unnamed Circle: fillColor = '[ 0.  0.  0.] (rgb)'
68.7225 	EXP 	unnamed Circle: pos = array([ 251.69 ,   68.635])
68.9228 	EXP 	unnamed ImageStim: image = 'inks\\01.png'
68.9228 	EXP 	unnamed Circle: fillColor = '[ 0.  0.  0.] (rgb)'
68.9228 	EXP 	unnamed Circle: pos = array([ 259.555,   54.985])
69.1229 	EXP 	unnamed ImageStim: image = 'inks\\01.png'
69.1229 	EXP 	unnamed Circle: fillColor = '[ 0.  0.  0.] (rgb)'
69.1229 	EXP 	unnamed Circle: pos = array([ 504.018,  120.924])
69.3232 	EXP 	unnamed ImageStim: image = 'inks\\01.png'
69.3232 	EXP 	unnamed Circle: fillColor = '[ 0.  0.  0.] (rgb)'
69.3232 	EXP 	unnamed Circle: pos = array([ 526.141,   47.42 ])
69.5233 	EXP 	unnamed ImageStim: image = 'inks\\01.png'
69.5233 	EXP 	unnamed Circle: fillColor = '[ 0.  0.  0.] (rgb)'
69.5233 	EXP 	unnamed Circle: pos = array([ 530.403,   42.651])
69.7234 	EXP 	unnamed ImageStim: image = 'inks\\01.png'
69.7234 	EXP 	unnamed Circle: fillColor = '[ 0.  0.  0.] (rgb)'
69.7234 	EXP 	unnamed Circle: pos = array([ 769.446,   41.918])
69.9235 	EXP 	unnamed ImageStim: image = 'inks\\01.png'
69.9235 	EXP 	unnamed Circle: fillColor = '[ 0.  0.  0.] (rgb)'
69.9235 	EXP 	unnamed Circle: pos = array([ 812.802,  -16.098])
70.1236 	EXP 	unnamed ImageStim: image = 'inks\\01.png'
70.1236 	EXP 	unnamed Circle: fillColor = '[ 0.  0.  0.] (rgb)'
70.1236 	EXP 	unnamed Circle: pos = array([ 825.749,  -14.572])
70.3240 	EXP 	unnamed ImageStim: image = 'inks\\01.png'
70.3240 	EXP 	unnamed Circle: fillColor = '[ 0.  0.  0.] (rgb)'
70.3240 	EXP 	unnamed Circle: pos = array([ 126.913,  108.067])
70.5241 	EXP 	unnamed ImageStim: image = 'inks\\01.png'
70.5241 	EXP 	unnamed Circle: fillColor = '[ 0.  0.  0.] (rgb)'
70.5241 	EXP 	unnamed Circle: pos = array([ 132.917,  118.092])
70.7243 	EXP 	unnamed ImageStim: image = 'inks\\01.png'
70.7243 	EXP 	unnamed Circle: fillColor = '[ 0.  0.  0.] (rgb)'
70.7243 	EXP 	unnamed Circle: pos = array([ 105.673,  175.7  ])
70.9411 	EXP 	unnamed ImageStim: image = 'inks\\01.png'
70.9411 	EXP 	unnamed Circle: fillColor = '[ 0.  0.  0.] (rgb)'
70.9411 	EXP 	unnamed Circle: pos = array([  89.745,  192.548])
71.1414 	EXP 	unnamed ImageStim: image = 'inks\\01.png'
71.1414 	EXP 	unnamed Circle: fillColor = '[ 0.  0.  0.] (rgb)'
71.1414 	EXP 	unnamed Circle: pos = array([  88.454,  196.158])
71.3415 	EXP 	unnamed ImageStim: image = 'inks\\01.png'
71.3415 	EXP 	unnamed Circle: fillColor = '[ 0.  0.  0.] (rgb)'
71.3415 	EXP 	unnamed Circle: pos = array([  84.053,  199.931])
71.5416 	EXP 	unnamed ImageStim: image = 'inks\\01.png'
71.5416 	EXP 	unnamed Circle: fillColor = '[ 0.  0.  0.] (rgb)'
71.5416 	EXP 	unnamed Circle: pos = array([  86.327,  215.31 ])
71.7422 	EXP 	unnamed ImageStim: image = 'inks\\01.png'
71.7422 	EXP 	unnamed Circle: fillColor = '[ 0.  0.  0.] (rgb)'
71.7422 	EXP 	unnamed Circle: pos = array([  91.747,  209.667])
71.9384 	DATA 	Keypress: right
71.9419 	EXP 	unnamed ImageStim: image = 'inks\\01.png'
71.9419 	EXP 	unnamed Circle: fillColor = '[ 0.  0.  0.] (rgb)'
71.9419 	EXP 	unnamed Circle: pos = array([  82.314,  218.036])
71.9420 	EXP 	Sound  stopped
72.1422 	EXP 	unnamed ImageStim: image = 'inks\\02.png'
72.1422 	EXP 	unnamed Circle: fillColor = '[ 0.  0.  0.] (rgb)'
72.1422 	EXP 	unnamed Circle: pos = array([  83.783,  221.197])
72.3277 	EXP 	unnamed ImageStim: image = 'inks\\02.png'
72.3277 	EXP 	unnamed Circle: fillColor = '[ 0.  0.  0.] (rgb)'
72.3277 	EXP 	unnamed Circle: pos = array([  76.891,  225.918])
72.5259 	EXP 	unnamed ImageStim: image = 'inks\\02.png'
72.5259 	EXP 	unnamed Circle: fillColor = '[ 0.  0.  0.] (rgb)'
72.5259 	EXP 	unnamed Circle: pos = array([  87.869,  219.811])
72.7093 	EXP 	unnamed ImageStim: image = 'inks\\02.png'
72.7093 	EXP 	unnamed Circle: fillColor = '[ 0.  0.  0.] (rgb)'
72.7093 	EXP 	unnamed Circle: pos = array([  99.148,  111.406])
72.8945 	EXP 	unnamed ImageStim: image = 'inks\\02.png'
72.8945 	EXP 	unnamed Circle: fillColor = '[ 0.  0.  0.] (rgb)'
72.8945 	EXP 	unnamed Circle: pos = array([ 112.346,   93.486])
73.0762 	EXP 	unnamed ImageStim: image = 'inks\\02.png'
73.0762 	EXP 	unnamed Circle: fillColor = '[ 0.  0.  0.] (rgb)'
73.0762 	EXP 	unnamed Circle: pos = array([ 108.4  ,  113.131])
73.2602 	EXP 	unnamed ImageStim: image = 'inks\\02.png'
73.2602 	EXP 	unnamed Circle: fillColor = '[ 0.  0.  0.] (rgb)'
73.2602 	EXP 	unnamed Circle: pos = array([ 118.091,   72.604])
73.4432 	EXP 	unnamed ImageStim: image = 'inks\\02.png'
73.4432 	EXP 	unnamed Circle: fillColor = '[ 0.  0.  0.] (rgb)'
73.4432 	EXP 	unnamed Circle: pos = array([ 118.189,   62.363])
73.6270 	EXP 	unnamed ImageStim: image = 'inks\\02.png'
73.6270 	EXP 	unnamed Circle: fillColor = '[ 0.  0.  0.] (rgb)'
73.6270 	EXP 	unnamed Circle: pos = array([ 109.285,   51.971])
73.8093 	DATA 	Keypress: right
73.8120 	EXP 	unnamed ImageStim: image = 'inks\\02.png'
73.8120 	EXP 	unnamed Circle: fillColor = '[ 0.  0.  0.] (rgb)'
73.8120 	EXP 	unnamed Circle: pos = array([ 623.391, -529.586])
73.9950 	EXP 	Set  sound=fe\creature.wav
73.9950 	EXP 	Sound  set loops 10
73.9954 	EXP 	Sound  started
74.0461 	EXP 	unnamed ImageStim: image = 'inks\\03.png'
74.0461 	EXP 	unnamed Circle: fillColor = '[ 0.  0.  0.] (rgb)'
74.0461 	EXP 	unnamed Circle: pos = array([-650.,  502.])
74.2439 	EXP 	unnamed ImageStim: image = 'inks\\03.png'
74.2439 	EXP 	unnamed Circle: fillColor = '[ 0.  0.  0.] (rgb)'
74.2439 	EXP 	unnamed Circle: pos = array([-650.,  502.])
74.4317 	DATA 	Keypress: escape
74.4441 	EXP 	unnamed ImageStim: image = 'inks\\03.png'
74.4441 	EXP 	unnamed Circle: fillColor = '[ 0.  0.  0.] (rgb)'
74.4441 	EXP 	unnamed Circle: pos = array([ 158.568,   75.305])
