1.0706 	ERROR 	avbin.dll failed to load.
                     Try importing psychopy.visual as the first library
                     (before anything that uses scipy)
                     and make sure that avbin is installed.
1.0822 	ERROR 	avbin.dll failed to load.
                     Try importing psychopy.visual as the first library
                     (before anything that uses scipy)
                     and make sure that avbin is installed.
1.1302 	WARNING 	Movie2 stim could not be imported and won't be available
36.1655 	WARNING 	Monitor specification not found. Creating a temporary one...
36.1663 	WARNING 	User requested fullscreen with size [1680 1050], but screen is actually [1600, 900]. Using actual size
36.7953 	EXP 	Created window1 = Window(allowGUI=False, allowStencil=False, autoLog=True, bitsMode=UNKNOWN, blendMode='avg', color='white', colorSpace='named', fullscr=UNKNOWN, gamma=None, lms=UNKNOWN, monitor=<psychopy.monitors.calibTools.Monitor instance at 0x0B36C440>, name='window1', pos=[0, 0], screen=0, size=array([1600,  900]), stereo=False, units=u'pix', useFBO=False, viewOri=0.0, viewPos=None, viewScale=None, waitBlanking=True, winType='pyglet')
36.7973 	EXP 	Created unnamed ImageStim = ImageStim(autoLog=True, color=array([ 1.,  1.,  1.]), colorSpace='rgb', contrast=1.0, depth=0, flipHoriz=False, flipVert=False, image=None, interpolate=False, mask=None, maskParams=None, name='unnamed ImageStim', opacity=1.0, ori=0.0, pos=array([ 0.,  0.]), size=array([ 1.,  1.]), texRes=128, units='height', win=Window(...))
36.8024 	EXP 	Created unnamed Circle = Circle(autoDraw=False, autoLog=True, closeShape=True, contrast=1.0, depth=0, fillColor=None, fillColorSpace='rgb', fillRGB=None, interpolate=True, lineColor=array([ 1.,  1.,  1.]), lineColorSpace='rgb', lineRGB=array([ 1.,  1.,  1.]), lineWidth=1.5, name='unnamed Circle', opacity=1.0, ori=array(0.0), pos=array([ 0.,  0.]), size=array([ 1.,  1.]), units=u'pix', vertices=ndarray(...), win=Window(...))
38.3310 	EXP 	Set  sound=C
38.3369 	EXP 	Set  sound=fe\ringing_alarm.wav
38.3369 	EXP 	Sound  set loops 10
38.3378 	EXP 	Sound  started
38.3630 	EXP 	unnamed ImageStim: image = 'inks\\01.png'
38.3630 	EXP 	unnamed Circle: fillColor = '[ 0.  0.  0.] (rgb)'
38.3630 	EXP 	unnamed Circle: pos = array([  -3.968,  162.848])
38.5633 	EXP 	unnamed ImageStim: image = 'inks\\01.png'
38.5633 	EXP 	unnamed Circle: fillColor = '[ 0.  0.  0.] (rgb)'
38.5633 	EXP 	unnamed Circle: pos = array([ 365.586,  283.594])
38.7634 	EXP 	unnamed ImageStim: image = 'inks\\01.png'
38.7634 	EXP 	unnamed Circle: fillColor = '[ 0.  0.  0.] (rgb)'
38.7634 	EXP 	unnamed Circle: pos = array([-650.,  502.])
38.9637 	EXP 	unnamed ImageStim: image = 'inks\\01.png'
38.9637 	EXP 	unnamed Circle: fillColor = '[ 0.  0.  0.] (rgb)'
38.9637 	EXP 	unnamed Circle: pos = array([-650.,  502.])
39.1808 	EXP 	unnamed ImageStim: image = 'inks\\01.png'
39.1808 	EXP 	unnamed Circle: fillColor = '[ 0.  0.  0.] (rgb)'
39.1808 	EXP 	unnamed Circle: pos = array([-650.,  502.])
39.3982 	EXP 	unnamed ImageStim: image = 'inks\\01.png'
39.3982 	EXP 	unnamed Circle: fillColor = '[ 0.  0.  0.] (rgb)'
39.3982 	EXP 	unnamed Circle: pos = array([-650.,  502.])
39.6147 	EXP 	unnamed ImageStim: image = 'inks\\01.png'
39.6147 	EXP 	unnamed Circle: fillColor = '[ 0.  0.  0.] (rgb)'
39.6147 	EXP 	unnamed Circle: pos = array([-650.,  502.])
39.8316 	EXP 	unnamed ImageStim: image = 'inks\\01.png'
39.8316 	EXP 	unnamed Circle: fillColor = '[ 0.  0.  0.] (rgb)'
39.8316 	EXP 	unnamed Circle: pos = array([-650.,  502.])
40.0315 	EXP 	unnamed ImageStim: image = 'inks\\01.png'
40.0315 	EXP 	unnamed Circle: fillColor = '[ 0.  0.  0.] (rgb)'
40.0315 	EXP 	unnamed Circle: pos = array([-650.,  502.])
40.2318 	EXP 	unnamed ImageStim: image = 'inks\\01.png'
40.2318 	EXP 	unnamed Circle: fillColor = '[ 0.  0.  0.] (rgb)'
40.2318 	EXP 	unnamed Circle: pos = array([-650.,  502.])
40.4322 	EXP 	unnamed ImageStim: image = 'inks\\01.png'
40.4322 	EXP 	unnamed Circle: fillColor = '[ 0.  0.  0.] (rgb)'
40.4322 	EXP 	unnamed Circle: pos = array([-650.,  502.])
40.6492 	EXP 	unnamed ImageStim: image = 'inks\\01.png'
40.6492 	EXP 	unnamed Circle: fillColor = '[ 0.  0.  0.] (rgb)'
40.6492 	EXP 	unnamed Circle: pos = array([-650.,  502.])
40.8491 	EXP 	unnamed ImageStim: image = 'inks\\01.png'
40.8491 	EXP 	unnamed Circle: fillColor = '[ 0.  0.  0.] (rgb)'
40.8491 	EXP 	unnamed Circle: pos = array([-650.,  502.])
41.0494 	EXP 	unnamed ImageStim: image = 'inks\\01.png'
41.0494 	EXP 	unnamed Circle: fillColor = '[ 0.  0.  0.] (rgb)'
41.0494 	EXP 	unnamed Circle: pos = array([-650.,  502.])
41.2498 	EXP 	unnamed ImageStim: image = 'inks\\01.png'
41.2498 	EXP 	unnamed Circle: fillColor = '[ 0.  0.  0.] (rgb)'
41.2498 	EXP 	unnamed Circle: pos = array([-650.,  502.])
41.4665 	EXP 	unnamed ImageStim: image = 'inks\\01.png'
41.4665 	EXP 	unnamed Circle: fillColor = '[ 0.  0.  0.] (rgb)'
41.4665 	EXP 	unnamed Circle: pos = array([ 159.943,  -61.234])
41.6837 	EXP 	unnamed ImageStim: image = 'inks\\01.png'
41.6837 	EXP 	unnamed Circle: fillColor = '[ 0.  0.  0.] (rgb)'
41.6837 	EXP 	unnamed Circle: pos = array([ 130.653,  -57.877])
41.8840 	EXP 	unnamed ImageStim: image = 'inks\\01.png'
41.8840 	EXP 	unnamed Circle: fillColor = '[ 0.  0.  0.] (rgb)'
41.8840 	EXP 	unnamed Circle: pos = array([ -40.844,  285.355])
42.0844 	EXP 	unnamed ImageStim: image = 'inks\\01.png'
42.0844 	EXP 	unnamed Circle: fillColor = '[ 0.  0.  0.] (rgb)'
42.0844 	EXP 	unnamed Circle: pos = array([ -45.942,  273.156])
42.2844 	EXP 	unnamed ImageStim: image = 'inks\\01.png'
42.2844 	EXP 	unnamed Circle: fillColor = '[ 0.  0.  0.] (rgb)'
42.2844 	EXP 	unnamed Circle: pos = array([ -62.119,  303.552])
42.4847 	EXP 	unnamed ImageStim: image = 'inks\\01.png'
42.4847 	EXP 	unnamed Circle: fillColor = '[ 0.  0.  0.] (rgb)'
42.4847 	EXP 	unnamed Circle: pos = array([ -57.473,  317.177])
42.6847 	EXP 	unnamed ImageStim: image = 'inks\\01.png'
42.6847 	EXP 	unnamed Circle: fillColor = '[ 0.  0.  0.] (rgb)'
42.6847 	EXP 	unnamed Circle: pos = array([ -36.778,  324.107])
42.8850 	EXP 	unnamed ImageStim: image = 'inks\\01.png'
42.8850 	EXP 	unnamed Circle: fillColor = '[ 0.  0.  0.] (rgb)'
42.8850 	EXP 	unnamed Circle: pos = array([ -39.358,  323.416])
43.0856 	EXP 	unnamed ImageStim: image = 'inks\\01.png'
43.0856 	EXP 	unnamed Circle: fillColor = '[ 0.  0.  0.] (rgb)'
43.0856 	EXP 	unnamed Circle: pos = array([ -45.208,  321.828])
43.2855 	EXP 	unnamed ImageStim: image = 'inks\\01.png'
43.2855 	EXP 	unnamed Circle: fillColor = '[ 0.  0.  0.] (rgb)'
43.2855 	EXP 	unnamed Circle: pos = array([ -29.571,  320.89 ])
43.4861 	EXP 	unnamed ImageStim: image = 'inks\\01.png'
43.4861 	EXP 	unnamed Circle: fillColor = '[ 0.  0.  0.] (rgb)'
43.4861 	EXP 	unnamed Circle: pos = array([ -38.437,  313.049])
43.7026 	EXP 	unnamed ImageStim: image = 'inks\\01.png'
43.7026 	EXP 	unnamed Circle: fillColor = '[ 0.  0.  0.] (rgb)'
43.7026 	EXP 	unnamed Circle: pos = array([-650.,  502.])
43.8907 	DATA 	Keypress: right
43.9028 	EXP 	unnamed ImageStim: image = 'inks\\01.png'
43.9028 	EXP 	unnamed Circle: fillColor = '[ 0.  0.  0.] (rgb)'
43.9028 	EXP 	unnamed Circle: pos = array([-650.,  502.])
43.9031 	EXP 	Sound  stopped
44.1031 	EXP 	unnamed ImageStim: image = 'inks\\02.png'
44.1031 	EXP 	unnamed Circle: fillColor = '[ 0.  0.  0.] (rgb)'
44.1031 	EXP 	unnamed Circle: pos = array([-132.427,  260.887])
44.3033 	EXP 	unnamed ImageStim: image = 'inks\\02.png'
44.3033 	EXP 	unnamed Circle: fillColor = '[ 0.  0.  0.] (rgb)'
44.3033 	EXP 	unnamed Circle: pos = array([ 169.78 ,  279.745])
44.5034 	EXP 	unnamed ImageStim: image = 'inks\\02.png'
44.5034 	EXP 	unnamed Circle: fillColor = '[ 0.  0.  0.] (rgb)'
44.5034 	EXP 	unnamed Circle: pos = array([  85.251,  295.577])
44.7039 	EXP 	unnamed ImageStim: image = 'inks\\02.png'
44.7039 	EXP 	unnamed Circle: fillColor = '[ 0.  0.  0.] (rgb)'
44.7039 	EXP 	unnamed Circle: pos = array([-650.,  502.])
44.9040 	EXP 	unnamed ImageStim: image = 'inks\\02.png'
44.9040 	EXP 	unnamed Circle: fillColor = '[ 0.  0.  0.] (rgb)'
44.9040 	EXP 	unnamed Circle: pos = array([-650.,  502.])
45.0829 	DATA 	Keypress: escape
45.1042 	EXP 	unnamed ImageStim: image = 'inks\\02.png'
45.1042 	EXP 	unnamed Circle: fillColor = '[ 0.  0.  0.] (rgb)'
45.1042 	EXP 	unnamed Circle: pos = array([-650.,  502.])
