1.1146 	ERROR 	avbin.dll failed to load.
                     Try importing psychopy.visual as the first library
                     (before anything that uses scipy)
                     and make sure that avbin is installed.
1.1271 	ERROR 	avbin.dll failed to load.
                     Try importing psychopy.visual as the first library
                     (before anything that uses scipy)
                     and make sure that avbin is installed.
1.1701 	WARNING 	Movie2 stim could not be imported and won't be available
21.6846 	WARNING 	Monitor specification not found. Creating a temporary one...
22.2149 	EXP 	Created window1 = Window(allowGUI=False, allowStencil=False, autoLog=True, bitsMode=UNKNOWN, blendMode='avg', color='white', colorSpace='named', fullscr=UNKNOWN, gamma=None, lms=UNKNOWN, monitor=<psychopy.monitors.calibTools.Monitor instance at 0x0AE1A800>, name='window1', pos=[0, 0], screen=1, size=array([1920, 1200]), stereo=False, units=u'pix', useFBO=False, viewOri=0.0, viewPos=None, viewScale=None, waitBlanking=True, winType='pyglet')
22.2170 	EXP 	Created unnamed ImageStim = ImageStim(autoLog=True, color=array([ 1.,  1.,  1.]), colorSpace='rgb', contrast=1.0, depth=0, flipHoriz=False, flipVert=False, image=None, interpolate=False, mask=None, maskParams=None, name='unnamed ImageStim', opacity=1.0, ori=0.0, pos=array([ 0.,  0.]), size=array([ 1.,  1.]), texRes=128, units='height', win=Window(...))
22.2221 	EXP 	Created unnamed Circle = Circle(autoDraw=False, autoLog=True, closeShape=True, contrast=1.0, depth=0, fillColor=None, fillColorSpace='rgb', fillRGB=None, interpolate=True, lineColor=array([ 1.,  1.,  1.]), lineColorSpace='rgb', lineRGB=array([ 1.,  1.,  1.]), lineWidth=1.5, name='unnamed Circle', opacity=1.0, ori=array(0.0), pos=array([ 0.,  0.]), size=array([ 1.,  1.]), units=u'pix', vertices=ndarray(...), win=Window(...))
23.9936 	EXP 	Set  sound=C
23.9995 	EXP 	Set  sound=fe\ringing_alarm.wav
23.9995 	EXP 	Sound  set loops 10
24.0000 	EXP 	Sound  started
24.0593 	EXP 	unnamed ImageStim: image = 'inks\\01.png'
24.0593 	EXP 	unnamed Circle: fillColor = '[ 0.  0.  0.] (rgb)'
24.0593 	EXP 	unnamed Circle: pos = array([ 775.432, -417.128])
24.2661 	EXP 	unnamed ImageStim: image = 'inks\\01.png'
24.2661 	EXP 	unnamed Circle: fillColor = '[ 0.  0.  0.] (rgb)'
24.2661 	EXP 	unnamed Circle: pos = array([ 306.295,   82.095])
24.4663 	EXP 	unnamed ImageStim: image = 'inks\\01.png'
24.4663 	EXP 	unnamed Circle: fillColor = '[ 0.  0.  0.] (rgb)'
24.4663 	EXP 	unnamed Circle: pos = array([ 294.081,   70.391])
24.6831 	EXP 	unnamed ImageStim: image = 'inks\\01.png'
24.6831 	EXP 	unnamed Circle: fillColor = '[ 0.  0.  0.] (rgb)'
24.6831 	EXP 	unnamed Circle: pos = array([  52.165,  169.045])
24.8833 	EXP 	unnamed ImageStim: image = 'inks\\01.png'
24.8833 	EXP 	unnamed Circle: fillColor = '[ 0.  0.  0.] (rgb)'
24.8833 	EXP 	unnamed Circle: pos = array([  64.722,  225.092])
25.0836 	EXP 	unnamed ImageStim: image = 'inks\\01.png'
25.0836 	EXP 	unnamed Circle: fillColor = '[ 0.  0.  0.] (rgb)'
25.0836 	EXP 	unnamed Circle: pos = array([  70.965,  233.906])
25.2836 	EXP 	unnamed ImageStim: image = 'inks\\01.png'
25.2836 	EXP 	unnamed Circle: fillColor = '[ 0.  0.  0.] (rgb)'
25.2836 	EXP 	unnamed Circle: pos = array([  71.449,  221.665])
25.4838 	EXP 	unnamed ImageStim: image = 'inks\\01.png'
25.4838 	EXP 	unnamed Circle: fillColor = '[ 0.  0.  0.] (rgb)'
25.4838 	EXP 	unnamed Circle: pos = array([  56.113,  229.862])
25.6873 	EXP 	unnamed ImageStim: image = 'inks\\01.png'
25.6873 	EXP 	unnamed Circle: fillColor = '[ 0.  0.  0.] (rgb)'
25.6873 	EXP 	unnamed Circle: pos = array([  79.999,  237.522])
25.9009 	EXP 	unnamed ImageStim: image = 'inks\\01.png'
25.9009 	EXP 	unnamed Circle: fillColor = '[ 0.  0.  0.] (rgb)'
25.9009 	EXP 	unnamed Circle: pos = array([  79.021,  233.034])
26.1009 	EXP 	unnamed ImageStim: image = 'inks\\01.png'
26.1009 	EXP 	unnamed Circle: fillColor = '[ 0.  0.  0.] (rgb)'
26.1009 	EXP 	unnamed Circle: pos = array([  85.532,  202.061])
26.3011 	EXP 	unnamed ImageStim: image = 'inks\\01.png'
26.3011 	EXP 	unnamed Circle: fillColor = '[ 0.  0.  0.] (rgb)'
26.3011 	EXP 	unnamed Circle: pos = array([  82.263,  203.022])
26.5014 	EXP 	unnamed ImageStim: image = 'inks\\01.png'
26.5014 	EXP 	unnamed Circle: fillColor = '[ 0.  0.  0.] (rgb)'
26.5014 	EXP 	unnamed Circle: pos = array([ 107.89 ,  193.073])
26.7019 	EXP 	unnamed ImageStim: image = 'inks\\01.png'
26.7019 	EXP 	unnamed Circle: fillColor = '[ 0.  0.  0.] (rgb)'
26.7019 	EXP 	unnamed Circle: pos = array([ 120.654,  194.813])
26.9016 	EXP 	unnamed ImageStim: image = 'inks\\01.png'
26.9016 	EXP 	unnamed Circle: fillColor = '[ 0.  0.  0.] (rgb)'
26.9016 	EXP 	unnamed Circle: pos = array([ 351.367,  123.973])
27.1018 	EXP 	unnamed ImageStim: image = 'inks\\01.png'
27.1018 	EXP 	unnamed Circle: fillColor = '[ 0.  0.  0.] (rgb)'
27.1018 	EXP 	unnamed Circle: pos = array([  80.188,  210.445])
27.2879 	EXP 	unnamed ImageStim: image = 'inks\\01.png'
27.2879 	EXP 	unnamed Circle: fillColor = '[ 0.  0.  0.] (rgb)'
27.2879 	EXP 	unnamed Circle: pos = array([  91.422,  175.583])
27.4854 	EXP 	unnamed ImageStim: image = 'inks\\01.png'
27.4854 	EXP 	unnamed Circle: fillColor = '[ 0.  0.  0.] (rgb)'
27.4854 	EXP 	unnamed Circle: pos = array([ 602.507,   96.77 ])
27.6856 	EXP 	unnamed ImageStim: image = 'inks\\01.png'
27.6856 	EXP 	unnamed Circle: fillColor = '[ 0.  0.  0.] (rgb)'
27.6856 	EXP 	unnamed Circle: pos = array([ 613.105,   93.383])
27.8857 	EXP 	unnamed ImageStim: image = 'inks\\01.png'
27.8857 	EXP 	unnamed Circle: fillColor = '[ 0.  0.  0.] (rgb)'
27.8857 	EXP 	unnamed Circle: pos = array([ 111.448,  148.312])
28.0862 	EXP 	unnamed ImageStim: image = 'inks\\01.png'
28.0862 	EXP 	unnamed Circle: fillColor = '[ 0.  0.  0.] (rgb)'
28.0862 	EXP 	unnamed Circle: pos = array([ 105.496,  173.315])
28.2861 	EXP 	unnamed ImageStim: image = 'inks\\01.png'
28.2861 	EXP 	unnamed Circle: fillColor = '[ 0.  0.  0.] (rgb)'
28.2861 	EXP 	unnamed Circle: pos = array([-650.,  502.])
28.4862 	EXP 	unnamed ImageStim: image = 'inks\\01.png'
28.4862 	EXP 	unnamed Circle: fillColor = '[ 0.  0.  0.] (rgb)'
28.4862 	EXP 	unnamed Circle: pos = array([-650.,  502.])
28.6865 	EXP 	unnamed ImageStim: image = 'inks\\01.png'
28.6865 	EXP 	unnamed Circle: fillColor = '[ 0.  0.  0.] (rgb)'
28.6865 	EXP 	unnamed Circle: pos = array([-650.,  502.])
28.9036 	EXP 	unnamed ImageStim: image = 'inks\\01.png'
28.9036 	EXP 	unnamed Circle: fillColor = '[ 0.  0.  0.] (rgb)'
28.9036 	EXP 	unnamed Circle: pos = array([-650.,  502.])
29.1035 	EXP 	unnamed ImageStim: image = 'inks\\01.png'
29.1035 	EXP 	unnamed Circle: fillColor = '[ 0.  0.  0.] (rgb)'
29.1035 	EXP 	unnamed Circle: pos = array([-650.,  502.])
29.3037 	EXP 	unnamed ImageStim: image = 'inks\\01.png'
29.3037 	EXP 	unnamed Circle: fillColor = '[ 0.  0.  0.] (rgb)'
29.3037 	EXP 	unnamed Circle: pos = array([-650.,  502.])
29.5039 	EXP 	unnamed ImageStim: image = 'inks\\01.png'
29.5039 	EXP 	unnamed Circle: fillColor = '[ 0.  0.  0.] (rgb)'
29.5039 	EXP 	unnamed Circle: pos = array([-650.,  502.])
29.7040 	EXP 	unnamed ImageStim: image = 'inks\\01.png'
29.7040 	EXP 	unnamed Circle: fillColor = '[ 0.  0.  0.] (rgb)'
29.7040 	EXP 	unnamed Circle: pos = array([-650.,  502.])
29.9041 	EXP 	unnamed ImageStim: image = 'inks\\01.png'
29.9041 	EXP 	unnamed Circle: fillColor = '[ 0.  0.  0.] (rgb)'
29.9041 	EXP 	unnamed Circle: pos = array([-650.,  502.])
30.1062 	EXP 	unnamed ImageStim: image = 'inks\\01.png'
30.1062 	EXP 	unnamed Circle: fillColor = '[ 0.  0.  0.] (rgb)'
30.1062 	EXP 	unnamed Circle: pos = array([-650.,  502.])
30.3213 	EXP 	unnamed ImageStim: image = 'inks\\01.png'
30.3213 	EXP 	unnamed Circle: fillColor = '[ 0.  0.  0.] (rgb)'
30.3213 	EXP 	unnamed Circle: pos = array([-650.,  502.])
30.5381 	EXP 	unnamed ImageStim: image = 'inks\\01.png'
30.5381 	EXP 	unnamed Circle: fillColor = '[ 0.  0.  0.] (rgb)'
30.5381 	EXP 	unnamed Circle: pos = array([-650.,  502.])
30.7382 	EXP 	unnamed ImageStim: image = 'inks\\01.png'
30.7382 	EXP 	unnamed Circle: fillColor = '[ 0.  0.  0.] (rgb)'
30.7382 	EXP 	unnamed Circle: pos = array([-650.,  502.])
30.9383 	EXP 	unnamed ImageStim: image = 'inks\\01.png'
30.9383 	EXP 	unnamed Circle: fillColor = '[ 0.  0.  0.] (rgb)'
30.9383 	EXP 	unnamed Circle: pos = array([-650.,  502.])
31.1386 	EXP 	unnamed ImageStim: image = 'inks\\01.png'
31.1386 	EXP 	unnamed Circle: fillColor = '[ 0.  0.  0.] (rgb)'
31.1386 	EXP 	unnamed Circle: pos = array([-650.,  502.])
31.3389 	EXP 	unnamed ImageStim: image = 'inks\\01.png'
31.3389 	EXP 	unnamed Circle: fillColor = '[ 0.  0.  0.] (rgb)'
31.3389 	EXP 	unnamed Circle: pos = array([-650.,  502.])
31.5390 	EXP 	unnamed ImageStim: image = 'inks\\01.png'
31.5390 	EXP 	unnamed Circle: fillColor = '[ 0.  0.  0.] (rgb)'
31.5390 	EXP 	unnamed Circle: pos = array([-650.,  502.])
31.7391 	EXP 	unnamed ImageStim: image = 'inks\\01.png'
31.7391 	EXP 	unnamed Circle: fillColor = '[ 0.  0.  0.] (rgb)'
31.7391 	EXP 	unnamed Circle: pos = array([-650.,  502.])
31.9393 	EXP 	unnamed ImageStim: image = 'inks\\01.png'
31.9393 	EXP 	unnamed Circle: fillColor = '[ 0.  0.  0.] (rgb)'
31.9393 	EXP 	unnamed Circle: pos = array([-650.,  502.])
32.1395 	EXP 	unnamed ImageStim: image = 'inks\\01.png'
32.1395 	EXP 	unnamed Circle: fillColor = '[ 0.  0.  0.] (rgb)'
32.1395 	EXP 	unnamed Circle: pos = array([-650.,  502.])
32.3395 	EXP 	unnamed ImageStim: image = 'inks\\01.png'
32.3395 	EXP 	unnamed Circle: fillColor = '[ 0.  0.  0.] (rgb)'
32.3395 	EXP 	unnamed Circle: pos = array([-650.,  502.])
32.5398 	EXP 	unnamed ImageStim: image = 'inks\\01.png'
32.5398 	EXP 	unnamed Circle: fillColor = '[ 0.  0.  0.] (rgb)'
32.5398 	EXP 	unnamed Circle: pos = array([-650.,  502.])
32.7400 	EXP 	unnamed ImageStim: image = 'inks\\01.png'
32.7400 	EXP 	unnamed Circle: fillColor = '[ 0.  0.  0.] (rgb)'
32.7400 	EXP 	unnamed Circle: pos = array([  25.168,  307.07 ])
32.9401 	EXP 	unnamed ImageStim: image = 'inks\\01.png'
32.9401 	EXP 	unnamed Circle: fillColor = '[ 0.  0.  0.] (rgb)'
32.9401 	EXP 	unnamed Circle: pos = array([-411.155,  606.341])
33.1576 	EXP 	unnamed ImageStim: image = 'inks\\01.png'
33.1576 	EXP 	unnamed Circle: fillColor = '[ 0.  0.  0.] (rgb)'
33.1576 	EXP 	unnamed Circle: pos = array([-384.358,  604.12 ])
33.3906 	EXP 	unnamed ImageStim: image = 'inks\\01.png'
33.3906 	EXP 	unnamed Circle: fillColor = '[ 0.  0.  0.] (rgb)'
33.3906 	EXP 	unnamed Circle: pos = array([-381.184,  598.418])
33.6075 	EXP 	unnamed ImageStim: image = 'inks\\01.png'
33.6075 	EXP 	unnamed Circle: fillColor = '[ 0.  0.  0.] (rgb)'
33.6075 	EXP 	unnamed Circle: pos = array([-332.495,  605.49 ])
33.8076 	EXP 	unnamed ImageStim: image = 'inks\\01.png'
33.8076 	EXP 	unnamed Circle: fillColor = '[ 0.  0.  0.] (rgb)'
33.8076 	EXP 	unnamed Circle: pos = array([-329.268,  604.958])
34.0078 	EXP 	unnamed ImageStim: image = 'inks\\01.png'
34.0078 	EXP 	unnamed Circle: fillColor = '[ 0.  0.  0.] (rgb)'
34.0078 	EXP 	unnamed Circle: pos = array([-390.442,  608.602])
34.2089 	EXP 	unnamed ImageStim: image = 'inks\\01.png'
34.2089 	EXP 	unnamed Circle: fillColor = '[ 0.  0.  0.] (rgb)'
34.2089 	EXP 	unnamed Circle: pos = array([-650.,  502.])
34.4096 	EXP 	unnamed ImageStim: image = 'inks\\01.png'
34.4096 	EXP 	unnamed Circle: fillColor = '[ 0.  0.  0.] (rgb)'
34.4096 	EXP 	unnamed Circle: pos = array([-650.,  502.])
34.6085 	EXP 	unnamed ImageStim: image = 'inks\\01.png'
34.6085 	EXP 	unnamed Circle: fillColor = '[ 0.  0.  0.] (rgb)'
34.6085 	EXP 	unnamed Circle: pos = array([-650.,  502.])
34.8082 	EXP 	unnamed ImageStim: image = 'inks\\01.png'
34.8082 	EXP 	unnamed Circle: fillColor = '[ 0.  0.  0.] (rgb)'
34.8082 	EXP 	unnamed Circle: pos = array([-650.,  502.])
35.0084 	EXP 	unnamed ImageStim: image = 'inks\\01.png'
35.0084 	EXP 	unnamed Circle: fillColor = '[ 0.  0.  0.] (rgb)'
35.0084 	EXP 	unnamed Circle: pos = array([-650.,  502.])
35.2256 	EXP 	unnamed ImageStim: image = 'inks\\01.png'
35.2256 	EXP 	unnamed Circle: fillColor = '[ 0.  0.  0.] (rgb)'
35.2256 	EXP 	unnamed Circle: pos = array([-650.,  502.])
35.4255 	EXP 	unnamed ImageStim: image = 'inks\\01.png'
35.4255 	EXP 	unnamed Circle: fillColor = '[ 0.  0.  0.] (rgb)'
35.4255 	EXP 	unnamed Circle: pos = array([-650.,  502.])
35.6257 	EXP 	unnamed ImageStim: image = 'inks\\01.png'
35.6257 	EXP 	unnamed Circle: fillColor = '[ 0.  0.  0.] (rgb)'
35.6257 	EXP 	unnamed Circle: pos = array([-650.,  502.])
35.8258 	EXP 	unnamed ImageStim: image = 'inks\\01.png'
35.8258 	EXP 	unnamed Circle: fillColor = '[ 0.  0.  0.] (rgb)'
35.8258 	EXP 	unnamed Circle: pos = array([-396.681,  464.582])
36.0260 	EXP 	unnamed ImageStim: image = 'inks\\01.png'
36.0260 	EXP 	unnamed Circle: fillColor = '[ 0.  0.  0.] (rgb)'
36.0260 	EXP 	unnamed Circle: pos = array([-364.391,  539.866])
36.2263 	EXP 	unnamed ImageStim: image = 'inks\\01.png'
36.2263 	EXP 	unnamed Circle: fillColor = '[ 0.  0.  0.] (rgb)'
36.2263 	EXP 	unnamed Circle: pos = array([-372.277,  546.557])
36.4264 	EXP 	unnamed ImageStim: image = 'inks\\01.png'
36.4264 	EXP 	unnamed Circle: fillColor = '[ 0.  0.  0.] (rgb)'
36.4264 	EXP 	unnamed Circle: pos = array([ 118.833,  363.659])
36.6267 	EXP 	unnamed ImageStim: image = 'inks\\01.png'
36.6267 	EXP 	unnamed Circle: fillColor = '[ 0.  0.  0.] (rgb)'
36.6267 	EXP 	unnamed Circle: pos = array([ 105.248,  408.781])
36.8269 	EXP 	unnamed ImageStim: image = 'inks\\01.png'
36.8269 	EXP 	unnamed Circle: fillColor = '[ 0.  0.  0.] (rgb)'
36.8269 	EXP 	unnamed Circle: pos = array([-319.994,  566.631])
37.0269 	EXP 	unnamed ImageStim: image = 'inks\\01.png'
37.0269 	EXP 	unnamed Circle: fillColor = '[ 0.  0.  0.] (rgb)'
37.0269 	EXP 	unnamed Circle: pos = array([-481.063,  340.018])
37.2271 	EXP 	unnamed ImageStim: image = 'inks\\01.png'
37.2271 	EXP 	unnamed Circle: fillColor = '[ 0.  0.  0.] (rgb)'
37.2271 	EXP 	unnamed Circle: pos = array([-426.679,  257.45 ])
37.4272 	EXP 	unnamed ImageStim: image = 'inks\\01.png'
37.4272 	EXP 	unnamed Circle: fillColor = '[ 0.  0.  0.] (rgb)'
37.4272 	EXP 	unnamed Circle: pos = array([-408.192,  227.764])
37.6276 	EXP 	unnamed ImageStim: image = 'inks\\01.png'
37.6276 	EXP 	unnamed Circle: fillColor = '[ 0.  0.  0.] (rgb)'
37.6276 	EXP 	unnamed Circle: pos = array([-405.319,  244.193])
37.8277 	EXP 	unnamed ImageStim: image = 'inks\\01.png'
37.8277 	EXP 	unnamed Circle: fillColor = '[ 0.  0.  0.] (rgb)'
37.8277 	EXP 	unnamed Circle: pos = array([-513.641,  413.231])
38.0278 	EXP 	unnamed ImageStim: image = 'inks\\01.png'
38.0278 	EXP 	unnamed Circle: fillColor = '[ 0.  0.  0.] (rgb)'
38.0278 	EXP 	unnamed Circle: pos = array([-439.187,  313.935])
38.2280 	EXP 	unnamed ImageStim: image = 'inks\\01.png'
38.2280 	EXP 	unnamed Circle: fillColor = '[ 0.  0.  0.] (rgb)'
38.2280 	EXP 	unnamed Circle: pos = array([-249.948,  290.868])
38.4281 	EXP 	unnamed ImageStim: image = 'inks\\01.png'
38.4281 	EXP 	unnamed Circle: fillColor = '[ 0.  0.  0.] (rgb)'
38.4281 	EXP 	unnamed Circle: pos = array([-245.166,  305.325])
38.6284 	EXP 	unnamed ImageStim: image = 'inks\\01.png'
38.6284 	EXP 	unnamed Circle: fillColor = '[ 0.  0.  0.] (rgb)'
38.6284 	EXP 	unnamed Circle: pos = array([-294.287,  475.693])
38.8286 	EXP 	unnamed ImageStim: image = 'inks\\01.png'
38.8286 	EXP 	unnamed Circle: fillColor = '[ 0.  0.  0.] (rgb)'
38.8286 	EXP 	unnamed Circle: pos = array([  81.275,  208.829])
39.0286 	EXP 	unnamed ImageStim: image = 'inks\\01.png'
39.0286 	EXP 	unnamed Circle: fillColor = '[ 0.  0.  0.] (rgb)'
39.0286 	EXP 	unnamed Circle: pos = array([  75.019,  236.209])
39.2288 	EXP 	unnamed ImageStim: image = 'inks\\01.png'
39.2288 	EXP 	unnamed Circle: fillColor = '[ 0.  0.  0.] (rgb)'
39.2288 	EXP 	unnamed Circle: pos = array([  46.57,  355.01])
39.4288 	EXP 	unnamed ImageStim: image = 'inks\\01.png'
39.4288 	EXP 	unnamed Circle: fillColor = '[ 0.  0.  0.] (rgb)'
39.4288 	EXP 	unnamed Circle: pos = array([  58.849,  335.983])
39.6290 	EXP 	unnamed ImageStim: image = 'inks\\01.png'
39.6290 	EXP 	unnamed Circle: fillColor = '[ 0.  0.  0.] (rgb)'
39.6290 	EXP 	unnamed Circle: pos = array([ 513.414,  142.723])
39.8294 	EXP 	unnamed ImageStim: image = 'inks\\01.png'
39.8294 	EXP 	unnamed Circle: fillColor = '[ 0.  0.  0.] (rgb)'
39.8294 	EXP 	unnamed Circle: pos = array([ 424.444,  179.796])
40.0295 	EXP 	unnamed ImageStim: image = 'inks\\01.png'
40.0295 	EXP 	unnamed Circle: fillColor = '[ 0.  0.  0.] (rgb)'
40.0295 	EXP 	unnamed Circle: pos = array([ 432.422,  214.514])
40.2299 	EXP 	unnamed ImageStim: image = 'inks\\01.png'
40.2299 	EXP 	unnamed Circle: fillColor = '[ 0.  0.  0.] (rgb)'
40.2299 	EXP 	unnamed Circle: pos = array([ 819.35 ,   44.246])
40.4298 	EXP 	unnamed ImageStim: image = 'inks\\01.png'
40.4298 	EXP 	unnamed Circle: fillColor = '[ 0.  0.  0.] (rgb)'
40.4298 	EXP 	unnamed Circle: pos = array([ 824.051,   47.309])
40.6300 	EXP 	unnamed ImageStim: image = 'inks\\01.png'
40.6300 	EXP 	unnamed Circle: fillColor = '[ 0.  0.  0.] (rgb)'
40.6300 	EXP 	unnamed Circle: pos = array([ 1064.039,    26.653])
40.8301 	EXP 	unnamed ImageStim: image = 'inks\\01.png'
40.8301 	EXP 	unnamed Circle: fillColor = '[ 0.  0.  0.] (rgb)'
40.8301 	EXP 	unnamed Circle: pos = array([ 1098.508,   -29.459])
41.0304 	EXP 	unnamed ImageStim: image = 'inks\\01.png'
41.0304 	EXP 	unnamed Circle: fillColor = '[ 0.  0.  0.] (rgb)'
41.0304 	EXP 	unnamed Circle: pos = array([ 1127.844,   -38.11 ])
41.2307 	EXP 	unnamed ImageStim: image = 'inks\\01.png'
41.2307 	EXP 	unnamed Circle: fillColor = '[ 0.  0.  0.] (rgb)'
41.2307 	EXP 	unnamed Circle: pos = array([ 1189.239,   -38.948])
41.4308 	EXP 	unnamed ImageStim: image = 'inks\\01.png'
41.4308 	EXP 	unnamed Circle: fillColor = '[ 0.  0.  0.] (rgb)'
41.4308 	EXP 	unnamed Circle: pos = array([ 1193.281,  -131.819])
41.6308 	EXP 	unnamed ImageStim: image = 'inks\\01.png'
41.6308 	EXP 	unnamed Circle: fillColor = '[ 0.  0.  0.] (rgb)'
41.6308 	EXP 	unnamed Circle: pos = array([-650.,  502.])
41.8309 	EXP 	unnamed ImageStim: image = 'inks\\01.png'
41.8309 	EXP 	unnamed Circle: fillColor = '[ 0.  0.  0.] (rgb)'
41.8309 	EXP 	unnamed Circle: pos = array([-650.,  502.])
42.0311 	EXP 	unnamed ImageStim: image = 'inks\\01.png'
42.0311 	EXP 	unnamed Circle: fillColor = '[ 0.  0.  0.] (rgb)'
42.0311 	EXP 	unnamed Circle: pos = array([-650.,  502.])
42.2315 	EXP 	unnamed ImageStim: image = 'inks\\01.png'
42.2315 	EXP 	unnamed Circle: fillColor = '[ 0.  0.  0.] (rgb)'
42.2315 	EXP 	unnamed Circle: pos = array([-650.,  502.])
42.4317 	EXP 	unnamed ImageStim: image = 'inks\\01.png'
42.4317 	EXP 	unnamed Circle: fillColor = '[ 0.  0.  0.] (rgb)'
42.4317 	EXP 	unnamed Circle: pos = array([-650.,  502.])
42.6318 	EXP 	unnamed ImageStim: image = 'inks\\01.png'
42.6318 	EXP 	unnamed Circle: fillColor = '[ 0.  0.  0.] (rgb)'
42.6318 	EXP 	unnamed Circle: pos = array([-650.,  502.])
42.8164 	EXP 	unnamed ImageStim: image = 'inks\\01.png'
42.8164 	EXP 	unnamed Circle: fillColor = '[ 0.  0.  0.] (rgb)'
42.8164 	EXP 	unnamed Circle: pos = array([-650.,  502.])
43.0153 	EXP 	unnamed ImageStim: image = 'inks\\01.png'
43.0153 	EXP 	unnamed Circle: fillColor = '[ 0.  0.  0.] (rgb)'
43.0153 	EXP 	unnamed Circle: pos = array([-650.,  502.])
43.2155 	EXP 	unnamed ImageStim: image = 'inks\\01.png'
43.2155 	EXP 	unnamed Circle: fillColor = '[ 0.  0.  0.] (rgb)'
43.2155 	EXP 	unnamed Circle: pos = array([-650.,  502.])
43.4324 	EXP 	unnamed ImageStim: image = 'inks\\01.png'
43.4324 	EXP 	unnamed Circle: fillColor = '[ 0.  0.  0.] (rgb)'
43.4324 	EXP 	unnamed Circle: pos = array([-650.,  502.])
43.6326 	EXP 	unnamed ImageStim: image = 'inks\\01.png'
43.6326 	EXP 	unnamed Circle: fillColor = '[ 0.  0.  0.] (rgb)'
43.6326 	EXP 	unnamed Circle: pos = array([ 970.029, -767.198])
43.8327 	EXP 	unnamed ImageStim: image = 'inks\\01.png'
43.8327 	EXP 	unnamed Circle: fillColor = '[ 0.  0.  0.] (rgb)'
43.8327 	EXP 	unnamed Circle: pos = array([ 883.444, -573.103])
44.0330 	EXP 	unnamed ImageStim: image = 'inks\\01.png'
44.0330 	EXP 	unnamed Circle: fillColor = '[ 0.  0.  0.] (rgb)'
44.0330 	EXP 	unnamed Circle: pos = array([ 901.266, -586.812])
44.2337 	EXP 	unnamed ImageStim: image = 'inks\\01.png'
44.2337 	EXP 	unnamed Circle: fillColor = '[ 0.  0.  0.] (rgb)'
44.2337 	EXP 	unnamed Circle: pos = array([ 892.082, -592.89 ])
44.4332 	EXP 	unnamed ImageStim: image = 'inks\\01.png'
44.4332 	EXP 	unnamed Circle: fillColor = '[ 0.  0.  0.] (rgb)'
44.4332 	EXP 	unnamed Circle: pos = array([ 138.19 , -264.034])
44.6503 	EXP 	unnamed ImageStim: image = 'inks\\01.png'
44.6503 	EXP 	unnamed Circle: fillColor = '[ 0.  0.  0.] (rgb)'
44.6503 	EXP 	unnamed Circle: pos = array([ 159.583,  -32.429])
44.8502 	EXP 	unnamed ImageStim: image = 'inks\\01.png'
44.8502 	EXP 	unnamed Circle: fillColor = '[ 0.  0.  0.] (rgb)'
44.8502 	EXP 	unnamed Circle: pos = array([ 158.226,    1.424])
45.0504 	EXP 	unnamed ImageStim: image = 'inks\\01.png'
45.0504 	EXP 	unnamed Circle: fillColor = '[ 0.  0.  0.] (rgb)'
45.0504 	EXP 	unnamed Circle: pos = array([ 224.076,   -3.517])
45.2508 	EXP 	unnamed ImageStim: image = 'inks\\01.png'
45.2508 	EXP 	unnamed Circle: fillColor = '[ 0.  0.  0.] (rgb)'
45.2508 	EXP 	unnamed Circle: pos = array([ 320.531,  -12.977])
45.4509 	EXP 	unnamed ImageStim: image = 'inks\\01.png'
45.4509 	EXP 	unnamed Circle: fillColor = '[ 0.  0.  0.] (rgb)'
45.4509 	EXP 	unnamed Circle: pos = array([ 328.51 ,   -9.089])
45.6509 	EXP 	unnamed ImageStim: image = 'inks\\01.png'
45.6509 	EXP 	unnamed Circle: fillColor = '[ 0.  0.  0.] (rgb)'
45.6509 	EXP 	unnamed Circle: pos = array([ 346.172,  -26.741])
45.8511 	EXP 	unnamed ImageStim: image = 'inks\\01.png'
45.8511 	EXP 	unnamed Circle: fillColor = '[ 0.  0.  0.] (rgb)'
45.8511 	EXP 	unnamed Circle: pos = array([ 349.514,  -49.834])
46.0514 	EXP 	unnamed ImageStim: image = 'inks\\01.png'
46.0514 	EXP 	unnamed Circle: fillColor = '[ 0.  0.  0.] (rgb)'
46.0514 	EXP 	unnamed Circle: pos = array([ 317.685,  -49.668])
46.2683 	EXP 	unnamed ImageStim: image = 'inks\\01.png'
46.2683 	EXP 	unnamed Circle: fillColor = '[ 0.  0.  0.] (rgb)'
46.2683 	EXP 	unnamed Circle: pos = array([ 321.635,  -28.961])
46.4684 	EXP 	unnamed ImageStim: image = 'inks\\01.png'
46.4684 	EXP 	unnamed Circle: fillColor = '[ 0.  0.  0.] (rgb)'
46.4684 	EXP 	unnamed Circle: pos = array([ 318.843,   -8.644])
46.6684 	EXP 	unnamed ImageStim: image = 'inks\\01.png'
46.6684 	EXP 	unnamed Circle: fillColor = '[ 0.  0.  0.] (rgb)'
46.6684 	EXP 	unnamed Circle: pos = array([ 315.514,    5.935])
46.8698 	EXP 	unnamed ImageStim: image = 'inks\\01.png'
46.8698 	EXP 	unnamed Circle: fillColor = '[ 0.  0.  0.] (rgb)'
46.8698 	EXP 	unnamed Circle: pos = array([ 317.876,   -1.436])
47.0688 	EXP 	unnamed ImageStim: image = 'inks\\01.png'
47.0688 	EXP 	unnamed Circle: fillColor = '[ 0.  0.  0.] (rgb)'
47.0688 	EXP 	unnamed Circle: pos = array([ 329.698,    6.44 ])
47.2690 	EXP 	unnamed ImageStim: image = 'inks\\01.png'
47.2690 	EXP 	unnamed Circle: fillColor = '[ 0.  0.  0.] (rgb)'
47.2690 	EXP 	unnamed Circle: pos = array([ 328.663,   -1.982])
47.4707 	EXP 	unnamed ImageStim: image = 'inks\\01.png'
47.4707 	EXP 	unnamed Circle: fillColor = '[ 0.  0.  0.] (rgb)'
47.4707 	EXP 	unnamed Circle: pos = array([ 790.083,  165.902])
47.6694 	EXP 	unnamed ImageStim: image = 'inks\\01.png'
47.6694 	EXP 	unnamed Circle: fillColor = '[ 0.  0.  0.] (rgb)'
47.6694 	EXP 	unnamed Circle: pos = array([ 869.957,  256.65 ])
47.8695 	EXP 	unnamed ImageStim: image = 'inks\\01.png'
47.8695 	EXP 	unnamed Circle: fillColor = '[ 0.  0.  0.] (rgb)'
47.8695 	EXP 	unnamed Circle: pos = array([ 881.737,  268.128])
48.0698 	EXP 	unnamed ImageStim: image = 'inks\\01.png'
48.0698 	EXP 	unnamed Circle: fillColor = '[ 0.  0.  0.] (rgb)'
48.0698 	EXP 	unnamed Circle: pos = array([ 902.142,  278.085])
48.2700 	EXP 	unnamed ImageStim: image = 'inks\\01.png'
48.2700 	EXP 	unnamed Circle: fillColor = '[ 0.  0.  0.] (rgb)'
48.2700 	EXP 	unnamed Circle: pos = array([ 891.193,  254.541])
48.4701 	EXP 	unnamed ImageStim: image = 'inks\\01.png'
48.4701 	EXP 	unnamed Circle: fillColor = '[ 0.  0.  0.] (rgb)'
48.4701 	EXP 	unnamed Circle: pos = array([ 895.195,  259.615])
48.6704 	EXP 	unnamed ImageStim: image = 'inks\\01.png'
48.6704 	EXP 	unnamed Circle: fillColor = '[ 0.  0.  0.] (rgb)'
48.6704 	EXP 	unnamed Circle: pos = array([ 1182.426,   172.652])
48.8705 	EXP 	unnamed ImageStim: image = 'inks\\01.png'
48.8705 	EXP 	unnamed Circle: fillColor = '[ 0.  0.  0.] (rgb)'
48.8705 	EXP 	unnamed Circle: pos = array([ 1142.811,   111.764])
49.0705 	EXP 	unnamed ImageStim: image = 'inks\\01.png'
49.0705 	EXP 	unnamed Circle: fillColor = '[ 0.  0.  0.] (rgb)'
49.0705 	EXP 	unnamed Circle: pos = array([ 1135.461,    78.097])
49.2709 	EXP 	unnamed ImageStim: image = 'inks\\01.png'
49.2709 	EXP 	unnamed Circle: fillColor = '[ 0.  0.  0.] (rgb)'
49.2709 	EXP 	unnamed Circle: pos = array([ 1141.444,    72.675])
49.4710 	EXP 	unnamed ImageStim: image = 'inks\\01.png'
49.4710 	EXP 	unnamed Circle: fillColor = '[ 0.  0.  0.] (rgb)'
49.4710 	EXP 	unnamed Circle: pos = array([-650.,  502.])
49.6712 	EXP 	unnamed ImageStim: image = 'inks\\01.png'
49.6712 	EXP 	unnamed Circle: fillColor = '[ 0.  0.  0.] (rgb)'
49.6712 	EXP 	unnamed Circle: pos = array([-19.831,  19.463])
49.8716 	EXP 	unnamed ImageStim: image = 'inks\\01.png'
49.8716 	EXP 	unnamed Circle: fillColor = '[ 0.  0.  0.] (rgb)'
49.8716 	EXP 	unnamed Circle: pos = array([-28.703,  34.156])
50.0715 	EXP 	unnamed ImageStim: image = 'inks\\01.png'
50.0715 	EXP 	unnamed Circle: fillColor = '[ 0.  0.  0.] (rgb)'
50.0715 	EXP 	unnamed Circle: pos = array([-350.79 ,  525.903])
50.2715 	EXP 	unnamed ImageStim: image = 'inks\\01.png'
50.2715 	EXP 	unnamed Circle: fillColor = '[ 0.  0.  0.] (rgb)'
50.2715 	EXP 	unnamed Circle: pos = array([-356.126,  542.725])
50.4886 	EXP 	unnamed ImageStim: image = 'inks\\01.png'
50.4886 	EXP 	unnamed Circle: fillColor = '[ 0.  0.  0.] (rgb)'
50.4886 	EXP 	unnamed Circle: pos = array([-352.67 ,  540.765])
50.6888 	EXP 	unnamed ImageStim: image = 'inks\\01.png'
50.6888 	EXP 	unnamed Circle: fillColor = '[ 0.  0.  0.] (rgb)'
50.6888 	EXP 	unnamed Circle: pos = array([-334.182,  499.176])
50.8892 	EXP 	unnamed ImageStim: image = 'inks\\01.png'
50.8892 	EXP 	unnamed Circle: fillColor = '[ 0.  0.  0.] (rgb)'
50.8892 	EXP 	unnamed Circle: pos = array([-360.516,  491.134])
51.0890 	EXP 	unnamed ImageStim: image = 'inks\\01.png'
51.0890 	EXP 	unnamed Circle: fillColor = '[ 0.  0.  0.] (rgb)'
51.0890 	EXP 	unnamed Circle: pos = array([-132.779,  505.503])
51.3235 	EXP 	unnamed ImageStim: image = 'inks\\01.png'
51.3235 	EXP 	unnamed Circle: fillColor = '[ 0.  0.  0.] (rgb)'
51.3235 	EXP 	unnamed Circle: pos = array([-124.669,  480.497])
51.5394 	EXP 	unnamed ImageStim: image = 'inks\\01.png'
51.5394 	EXP 	unnamed Circle: fillColor = '[ 0.  0.  0.] (rgb)'
51.5394 	EXP 	unnamed Circle: pos = array([-387.638,  542.953])
51.7396 	EXP 	unnamed ImageStim: image = 'inks\\01.png'
51.7396 	EXP 	unnamed Circle: fillColor = '[ 0.  0.  0.] (rgb)'
51.7396 	EXP 	unnamed Circle: pos = array([-650.,  502.])
51.9409 	EXP 	unnamed ImageStim: image = 'inks\\01.png'
51.9409 	EXP 	unnamed Circle: fillColor = '[ 0.  0.  0.] (rgb)'
51.9409 	EXP 	unnamed Circle: pos = array([-375.542,  482.348])
52.1400 	EXP 	unnamed ImageStim: image = 'inks\\01.png'
52.1400 	EXP 	unnamed Circle: fillColor = '[ 0.  0.  0.] (rgb)'
52.1400 	EXP 	unnamed Circle: pos = array([-211.425,  473.628])
52.3411 	EXP 	unnamed ImageStim: image = 'inks\\01.png'
52.3411 	EXP 	unnamed Circle: fillColor = '[ 0.  0.  0.] (rgb)'
52.3411 	EXP 	unnamed Circle: pos = array([-368.33,  400.31])
52.5402 	EXP 	unnamed ImageStim: image = 'inks\\01.png'
52.5402 	EXP 	unnamed Circle: fillColor = '[ 0.  0.  0.] (rgb)'
52.5402 	EXP 	unnamed Circle: pos = array([-334.781,  348.701])
52.7405 	EXP 	unnamed ImageStim: image = 'inks\\01.png'
52.7405 	EXP 	unnamed Circle: fillColor = '[ 0.  0.  0.] (rgb)'
52.7405 	EXP 	unnamed Circle: pos = array([-311.837,  289.126])
52.9405 	EXP 	unnamed ImageStim: image = 'inks\\01.png'
52.9405 	EXP 	unnamed Circle: fillColor = '[ 0.  0.  0.] (rgb)'
52.9405 	EXP 	unnamed Circle: pos = array([-305.557,  303.875])
53.1408 	EXP 	unnamed ImageStim: image = 'inks\\01.png'
53.1408 	EXP 	unnamed Circle: fillColor = '[ 0.  0.  0.] (rgb)'
53.1408 	EXP 	unnamed Circle: pos = array([-547.088,  497.641])
53.3428 	EXP 	unnamed ImageStim: image = 'inks\\01.png'
53.3428 	EXP 	unnamed Circle: fillColor = '[ 0.  0.  0.] (rgb)'
53.3428 	EXP 	unnamed Circle: pos = array([-509.529,  461.26 ])
53.5467 	EXP 	unnamed ImageStim: image = 'inks\\01.png'
53.5467 	EXP 	unnamed Circle: fillColor = '[ 0.  0.  0.] (rgb)'
53.5467 	EXP 	unnamed Circle: pos = array([-502.368,  449.35 ])
53.7411 	EXP 	unnamed ImageStim: image = 'inks\\01.png'
53.7411 	EXP 	unnamed Circle: fillColor = '[ 0.  0.  0.] (rgb)'
53.7411 	EXP 	unnamed Circle: pos = array([-487.96 ,  412.589])
53.9414 	EXP 	unnamed ImageStim: image = 'inks\\01.png'
53.9414 	EXP 	unnamed Circle: fillColor = '[ 0.  0.  0.] (rgb)'
53.9414 	EXP 	unnamed Circle: pos = array([-307.682,  283.547])
54.1416 	EXP 	unnamed ImageStim: image = 'inks\\01.png'
54.1416 	EXP 	unnamed Circle: fillColor = '[ 0.  0.  0.] (rgb)'
54.1416 	EXP 	unnamed Circle: pos = array([-320.032,  316.137])
54.3419 	EXP 	unnamed ImageStim: image = 'inks\\01.png'
54.3419 	EXP 	unnamed Circle: fillColor = '[ 0.  0.  0.] (rgb)'
54.3419 	EXP 	unnamed Circle: pos = array([-532.644,  525.841])
54.5759 	EXP 	unnamed ImageStim: image = 'inks\\01.png'
54.5759 	EXP 	unnamed Circle: fillColor = '[ 0.  0.  0.] (rgb)'
54.5759 	EXP 	unnamed Circle: pos = array([-650.,  502.])
54.7754 	EXP 	unnamed ImageStim: image = 'inks\\01.png'
54.7754 	EXP 	unnamed Circle: fillColor = '[ 0.  0.  0.] (rgb)'
54.7754 	EXP 	unnamed Circle: pos = array([-650.,  502.])
54.9924 	EXP 	unnamed ImageStim: image = 'inks\\01.png'
54.9924 	EXP 	unnamed Circle: fillColor = '[ 0.  0.  0.] (rgb)'
54.9924 	EXP 	unnamed Circle: pos = array([-650.,  502.])
55.1926 	EXP 	unnamed ImageStim: image = 'inks\\01.png'
55.1926 	EXP 	unnamed Circle: fillColor = '[ 0.  0.  0.] (rgb)'
55.1926 	EXP 	unnamed Circle: pos = array([-546.227,  356.438])
55.3927 	EXP 	unnamed ImageStim: image = 'inks\\01.png'
55.3927 	EXP 	unnamed Circle: fillColor = '[ 0.  0.  0.] (rgb)'
55.3927 	EXP 	unnamed Circle: pos = array([-500.569,  294.252])
55.5929 	EXP 	unnamed ImageStim: image = 'inks\\01.png'
55.5929 	EXP 	unnamed Circle: fillColor = '[ 0.  0.  0.] (rgb)'
55.5929 	EXP 	unnamed Circle: pos = array([-487.673,  275.399])
55.8098 	EXP 	unnamed ImageStim: image = 'inks\\01.png'
55.8098 	EXP 	unnamed Circle: fillColor = '[ 0.  0.  0.] (rgb)'
55.8098 	EXP 	unnamed Circle: pos = array([-477.73 ,  270.463])
56.0100 	EXP 	unnamed ImageStim: image = 'inks\\01.png'
56.0100 	EXP 	unnamed Circle: fillColor = '[ 0.  0.  0.] (rgb)'
56.0100 	EXP 	unnamed Circle: pos = array([-478.364,  284.853])
56.2100 	EXP 	unnamed ImageStim: image = 'inks\\01.png'
56.2100 	EXP 	unnamed Circle: fillColor = '[ 0.  0.  0.] (rgb)'
56.2100 	EXP 	unnamed Circle: pos = array([-650.,  502.])
56.4270 	EXP 	unnamed ImageStim: image = 'inks\\01.png'
56.4270 	EXP 	unnamed Circle: fillColor = '[ 0.  0.  0.] (rgb)'
56.4270 	EXP 	unnamed Circle: pos = array([-650.,  502.])
56.6272 	EXP 	unnamed ImageStim: image = 'inks\\01.png'
56.6272 	EXP 	unnamed Circle: fillColor = '[ 0.  0.  0.] (rgb)'
56.6272 	EXP 	unnamed Circle: pos = array([-479.499,  274.417])
56.8438 	EXP 	unnamed ImageStim: image = 'inks\\01.png'
56.8438 	EXP 	unnamed Circle: fillColor = '[ 0.  0.  0.] (rgb)'
56.8438 	EXP 	unnamed Circle: pos = array([-650.,  502.])
57.0449 	EXP 	unnamed ImageStim: image = 'inks\\01.png'
57.0449 	EXP 	unnamed Circle: fillColor = '[ 0.  0.  0.] (rgb)'
57.0449 	EXP 	unnamed Circle: pos = array([-650.,  502.])
57.2442 	EXP 	unnamed ImageStim: image = 'inks\\01.png'
57.2442 	EXP 	unnamed Circle: fillColor = '[ 0.  0.  0.] (rgb)'
57.2442 	EXP 	unnamed Circle: pos = array([-650.,  502.])
57.4445 	EXP 	unnamed ImageStim: image = 'inks\\01.png'
57.4445 	EXP 	unnamed Circle: fillColor = '[ 0.  0.  0.] (rgb)'
57.4445 	EXP 	unnamed Circle: pos = array([-650.,  502.])
57.6281 	EXP 	unnamed ImageStim: image = 'inks\\01.png'
57.6281 	EXP 	unnamed Circle: fillColor = '[ 0.  0.  0.] (rgb)'
57.6281 	EXP 	unnamed Circle: pos = array([-650.,  502.])
57.8113 	EXP 	unnamed ImageStim: image = 'inks\\01.png'
57.8113 	EXP 	unnamed Circle: fillColor = '[ 0.  0.  0.] (rgb)'
57.8113 	EXP 	unnamed Circle: pos = array([-650.,  502.])
58.0116 	EXP 	unnamed ImageStim: image = 'inks\\01.png'
58.0116 	EXP 	unnamed Circle: fillColor = '[ 0.  0.  0.] (rgb)'
58.0116 	EXP 	unnamed Circle: pos = array([-650.,  502.])
58.2117 	EXP 	unnamed ImageStim: image = 'inks\\01.png'
58.2117 	EXP 	unnamed Circle: fillColor = '[ 0.  0.  0.] (rgb)'
58.2117 	EXP 	unnamed Circle: pos = array([-650.,  502.])
58.4120 	EXP 	unnamed ImageStim: image = 'inks\\01.png'
58.4120 	EXP 	unnamed Circle: fillColor = '[ 0.  0.  0.] (rgb)'
58.4120 	EXP 	unnamed Circle: pos = array([-650.,  502.])
58.6289 	EXP 	unnamed ImageStim: image = 'inks\\01.png'
58.6289 	EXP 	unnamed Circle: fillColor = '[ 0.  0.  0.] (rgb)'
58.6289 	EXP 	unnamed Circle: pos = array([-650.,  502.])
58.8289 	EXP 	unnamed ImageStim: image = 'inks\\01.png'
58.8289 	EXP 	unnamed Circle: fillColor = '[ 0.  0.  0.] (rgb)'
58.8289 	EXP 	unnamed Circle: pos = array([-650.,  502.])
59.0294 	EXP 	unnamed ImageStim: image = 'inks\\01.png'
59.0294 	EXP 	unnamed Circle: fillColor = '[ 0.  0.  0.] (rgb)'
59.0294 	EXP 	unnamed Circle: pos = array([-650.,  502.])
59.2293 	EXP 	unnamed ImageStim: image = 'inks\\01.png'
59.2293 	EXP 	unnamed Circle: fillColor = '[ 0.  0.  0.] (rgb)'
59.2293 	EXP 	unnamed Circle: pos = array([-650.,  502.])
59.4294 	EXP 	unnamed ImageStim: image = 'inks\\01.png'
59.4294 	EXP 	unnamed Circle: fillColor = '[ 0.  0.  0.] (rgb)'
59.4294 	EXP 	unnamed Circle: pos = array([-650.,  502.])
59.6310 	EXP 	unnamed ImageStim: image = 'inks\\01.png'
59.6310 	EXP 	unnamed Circle: fillColor = '[ 0.  0.  0.] (rgb)'
59.6310 	EXP 	unnamed Circle: pos = array([-650.,  502.])
59.8302 	EXP 	unnamed ImageStim: image = 'inks\\01.png'
59.8302 	EXP 	unnamed Circle: fillColor = '[ 0.  0.  0.] (rgb)'
59.8302 	EXP 	unnamed Circle: pos = array([-650.,  502.])
60.0299 	EXP 	unnamed ImageStim: image = 'inks\\01.png'
60.0299 	EXP 	unnamed Circle: fillColor = '[ 0.  0.  0.] (rgb)'
60.0299 	EXP 	unnamed Circle: pos = array([  24.263,  351.765])
60.2306 	EXP 	unnamed ImageStim: image = 'inks\\01.png'
60.2306 	EXP 	unnamed Circle: fillColor = '[ 0.  0.  0.] (rgb)'
60.2306 	EXP 	unnamed Circle: pos = array([  -4.723,  457.981])
60.4305 	EXP 	unnamed ImageStim: image = 'inks\\01.png'
60.4305 	EXP 	unnamed Circle: fillColor = '[ 0.  0.  0.] (rgb)'
60.4305 	EXP 	unnamed Circle: pos = array([  -4.639,  397.225])
60.6307 	EXP 	unnamed ImageStim: image = 'inks\\01.png'
60.6307 	EXP 	unnamed Circle: fillColor = '[ 0.  0.  0.] (rgb)'
60.6307 	EXP 	unnamed Circle: pos = array([  -0.82 ,  379.144])
60.8320 	EXP 	unnamed ImageStim: image = 'inks\\01.png'
60.8320 	EXP 	unnamed Circle: fillColor = '[ 0.  0.  0.] (rgb)'
60.8320 	EXP 	unnamed Circle: pos = array([ 128.15 ,  501.694])
61.0310 	EXP 	unnamed ImageStim: image = 'inks\\01.png'
61.0310 	EXP 	unnamed Circle: fillColor = '[ 0.  0.  0.] (rgb)'
61.0310 	EXP 	unnamed Circle: pos = array([ 117.766,  441.397])
61.2311 	EXP 	unnamed ImageStim: image = 'inks\\01.png'
61.2311 	EXP 	unnamed Circle: fillColor = '[ 0.  0.  0.] (rgb)'
61.2311 	EXP 	unnamed Circle: pos = array([ 112.771,  474.208])
61.4323 	EXP 	unnamed ImageStim: image = 'inks\\01.png'
61.4323 	EXP 	unnamed Circle: fillColor = '[ 0.  0.  0.] (rgb)'
61.4323 	EXP 	unnamed Circle: pos = array([ 254.067,  581.609])
61.6324 	EXP 	unnamed ImageStim: image = 'inks\\01.png'
61.6324 	EXP 	unnamed Circle: fillColor = '[ 0.  0.  0.] (rgb)'
61.6324 	EXP 	unnamed Circle: pos = array([ 250.196,  608.19 ])
61.8316 	EXP 	unnamed ImageStim: image = 'inks\\01.png'
61.8316 	EXP 	unnamed Circle: fillColor = '[ 0.  0.  0.] (rgb)'
61.8316 	EXP 	unnamed Circle: pos = array([ 327.315,  589.908])
62.0319 	EXP 	unnamed ImageStim: image = 'inks\\01.png'
62.0319 	EXP 	unnamed Circle: fillColor = '[ 0.  0.  0.] (rgb)'
62.0319 	EXP 	unnamed Circle: pos = array([ 521.727,  588.028])
62.2486 	EXP 	unnamed ImageStim: image = 'inks\\01.png'
62.2486 	EXP 	unnamed Circle: fillColor = '[ 0.  0.  0.] (rgb)'
62.2486 	EXP 	unnamed Circle: pos = array([-650.,  502.])
62.4496 	EXP 	unnamed ImageStim: image = 'inks\\01.png'
62.4496 	EXP 	unnamed Circle: fillColor = '[ 0.  0.  0.] (rgb)'
62.4496 	EXP 	unnamed Circle: pos = array([-650.,  502.])
62.6489 	EXP 	unnamed ImageStim: image = 'inks\\01.png'
62.6489 	EXP 	unnamed Circle: fillColor = '[ 0.  0.  0.] (rgb)'
62.6489 	EXP 	unnamed Circle: pos = array([-650.,  502.])
62.8491 	EXP 	unnamed ImageStim: image = 'inks\\01.png'
62.8491 	EXP 	unnamed Circle: fillColor = '[ 0.  0.  0.] (rgb)'
62.8491 	EXP 	unnamed Circle: pos = array([-650.,  502.])
63.0493 	EXP 	unnamed ImageStim: image = 'inks\\01.png'
63.0493 	EXP 	unnamed Circle: fillColor = '[ 0.  0.  0.] (rgb)'
63.0493 	EXP 	unnamed Circle: pos = array([-650.,  502.])
63.2661 	EXP 	unnamed ImageStim: image = 'inks\\01.png'
63.2661 	EXP 	unnamed Circle: fillColor = '[ 0.  0.  0.] (rgb)'
63.2661 	EXP 	unnamed Circle: pos = array([-650.,  502.])
63.4664 	EXP 	unnamed ImageStim: image = 'inks\\01.png'
63.4664 	EXP 	unnamed Circle: fillColor = '[ 0.  0.  0.] (rgb)'
63.4664 	EXP 	unnamed Circle: pos = array([-650.,  502.])
63.6677 	EXP 	unnamed ImageStim: image = 'inks\\01.png'
63.6677 	EXP 	unnamed Circle: fillColor = '[ 0.  0.  0.] (rgb)'
63.6677 	EXP 	unnamed Circle: pos = array([-391.28 ,  100.172])
63.8834 	EXP 	unnamed ImageStim: image = 'inks\\01.png'
63.8834 	EXP 	unnamed Circle: fillColor = '[ 0.  0.  0.] (rgb)'
63.8834 	EXP 	unnamed Circle: pos = array([-498.053,  268.216])
64.0836 	EXP 	unnamed ImageStim: image = 'inks\\01.png'
64.0836 	EXP 	unnamed Circle: fillColor = '[ 0.  0.  0.] (rgb)'
64.0836 	EXP 	unnamed Circle: pos = array([-532.999,  186.822])
64.2836 	EXP 	unnamed ImageStim: image = 'inks\\01.png'
64.2836 	EXP 	unnamed Circle: fillColor = '[ 0.  0.  0.] (rgb)'
64.2836 	EXP 	unnamed Circle: pos = array([-583.503,  231.894])
64.4843 	EXP 	unnamed ImageStim: image = 'inks\\01.png'
64.4843 	EXP 	unnamed Circle: fillColor = '[ 0.  0.  0.] (rgb)'
64.4843 	EXP 	unnamed Circle: pos = array([-580.994,  107.67 ])
64.6840 	EXP 	unnamed ImageStim: image = 'inks\\01.png'
64.6840 	EXP 	unnamed Circle: fillColor = '[ 0.  0.  0.] (rgb)'
64.6840 	EXP 	unnamed Circle: pos = array([-535.895,   78.949])
64.8841 	EXP 	unnamed ImageStim: image = 'inks\\01.png'
64.8841 	EXP 	unnamed Circle: fillColor = '[ 0.  0.  0.] (rgb)'
64.8841 	EXP 	unnamed Circle: pos = array([-530.953,   41.439])
65.1011 	EXP 	unnamed ImageStim: image = 'inks\\01.png'
65.1011 	EXP 	unnamed Circle: fillColor = '[ 0.  0.  0.] (rgb)'
65.1011 	EXP 	unnamed Circle: pos = array([-521.006,   58.051])
65.3013 	EXP 	unnamed ImageStim: image = 'inks\\01.png'
65.3013 	EXP 	unnamed Circle: fillColor = '[ 0.  0.  0.] (rgb)'
65.3013 	EXP 	unnamed Circle: pos = array([-499.197, -104.805])
65.5014 	EXP 	unnamed ImageStim: image = 'inks\\01.png'
65.5014 	EXP 	unnamed Circle: fillColor = '[ 0.  0.  0.] (rgb)'
65.5014 	EXP 	unnamed Circle: pos = array([-494.294, -106.309])
65.7014 	EXP 	unnamed ImageStim: image = 'inks\\01.png'
65.7014 	EXP 	unnamed Circle: fillColor = '[ 0.  0.  0.] (rgb)'
65.7014 	EXP 	unnamed Circle: pos = array([-518.662, -122.399])
65.9017 	EXP 	unnamed ImageStim: image = 'inks\\01.png'
65.9017 	EXP 	unnamed Circle: fillColor = '[ 0.  0.  0.] (rgb)'
65.9017 	EXP 	unnamed Circle: pos = array([-517.313, -229.894])
66.1019 	EXP 	unnamed ImageStim: image = 'inks\\01.png'
66.1019 	EXP 	unnamed Circle: fillColor = '[ 0.  0.  0.] (rgb)'
66.1019 	EXP 	unnamed Circle: pos = array([-546.359, -221.971])
66.3024 	EXP 	unnamed ImageStim: image = 'inks\\01.png'
66.3024 	EXP 	unnamed Circle: fillColor = '[ 0.  0.  0.] (rgb)'
66.3024 	EXP 	unnamed Circle: pos = array([-587.158, -238.104])
66.5026 	EXP 	unnamed ImageStim: image = 'inks\\01.png'
66.5026 	EXP 	unnamed Circle: fillColor = '[ 0.  0.  0.] (rgb)'
66.5026 	EXP 	unnamed Circle: pos = array([-587.681, -300.952])
66.7028 	EXP 	unnamed ImageStim: image = 'inks\\01.png'
66.7028 	EXP 	unnamed Circle: fillColor = '[ 0.  0.  0.] (rgb)'
66.7028 	EXP 	unnamed Circle: pos = array([-601.015, -366.179])
66.9193 	EXP 	unnamed ImageStim: image = 'inks\\01.png'
66.9193 	EXP 	unnamed Circle: fillColor = '[ 0.  0.  0.] (rgb)'
66.9193 	EXP 	unnamed Circle: pos = array([-635.253, -419.115])
67.1196 	EXP 	unnamed ImageStim: image = 'inks\\01.png'
67.1196 	EXP 	unnamed Circle: fillColor = '[ 0.  0.  0.] (rgb)'
67.1196 	EXP 	unnamed Circle: pos = array([-626.786, -505.246])
67.3196 	EXP 	unnamed ImageStim: image = 'inks\\01.png'
67.3196 	EXP 	unnamed Circle: fillColor = '[ 0.  0.  0.] (rgb)'
67.3196 	EXP 	unnamed Circle: pos = array([-631.695, -504.396])
67.5200 	EXP 	unnamed ImageStim: image = 'inks\\01.png'
67.5200 	EXP 	unnamed Circle: fillColor = '[ 0.  0.  0.] (rgb)'
67.5200 	EXP 	unnamed Circle: pos = array([-637.719, -529.517])
67.7199 	EXP 	unnamed ImageStim: image = 'inks\\01.png'
67.7199 	EXP 	unnamed Circle: fillColor = '[ 0.  0.  0.] (rgb)'
67.7199 	EXP 	unnamed Circle: pos = array([-644.568, -559.477])
67.9202 	EXP 	unnamed ImageStim: image = 'inks\\01.png'
67.9202 	EXP 	unnamed Circle: fillColor = '[ 0.  0.  0.] (rgb)'
67.9202 	EXP 	unnamed Circle: pos = array([-635.624, -674.289])
68.1201 	EXP 	unnamed ImageStim: image = 'inks\\01.png'
68.1201 	EXP 	unnamed Circle: fillColor = '[ 0.  0.  0.] (rgb)'
68.1201 	EXP 	unnamed Circle: pos = array([-650.,  502.])
68.3204 	EXP 	unnamed ImageStim: image = 'inks\\01.png'
68.3204 	EXP 	unnamed Circle: fillColor = '[ 0.  0.  0.] (rgb)'
68.3204 	EXP 	unnamed Circle: pos = array([-650.,  502.])
68.5207 	EXP 	unnamed ImageStim: image = 'inks\\01.png'
68.5207 	EXP 	unnamed Circle: fillColor = '[ 0.  0.  0.] (rgb)'
68.5207 	EXP 	unnamed Circle: pos = array([-650.,  502.])
68.7209 	EXP 	unnamed ImageStim: image = 'inks\\01.png'
68.7209 	EXP 	unnamed Circle: fillColor = '[ 0.  0.  0.] (rgb)'
68.7209 	EXP 	unnamed Circle: pos = array([-650.,  502.])
68.9209 	EXP 	unnamed ImageStim: image = 'inks\\01.png'
68.9209 	EXP 	unnamed Circle: fillColor = '[ 0.  0.  0.] (rgb)'
68.9209 	EXP 	unnamed Circle: pos = array([-650.,  502.])
69.1211 	EXP 	unnamed ImageStim: image = 'inks\\01.png'
69.1211 	EXP 	unnamed Circle: fillColor = '[ 0.  0.  0.] (rgb)'
69.1211 	EXP 	unnamed Circle: pos = array([-650.,  502.])
69.3212 	EXP 	unnamed ImageStim: image = 'inks\\01.png'
69.3212 	EXP 	unnamed Circle: fillColor = '[ 0.  0.  0.] (rgb)'
69.3212 	EXP 	unnamed Circle: pos = array([-650.,  502.])
69.5214 	EXP 	unnamed ImageStim: image = 'inks\\01.png'
69.5214 	EXP 	unnamed Circle: fillColor = '[ 0.  0.  0.] (rgb)'
69.5214 	EXP 	unnamed Circle: pos = array([-650.,  502.])
69.7217 	EXP 	unnamed ImageStim: image = 'inks\\01.png'
69.7217 	EXP 	unnamed Circle: fillColor = '[ 0.  0.  0.] (rgb)'
69.7217 	EXP 	unnamed Circle: pos = array([ 590.238,  109.621])
69.9218 	EXP 	unnamed ImageStim: image = 'inks\\01.png'
69.9218 	EXP 	unnamed Circle: fillColor = '[ 0.  0.  0.] (rgb)'
69.9218 	EXP 	unnamed Circle: pos = array([-650.,  502.])
70.1388 	EXP 	unnamed ImageStim: image = 'inks\\01.png'
70.1388 	EXP 	unnamed Circle: fillColor = '[ 0.  0.  0.] (rgb)'
70.1388 	EXP 	unnamed Circle: pos = array([-650.,  502.])
70.3388 	EXP 	unnamed ImageStim: image = 'inks\\01.png'
70.3388 	EXP 	unnamed Circle: fillColor = '[ 0.  0.  0.] (rgb)'
70.3388 	EXP 	unnamed Circle: pos = array([-650.,  502.])
70.5557 	EXP 	unnamed ImageStim: image = 'inks\\01.png'
70.5557 	EXP 	unnamed Circle: fillColor = '[ 0.  0.  0.] (rgb)'
70.5557 	EXP 	unnamed Circle: pos = array([-650.,  502.])
70.7558 	EXP 	unnamed ImageStim: image = 'inks\\01.png'
70.7558 	EXP 	unnamed Circle: fillColor = '[ 0.  0.  0.] (rgb)'
70.7558 	EXP 	unnamed Circle: pos = array([-650.,  502.])
70.9560 	EXP 	unnamed ImageStim: image = 'inks\\01.png'
70.9560 	EXP 	unnamed Circle: fillColor = '[ 0.  0.  0.] (rgb)'
70.9560 	EXP 	unnamed Circle: pos = array([-650.,  502.])
71.1564 	EXP 	unnamed ImageStim: image = 'inks\\01.png'
71.1564 	EXP 	unnamed Circle: fillColor = '[ 0.  0.  0.] (rgb)'
71.1564 	EXP 	unnamed Circle: pos = array([-650.,  502.])
71.3898 	EXP 	unnamed ImageStim: image = 'inks\\01.png'
71.3898 	EXP 	unnamed Circle: fillColor = '[ 0.  0.  0.] (rgb)'
71.3898 	EXP 	unnamed Circle: pos = array([ 1196.772,    97.93 ])
71.5914 	EXP 	unnamed ImageStim: image = 'inks\\01.png'
71.5914 	EXP 	unnamed Circle: fillColor = '[ 0.  0.  0.] (rgb)'
71.5914 	EXP 	unnamed Circle: pos = array([ 1125.153,   -25.456])
71.7900 	EXP 	unnamed ImageStim: image = 'inks\\01.png'
71.7900 	EXP 	unnamed Circle: fillColor = '[ 0.  0.  0.] (rgb)'
71.7900 	EXP 	unnamed Circle: pos = array([ 1109.449,   -31.095])
71.9910 	EXP 	unnamed ImageStim: image = 'inks\\01.png'
71.9910 	EXP 	unnamed Circle: fillColor = '[ 0.  0.  0.] (rgb)'
71.9910 	EXP 	unnamed Circle: pos = array([ 1166.333,  -199.176])
72.1910 	EXP 	unnamed ImageStim: image = 'inks\\01.png'
72.1910 	EXP 	unnamed Circle: fillColor = '[ 0.  0.  0.] (rgb)'
72.1910 	EXP 	unnamed Circle: pos = array([ 1242.042,  -322.982])
72.3904 	EXP 	unnamed ImageStim: image = 'inks\\01.png'
72.3904 	EXP 	unnamed Circle: fillColor = '[ 0.  0.  0.] (rgb)'
72.3904 	EXP 	unnamed Circle: pos = array([ 1262.477,  -345.693])
72.5907 	EXP 	unnamed ImageStim: image = 'inks\\01.png'
72.5907 	EXP 	unnamed Circle: fillColor = '[ 0.  0.  0.] (rgb)'
72.5907 	EXP 	unnamed Circle: pos = array([ 1243.773,  -363.31 ])
72.7909 	EXP 	unnamed ImageStim: image = 'inks\\01.png'
72.7909 	EXP 	unnamed Circle: fillColor = '[ 0.  0.  0.] (rgb)'
72.7909 	EXP 	unnamed Circle: pos = array([ 1256.414,  -401.569])
72.9910 	EXP 	unnamed ImageStim: image = 'inks\\01.png'
72.9910 	EXP 	unnamed Circle: fillColor = '[ 0.  0.  0.] (rgb)'
72.9910 	EXP 	unnamed Circle: pos = array([ 1235.365,  -409.242])
73.2079 	EXP 	unnamed ImageStim: image = 'inks\\01.png'
73.2079 	EXP 	unnamed Circle: fillColor = '[ 0.  0.  0.] (rgb)'
73.2079 	EXP 	unnamed Circle: pos = array([ 1221.44 ,  -501.692])
73.4100 	EXP 	unnamed ImageStim: image = 'inks\\01.png'
73.4100 	EXP 	unnamed Circle: fillColor = '[ 0.  0.  0.] (rgb)'
73.4100 	EXP 	unnamed Circle: pos = array([ 1201.95 ,  -441.188])
73.6250 	EXP 	unnamed ImageStim: image = 'inks\\01.png'
73.6250 	EXP 	unnamed Circle: fillColor = '[ 0.  0.  0.] (rgb)'
73.6250 	EXP 	unnamed Circle: pos = array([ 1231.533,  -422.904])
73.8252 	EXP 	unnamed ImageStim: image = 'inks\\01.png'
73.8252 	EXP 	unnamed Circle: fillColor = '[ 0.  0.  0.] (rgb)'
73.8252 	EXP 	unnamed Circle: pos = array([ 1232.286,  -431.947])
74.0254 	EXP 	unnamed ImageStim: image = 'inks\\01.png'
74.0254 	EXP 	unnamed Circle: fillColor = '[ 0.  0.  0.] (rgb)'
74.0254 	EXP 	unnamed Circle: pos = array([ 1243.66 ,  -591.591])
74.2255 	EXP 	unnamed ImageStim: image = 'inks\\01.png'
74.2255 	EXP 	unnamed Circle: fillColor = '[ 0.  0.  0.] (rgb)'
74.2255 	EXP 	unnamed Circle: pos = array([ 1228.031,  -569.721])
74.4256 	EXP 	unnamed ImageStim: image = 'inks\\01.png'
74.4256 	EXP 	unnamed Circle: fillColor = '[ 0.  0.  0.] (rgb)'
74.4256 	EXP 	unnamed Circle: pos = array([ 1243.551,  -723.596])
74.6592 	EXP 	unnamed ImageStim: image = 'inks\\01.png'
74.6592 	EXP 	unnamed Circle: fillColor = '[ 0.  0.  0.] (rgb)'
74.6592 	EXP 	unnamed Circle: pos = array([-650.,  502.])
74.8593 	EXP 	unnamed ImageStim: image = 'inks\\01.png'
74.8593 	EXP 	unnamed Circle: fillColor = '[ 0.  0.  0.] (rgb)'
74.8593 	EXP 	unnamed Circle: pos = array([-650.,  502.])
75.0595 	EXP 	unnamed ImageStim: image = 'inks\\01.png'
75.0595 	EXP 	unnamed Circle: fillColor = '[ 0.  0.  0.] (rgb)'
75.0595 	EXP 	unnamed Circle: pos = array([-650.,  502.])
75.2599 	EXP 	unnamed ImageStim: image = 'inks\\01.png'
75.2599 	EXP 	unnamed Circle: fillColor = '[ 0.  0.  0.] (rgb)'
75.2599 	EXP 	unnamed Circle: pos = array([-650.,  502.])
75.4659 	EXP 	unnamed ImageStim: image = 'inks\\01.png'
75.4659 	EXP 	unnamed Circle: fillColor = '[ 0.  0.  0.] (rgb)'
75.4659 	EXP 	unnamed Circle: pos = array([-650.,  502.])
75.6768 	EXP 	unnamed ImageStim: image = 'inks\\01.png'
75.6768 	EXP 	unnamed Circle: fillColor = '[ 0.  0.  0.] (rgb)'
75.6768 	EXP 	unnamed Circle: pos = array([-650.,  502.])
75.8769 	EXP 	unnamed ImageStim: image = 'inks\\01.png'
75.8769 	EXP 	unnamed Circle: fillColor = '[ 0.  0.  0.] (rgb)'
75.8769 	EXP 	unnamed Circle: pos = array([-650.,  502.])
76.0940 	EXP 	unnamed ImageStim: image = 'inks\\01.png'
76.0940 	EXP 	unnamed Circle: fillColor = '[ 0.  0.  0.] (rgb)'
76.0940 	EXP 	unnamed Circle: pos = array([-650.,  502.])
76.2942 	EXP 	unnamed ImageStim: image = 'inks\\01.png'
76.2942 	EXP 	unnamed Circle: fillColor = '[ 0.  0.  0.] (rgb)'
76.2942 	EXP 	unnamed Circle: pos = array([ 250.447,  356.48 ])
76.4945 	EXP 	unnamed ImageStim: image = 'inks\\01.png'
76.4945 	EXP 	unnamed Circle: fillColor = '[ 0.  0.  0.] (rgb)'
76.4945 	EXP 	unnamed Circle: pos = array([ 282.788,  601.592])
76.6945 	EXP 	unnamed ImageStim: image = 'inks\\01.png'
76.6945 	EXP 	unnamed Circle: fillColor = '[ 0.  0.  0.] (rgb)'
76.6945 	EXP 	unnamed Circle: pos = array([ 297.913,  608.802])
76.8947 	EXP 	unnamed ImageStim: image = 'inks\\01.png'
76.8947 	EXP 	unnamed Circle: fillColor = '[ 0.  0.  0.] (rgb)'
76.8947 	EXP 	unnamed Circle: pos = array([ 294.144,  618.92 ])
77.0950 	EXP 	unnamed ImageStim: image = 'inks\\01.png'
77.0950 	EXP 	unnamed Circle: fillColor = '[ 0.  0.  0.] (rgb)'
77.0950 	EXP 	unnamed Circle: pos = array([ 290.798,  603.811])
77.2947 	EXP 	unnamed ImageStim: image = 'inks\\01.png'
77.2947 	EXP 	unnamed Circle: fillColor = '[ 0.  0.  0.] (rgb)'
77.2947 	EXP 	unnamed Circle: pos = array([ 310.38 ,  587.966])
77.4955 	EXP 	unnamed ImageStim: image = 'inks\\01.png'
77.4955 	EXP 	unnamed Circle: fillColor = '[ 0.  0.  0.] (rgb)'
77.4955 	EXP 	unnamed Circle: pos = array([ 309.642,  579.244])
77.6960 	EXP 	unnamed ImageStim: image = 'inks\\01.png'
77.6960 	EXP 	unnamed Circle: fillColor = '[ 0.  0.  0.] (rgb)'
77.6960 	EXP 	unnamed Circle: pos = array([ 299.531,  598.196])
77.8958 	EXP 	unnamed ImageStim: image = 'inks\\01.png'
77.8958 	EXP 	unnamed Circle: fillColor = '[ 0.  0.  0.] (rgb)'
77.8958 	EXP 	unnamed Circle: pos = array([-650.,  502.])
78.0961 	EXP 	unnamed ImageStim: image = 'inks\\01.png'
78.0961 	EXP 	unnamed Circle: fillColor = '[ 0.  0.  0.] (rgb)'
78.0961 	EXP 	unnamed Circle: pos = array([-650.,  502.])
78.2963 	EXP 	unnamed ImageStim: image = 'inks\\01.png'
78.2963 	EXP 	unnamed Circle: fillColor = '[ 0.  0.  0.] (rgb)'
78.2963 	EXP 	unnamed Circle: pos = array([-650.,  502.])
78.4965 	EXP 	unnamed ImageStim: image = 'inks\\01.png'
78.4965 	EXP 	unnamed Circle: fillColor = '[ 0.  0.  0.] (rgb)'
78.4965 	EXP 	unnamed Circle: pos = array([ 299.334,  603.837])
78.6974 	EXP 	unnamed ImageStim: image = 'inks\\01.png'
78.6974 	EXP 	unnamed Circle: fillColor = '[ 0.  0.  0.] (rgb)'
78.6974 	EXP 	unnamed Circle: pos = array([ 303.484,  571.769])
78.8971 	EXP 	unnamed ImageStim: image = 'inks\\01.png'
78.8971 	EXP 	unnamed Circle: fillColor = '[ 0.  0.  0.] (rgb)'
78.8971 	EXP 	unnamed Circle: pos = array([ 304.866,  567.58 ])
79.0973 	EXP 	unnamed ImageStim: image = 'inks\\01.png'
79.0973 	EXP 	unnamed Circle: fillColor = '[ 0.  0.  0.] (rgb)'
79.0973 	EXP 	unnamed Circle: pos = array([ 312.542,  532.722])
79.2976 	EXP 	unnamed ImageStim: image = 'inks\\01.png'
79.2976 	EXP 	unnamed Circle: fillColor = '[ 0.  0.  0.] (rgb)'
79.2976 	EXP 	unnamed Circle: pos = array([ 314.685,  314.217])
79.4977 	EXP 	unnamed ImageStim: image = 'inks\\01.png'
79.4977 	EXP 	unnamed Circle: fillColor = '[ 0.  0.  0.] (rgb)'
79.4977 	EXP 	unnamed Circle: pos = array([ 306.189,  257.978])
79.6968 	EXP 	unnamed ImageStim: image = 'inks\\01.png'
79.6968 	EXP 	unnamed Circle: fillColor = '[ 0.  0.  0.] (rgb)'
79.6968 	EXP 	unnamed Circle: pos = array([ 327.752,  120.112])
79.8982 	EXP 	unnamed ImageStim: image = 'inks\\01.png'
79.8982 	EXP 	unnamed Circle: fillColor = '[ 0.  0.  0.] (rgb)'
79.8982 	EXP 	unnamed Circle: pos = array([ 322.302,   45.013])
80.0972 	EXP 	unnamed ImageStim: image = 'inks\\01.png'
80.0972 	EXP 	unnamed Circle: fillColor = '[ 0.  0.  0.] (rgb)'
80.0972 	EXP 	unnamed Circle: pos = array([ 331.167, -114.513])
80.2973 	EXP 	unnamed ImageStim: image = 'inks\\01.png'
80.2973 	EXP 	unnamed Circle: fillColor = '[ 0.  0.  0.] (rgb)'
80.2973 	EXP 	unnamed Circle: pos = array([ 334.883, -118.984])
80.4974 	EXP 	unnamed ImageStim: image = 'inks\\01.png'
80.4974 	EXP 	unnamed Circle: fillColor = '[ 0.  0.  0.] (rgb)'
80.4974 	EXP 	unnamed Circle: pos = array([ 336.822, -154.881])
80.6979 	EXP 	unnamed ImageStim: image = 'inks\\01.png'
80.6979 	EXP 	unnamed Circle: fillColor = '[ 0.  0.  0.] (rgb)'
80.6979 	EXP 	unnamed Circle: pos = array([ 324.23 , -309.574])
80.8977 	EXP 	unnamed ImageStim: image = 'inks\\01.png'
80.8977 	EXP 	unnamed Circle: fillColor = '[ 0.  0.  0.] (rgb)'
80.8977 	EXP 	unnamed Circle: pos = array([ 342.477, -411.18 ])
81.0979 	EXP 	unnamed ImageStim: image = 'inks\\01.png'
81.0979 	EXP 	unnamed Circle: fillColor = '[ 0.  0.  0.] (rgb)'
81.0979 	EXP 	unnamed Circle: pos = array([ 342.42 , -493.883])
81.2981 	EXP 	unnamed ImageStim: image = 'inks\\01.png'
81.2981 	EXP 	unnamed Circle: fillColor = '[ 0.  0.  0.] (rgb)'
81.2981 	EXP 	unnamed Circle: pos = array([ 323.211, -552.981])
81.4983 	EXP 	unnamed ImageStim: image = 'inks\\01.png'
81.4983 	EXP 	unnamed Circle: fillColor = '[ 0.  0.  0.] (rgb)'
81.4983 	EXP 	unnamed Circle: pos = array([ 331.187, -560.109])
81.6986 	EXP 	unnamed ImageStim: image = 'inks\\01.png'
81.6986 	EXP 	unnamed Circle: fillColor = '[ 0.  0.  0.] (rgb)'
81.6986 	EXP 	unnamed Circle: pos = array([ 342.093, -579.145])
81.8985 	EXP 	unnamed ImageStim: image = 'inks\\01.png'
81.8985 	EXP 	unnamed Circle: fillColor = '[ 0.  0.  0.] (rgb)'
81.8985 	EXP 	unnamed Circle: pos = array([ 331.613, -586.506])
82.0990 	EXP 	unnamed ImageStim: image = 'inks\\01.png'
82.0990 	EXP 	unnamed Circle: fillColor = '[ 0.  0.  0.] (rgb)'
82.0990 	EXP 	unnamed Circle: pos = array([ 345.416, -580.094])
82.3157 	EXP 	unnamed ImageStim: image = 'inks\\01.png'
82.3157 	EXP 	unnamed Circle: fillColor = '[ 0.  0.  0.] (rgb)'
82.3157 	EXP 	unnamed Circle: pos = array([ 351.464, -573.084])
82.5159 	EXP 	unnamed ImageStim: image = 'inks\\01.png'
82.5159 	EXP 	unnamed Circle: fillColor = '[ 0.  0.  0.] (rgb)'
82.5159 	EXP 	unnamed Circle: pos = array([-650.,  502.])
82.7162 	EXP 	unnamed ImageStim: image = 'inks\\01.png'
82.7162 	EXP 	unnamed Circle: fillColor = '[ 0.  0.  0.] (rgb)'
82.7162 	EXP 	unnamed Circle: pos = array([-650.,  502.])
82.9161 	EXP 	unnamed ImageStim: image = 'inks\\01.png'
82.9161 	EXP 	unnamed Circle: fillColor = '[ 0.  0.  0.] (rgb)'
82.9161 	EXP 	unnamed Circle: pos = array([-650.,  502.])
83.1163 	EXP 	unnamed ImageStim: image = 'inks\\01.png'
83.1163 	EXP 	unnamed Circle: fillColor = '[ 0.  0.  0.] (rgb)'
83.1163 	EXP 	unnamed Circle: pos = array([-650.,  502.])
83.3332 	EXP 	unnamed ImageStim: image = 'inks\\01.png'
83.3332 	EXP 	unnamed Circle: fillColor = '[ 0.  0.  0.] (rgb)'
83.3332 	EXP 	unnamed Circle: pos = array([-650.,  502.])
83.5333 	EXP 	unnamed ImageStim: image = 'inks\\01.png'
83.5333 	EXP 	unnamed Circle: fillColor = '[ 0.  0.  0.] (rgb)'
83.5333 	EXP 	unnamed Circle: pos = array([-650.,  502.])
83.7336 	EXP 	unnamed ImageStim: image = 'inks\\01.png'
83.7336 	EXP 	unnamed Circle: fillColor = '[ 0.  0.  0.] (rgb)'
83.7336 	EXP 	unnamed Circle: pos = array([-650.,  502.])
83.9338 	EXP 	unnamed ImageStim: image = 'inks\\01.png'
83.9338 	EXP 	unnamed Circle: fillColor = '[ 0.  0.  0.] (rgb)'
83.9338 	EXP 	unnamed Circle: pos = array([-650.,  502.])
84.1338 	EXP 	unnamed ImageStim: image = 'inks\\01.png'
84.1338 	EXP 	unnamed Circle: fillColor = '[ 0.  0.  0.] (rgb)'
84.1338 	EXP 	unnamed Circle: pos = array([-650.,  502.])
84.3340 	EXP 	unnamed ImageStim: image = 'inks\\01.png'
84.3340 	EXP 	unnamed Circle: fillColor = '[ 0.  0.  0.] (rgb)'
84.3340 	EXP 	unnamed Circle: pos = array([-650.,  502.])
84.5343 	EXP 	unnamed ImageStim: image = 'inks\\01.png'
84.5343 	EXP 	unnamed Circle: fillColor = '[ 0.  0.  0.] (rgb)'
84.5343 	EXP 	unnamed Circle: pos = array([ 346.267,  300.628])
84.7344 	EXP 	unnamed ImageStim: image = 'inks\\01.png'
84.7344 	EXP 	unnamed Circle: fillColor = '[ 0.  0.  0.] (rgb)'
84.7344 	EXP 	unnamed Circle: pos = array([ 321.761,  465.157])
84.9345 	EXP 	unnamed ImageStim: image = 'inks\\01.png'
84.9345 	EXP 	unnamed Circle: fillColor = '[ 0.  0.  0.] (rgb)'
84.9345 	EXP 	unnamed Circle: pos = array([ 288.12 ,  539.425])
85.1347 	EXP 	unnamed ImageStim: image = 'inks\\01.png'
85.1347 	EXP 	unnamed Circle: fillColor = '[ 0.  0.  0.] (rgb)'
85.1347 	EXP 	unnamed Circle: pos = array([ 297.811,  545.497])
85.3350 	EXP 	unnamed ImageStim: image = 'inks\\01.png'
85.3350 	EXP 	unnamed Circle: fillColor = '[ 0.  0.  0.] (rgb)'
85.3350 	EXP 	unnamed Circle: pos = array([ 307.122,  576.146])
85.5519 	EXP 	unnamed ImageStim: image = 'inks\\01.png'
85.5519 	EXP 	unnamed Circle: fillColor = '[ 0.  0.  0.] (rgb)'
85.5519 	EXP 	unnamed Circle: pos = array([ 309.229,  522.596])
85.7521 	EXP 	unnamed ImageStim: image = 'inks\\01.png'
85.7521 	EXP 	unnamed Circle: fillColor = '[ 0.  0.  0.] (rgb)'
85.7521 	EXP 	unnamed Circle: pos = array([ 312.77 ,  526.737])
85.9522 	EXP 	unnamed ImageStim: image = 'inks\\01.png'
85.9522 	EXP 	unnamed Circle: fillColor = '[ 0.  0.  0.] (rgb)'
85.9522 	EXP 	unnamed Circle: pos = array([ 315.229,  555.955])
86.1525 	EXP 	unnamed ImageStim: image = 'inks\\01.png'
86.1525 	EXP 	unnamed Circle: fillColor = '[ 0.  0.  0.] (rgb)'
86.1525 	EXP 	unnamed Circle: pos = array([ 309.324,  578.742])
86.3527 	EXP 	unnamed ImageStim: image = 'inks\\01.png'
86.3527 	EXP 	unnamed Circle: fillColor = '[ 0.  0.  0.] (rgb)'
86.3527 	EXP 	unnamed Circle: pos = array([ 305.459,  603.843])
86.5695 	EXP 	unnamed ImageStim: image = 'inks\\01.png'
86.5695 	EXP 	unnamed Circle: fillColor = '[ 0.  0.  0.] (rgb)'
86.5695 	EXP 	unnamed Circle: pos = array([ 310.542,  575.405])
86.7695 	EXP 	unnamed ImageStim: image = 'inks\\01.png'
86.7695 	EXP 	unnamed Circle: fillColor = '[ 0.  0.  0.] (rgb)'
86.7695 	EXP 	unnamed Circle: pos = array([ 306.279,  621.573])
86.9697 	EXP 	unnamed ImageStim: image = 'inks\\01.png'
86.9697 	EXP 	unnamed Circle: fillColor = '[ 0.  0.  0.] (rgb)'
86.9697 	EXP 	unnamed Circle: pos = array([ 313.004,  593.553])
87.1698 	EXP 	unnamed ImageStim: image = 'inks\\01.png'
87.1698 	EXP 	unnamed Circle: fillColor = '[ 0.  0.  0.] (rgb)'
87.1698 	EXP 	unnamed Circle: pos = array([ 322.314,  526.679])
87.3699 	EXP 	unnamed ImageStim: image = 'inks\\01.png'
87.3699 	EXP 	unnamed Circle: fillColor = '[ 0.  0.  0.] (rgb)'
87.3699 	EXP 	unnamed Circle: pos = array([ 316.13 ,  500.864])
87.5701 	EXP 	unnamed ImageStim: image = 'inks\\01.png'
87.5701 	EXP 	unnamed Circle: fillColor = '[ 0.  0.  0.] (rgb)'
87.5701 	EXP 	unnamed Circle: pos = array([ 313.548,  500.292])
87.7704 	EXP 	unnamed ImageStim: image = 'inks\\01.png'
87.7704 	EXP 	unnamed Circle: fillColor = '[ 0.  0.  0.] (rgb)'
87.7704 	EXP 	unnamed Circle: pos = array([ 333.903,  615.575])
87.9704 	EXP 	unnamed ImageStim: image = 'inks\\01.png'
87.9704 	EXP 	unnamed Circle: fillColor = '[ 0.  0.  0.] (rgb)'
87.9704 	EXP 	unnamed Circle: pos = array([-650.,  502.])
88.1706 	EXP 	unnamed ImageStim: image = 'inks\\01.png'
88.1706 	EXP 	unnamed Circle: fillColor = '[ 0.  0.  0.] (rgb)'
88.1706 	EXP 	unnamed Circle: pos = array([-650.,  502.])
88.3707 	EXP 	unnamed ImageStim: image = 'inks\\01.png'
88.3707 	EXP 	unnamed Circle: fillColor = '[ 0.  0.  0.] (rgb)'
88.3707 	EXP 	unnamed Circle: pos = array([ 337.755,  603.811])
88.5709 	EXP 	unnamed ImageStim: image = 'inks\\01.png'
88.5709 	EXP 	unnamed Circle: fillColor = '[ 0.  0.  0.] (rgb)'
88.5709 	EXP 	unnamed Circle: pos = array([ 330.101,  579.122])
88.7715 	EXP 	unnamed ImageStim: image = 'inks\\01.png'
88.7715 	EXP 	unnamed Circle: fillColor = '[ 0.  0.  0.] (rgb)'
88.7715 	EXP 	unnamed Circle: pos = array([ 351.998,  586.684])
88.9714 	EXP 	unnamed ImageStim: image = 'inks\\01.png'
88.9714 	EXP 	unnamed Circle: fillColor = '[ 0.  0.  0.] (rgb)'
88.9714 	EXP 	unnamed Circle: pos = array([ 335.849,  578.433])
89.1715 	EXP 	unnamed ImageStim: image = 'inks\\01.png'
89.1715 	EXP 	unnamed Circle: fillColor = '[ 0.  0.  0.] (rgb)'
89.1715 	EXP 	unnamed Circle: pos = array([ 339.481,  566.281])
89.3717 	EXP 	unnamed ImageStim: image = 'inks\\01.png'
89.3717 	EXP 	unnamed Circle: fillColor = '[ 0.  0.  0.] (rgb)'
89.3717 	EXP 	unnamed Circle: pos = array([ 324.305,  322.658])
89.5718 	EXP 	unnamed ImageStim: image = 'inks\\01.png'
89.5718 	EXP 	unnamed Circle: fillColor = '[ 0.  0.  0.] (rgb)'
89.5718 	EXP 	unnamed Circle: pos = array([ 320.989,  354.154])
89.7720 	EXP 	unnamed ImageStim: image = 'inks\\01.png'
89.7720 	EXP 	unnamed Circle: fillColor = '[ 0.  0.  0.] (rgb)'
89.7720 	EXP 	unnamed Circle: pos = array([ 329.966,  201.609])
89.9722 	EXP 	unnamed ImageStim: image = 'inks\\01.png'
89.9722 	EXP 	unnamed Circle: fillColor = '[ 0.  0.  0.] (rgb)'
89.9722 	EXP 	unnamed Circle: pos = array([ 325.184,  218.101])
90.1730 	EXP 	unnamed ImageStim: image = 'inks\\01.png'
90.1730 	EXP 	unnamed Circle: fillColor = '[ 0.  0.  0.] (rgb)'
90.1730 	EXP 	unnamed Circle: pos = array([ 333.191,  218.458])
90.3731 	EXP 	unnamed ImageStim: image = 'inks\\01.png'
90.3731 	EXP 	unnamed Circle: fillColor = '[ 0.  0.  0.] (rgb)'
90.3731 	EXP 	unnamed Circle: pos = array([ 326.887, -260.068])
90.5894 	EXP 	unnamed ImageStim: image = 'inks\\01.png'
90.5894 	EXP 	unnamed Circle: fillColor = '[ 0.  0.  0.] (rgb)'
90.5894 	EXP 	unnamed Circle: pos = array([ 317.688, -277.456])
90.7895 	EXP 	unnamed ImageStim: image = 'inks\\01.png'
90.7895 	EXP 	unnamed Circle: fillColor = '[ 0.  0.  0.] (rgb)'
90.7895 	EXP 	unnamed Circle: pos = array([ 317.399, -285.33 ])
90.9896 	EXP 	unnamed ImageStim: image = 'inks\\01.png'
90.9896 	EXP 	unnamed Circle: fillColor = '[ 0.  0.  0.] (rgb)'
90.9896 	EXP 	unnamed Circle: pos = array([ 374.743, -411.476])
91.1898 	EXP 	unnamed ImageStim: image = 'inks\\01.png'
91.1898 	EXP 	unnamed Circle: fillColor = '[ 0.  0.  0.] (rgb)'
91.1898 	EXP 	unnamed Circle: pos = array([ 360.4  , -605.134])
91.3900 	EXP 	unnamed ImageStim: image = 'inks\\01.png'
91.3900 	EXP 	unnamed Circle: fillColor = '[ 0.  0.  0.] (rgb)'
91.3900 	EXP 	unnamed Circle: pos = array([ 356.921, -597.208])
91.5901 	EXP 	unnamed ImageStim: image = 'inks\\01.png'
91.5901 	EXP 	unnamed Circle: fillColor = '[ 0.  0.  0.] (rgb)'
91.5901 	EXP 	unnamed Circle: pos = array([ 372.972, -597.574])
91.7917 	EXP 	unnamed ImageStim: image = 'inks\\01.png'
91.7917 	EXP 	unnamed Circle: fillColor = '[ 0.  0.  0.] (rgb)'
91.7917 	EXP 	unnamed Circle: pos = array([-650.,  502.])
91.9906 	EXP 	unnamed ImageStim: image = 'inks\\01.png'
91.9906 	EXP 	unnamed Circle: fillColor = '[ 0.  0.  0.] (rgb)'
91.9906 	EXP 	unnamed Circle: pos = array([-358.025,  162.134])
92.1906 	EXP 	unnamed ImageStim: image = 'inks\\01.png'
92.1906 	EXP 	unnamed Circle: fillColor = '[ 0.  0.  0.] (rgb)'
92.1906 	EXP 	unnamed Circle: pos = array([-650.,  502.])
92.3908 	EXP 	unnamed ImageStim: image = 'inks\\01.png'
92.3908 	EXP 	unnamed Circle: fillColor = '[ 0.  0.  0.] (rgb)'
92.3908 	EXP 	unnamed Circle: pos = array([-650.,  502.])
92.5910 	EXP 	unnamed ImageStim: image = 'inks\\01.png'
92.5910 	EXP 	unnamed Circle: fillColor = '[ 0.  0.  0.] (rgb)'
92.5910 	EXP 	unnamed Circle: pos = array([-650.,  502.])
92.7912 	EXP 	unnamed ImageStim: image = 'inks\\01.png'
92.7912 	EXP 	unnamed Circle: fillColor = '[ 0.  0.  0.] (rgb)'
92.7912 	EXP 	unnamed Circle: pos = array([-650.,  502.])
92.9921 	EXP 	unnamed ImageStim: image = 'inks\\01.png'
92.9921 	EXP 	unnamed Circle: fillColor = '[ 0.  0.  0.] (rgb)'
92.9921 	EXP 	unnamed Circle: pos = array([-650.,  502.])
93.1922 	EXP 	unnamed ImageStim: image = 'inks\\01.png'
93.1922 	EXP 	unnamed Circle: fillColor = '[ 0.  0.  0.] (rgb)'
93.1922 	EXP 	unnamed Circle: pos = array([-650.,  502.])
93.3917 	EXP 	unnamed ImageStim: image = 'inks\\01.png'
93.3917 	EXP 	unnamed Circle: fillColor = '[ 0.  0.  0.] (rgb)'
93.3917 	EXP 	unnamed Circle: pos = array([-650.,  502.])
93.6027 	EXP 	unnamed ImageStim: image = 'inks\\01.png'
93.6027 	EXP 	unnamed Circle: fillColor = '[ 0.  0.  0.] (rgb)'
93.6027 	EXP 	unnamed Circle: pos = array([-650.,  502.])
93.8089 	EXP 	unnamed ImageStim: image = 'inks\\01.png'
93.8089 	EXP 	unnamed Circle: fillColor = '[ 0.  0.  0.] (rgb)'
93.8089 	EXP 	unnamed Circle: pos = array([-650.,  502.])
94.0090 	EXP 	unnamed ImageStim: image = 'inks\\01.png'
94.0090 	EXP 	unnamed Circle: fillColor = '[ 0.  0.  0.] (rgb)'
94.0090 	EXP 	unnamed Circle: pos = array([-650.,  502.])
94.2090 	EXP 	unnamed ImageStim: image = 'inks\\01.png'
94.2090 	EXP 	unnamed Circle: fillColor = '[ 0.  0.  0.] (rgb)'
94.2090 	EXP 	unnamed Circle: pos = array([-650.,  502.])
94.4260 	EXP 	unnamed ImageStim: image = 'inks\\01.png'
94.4260 	EXP 	unnamed Circle: fillColor = '[ 0.  0.  0.] (rgb)'
94.4260 	EXP 	unnamed Circle: pos = array([-650.,  502.])
94.6262 	EXP 	unnamed ImageStim: image = 'inks\\01.png'
94.6262 	EXP 	unnamed Circle: fillColor = '[ 0.  0.  0.] (rgb)'
94.6262 	EXP 	unnamed Circle: pos = array([-650.,  502.])
94.8430 	EXP 	unnamed ImageStim: image = 'inks\\01.png'
94.8430 	EXP 	unnamed Circle: fillColor = '[ 0.  0.  0.] (rgb)'
94.8430 	EXP 	unnamed Circle: pos = array([-650.,  502.])
95.0432 	EXP 	unnamed ImageStim: image = 'inks\\01.png'
95.0432 	EXP 	unnamed Circle: fillColor = '[ 0.  0.  0.] (rgb)'
95.0432 	EXP 	unnamed Circle: pos = array([-650.,  502.])
95.2601 	EXP 	unnamed ImageStim: image = 'inks\\01.png'
95.2601 	EXP 	unnamed Circle: fillColor = '[ 0.  0.  0.] (rgb)'
95.2601 	EXP 	unnamed Circle: pos = array([-650.,  502.])
95.4602 	EXP 	unnamed ImageStim: image = 'inks\\01.png'
95.4602 	EXP 	unnamed Circle: fillColor = '[ 0.  0.  0.] (rgb)'
95.4602 	EXP 	unnamed Circle: pos = array([-650.,  502.])
95.6602 	EXP 	unnamed ImageStim: image = 'inks\\01.png'
95.6602 	EXP 	unnamed Circle: fillColor = '[ 0.  0.  0.] (rgb)'
95.6602 	EXP 	unnamed Circle: pos = array([-650.,  502.])
95.8615 	EXP 	unnamed ImageStim: image = 'inks\\01.png'
95.8615 	EXP 	unnamed Circle: fillColor = '[ 0.  0.  0.] (rgb)'
95.8615 	EXP 	unnamed Circle: pos = array([-650.,  502.])
96.0606 	EXP 	unnamed ImageStim: image = 'inks\\01.png'
96.0606 	EXP 	unnamed Circle: fillColor = '[ 0.  0.  0.] (rgb)'
96.0606 	EXP 	unnamed Circle: pos = array([-650.,  502.])
96.2608 	EXP 	unnamed ImageStim: image = 'inks\\01.png'
96.2608 	EXP 	unnamed Circle: fillColor = '[ 0.  0.  0.] (rgb)'
96.2608 	EXP 	unnamed Circle: pos = array([-650.,  502.])
96.4612 	EXP 	unnamed ImageStim: image = 'inks\\01.png'
96.4612 	EXP 	unnamed Circle: fillColor = '[ 0.  0.  0.] (rgb)'
96.4612 	EXP 	unnamed Circle: pos = array([-484.768,  560.555])
96.6612 	EXP 	unnamed ImageStim: image = 'inks\\01.png'
96.6612 	EXP 	unnamed Circle: fillColor = '[ 0.  0.  0.] (rgb)'
96.6612 	EXP 	unnamed Circle: pos = array([  57.268,  163.383])
96.8618 	EXP 	unnamed ImageStim: image = 'inks\\01.png'
96.8618 	EXP 	unnamed Circle: fillColor = '[ 0.  0.  0.] (rgb)'
96.8618 	EXP 	unnamed Circle: pos = array([  45.863,  168.262])
97.0783 	EXP 	unnamed ImageStim: image = 'inks\\01.png'
97.0783 	EXP 	unnamed Circle: fillColor = '[ 0.  0.  0.] (rgb)'
97.0783 	EXP 	unnamed Circle: pos = array([-650.,  502.])
97.2784 	EXP 	unnamed ImageStim: image = 'inks\\01.png'
97.2784 	EXP 	unnamed Circle: fillColor = '[ 0.  0.  0.] (rgb)'
97.2784 	EXP 	unnamed Circle: pos = array([  79.777,  202.967])
97.4785 	EXP 	unnamed ImageStim: image = 'inks\\01.png'
97.4785 	EXP 	unnamed Circle: fillColor = '[ 0.  0.  0.] (rgb)'
97.4785 	EXP 	unnamed Circle: pos = array([  85.037,  203.993])
97.6786 	EXP 	unnamed ImageStim: image = 'inks\\01.png'
97.6786 	EXP 	unnamed Circle: fillColor = '[ 0.  0.  0.] (rgb)'
97.6786 	EXP 	unnamed Circle: pos = array([  89.266,  194.354])
97.8789 	EXP 	unnamed ImageStim: image = 'inks\\01.png'
97.8789 	EXP 	unnamed Circle: fillColor = '[ 0.  0.  0.] (rgb)'
97.8789 	EXP 	unnamed Circle: pos = array([  98.995,  188.131])
98.0792 	EXP 	unnamed ImageStim: image = 'inks\\01.png'
98.0792 	EXP 	unnamed Circle: fillColor = '[ 0.  0.  0.] (rgb)'
98.0792 	EXP 	unnamed Circle: pos = array([ 379.244,   77.336])
98.2793 	EXP 	unnamed ImageStim: image = 'inks\\01.png'
98.2793 	EXP 	unnamed Circle: fillColor = '[ 0.  0.  0.] (rgb)'
98.2793 	EXP 	unnamed Circle: pos = array([ 381.073,   57.914])
98.4795 	EXP 	unnamed ImageStim: image = 'inks\\01.png'
98.4795 	EXP 	unnamed Circle: fillColor = '[ 0.  0.  0.] (rgb)'
98.4795 	EXP 	unnamed Circle: pos = array([ 387.715,   49.087])
98.6796 	EXP 	unnamed ImageStim: image = 'inks\\01.png'
98.6796 	EXP 	unnamed Circle: fillColor = '[ 0.  0.  0.] (rgb)'
98.6796 	EXP 	unnamed Circle: pos = array([ 656.551,  -31.762])
98.8798 	EXP 	unnamed ImageStim: image = 'inks\\01.png'
98.8798 	EXP 	unnamed Circle: fillColor = '[ 0.  0.  0.] (rgb)'
98.8798 	EXP 	unnamed Circle: pos = array([ 651.881,  -47.425])
99.0967 	EXP 	unnamed ImageStim: image = 'inks\\01.png'
99.0967 	EXP 	unnamed Circle: fillColor = '[ 0.  0.  0.] (rgb)'
99.0967 	EXP 	unnamed Circle: pos = array([ 658.166,  -94.602])
99.2967 	EXP 	unnamed ImageStim: image = 'inks\\01.png'
99.2967 	EXP 	unnamed Circle: fillColor = '[ 0.  0.  0.] (rgb)'
99.2967 	EXP 	unnamed Circle: pos = array([ 914.34 , -118.507])
99.4970 	EXP 	unnamed ImageStim: image = 'inks\\01.png'
99.4970 	EXP 	unnamed Circle: fillColor = '[ 0.  0.  0.] (rgb)'
99.4970 	EXP 	unnamed Circle: pos = array([ 924.984, -126.88 ])
99.7140 	EXP 	unnamed ImageStim: image = 'inks\\01.png'
99.7140 	EXP 	unnamed Circle: fillColor = '[ 0.  0.  0.] (rgb)'
99.7140 	EXP 	unnamed Circle: pos = array([-650.,  502.])
99.9139 	EXP 	unnamed ImageStim: image = 'inks\\01.png'
99.9139 	EXP 	unnamed Circle: fillColor = '[ 0.  0.  0.] (rgb)'
99.9139 	EXP 	unnamed Circle: pos = array([-650.,  502.])
100.1147 	EXP 	unnamed ImageStim: image = 'inks\\01.png'
100.1147 	EXP 	unnamed Circle: fillColor = '[ 0.  0.  0.] (rgb)'
100.1147 	EXP 	unnamed Circle: pos = array([-650.,  502.])
100.3142 	EXP 	unnamed ImageStim: image = 'inks\\01.png'
100.3142 	EXP 	unnamed Circle: fillColor = '[ 0.  0.  0.] (rgb)'
100.3142 	EXP 	unnamed Circle: pos = array([-650.,  502.])
100.5144 	EXP 	unnamed ImageStim: image = 'inks\\01.png'
100.5144 	EXP 	unnamed Circle: fillColor = '[ 0.  0.  0.] (rgb)'
100.5144 	EXP 	unnamed Circle: pos = array([-650.,  502.])
100.7147 	EXP 	unnamed ImageStim: image = 'inks\\01.png'
100.7147 	EXP 	unnamed Circle: fillColor = '[ 0.  0.  0.] (rgb)'
100.7147 	EXP 	unnamed Circle: pos = array([-650.,  502.])
100.8991 	EXP 	unnamed ImageStim: image = 'inks\\01.png'
100.8991 	EXP 	unnamed Circle: fillColor = '[ 0.  0.  0.] (rgb)'
100.8991 	EXP 	unnamed Circle: pos = array([-650.,  502.])
101.0985 	EXP 	unnamed ImageStim: image = 'inks\\01.png'
101.0985 	EXP 	unnamed Circle: fillColor = '[ 0.  0.  0.] (rgb)'
101.0985 	EXP 	unnamed Circle: pos = array([-650.,  502.])
101.2986 	EXP 	unnamed ImageStim: image = 'inks\\01.png'
101.2986 	EXP 	unnamed Circle: fillColor = '[ 0.  0.  0.] (rgb)'
101.2986 	EXP 	unnamed Circle: pos = array([-650.,  502.])
101.4986 	EXP 	unnamed ImageStim: image = 'inks\\01.png'
101.4986 	EXP 	unnamed Circle: fillColor = '[ 0.  0.  0.] (rgb)'
101.4986 	EXP 	unnamed Circle: pos = array([-650.,  502.])
101.6992 	EXP 	unnamed ImageStim: image = 'inks\\01.png'
101.6992 	EXP 	unnamed Circle: fillColor = '[ 0.  0.  0.] (rgb)'
101.6992 	EXP 	unnamed Circle: pos = array([-650.,  502.])
101.8989 	EXP 	unnamed ImageStim: image = 'inks\\01.png'
101.8989 	EXP 	unnamed Circle: fillColor = '[ 0.  0.  0.] (rgb)'
101.8989 	EXP 	unnamed Circle: pos = array([-650.,  502.])
102.0993 	EXP 	unnamed ImageStim: image = 'inks\\01.png'
102.0993 	EXP 	unnamed Circle: fillColor = '[ 0.  0.  0.] (rgb)'
102.0993 	EXP 	unnamed Circle: pos = array([-650.,  502.])
102.2993 	EXP 	unnamed ImageStim: image = 'inks\\01.png'
102.2993 	EXP 	unnamed Circle: fillColor = '[ 0.  0.  0.] (rgb)'
102.2993 	EXP 	unnamed Circle: pos = array([-650.,  502.])
102.4996 	EXP 	unnamed ImageStim: image = 'inks\\01.png'
102.4996 	EXP 	unnamed Circle: fillColor = '[ 0.  0.  0.] (rgb)'
102.4996 	EXP 	unnamed Circle: pos = array([-650.,  502.])
102.6996 	EXP 	unnamed ImageStim: image = 'inks\\01.png'
102.6996 	EXP 	unnamed Circle: fillColor = '[ 0.  0.  0.] (rgb)'
102.6996 	EXP 	unnamed Circle: pos = array([-650.,  502.])
102.8998 	EXP 	unnamed ImageStim: image = 'inks\\01.png'
102.8998 	EXP 	unnamed Circle: fillColor = '[ 0.  0.  0.] (rgb)'
102.8998 	EXP 	unnamed Circle: pos = array([-650.,  502.])
103.1335 	EXP 	unnamed ImageStim: image = 'inks\\01.png'
103.1335 	EXP 	unnamed Circle: fillColor = '[ 0.  0.  0.] (rgb)'
103.1335 	EXP 	unnamed Circle: pos = array([-650.,  502.])
103.3512 	EXP 	unnamed ImageStim: image = 'inks\\01.png'
103.3512 	EXP 	unnamed Circle: fillColor = '[ 0.  0.  0.] (rgb)'
103.3512 	EXP 	unnamed Circle: pos = array([ 1447.157,  -803.957])
103.5672 	EXP 	unnamed ImageStim: image = 'inks\\01.png'
103.5672 	EXP 	unnamed Circle: fillColor = '[ 0.  0.  0.] (rgb)'
103.5672 	EXP 	unnamed Circle: pos = array([-650.,  502.])
103.7673 	EXP 	unnamed ImageStim: image = 'inks\\01.png'
103.7673 	EXP 	unnamed Circle: fillColor = '[ 0.  0.  0.] (rgb)'
103.7673 	EXP 	unnamed Circle: pos = array([-650.,  502.])
103.9866 	EXP 	unnamed ImageStim: image = 'inks\\01.png'
103.9866 	EXP 	unnamed Circle: fillColor = '[ 0.  0.  0.] (rgb)'
103.9866 	EXP 	unnamed Circle: pos = array([-650.,  502.])
104.2013 	EXP 	unnamed ImageStim: image = 'inks\\01.png'
104.2013 	EXP 	unnamed Circle: fillColor = '[ 0.  0.  0.] (rgb)'
104.2013 	EXP 	unnamed Circle: pos = array([-650.,  502.])
104.4012 	EXP 	unnamed ImageStim: image = 'inks\\01.png'
104.4012 	EXP 	unnamed Circle: fillColor = '[ 0.  0.  0.] (rgb)'
104.4012 	EXP 	unnamed Circle: pos = array([-650.,  502.])
104.6014 	EXP 	unnamed ImageStim: image = 'inks\\01.png'
104.6014 	EXP 	unnamed Circle: fillColor = '[ 0.  0.  0.] (rgb)'
104.6014 	EXP 	unnamed Circle: pos = array([-650.,  502.])
104.8015 	EXP 	unnamed ImageStim: image = 'inks\\01.png'
104.8015 	EXP 	unnamed Circle: fillColor = '[ 0.  0.  0.] (rgb)'
104.8015 	EXP 	unnamed Circle: pos = array([-650.,  502.])
105.0022 	EXP 	unnamed ImageStim: image = 'inks\\01.png'
105.0022 	EXP 	unnamed Circle: fillColor = '[ 0.  0.  0.] (rgb)'
105.0022 	EXP 	unnamed Circle: pos = array([-650.,  502.])
105.1949 	DATA 	Mouse: Left button down, pos=(912,856)
105.2018 	EXP 	unnamed ImageStim: image = 'inks\\01.png'
105.2018 	EXP 	unnamed Circle: fillColor = '[ 0.  0.  0.] (rgb)'
105.2018 	EXP 	unnamed Circle: pos = array([-650.,  502.])
105.3876 	DATA 	Mouse: Left button up, pos=(912,856)
105.4021 	EXP 	unnamed ImageStim: image = 'inks\\01.png'
105.4021 	EXP 	unnamed Circle: fillColor = '[ 0.  0.  0.] (rgb)'
105.4021 	EXP 	unnamed Circle: pos = array([ 233.929,  123.45 ])
105.6023 	EXP 	unnamed ImageStim: image = 'inks\\01.png'
105.6023 	EXP 	unnamed Circle: fillColor = '[ 0.  0.  0.] (rgb)'
105.6023 	EXP 	unnamed Circle: pos = array([ 235.635,  130.048])
105.8023 	EXP 	unnamed ImageStim: image = 'inks\\01.png'
105.8023 	EXP 	unnamed Circle: fillColor = '[ 0.  0.  0.] (rgb)'
105.8023 	EXP 	unnamed Circle: pos = array([ 241.38 ,  144.421])
105.9923 	DATA 	Keypress: right
106.0025 	EXP 	unnamed ImageStim: image = 'inks\\01.png'
106.0025 	EXP 	unnamed Circle: fillColor = '[ 0.  0.  0.] (rgb)'
106.0025 	EXP 	unnamed Circle: pos = array([ 242.521,  137.796])
106.0027 	EXP 	Sound  stopped
106.2195 	EXP 	unnamed ImageStim: image = 'inks\\02.png'
106.2195 	EXP 	unnamed Circle: fillColor = '[ 0.  0.  0.] (rgb)'
106.2195 	EXP 	unnamed Circle: pos = array([ 525.084,   26.817])
106.4036 	EXP 	unnamed ImageStim: image = 'inks\\02.png'
106.4036 	EXP 	unnamed Circle: fillColor = '[ 0.  0.  0.] (rgb)'
106.4036 	EXP 	unnamed Circle: pos = array([ 528.962,    0.85 ])
106.5863 	EXP 	unnamed ImageStim: image = 'inks\\02.png'
106.5863 	EXP 	unnamed Circle: fillColor = '[ 0.  0.  0.] (rgb)'
106.5863 	EXP 	unnamed Circle: pos = array([ 525.062,    7.494])
106.7697 	EXP 	unnamed ImageStim: image = 'inks\\02.png'
106.7697 	EXP 	unnamed Circle: fillColor = '[ 0.  0.  0.] (rgb)'
106.7697 	EXP 	unnamed Circle: pos = array([ 110.243,   57.316])
106.9529 	DATA 	Keypress: escape
106.9700 	EXP 	unnamed ImageStim: image = 'inks\\02.png'
106.9700 	EXP 	unnamed Circle: fillColor = '[ 0.  0.  0.] (rgb)'
106.9700 	EXP 	unnamed Circle: pos = array([ 102.454,   67.231])
