1.0526 	ERROR 	avbin.dll failed to load.
                     Try importing psychopy.visual as the first library
                     (before anything that uses scipy)
                     and make sure that avbin is installed.
1.0644 	ERROR 	avbin.dll failed to load.
                     Try importing psychopy.visual as the first library
                     (before anything that uses scipy)
                     and make sure that avbin is installed.
1.1123 	WARNING 	Movie2 stim could not be imported and won't be available
29.6576 	WARNING 	Monitor specification not found. Creating a temporary one...
29.6584 	WARNING 	User requested fullscreen with size [1680 1050], but screen is actually [1600, 900]. Using actual size
30.2891 	EXP 	Created window1 = Window(allowGUI=False, allowStencil=False, autoLog=True, bitsMode=UNKNOWN, blendMode='avg', color='white', colorSpace='named', fullscr=UNKNOWN, gamma=None, lms=UNKNOWN, monitor=<psychopy.monitors.calibTools.Monitor instance at 0x0B53C440>, name='window1', pos=[0, 0], screen=0, size=array([1600,  900]), stereo=False, units=u'pix', useFBO=False, viewOri=0.0, viewPos=None, viewScale=None, waitBlanking=True, winType='pyglet')
30.2921 	EXP 	Created unnamed ImageStim = ImageStim(autoLog=True, color=array([ 1.,  1.,  1.]), colorSpace='rgb', contrast=1.0, depth=0, flipHoriz=False, flipVert=False, image=None, interpolate=False, mask=None, maskParams=None, name='unnamed ImageStim', opacity=1.0, ori=0.0, pos=array([ 0.,  0.]), size=array([ 1.,  1.]), texRes=128, units='height', win=Window(...))
30.2971 	EXP 	Created unnamed Circle = Circle(autoDraw=False, autoLog=True, closeShape=True, contrast=1.0, depth=0, fillColor=None, fillColorSpace='rgb', fillRGB=None, interpolate=True, lineColor=array([ 1.,  1.,  1.]), lineColorSpace='rgb', lineRGB=array([ 1.,  1.,  1.]), lineWidth=1.5, name='unnamed Circle', opacity=1.0, ori=array(0.0), pos=array([ 0.,  0.]), size=array([ 1.,  1.]), units=u'pix', vertices=ndarray(...), win=Window(...))
31.8230 	EXP 	Set  sound=C
31.8290 	EXP 	Set  sound=fe\ringing_alarm.wav
31.8290 	EXP 	Sound  set loops 10
31.8295 	EXP 	Sound  started
31.8537 	EXP 	unnamed ImageStim: image = 'inks\\01.png'
31.8537 	EXP 	unnamed Circle: fillColor = '[ 0.  0.  0.] (rgb)'
31.8537 	EXP 	unnamed Circle: pos = array([ 339.453,  276.196])
32.0579 	EXP 	unnamed ImageStim: image = 'inks\\01.png'
32.0579 	EXP 	unnamed Circle: fillColor = '[ 0.  0.  0.] (rgb)'
32.0579 	EXP 	unnamed Circle: pos = array([-349.766,  -41.868])
32.2575 	EXP 	unnamed ImageStim: image = 'inks\\01.png'
32.2575 	EXP 	unnamed Circle: fillColor = '[ 0.  0.  0.] (rgb)'
32.2575 	EXP 	unnamed Circle: pos = array([ 353.829,  183.   ])
32.4575 	EXP 	unnamed ImageStim: image = 'inks\\01.png'
32.4575 	EXP 	unnamed Circle: fillColor = '[ 0.  0.  0.] (rgb)'
32.4575 	EXP 	unnamed Circle: pos = array([-526.506, -483.3  ])
32.6580 	EXP 	unnamed ImageStim: image = 'inks\\01.png'
32.6580 	EXP 	unnamed Circle: fillColor = '[ 0.  0.  0.] (rgb)'
32.6580 	EXP 	unnamed Circle: pos = array([-650.,  502.])
32.8581 	EXP 	unnamed ImageStim: image = 'inks\\01.png'
32.8581 	EXP 	unnamed Circle: fillColor = '[ 0.  0.  0.] (rgb)'
32.8581 	EXP 	unnamed Circle: pos = array([-650.,  502.])
33.0586 	EXP 	unnamed ImageStim: image = 'inks\\01.png'
33.0586 	EXP 	unnamed Circle: fillColor = '[ 0.  0.  0.] (rgb)'
33.0586 	EXP 	unnamed Circle: pos = array([-650.,  502.])
33.2420 	DATA 	Keypress: right
33.2588 	EXP 	unnamed ImageStim: image = 'inks\\01.png'
33.2588 	EXP 	unnamed Circle: fillColor = '[ 0.  0.  0.] (rgb)'
33.2588 	EXP 	unnamed Circle: pos = array([-650.,  502.])
33.2590 	EXP 	Sound  stopped
33.4595 	EXP 	unnamed ImageStim: image = 'inks\\02.png'
33.4595 	EXP 	unnamed Circle: fillColor = '[ 0.  0.  0.] (rgb)'
33.4595 	EXP 	unnamed Circle: pos = array([-177.888, -176.806])
33.6595 	EXP 	unnamed ImageStim: image = 'inks\\02.png'
33.6595 	EXP 	unnamed Circle: fillColor = '[ 0.  0.  0.] (rgb)'
33.6595 	EXP 	unnamed Circle: pos = array([ 98.53, -28.33])
33.8595 	EXP 	unnamed ImageStim: image = 'inks\\02.png'
33.8595 	EXP 	unnamed Circle: fillColor = '[ 0.  0.  0.] (rgb)'
33.8595 	EXP 	unnamed Circle: pos = array([-56.468, -38.478])
34.0595 	EXP 	unnamed ImageStim: image = 'inks\\02.png'
34.0595 	EXP 	unnamed Circle: fillColor = '[ 0.  0.  0.] (rgb)'
34.0595 	EXP 	unnamed Circle: pos = array([-650.,  502.])
34.2597 	EXP 	unnamed ImageStim: image = 'inks\\02.png'
34.2597 	EXP 	unnamed Circle: fillColor = '[ 0.  0.  0.] (rgb)'
34.2597 	EXP 	unnamed Circle: pos = array([-650.,  502.])
34.4600 	EXP 	unnamed ImageStim: image = 'inks\\02.png'
34.4600 	EXP 	unnamed Circle: fillColor = '[ 0.  0.  0.] (rgb)'
34.4600 	EXP 	unnamed Circle: pos = array([-85.096,   7.37 ])
34.6602 	EXP 	unnamed ImageStim: image = 'inks\\02.png'
34.6602 	EXP 	unnamed Circle: fillColor = '[ 0.  0.  0.] (rgb)'
34.6602 	EXP 	unnamed Circle: pos = array([  64.797,  229.92 ])
34.8604 	EXP 	unnamed ImageStim: image = 'inks\\02.png'
34.8604 	EXP 	unnamed Circle: fillColor = '[ 0.  0.  0.] (rgb)'
34.8604 	EXP 	unnamed Circle: pos = array([  45.777,  276.021])
35.0608 	EXP 	unnamed ImageStim: image = 'inks\\02.png'
35.0608 	EXP 	unnamed Circle: fillColor = '[ 0.  0.  0.] (rgb)'
35.0608 	EXP 	unnamed Circle: pos = array([ -39.763,  253.295])
35.2440 	EXP 	unnamed ImageStim: image = 'inks\\02.png'
35.2440 	EXP 	unnamed Circle: fillColor = '[ 0.  0.  0.] (rgb)'
35.2440 	EXP 	unnamed Circle: pos = array([ -17.828,  267.929])
35.4442 	EXP 	unnamed ImageStim: image = 'inks\\02.png'
35.4442 	EXP 	unnamed Circle: fillColor = '[ 0.  0.  0.] (rgb)'
35.4442 	EXP 	unnamed Circle: pos = array([-168.579,  249.51 ])
35.6446 	EXP 	unnamed ImageStim: image = 'inks\\02.png'
35.6446 	EXP 	unnamed Circle: fillColor = '[ 0.  0.  0.] (rgb)'
35.6446 	EXP 	unnamed Circle: pos = array([ -26.581,  275.925])
35.6449 	DATA 	Keypress: escape
