1.0781 	ERROR 	avbin.dll failed to load.
                     Try importing psychopy.visual as the first library
                     (before anything that uses scipy)
                     and make sure that avbin is installed.
1.0904 	ERROR 	avbin.dll failed to load.
                     Try importing psychopy.visual as the first library
                     (before anything that uses scipy)
                     and make sure that avbin is installed.
1.1341 	WARNING 	Movie2 stim could not be imported and won't be available
26.4919 	WARNING 	Monitor specification not found. Creating a temporary one...
27.0933 	EXP 	Created window1 = Window(allowGUI=False, allowStencil=False, autoLog=True, bitsMode=UNKNOWN, blendMode='avg', color='white', colorSpace='named', fullscr=UNKNOWN, gamma=None, lms=UNKNOWN, monitor=<psychopy.monitors.calibTools.Monitor instance at 0x0B101580>, name='window1', pos=[0, 0], screen=1, size=array([1920, 1200]), stereo=False, units=u'pix', useFBO=False, viewOri=0.0, viewPos=None, viewScale=None, waitBlanking=True, winType='pyglet')
27.0953 	EXP 	Created unnamed ImageStim = ImageStim(autoLog=True, color=array([ 1.,  1.,  1.]), colorSpace='rgb', contrast=1.0, depth=0, flipHoriz=False, flipVert=False, image=None, interpolate=False, mask=None, maskParams=None, name='unnamed ImageStim', opacity=1.0, ori=0.0, pos=array([ 0.,  0.]), size=array([ 1.,  1.]), texRes=128, units='height', win=Window(...))
27.1004 	EXP 	Created unnamed Circle = Circle(autoDraw=False, autoLog=True, closeShape=True, contrast=1.0, depth=0, fillColor=None, fillColorSpace='rgb', fillRGB=None, interpolate=True, lineColor=array([ 1.,  1.,  1.]), lineColorSpace='rgb', lineRGB=array([ 1.,  1.,  1.]), lineWidth=1.5, name='unnamed Circle', opacity=1.0, ori=array(0.0), pos=array([ 0.,  0.]), size=array([ 1.,  1.]), units=u'pix', vertices=ndarray(...), win=Window(...))
28.6385 	EXP 	Set  sound=C
28.6453 	EXP 	Set  sound=fe\ringing_alarm.wav
28.6453 	EXP 	Sound  set loops 10
28.6458 	EXP 	Sound  started
28.6937 	EXP 	unnamed ImageStim: image = 'inks\\01.png'
28.6937 	EXP 	unnamed Circle: fillColor = '[ 0.  0.  0.] (rgb)'
28.6937 	EXP 	unnamed Circle: pos = array([ 779.102, -434.164])
28.8936 	EXP 	unnamed ImageStim: image = 'inks\\01.png'
28.8936 	EXP 	unnamed Circle: fillColor = '[ 0.  0.  0.] (rgb)'
28.8936 	EXP 	unnamed Circle: pos = array([ 208.092,   98.747])
29.0935 	EXP 	unnamed ImageStim: image = 'inks\\01.png'
29.0935 	EXP 	unnamed Circle: fillColor = '[ 0.  0.  0.] (rgb)'
29.0935 	EXP 	unnamed Circle: pos = array([ 215.201,   74.111])
29.2939 	EXP 	unnamed ImageStim: image = 'inks\\01.png'
29.2939 	EXP 	unnamed Circle: fillColor = '[ 0.  0.  0.] (rgb)'
29.2939 	EXP 	unnamed Circle: pos = array([  24.361,  216.748])
29.4941 	EXP 	unnamed ImageStim: image = 'inks\\01.png'
29.4941 	EXP 	unnamed Circle: fillColor = '[ 0.  0.  0.] (rgb)'
29.4941 	EXP 	unnamed Circle: pos = array([  24.911,  221.401])
29.6941 	EXP 	unnamed ImageStim: image = 'inks\\01.png'
29.6941 	EXP 	unnamed Circle: fillColor = '[ 0.  0.  0.] (rgb)'
29.6941 	EXP 	unnamed Circle: pos = array([ 371.198,   53.366])
29.8942 	EXP 	unnamed ImageStim: image = 'inks\\01.png'
29.8942 	EXP 	unnamed Circle: fillColor = '[ 0.  0.  0.] (rgb)'
29.8942 	EXP 	unnamed Circle: pos = array([  17.603,  244.597])
30.0945 	EXP 	unnamed ImageStim: image = 'inks\\01.png'
30.0945 	EXP 	unnamed Circle: fillColor = '[ 0.  0.  0.] (rgb)'
30.0945 	EXP 	unnamed Circle: pos = array([  44.837,  237.806])
30.2945 	EXP 	unnamed ImageStim: image = 'inks\\01.png'
30.2945 	EXP 	unnamed Circle: fillColor = '[ 0.  0.  0.] (rgb)'
30.2945 	EXP 	unnamed Circle: pos = array([  71.654,  239.803])
30.4995 	EXP 	unnamed ImageStim: image = 'inks\\01.png'
30.4995 	EXP 	unnamed Circle: fillColor = '[ 0.  0.  0.] (rgb)'
30.4995 	EXP 	unnamed Circle: pos = array([  75.93 ,  223.177])
30.6879 	DATA 	Keypress: space
30.6966 	EXP 	unnamed ImageStim: image = 'inks\\01.png'
30.6966 	EXP 	unnamed Circle: fillColor = '[ 0.  0.  0.] (rgb)'
30.6966 	EXP 	unnamed Circle: pos = array([  82.274,  213.502])
30.8952 	EXP 	unnamed ImageStim: image = 'inks\\01.png'
30.8952 	EXP 	unnamed Circle: fillColor = '[ 0.  0.  0.] (rgb)'
30.8952 	EXP 	unnamed Circle: pos = array([  81.913,  236.642])
31.0953 	EXP 	unnamed ImageStim: image = 'inks\\01.png'
31.0953 	EXP 	unnamed Circle: fillColor = '[ 0.  0.  0.] (rgb)'
31.0953 	EXP 	unnamed Circle: pos = array([  85.21 ,  228.705])
31.2955 	EXP 	unnamed ImageStim: image = 'inks\\01.png'
31.2955 	EXP 	unnamed Circle: fillColor = '[ 0.  0.  0.] (rgb)'
31.2955 	EXP 	unnamed Circle: pos = array([ 332.591,  154.282])
31.5123 	EXP 	unnamed ImageStim: image = 'inks\\01.png'
31.5123 	EXP 	unnamed Circle: fillColor = '[ 0.  0.  0.] (rgb)'
31.5123 	EXP 	unnamed Circle: pos = array([ 336.063,  140.987])
31.7126 	EXP 	unnamed ImageStim: image = 'inks\\01.png'
31.7126 	EXP 	unnamed Circle: fillColor = '[ 0.  0.  0.] (rgb)'
31.7126 	EXP 	unnamed Circle: pos = array([ 197.456,  165.907])
31.8958 	DATA 	Keypress: right
31.9128 	EXP 	unnamed ImageStim: image = 'inks\\01.png'
31.9128 	EXP 	unnamed Circle: fillColor = '[ 0.  0.  0.] (rgb)'
31.9128 	EXP 	unnamed Circle: pos = array([ 370.085,  125.191])
31.9130 	EXP 	Sound  stopped
32.0961 	EXP 	unnamed ImageStim: image = 'inks\\02.png'
32.0961 	EXP 	unnamed Circle: fillColor = '[ 0.  0.  0.] (rgb)'
32.0961 	EXP 	unnamed Circle: pos = array([  85.379,  180.433])
32.2800 	EXP 	unnamed ImageStim: image = 'inks\\02.png'
32.2800 	EXP 	unnamed Circle: fillColor = '[ 0.  0.  0.] (rgb)'
32.2800 	EXP 	unnamed Circle: pos = array([  85.164,  182.47 ])
32.4799 	EXP 	unnamed ImageStim: image = 'inks\\02.png'
32.4799 	EXP 	unnamed Circle: fillColor = '[ 0.  0.  0.] (rgb)'
32.4799 	EXP 	unnamed Circle: pos = array([  88.823,  172.945])
32.6635 	EXP 	unnamed ImageStim: image = 'inks\\02.png'
32.6635 	EXP 	unnamed Circle: fillColor = '[ 0.  0.  0.] (rgb)'
32.6635 	EXP 	unnamed Circle: pos = array([ 215.539,  142.037])
32.8479 	EXP 	unnamed ImageStim: image = 'inks\\02.png'
32.8479 	EXP 	unnamed Circle: fillColor = '[ 0.  0.  0.] (rgb)'
32.8479 	EXP 	unnamed Circle: pos = array([-650.,  502.])
33.0470 	EXP 	unnamed ImageStim: image = 'inks\\02.png'
33.0470 	EXP 	unnamed Circle: fillColor = '[ 0.  0.  0.] (rgb)'
33.0470 	EXP 	unnamed Circle: pos = array([-650.,  502.])
33.2298 	DATA 	Keypress: escape
33.2472 	EXP 	unnamed ImageStim: image = 'inks\\02.png'
33.2472 	EXP 	unnamed Circle: fillColor = '[ 0.  0.  0.] (rgb)'
33.2472 	EXP 	unnamed Circle: pos = array([-650.,  502.])
