1.1117 	ERROR 	avbin.dll failed to load.
                     Try importing psychopy.visual as the first library
                     (before anything that uses scipy)
                     and make sure that avbin is installed.
1.1246 	ERROR 	avbin.dll failed to load.
                     Try importing psychopy.visual as the first library
                     (before anything that uses scipy)
                     and make sure that avbin is installed.
1.1698 	WARNING 	Movie2 stim could not be imported and won't be available
17.5105 	WARNING 	Monitor specification not found. Creating a temporary one...
17.5110 	WARNING 	User requested fullscreen with size [1920 1200], but screen is actually [1600, 900]. Using actual size
18.2202 	EXP 	Created window1 = Window(allowGUI=False, allowStencil=False, autoLog=True, bitsMode=UNKNOWN, blendMode='avg', color='white', colorSpace='named', fullscr=UNKNOWN, gamma=None, lms=UNKNOWN, monitor=<psychopy.monitors.calibTools.Monitor instance at 0x0ADEE5D0>, name='window1', pos=[0, 0], screen=0, size=array([1600,  900]), stereo=False, units=u'pix', useFBO=False, viewOri=0.0, viewPos=None, viewScale=None, waitBlanking=True, winType='pyglet')
18.2225 	EXP 	Created unnamed ImageStim = ImageStim(autoLog=True, color=array([ 1.,  1.,  1.]), colorSpace='rgb', contrast=1.0, depth=0, flipHoriz=False, flipVert=False, image=None, interpolate=False, mask=None, maskParams=None, name='unnamed ImageStim', opacity=1.0, ori=0.0, pos=array([ 0.,  0.]), size=array([ 1.,  1.]), texRes=128, units='height', win=Window(...))
18.2287 	EXP 	Created unnamed Circle = Circle(autoDraw=False, autoLog=True, closeShape=True, contrast=1.0, depth=0, fillColor=None, fillColorSpace='rgb', fillRGB=None, interpolate=True, lineColor=array([ 1.,  1.,  1.]), lineColorSpace='rgb', lineRGB=array([ 1.,  1.,  1.]), lineWidth=1.5, name='unnamed Circle', opacity=1.0, ori=array(0.0), pos=array([ 0.,  0.]), size=array([ 1.,  1.]), units=u'pix', vertices=ndarray(...), win=Window(...))
19.8117 	EXP 	Set  sound=C
19.8188 	EXP 	Set  sound=fe\ringing_alarm.wav
19.8188 	EXP 	Sound  set loops 10
19.8193 	EXP 	Sound  started
19.8499 	EXP 	unnamed ImageStim: image = 'inks\\01.png'
19.8499 	EXP 	unnamed Circle: fillColor = '[ 0.  0.  0.] (rgb)'
19.8499 	EXP 	unnamed Circle: pos = array([-650.,  502.])
20.0718 	EXP 	unnamed ImageStim: image = 'inks\\01.png'
20.0718 	EXP 	unnamed Circle: fillColor = '[ 0.  0.  0.] (rgb)'
20.0718 	EXP 	unnamed Circle: pos = array([-650.,  502.])
20.2734 	EXP 	unnamed ImageStim: image = 'inks\\01.png'
20.2734 	EXP 	unnamed Circle: fillColor = '[ 0.  0.  0.] (rgb)'
20.2734 	EXP 	unnamed Circle: pos = array([-650.,  502.])
20.4723 	EXP 	unnamed ImageStim: image = 'inks\\01.png'
20.4723 	EXP 	unnamed Circle: fillColor = '[ 0.  0.  0.] (rgb)'
20.4723 	EXP 	unnamed Circle: pos = array([-650.,  502.])
20.6640 	DATA 	Keypress: down
20.6724 	EXP 	unnamed ImageStim: image = 'inks\\01.png'
20.6724 	EXP 	unnamed Circle: fillColor = '[ 0.  0.  0.] (rgb)'
20.6724 	EXP 	unnamed Circle: pos = array([-650.,  502.])
20.8732 	EXP 	unnamed ImageStim: image = 'inks\\01.png'
20.8732 	EXP 	unnamed Circle: fillColor = '[ 0.  0.  0.] (rgb)'
20.8732 	EXP 	unnamed Circle: pos = array([-650.,  502.])
21.0897 	EXP 	unnamed ImageStim: image = 'inks\\01.png'
21.0897 	EXP 	unnamed Circle: fillColor = '[ 0.  0.  0.] (rgb)'
21.0897 	EXP 	unnamed Circle: pos = array([-650.,  502.])
21.2758 	DATA 	Keypress: right
21.2899 	EXP 	unnamed ImageStim: image = 'inks\\01.png'
21.2899 	EXP 	unnamed Circle: fillColor = '[ 0.  0.  0.] (rgb)'
21.2899 	EXP 	unnamed Circle: pos = array([-650.,  502.])
21.2901 	EXP 	Sound  stopped
21.4734 	EXP 	unnamed ImageStim: image = 'inks\\02.png'
21.4734 	EXP 	unnamed Circle: fillColor = '[ 0.  0.  0.] (rgb)'
21.4734 	EXP 	unnamed Circle: pos = array([-650.,  502.])
21.6736 	EXP 	unnamed ImageStim: image = 'inks\\02.png'
21.6736 	EXP 	unnamed Circle: fillColor = '[ 0.  0.  0.] (rgb)'
21.6736 	EXP 	unnamed Circle: pos = array([-650.,  502.])
21.8520 	DATA 	Keypress: escape
21.8571 	EXP 	unnamed ImageStim: image = 'inks\\02.png'
21.8571 	EXP 	unnamed Circle: fillColor = '[ 0.  0.  0.] (rgb)'
21.8571 	EXP 	unnamed Circle: pos = array([-650.,  502.])
