1.1315 	ERROR 	avbin.dll failed to load.
                     Try importing psychopy.visual as the first library
                     (before anything that uses scipy)
                     and make sure that avbin is installed.
1.1478 	ERROR 	avbin.dll failed to load.
                     Try importing psychopy.visual as the first library
                     (before anything that uses scipy)
                     and make sure that avbin is installed.
1.1924 	WARNING 	Movie2 stim could not be imported and won't be available
14.1575 	WARNING 	Monitor specification not found. Creating a temporary one...
14.6546 	EXP 	Created window1 = Window(allowGUI=False, allowStencil=False, autoLog=True, bitsMode=UNKNOWN, blendMode='avg', color='white', colorSpace='named', fullscr=UNKNOWN, gamma=None, lms=UNKNOWN, monitor=<psychopy.monitors.calibTools.Monitor instance at 0x0A7215A8>, name='window1', pos=[0, 0], screen=1, size=array([1920, 1200]), stereo=False, units=u'pix', useFBO=False, viewOri=0.0, viewPos=None, viewScale=None, waitBlanking=True, winType='pyglet')
14.6566 	EXP 	Created unnamed ImageStim = ImageStim(autoLog=True, color=array([ 1.,  1.,  1.]), colorSpace='rgb', contrast=1.0, depth=0, flipHoriz=False, flipVert=False, image=None, interpolate=False, mask=None, maskParams=None, name='unnamed ImageStim', opacity=1.0, ori=0.0, pos=array([ 0.,  0.]), size=array([ 1.,  1.]), texRes=128, units='height', win=Window(...))
14.6618 	EXP 	Created unnamed Circle = Circle(autoDraw=False, autoLog=True, closeShape=True, contrast=1.0, depth=0, fillColor=None, fillColorSpace='rgb', fillRGB=None, interpolate=True, lineColor=array([ 1.,  1.,  1.]), lineColorSpace='rgb', lineRGB=array([ 1.,  1.,  1.]), lineWidth=1.5, name='unnamed Circle', opacity=1.0, ori=array(0.0), pos=array([ 0.,  0.]), size=array([ 1.,  1.]), units=u'pix', vertices=ndarray(...), win=Window(...))
16.2142 	EXP 	Set  sound=C
16.2205 	EXP 	Set  sound=fe\ringing_alarm.wav
16.2205 	EXP 	Sound  set loops 10
16.2210 	EXP 	Sound  started
16.2603 	EXP 	unnamed ImageStim: image = 'inks\\01.png'
16.2603 	EXP 	unnamed Circle: fillColor = '[ 0.  0.  0.] (rgb)'
16.2603 	EXP 	unnamed Circle: pos = array([-650.,  502.])
16.4714 	EXP 	unnamed ImageStim: image = 'inks\\01.png'
16.4714 	EXP 	unnamed Circle: fillColor = '[ 0.  0.  0.] (rgb)'
16.4714 	EXP 	unnamed Circle: pos = array([-650.,  502.])
16.6715 	EXP 	unnamed ImageStim: image = 'inks\\01.png'
16.6715 	EXP 	unnamed Circle: fillColor = '[ 0.  0.  0.] (rgb)'
16.6715 	EXP 	unnamed Circle: pos = array([-650.,  502.])
16.8728 	EXP 	unnamed ImageStim: image = 'inks\\01.png'
16.8728 	EXP 	unnamed Circle: fillColor = '[ 0.  0.  0.] (rgb)'
16.8728 	EXP 	unnamed Circle: pos = array([-650.,  502.])
17.0729 	EXP 	unnamed ImageStim: image = 'inks\\01.png'
17.0729 	EXP 	unnamed Circle: fillColor = '[ 0.  0.  0.] (rgb)'
17.0729 	EXP 	unnamed Circle: pos = array([-650.,  502.])
17.2887 	EXP 	unnamed ImageStim: image = 'inks\\01.png'
17.2887 	EXP 	unnamed Circle: fillColor = '[ 0.  0.  0.] (rgb)'
17.2887 	EXP 	unnamed Circle: pos = array([-650.,  502.])
17.5054 	EXP 	unnamed ImageStim: image = 'inks\\01.png'
17.5054 	EXP 	unnamed Circle: fillColor = '[ 0.  0.  0.] (rgb)'
17.5054 	EXP 	unnamed Circle: pos = array([-650.,  502.])
17.7223 	EXP 	unnamed ImageStim: image = 'inks\\01.png'
17.7223 	EXP 	unnamed Circle: fillColor = '[ 0.  0.  0.] (rgb)'
17.7223 	EXP 	unnamed Circle: pos = array([-650.,  502.])
17.9236 	EXP 	unnamed ImageStim: image = 'inks\\01.png'
17.9236 	EXP 	unnamed Circle: fillColor = '[ 0.  0.  0.] (rgb)'
17.9236 	EXP 	unnamed Circle: pos = array([-650.,  502.])
18.1395 	EXP 	unnamed ImageStim: image = 'inks\\01.png'
18.1395 	EXP 	unnamed Circle: fillColor = '[ 0.  0.  0.] (rgb)'
18.1395 	EXP 	unnamed Circle: pos = array([-650.,  502.])
18.3397 	EXP 	unnamed ImageStim: image = 'inks\\01.png'
18.3397 	EXP 	unnamed Circle: fillColor = '[ 0.  0.  0.] (rgb)'
18.3397 	EXP 	unnamed Circle: pos = array([-650.,  502.])
18.5564 	EXP 	unnamed ImageStim: image = 'inks\\01.png'
18.5564 	EXP 	unnamed Circle: fillColor = '[ 0.  0.  0.] (rgb)'
18.5564 	EXP 	unnamed Circle: pos = array([-650.,  502.])
18.7566 	EXP 	unnamed ImageStim: image = 'inks\\01.png'
18.7566 	EXP 	unnamed Circle: fillColor = '[ 0.  0.  0.] (rgb)'
18.7566 	EXP 	unnamed Circle: pos = array([-650.,  502.])
18.9568 	EXP 	unnamed ImageStim: image = 'inks\\01.png'
18.9568 	EXP 	unnamed Circle: fillColor = '[ 0.  0.  0.] (rgb)'
18.9568 	EXP 	unnamed Circle: pos = array([-650.,  502.])
19.1737 	EXP 	unnamed ImageStim: image = 'inks\\01.png'
19.1737 	EXP 	unnamed Circle: fillColor = '[ 0.  0.  0.] (rgb)'
19.1737 	EXP 	unnamed Circle: pos = array([-650.,  502.])
19.3749 	EXP 	unnamed ImageStim: image = 'inks\\01.png'
19.3749 	EXP 	unnamed Circle: fillColor = '[ 0.  0.  0.] (rgb)'
19.3749 	EXP 	unnamed Circle: pos = array([-650.,  502.])
19.5908 	EXP 	unnamed ImageStim: image = 'inks\\01.png'
19.5908 	EXP 	unnamed Circle: fillColor = '[ 0.  0.  0.] (rgb)'
19.5908 	EXP 	unnamed Circle: pos = array([-650.,  502.])
19.7910 	EXP 	unnamed ImageStim: image = 'inks\\01.png'
19.7910 	EXP 	unnamed Circle: fillColor = '[ 0.  0.  0.] (rgb)'
19.7910 	EXP 	unnamed Circle: pos = array([-650.,  502.])
19.9911 	EXP 	unnamed ImageStim: image = 'inks\\01.png'
19.9911 	EXP 	unnamed Circle: fillColor = '[ 0.  0.  0.] (rgb)'
19.9911 	EXP 	unnamed Circle: pos = array([-650.,  502.])
20.1917 	EXP 	unnamed ImageStim: image = 'inks\\01.png'
20.1917 	EXP 	unnamed Circle: fillColor = '[ 0.  0.  0.] (rgb)'
20.1917 	EXP 	unnamed Circle: pos = array([-650.,  502.])
20.4081 	EXP 	unnamed ImageStim: image = 'inks\\01.png'
20.4081 	EXP 	unnamed Circle: fillColor = '[ 0.  0.  0.] (rgb)'
20.4081 	EXP 	unnamed Circle: pos = array([-650.,  502.])
20.6257 	EXP 	unnamed ImageStim: image = 'inks\\01.png'
20.6257 	EXP 	unnamed Circle: fillColor = '[ 0.  0.  0.] (rgb)'
20.6257 	EXP 	unnamed Circle: pos = array([-650.,  502.])
20.8426 	EXP 	unnamed ImageStim: image = 'inks\\01.png'
20.8426 	EXP 	unnamed Circle: fillColor = '[ 0.  0.  0.] (rgb)'
20.8426 	EXP 	unnamed Circle: pos = array([-650.,  502.])
21.0429 	EXP 	unnamed ImageStim: image = 'inks\\01.png'
21.0429 	EXP 	unnamed Circle: fillColor = '[ 0.  0.  0.] (rgb)'
21.0429 	EXP 	unnamed Circle: pos = array([-650.,  502.])
21.2421 	EXP 	unnamed ImageStim: image = 'inks\\01.png'
21.2421 	EXP 	unnamed Circle: fillColor = '[ 0.  0.  0.] (rgb)'
21.2421 	EXP 	unnamed Circle: pos = array([-650.,  502.])
21.4589 	EXP 	unnamed ImageStim: image = 'inks\\01.png'
21.4589 	EXP 	unnamed Circle: fillColor = '[ 0.  0.  0.] (rgb)'
21.4589 	EXP 	unnamed Circle: pos = array([-650.,  502.])
21.6758 	EXP 	unnamed ImageStim: image = 'inks\\01.png'
21.6758 	EXP 	unnamed Circle: fillColor = '[ 0.  0.  0.] (rgb)'
21.6758 	EXP 	unnamed Circle: pos = array([-650.,  502.])
21.8758 	EXP 	unnamed ImageStim: image = 'inks\\01.png'
21.8758 	EXP 	unnamed Circle: fillColor = '[ 0.  0.  0.] (rgb)'
21.8758 	EXP 	unnamed Circle: pos = array([-650.,  502.])
22.0761 	EXP 	unnamed ImageStim: image = 'inks\\01.png'
22.0761 	EXP 	unnamed Circle: fillColor = '[ 0.  0.  0.] (rgb)'
22.0761 	EXP 	unnamed Circle: pos = array([-650.,  502.])
22.2695 	DATA 	Mouse: Left button down, pos=(91,180)
22.2696 	DATA 	Mouse: Left button up, pos=(91,180)
22.2762 	EXP 	unnamed ImageStim: image = 'inks\\01.png'
22.2762 	EXP 	unnamed Circle: fillColor = '[ 0.  0.  0.] (rgb)'
22.2762 	EXP 	unnamed Circle: pos = array([-650.,  502.])
22.4766 	EXP 	unnamed ImageStim: image = 'inks\\01.png'
22.4766 	EXP 	unnamed Circle: fillColor = '[ 0.  0.  0.] (rgb)'
22.4766 	EXP 	unnamed Circle: pos = array([-650.,  502.])
22.6934 	EXP 	unnamed ImageStim: image = 'inks\\01.png'
22.6934 	EXP 	unnamed Circle: fillColor = '[ 0.  0.  0.] (rgb)'
22.6934 	EXP 	unnamed Circle: pos = array([-650.,  502.])
22.8951 	EXP 	unnamed ImageStim: image = 'inks\\01.png'
22.8951 	EXP 	unnamed Circle: fillColor = '[ 0.  0.  0.] (rgb)'
22.8951 	EXP 	unnamed Circle: pos = array([-650.,  502.])
23.1104 	EXP 	unnamed ImageStim: image = 'inks\\01.png'
23.1104 	EXP 	unnamed Circle: fillColor = '[ 0.  0.  0.] (rgb)'
23.1104 	EXP 	unnamed Circle: pos = array([-650.,  502.])
23.3104 	EXP 	unnamed ImageStim: image = 'inks\\01.png'
23.3104 	EXP 	unnamed Circle: fillColor = '[ 0.  0.  0.] (rgb)'
23.3104 	EXP 	unnamed Circle: pos = array([-650.,  502.])
23.5274 	EXP 	unnamed ImageStim: image = 'inks\\01.png'
23.5274 	EXP 	unnamed Circle: fillColor = '[ 0.  0.  0.] (rgb)'
23.5274 	EXP 	unnamed Circle: pos = array([-650.,  502.])
23.7239 	DATA 	Mouse: Left button down, pos=(600,686)
23.7274 	EXP 	unnamed ImageStim: image = 'inks\\01.png'
23.7274 	EXP 	unnamed Circle: fillColor = '[ 0.  0.  0.] (rgb)'
23.7274 	EXP 	unnamed Circle: pos = array([-650.,  502.])
23.9170 	DATA 	Mouse: Left button up, pos=(600,686)
23.9277 	EXP 	unnamed ImageStim: image = 'inks\\01.png'
23.9277 	EXP 	unnamed Circle: fillColor = '[ 0.  0.  0.] (rgb)'
23.9277 	EXP 	unnamed Circle: pos = array([-650.,  502.])
24.1281 	EXP 	unnamed ImageStim: image = 'inks\\01.png'
24.1281 	EXP 	unnamed Circle: fillColor = '[ 0.  0.  0.] (rgb)'
24.1281 	EXP 	unnamed Circle: pos = array([-650.,  502.])
24.3291 	EXP 	unnamed ImageStim: image = 'inks\\01.png'
24.3291 	EXP 	unnamed Circle: fillColor = '[ 0.  0.  0.] (rgb)'
24.3291 	EXP 	unnamed Circle: pos = array([-650.,  502.])
24.5320 	DATA 	Mouse: Left button down, pos=(217,845)
24.5451 	EXP 	unnamed ImageStim: image = 'inks\\01.png'
24.5451 	EXP 	unnamed Circle: fillColor = '[ 0.  0.  0.] (rgb)'
24.5451 	EXP 	unnamed Circle: pos = array([-650.,  502.])
24.7384 	DATA 	Mouse: Left button up, pos=(217,845)
24.7396 	DATA 	Mouse: Left button down, pos=(217,845)
24.7397 	DATA 	Mouse: Left button up, pos=(217,845)
24.7618 	EXP 	unnamed ImageStim: image = 'inks\\01.png'
24.7618 	EXP 	unnamed Circle: fillColor = '[ 0.  0.  0.] (rgb)'
24.7618 	EXP 	unnamed Circle: pos = array([-650.,  502.])
24.9619 	EXP 	unnamed ImageStim: image = 'inks\\01.png'
24.9619 	EXP 	unnamed Circle: fillColor = '[ 0.  0.  0.] (rgb)'
24.9619 	EXP 	unnamed Circle: pos = array([-650.,  502.])
25.1621 	EXP 	unnamed ImageStim: image = 'inks\\01.png'
25.1621 	EXP 	unnamed Circle: fillColor = '[ 0.  0.  0.] (rgb)'
25.1621 	EXP 	unnamed Circle: pos = array([-650.,  502.])
25.3623 	EXP 	unnamed ImageStim: image = 'inks\\01.png'
25.3623 	EXP 	unnamed Circle: fillColor = '[ 0.  0.  0.] (rgb)'
25.3623 	EXP 	unnamed Circle: pos = array([-650.,  502.])
25.5806 	EXP 	unnamed ImageStim: image = 'inks\\01.png'
25.5806 	EXP 	unnamed Circle: fillColor = '[ 0.  0.  0.] (rgb)'
25.5806 	EXP 	unnamed Circle: pos = array([-650.,  502.])
25.7697 	DATA 	Mouse: Left button down, pos=(217,845)
25.7698 	DATA 	Mouse: Left button up, pos=(217,845)
25.7791 	EXP 	unnamed ImageStim: image = 'inks\\01.png'
25.7791 	EXP 	unnamed Circle: fillColor = '[ 0.  0.  0.] (rgb)'
25.7791 	EXP 	unnamed Circle: pos = array([-650.,  502.])
25.9723 	DATA 	Mouse: Left button down, pos=(217,845)
25.9724 	DATA 	Mouse: Left button up, pos=(217,845)
25.9794 	EXP 	unnamed ImageStim: image = 'inks\\01.png'
25.9794 	EXP 	unnamed Circle: fillColor = '[ 0.  0.  0.] (rgb)'
25.9794 	EXP 	unnamed Circle: pos = array([-650.,  502.])
26.1764 	DATA 	Mouse: Left button down, pos=(217,845)
26.1765 	DATA 	Mouse: Left button up, pos=(217,845)
26.1797 	EXP 	unnamed ImageStim: image = 'inks\\01.png'
26.1797 	EXP 	unnamed Circle: fillColor = '[ 0.  0.  0.] (rgb)'
26.1797 	EXP 	unnamed Circle: pos = array([-650.,  502.])
26.3799 	EXP 	unnamed ImageStim: image = 'inks\\01.png'
26.3799 	EXP 	unnamed Circle: fillColor = '[ 0.  0.  0.] (rgb)'
26.3799 	EXP 	unnamed Circle: pos = array([-650.,  502.])
26.5821 	DATA 	Keypress: escape
26.5967 	EXP 	unnamed ImageStim: image = 'inks\\01.png'
26.5967 	EXP 	unnamed Circle: fillColor = '[ 0.  0.  0.] (rgb)'
26.5967 	EXP 	unnamed Circle: pos = array([-650.,  502.])
