1.0783 	ERROR 	avbin.dll failed to load.
                     Try importing psychopy.visual as the first library
                     (before anything that uses scipy)
                     and make sure that avbin is installed.
1.0905 	ERROR 	avbin.dll failed to load.
                     Try importing psychopy.visual as the first library
                     (before anything that uses scipy)
                     and make sure that avbin is installed.
1.1368 	WARNING 	Movie2 stim could not be imported and won't be available
24.0637 	WARNING 	Monitor specification not found. Creating a temporary one...
24.0644 	WARNING 	User requested fullscreen with size [1680 1050], but screen is actually [1600, 900]. Using actual size
24.7904 	EXP 	Created window1 = Window(allowGUI=False, allowStencil=False, autoLog=True, bitsMode=UNKNOWN, blendMode='avg', color='white', colorSpace='named', fullscr=UNKNOWN, gamma=None, lms=UNKNOWN, monitor=<psychopy.monitors.calibTools.Monitor instance at 0x0B12C440>, name='window1', pos=[0, 0], screen=0, size=array([1600,  900]), stereo=False, units=u'pix', useFBO=False, viewOri=0.0, viewPos=None, viewScale=None, waitBlanking=True, winType='pyglet')
24.7926 	EXP 	Created unnamed ImageStim = ImageStim(autoLog=True, color=array([ 1.,  1.,  1.]), colorSpace='rgb', contrast=1.0, depth=0, flipHoriz=False, flipVert=False, image=None, interpolate=False, mask=None, maskParams=None, name='unnamed ImageStim', opacity=1.0, ori=0.0, pos=array([ 0.,  0.]), size=array([ 1.,  1.]), texRes=128, units='height', win=Window(...))
24.7977 	EXP 	Created unnamed Circle = Circle(autoDraw=False, autoLog=True, closeShape=True, contrast=1.0, depth=0, fillColor=None, fillColorSpace='rgb', fillRGB=None, interpolate=True, lineColor=array([ 1.,  1.,  1.]), lineColorSpace='rgb', lineRGB=array([ 1.,  1.,  1.]), lineWidth=1.5, name='unnamed Circle', opacity=1.0, ori=array(0.0), pos=array([ 0.,  0.]), size=array([ 1.,  1.]), units=u'pix', vertices=ndarray(...), win=Window(...))
26.3135 	EXP 	Set  sound=C
26.3207 	EXP 	Set  sound=fe\ringing_alarm.wav
26.3207 	EXP 	Sound  set loops 10
26.3212 	EXP 	Sound  started
26.3439 	EXP 	unnamed ImageStim: image = 'inks\\01.png'
26.3439 	EXP 	unnamed Circle: fillColor = '[ 0.  0.  0.] (rgb)'
26.3439 	EXP 	unnamed Circle: pos = array([  52.01 ,  180.317])
26.5583 	EXP 	unnamed ImageStim: image = 'inks\\01.png'
26.5583 	EXP 	unnamed Circle: fillColor = '[ 0.  0.  0.] (rgb)'
26.5583 	EXP 	unnamed Circle: pos = array([  69.697,  163.608])
26.7755 	EXP 	unnamed ImageStim: image = 'inks\\01.png'
26.7755 	EXP 	unnamed Circle: fillColor = '[ 0.  0.  0.] (rgb)'
26.7755 	EXP 	unnamed Circle: pos = array([  74.737,  157.362])
26.9924 	EXP 	unnamed ImageStim: image = 'inks\\01.png'
26.9924 	EXP 	unnamed Circle: fillColor = '[ 0.  0.  0.] (rgb)'
26.9924 	EXP 	unnamed Circle: pos = array([  1.00000000e-03,   2.64470000e+02])
27.1923 	EXP 	unnamed ImageStim: image = 'inks\\01.png'
27.1923 	EXP 	unnamed Circle: fillColor = '[ 0.  0.  0.] (rgb)'
27.1923 	EXP 	unnamed Circle: pos = array([ -32.763,  318.192])
27.3926 	EXP 	unnamed ImageStim: image = 'inks\\01.png'
27.3926 	EXP 	unnamed Circle: fillColor = '[ 0.  0.  0.] (rgb)'
27.3926 	EXP 	unnamed Circle: pos = array([ -37.734,  321.777])
27.5928 	EXP 	unnamed ImageStim: image = 'inks\\01.png'
27.5928 	EXP 	unnamed Circle: fillColor = '[ 0.  0.  0.] (rgb)'
27.5928 	EXP 	unnamed Circle: pos = array([ -24.33 ,  354.272])
27.8100 	EXP 	unnamed ImageStim: image = 'inks\\01.png'
27.8100 	EXP 	unnamed Circle: fillColor = '[ 0.  0.  0.] (rgb)'
27.8100 	EXP 	unnamed Circle: pos = array([ -41.488,  344.357])
28.0100 	EXP 	unnamed ImageStim: image = 'inks\\01.png'
28.0100 	EXP 	unnamed Circle: fillColor = '[ 0.  0.  0.] (rgb)'
28.0100 	EXP 	unnamed Circle: pos = array([ -26.425,  348.367])
28.2102 	EXP 	unnamed ImageStim: image = 'inks\\01.png'
28.2102 	EXP 	unnamed Circle: fillColor = '[ 0.  0.  0.] (rgb)'
28.2102 	EXP 	unnamed Circle: pos = array([ -32.976,  353.237])
28.4104 	EXP 	unnamed ImageStim: image = 'inks\\01.png'
28.4104 	EXP 	unnamed Circle: fillColor = '[ 0.  0.  0.] (rgb)'
28.4104 	EXP 	unnamed Circle: pos = array([ -19.932,  352.516])
28.6276 	EXP 	unnamed ImageStim: image = 'inks\\01.png'
28.6276 	EXP 	unnamed Circle: fillColor = '[ 0.  0.  0.] (rgb)'
28.6276 	EXP 	unnamed Circle: pos = array([ -27.658,  339.278])
28.8278 	EXP 	unnamed ImageStim: image = 'inks\\01.png'
28.8278 	EXP 	unnamed Circle: fillColor = '[ 0.  0.  0.] (rgb)'
28.8278 	EXP 	unnamed Circle: pos = array([ -37.25 ,  336.779])
29.0445 	EXP 	unnamed ImageStim: image = 'inks\\01.png'
29.0445 	EXP 	unnamed Circle: fillColor = '[ 0.  0.  0.] (rgb)'
29.0445 	EXP 	unnamed Circle: pos = array([ -36.857,  337.674])
29.2614 	EXP 	unnamed ImageStim: image = 'inks\\01.png'
29.2614 	EXP 	unnamed Circle: fillColor = '[ 0.  0.  0.] (rgb)'
29.2614 	EXP 	unnamed Circle: pos = array([ -41.958,  337.151])
29.4618 	EXP 	unnamed ImageStim: image = 'inks\\01.png'
29.4618 	EXP 	unnamed Circle: fillColor = '[ 0.  0.  0.] (rgb)'
29.4618 	EXP 	unnamed Circle: pos = array([ -45.234,  341.665])
29.6618 	EXP 	unnamed ImageStim: image = 'inks\\01.png'
29.6618 	EXP 	unnamed Circle: fillColor = '[ 0.  0.  0.] (rgb)'
29.6618 	EXP 	unnamed Circle: pos = array([ -54.181,  337.734])
29.8622 	EXP 	unnamed ImageStim: image = 'inks\\01.png'
29.8622 	EXP 	unnamed Circle: fillColor = '[ 0.  0.  0.] (rgb)'
29.8622 	EXP 	unnamed Circle: pos = array([ 168.345,  100.322])
30.0623 	EXP 	unnamed ImageStim: image = 'inks\\01.png'
30.0623 	EXP 	unnamed Circle: fillColor = '[ 0.  0.  0.] (rgb)'
30.0623 	EXP 	unnamed Circle: pos = array([-650.,  502.])
30.2625 	EXP 	unnamed ImageStim: image = 'inks\\01.png'
30.2625 	EXP 	unnamed Circle: fillColor = '[ 0.  0.  0.] (rgb)'
30.2625 	EXP 	unnamed Circle: pos = array([-650.,  502.])
30.4630 	EXP 	unnamed ImageStim: image = 'inks\\01.png'
30.4630 	EXP 	unnamed Circle: fillColor = '[ 0.  0.  0.] (rgb)'
30.4630 	EXP 	unnamed Circle: pos = array([-650.,  502.])
30.6799 	EXP 	unnamed ImageStim: image = 'inks\\01.png'
30.6799 	EXP 	unnamed Circle: fillColor = '[ 0.  0.  0.] (rgb)'
30.6799 	EXP 	unnamed Circle: pos = array([-650.,  502.])
30.8802 	EXP 	unnamed ImageStim: image = 'inks\\01.png'
30.8802 	EXP 	unnamed Circle: fillColor = '[ 0.  0.  0.] (rgb)'
30.8802 	EXP 	unnamed Circle: pos = array([ -61.818,  349.231])
31.0971 	EXP 	unnamed ImageStim: image = 'inks\\01.png'
31.0971 	EXP 	unnamed Circle: fillColor = '[ 0.  0.  0.] (rgb)'
31.0971 	EXP 	unnamed Circle: pos = array([ -59.969,  322.821])
31.2907 	DATA 	Keypress: right
31.3138 	EXP 	unnamed ImageStim: image = 'inks\\01.png'
31.3138 	EXP 	unnamed Circle: fillColor = '[ 0.  0.  0.] (rgb)'
31.3138 	EXP 	unnamed Circle: pos = array([ -52.848,  312.433])
31.3140 	EXP 	Sound  stopped
31.5140 	EXP 	unnamed ImageStim: image = 'inks\\02.png'
31.5140 	EXP 	unnamed Circle: fillColor = '[ 0.  0.  0.] (rgb)'
31.5140 	EXP 	unnamed Circle: pos = array([ -38.687,  328.916])
31.7142 	EXP 	unnamed ImageStim: image = 'inks\\02.png'
31.7142 	EXP 	unnamed Circle: fillColor = '[ 0.  0.  0.] (rgb)'
31.7142 	EXP 	unnamed Circle: pos = array([ -40.795,  334.984])
31.9146 	EXP 	unnamed ImageStim: image = 'inks\\02.png'
31.9146 	EXP 	unnamed Circle: fillColor = '[ 0.  0.  0.] (rgb)'
31.9146 	EXP 	unnamed Circle: pos = array([ -60.738,  339.112])
32.1147 	EXP 	unnamed ImageStim: image = 'inks\\02.png'
32.1147 	EXP 	unnamed Circle: fillColor = '[ 0.  0.  0.] (rgb)'
32.1147 	EXP 	unnamed Circle: pos = array([ -18.157,  233.519])
32.3149 	EXP 	unnamed ImageStim: image = 'inks\\02.png'
32.3149 	EXP 	unnamed Circle: fillColor = '[ 0.  0.  0.] (rgb)'
32.3149 	EXP 	unnamed Circle: pos = array([   4.349,  215.549])
32.4994 	EXP 	unnamed ImageStim: image = 'inks\\02.png'
32.4994 	EXP 	unnamed Circle: fillColor = '[ 0.  0.  0.] (rgb)'
32.4994 	EXP 	unnamed Circle: pos = array([  18.359,  188.725])
32.6987 	EXP 	unnamed ImageStim: image = 'inks\\02.png'
32.6987 	EXP 	unnamed Circle: fillColor = '[ 0.  0.  0.] (rgb)'
32.6987 	EXP 	unnamed Circle: pos = array([  10.513,  199.738])
32.8990 	EXP 	unnamed ImageStim: image = 'inks\\02.png'
32.8990 	EXP 	unnamed Circle: fillColor = '[ 0.  0.  0.] (rgb)'
32.8990 	EXP 	unnamed Circle: pos = array([ -56.606,  213.203])
33.0824 	EXP 	unnamed ImageStim: image = 'inks\\02.png'
33.0824 	EXP 	unnamed Circle: fillColor = '[ 0.  0.  0.] (rgb)'
33.0824 	EXP 	unnamed Circle: pos = array([  -5.008,  247.254])
33.2829 	EXP 	unnamed ImageStim: image = 'inks\\02.png'
33.2829 	EXP 	unnamed Circle: fillColor = '[ 0.  0.  0.] (rgb)'
33.2829 	EXP 	unnamed Circle: pos = array([ -21.002,  245.424])
33.4829 	EXP 	unnamed ImageStim: image = 'inks\\02.png'
33.4829 	EXP 	unnamed Circle: fillColor = '[ 0.  0.  0.] (rgb)'
33.4829 	EXP 	unnamed Circle: pos = array([   2.541,  199.009])
33.6670 	EXP 	unnamed ImageStim: image = 'inks\\02.png'
33.6670 	EXP 	unnamed Circle: fillColor = '[ 0.  0.  0.] (rgb)'
33.6670 	EXP 	unnamed Circle: pos = array([   5.753,  204.338])
33.8670 	EXP 	unnamed ImageStim: image = 'inks\\02.png'
33.8670 	EXP 	unnamed Circle: fillColor = '[ 0.  0.  0.] (rgb)'
33.8670 	EXP 	unnamed Circle: pos = array([  12.658,  212.612])
34.0669 	EXP 	unnamed ImageStim: image = 'inks\\02.png'
34.0669 	EXP 	unnamed Circle: fillColor = '[ 0.  0.  0.] (rgb)'
34.0669 	EXP 	unnamed Circle: pos = array([  16.233,  209.366])
34.2672 	EXP 	unnamed ImageStim: image = 'inks\\02.png'
34.2672 	EXP 	unnamed Circle: fillColor = '[ 0.  0.  0.] (rgb)'
34.2672 	EXP 	unnamed Circle: pos = array([  14.82 ,  204.944])
34.4676 	EXP 	unnamed ImageStim: image = 'inks\\02.png'
34.4676 	EXP 	unnamed Circle: fillColor = '[ 0.  0.  0.] (rgb)'
34.4676 	EXP 	unnamed Circle: pos = array([  22.688,  202.051])
34.6680 	EXP 	unnamed ImageStim: image = 'inks\\02.png'
34.6680 	EXP 	unnamed Circle: fillColor = '[ 0.  0.  0.] (rgb)'
34.6680 	EXP 	unnamed Circle: pos = array([  28.931,  198.731])
34.8681 	EXP 	unnamed ImageStim: image = 'inks\\02.png'
34.8681 	EXP 	unnamed Circle: fillColor = '[ 0.  0.  0.] (rgb)'
34.8681 	EXP 	unnamed Circle: pos = array([  14.66 ,  204.188])
35.0462 	DATA 	Keypress: escape
35.0684 	EXP 	unnamed ImageStim: image = 'inks\\02.png'
35.0684 	EXP 	unnamed Circle: fillColor = '[ 0.  0.  0.] (rgb)'
35.0684 	EXP 	unnamed Circle: pos = array([  10.301,  210.302])
1.0683 	ERROR 	avbin.dll failed to load.
                     Try importing psychopy.visual as the first library
                     (before anything that uses scipy)
                     and make sure that avbin is installed.
1.0809 	ERROR 	avbin.dll failed to load.
                     Try importing psychopy.visual as the first library
                     (before anything that uses scipy)
                     and make sure that avbin is installed.
1.1293 	WARNING 	Movie2 stim could not be imported and won't be available
22.2187 	WARNING 	Monitor specification not found. Creating a temporary one...
22.2196 	WARNING 	User requested fullscreen with size [1680 1050], but screen is actually [1600, 900]. Using actual size
22.8620 	EXP 	Created window1 = Window(allowGUI=False, allowStencil=False, autoLog=True, bitsMode=UNKNOWN, blendMode='avg', color='white', colorSpace='named', fullscr=UNKNOWN, gamma=None, lms=UNKNOWN, monitor=<psychopy.monitors.calibTools.Monitor instance at 0x0B50C440>, name='window1', pos=[0, 0], screen=0, size=array([1600,  900]), stereo=False, units=u'pix', useFBO=False, viewOri=0.0, viewPos=None, viewScale=None, waitBlanking=True, winType='pyglet')
22.8641 	EXP 	Created unnamed ImageStim = ImageStim(autoLog=True, color=array([ 1.,  1.,  1.]), colorSpace='rgb', contrast=1.0, depth=0, flipHoriz=False, flipVert=False, image=None, interpolate=False, mask=None, maskParams=None, name='unnamed ImageStim', opacity=1.0, ori=0.0, pos=array([ 0.,  0.]), size=array([ 1.,  1.]), texRes=128, units='height', win=Window(...))
22.8697 	EXP 	Created unnamed Circle = Circle(autoDraw=False, autoLog=True, closeShape=True, contrast=1.0, depth=0, fillColor=None, fillColorSpace='rgb', fillRGB=None, interpolate=True, lineColor=array([ 1.,  1.,  1.]), lineColorSpace='rgb', lineRGB=array([ 1.,  1.,  1.]), lineWidth=1.5, name='unnamed Circle', opacity=1.0, ori=array(0.0), pos=array([ 0.,  0.]), size=array([ 1.,  1.]), units=u'pix', vertices=ndarray(...), win=Window(...))
24.3941 	EXP 	Set  sound=C
24.4000 	EXP 	Set  sound=fe\ringing_alarm.wav
24.4000 	EXP 	Sound  set loops 10
24.4007 	EXP 	Sound  started
24.4355 	EXP 	unnamed ImageStim: image = 'inks\\01.png'
24.4355 	EXP 	unnamed Circle: fillColor = '[ 0.  0.  0.] (rgb)'
24.4355 	EXP 	unnamed Circle: pos = array([ 595.506, -103.768])
24.6468 	EXP 	unnamed ImageStim: image = 'inks\\01.png'
24.6468 	EXP 	unnamed Circle: fillColor = '[ 0.  0.  0.] (rgb)'
24.6468 	EXP 	unnamed Circle: pos = array([-650.,  502.])
24.8471 	EXP 	unnamed ImageStim: image = 'inks\\01.png'
24.8471 	EXP 	unnamed Circle: fillColor = '[ 0.  0.  0.] (rgb)'
24.8471 	EXP 	unnamed Circle: pos = array([-650.,  502.])
25.0639 	EXP 	unnamed ImageStim: image = 'inks\\01.png'
25.0639 	EXP 	unnamed Circle: fillColor = '[ 0.  0.  0.] (rgb)'
25.0639 	EXP 	unnamed Circle: pos = array([ 281.46 ,  246.904])
25.0642 	DATA 	Keypress: right
25.0643 	EXP 	Sound  stopped
25.2640 	EXP 	unnamed ImageStim: image = 'inks\\02.png'
25.2640 	EXP 	unnamed Circle: fillColor = '[ 0.  0.  0.] (rgb)'
25.2640 	EXP 	unnamed Circle: pos = array([ 230.135,  258.114])
25.4642 	EXP 	unnamed ImageStim: image = 'inks\\02.png'
25.4642 	EXP 	unnamed Circle: fillColor = '[ 0.  0.  0.] (rgb)'
25.4642 	EXP 	unnamed Circle: pos = array([ 341.701,  340.697])
25.6646 	EXP 	unnamed ImageStim: image = 'inks\\02.png'
25.6646 	EXP 	unnamed Circle: fillColor = '[ 0.  0.  0.] (rgb)'
25.6646 	EXP 	unnamed Circle: pos = array([ 384.275,  348.88 ])
25.8646 	EXP 	unnamed ImageStim: image = 'inks\\02.png'
25.8646 	EXP 	unnamed Circle: fillColor = '[ 0.  0.  0.] (rgb)'
25.8646 	EXP 	unnamed Circle: pos = array([ -79.837,  178.21 ])
26.0649 	EXP 	unnamed ImageStim: image = 'inks\\02.png'
26.0649 	EXP 	unnamed Circle: fillColor = '[ 0.  0.  0.] (rgb)'
26.0649 	EXP 	unnamed Circle: pos = array([ -49.999,  181.118])
26.2651 	EXP 	unnamed ImageStim: image = 'inks\\02.png'
26.2651 	EXP 	unnamed Circle: fillColor = '[ 0.  0.  0.] (rgb)'
26.2651 	EXP 	unnamed Circle: pos = array([ -31.477,  183.814])
26.4653 	EXP 	unnamed ImageStim: image = 'inks\\02.png'
26.4653 	EXP 	unnamed Circle: fillColor = '[ 0.  0.  0.] (rgb)'
26.4653 	EXP 	unnamed Circle: pos = array([ -38.034,  187.561])
26.6658 	EXP 	unnamed ImageStim: image = 'inks\\02.png'
26.6658 	EXP 	unnamed Circle: fillColor = '[ 0.  0.  0.] (rgb)'
26.6658 	EXP 	unnamed Circle: pos = array([ -32.935,  189.914])
26.8658 	EXP 	unnamed ImageStim: image = 'inks\\02.png'
26.8658 	EXP 	unnamed Circle: fillColor = '[ 0.  0.  0.] (rgb)'
26.8658 	EXP 	unnamed Circle: pos = array([ -35.313,  186.023])
27.0435 	DATA 	Keypress: escape
27.0660 	EXP 	unnamed ImageStim: image = 'inks\\02.png'
27.0660 	EXP 	unnamed Circle: fillColor = '[ 0.  0.  0.] (rgb)'
27.0660 	EXP 	unnamed Circle: pos = array([ -30.74 ,  186.107])
